[2025-11-23T07:10:10.317+0000] {local_task_job_runner.py:123} INFO - ::group::Pre task execution logs
[2025-11-23T07:10:10.335+0000] {taskinstance.py:2614} INFO - Dependencies all met for dep_context=non-requeueable deps ti=<TaskInstance: sales_streaming_pipeline.trigger_kafka_producer manual__2025-11-23T07:10:03.174002+00:00 [queued]>
[2025-11-23T07:10:10.344+0000] {taskinstance.py:2614} INFO - Dependencies all met for dep_context=requeueable deps ti=<TaskInstance: sales_streaming_pipeline.trigger_kafka_producer manual__2025-11-23T07:10:03.174002+00:00 [queued]>
[2025-11-23T07:10:10.345+0000] {taskinstance.py:2867} INFO - Starting attempt 1 of 2
[2025-11-23T07:10:10.357+0000] {taskinstance.py:2890} INFO - Executing <Task(TriggerDagRunOperator): trigger_kafka_producer> on 2025-11-23 07:10:03.174002+00:00
[2025-11-23T07:10:10.363+0000] {warnings.py:112} WARNING - /home/***/.local/lib/python3.12/site-packages/***/task/task_runner/standard_task_runner.py:70: DeprecationWarning: This process (pid=50) is multi-threaded, use of fork() may lead to deadlocks in the child.
  pid = os.fork()

[2025-11-23T07:10:10.365+0000] {standard_task_runner.py:72} INFO - Started process 51 to run task
[2025-11-23T07:10:10.364+0000] {standard_task_runner.py:104} INFO - Running: ['***', 'tasks', 'run', 'sales_streaming_pipeline', 'trigger_kafka_producer', 'manual__2025-11-23T07:10:03.174002+00:00', '--job-id', '55', '--raw', '--subdir', 'DAGS_FOLDER/master_orchestrator_dag.py', '--cfg-path', '/tmp/tmpntej87yz']
[2025-11-23T07:10:10.366+0000] {standard_task_runner.py:105} INFO - Job 55: Subtask trigger_kafka_producer
[2025-11-23T07:10:10.406+0000] {task_command.py:467} INFO - Running <TaskInstance: sales_streaming_pipeline.trigger_kafka_producer manual__2025-11-23T07:10:03.174002+00:00 [running]> on host 3e2fc8be56fb
[2025-11-23T07:10:10.479+0000] {taskinstance.py:3134} INFO - Exporting env vars: AIRFLOW_CTX_DAG_OWNER='***' AIRFLOW_CTX_DAG_ID='sales_streaming_pipeline' AIRFLOW_CTX_TASK_ID='trigger_kafka_producer' AIRFLOW_CTX_EXECUTION_DATE='2025-11-23T07:10:03.174002+00:00' AIRFLOW_CTX_TRY_NUMBER='1' AIRFLOW_CTX_DAG_RUN_ID='manual__2025-11-23T07:10:03.174002+00:00'
[2025-11-23T07:10:10.481+0000] {taskinstance.py:732} INFO - ::endgroup::
[2025-11-23T07:10:10.545+0000] {trigger_dagrun.py:257} INFO - Waiting for kafka_sales_producer on 2025-11-23 07:10:10.492843+00:00 to become allowed state ['success'] ...
[2025-11-23T07:11:10.551+0000] {trigger_dagrun.py:257} INFO - Waiting for kafka_sales_producer on 2025-11-23 07:10:10.492843+00:00 to become allowed state ['success'] ...
[2025-11-23T07:12:10.555+0000] {trigger_dagrun.py:257} INFO - Waiting for kafka_sales_producer on 2025-11-23 07:10:10.492843+00:00 to become allowed state ['success'] ...
[2025-11-23T07:13:10.558+0000] {trigger_dagrun.py:257} INFO - Waiting for kafka_sales_producer on 2025-11-23 07:10:10.492843+00:00 to become allowed state ['success'] ...
[2025-11-23T07:14:10.561+0000] {trigger_dagrun.py:257} INFO - Waiting for kafka_sales_producer on 2025-11-23 07:10:10.492843+00:00 to become allowed state ['success'] ...
[2025-11-23T07:15:10.563+0000] {trigger_dagrun.py:257} INFO - Waiting for kafka_sales_producer on 2025-11-23 07:10:10.492843+00:00 to become allowed state ['success'] ...
[2025-11-23T07:16:10.565+0000] {trigger_dagrun.py:257} INFO - Waiting for kafka_sales_producer on 2025-11-23 07:10:10.492843+00:00 to become allowed state ['success'] ...
[2025-11-23T07:17:10.568+0000] {trigger_dagrun.py:257} INFO - Waiting for kafka_sales_producer on 2025-11-23 07:10:10.492843+00:00 to become allowed state ['success'] ...
[2025-11-23T07:18:10.572+0000] {trigger_dagrun.py:257} INFO - Waiting for kafka_sales_producer on 2025-11-23 07:10:10.492843+00:00 to become allowed state ['success'] ...
[2025-11-23T07:19:10.581+0000] {trigger_dagrun.py:257} INFO - Waiting for kafka_sales_producer on 2025-11-23 07:10:10.492843+00:00 to become allowed state ['success'] ...
[2025-11-23T07:20:10.587+0000] {trigger_dagrun.py:257} INFO - Waiting for kafka_sales_producer on 2025-11-23 07:10:10.492843+00:00 to become allowed state ['success'] ...
