[2025-11-23T07:28:08.745+0000] {local_task_job_runner.py:123} INFO - ::group::Pre task execution logs
[2025-11-23T07:28:08.764+0000] {taskinstance.py:2614} INFO - Dependencies all met for dep_context=non-requeueable deps ti=<TaskInstance: sales_streaming_pipeline.trigger_kafka_producer manual__2025-11-23T07:10:03.174002+00:00 [queued]>
[2025-11-23T07:28:08.774+0000] {taskinstance.py:2614} INFO - Dependencies all met for dep_context=requeueable deps ti=<TaskInstance: sales_streaming_pipeline.trigger_kafka_producer manual__2025-11-23T07:10:03.174002+00:00 [queued]>
[2025-11-23T07:28:08.774+0000] {taskinstance.py:2867} INFO - Starting attempt 2 of 2
[2025-11-23T07:28:08.787+0000] {taskinstance.py:2890} INFO - Executing <Task(TriggerDagRunOperator): trigger_kafka_producer> on 2025-11-23 07:10:03.174002+00:00
[2025-11-23T07:28:08.795+0000] {warnings.py:112} WARNING - /home/***/.local/lib/python3.12/site-packages/***/task/task_runner/standard_task_runner.py:70: DeprecationWarning: This process (pid=49) is multi-threaded, use of fork() may lead to deadlocks in the child.
  pid = os.fork()

[2025-11-23T07:28:08.795+0000] {standard_task_runner.py:104} INFO - Running: ['***', 'tasks', 'run', 'sales_streaming_pipeline', 'trigger_kafka_producer', 'manual__2025-11-23T07:10:03.174002+00:00', '--job-id', '61', '--raw', '--subdir', 'DAGS_FOLDER/master_orchestrator_dag.py', '--cfg-path', '/tmp/tmpizkdwmn9']
[2025-11-23T07:28:08.796+0000] {standard_task_runner.py:72} INFO - Started process 50 to run task
[2025-11-23T07:28:08.796+0000] {standard_task_runner.py:105} INFO - Job 61: Subtask trigger_kafka_producer
[2025-11-23T07:28:08.833+0000] {task_command.py:467} INFO - Running <TaskInstance: sales_streaming_pipeline.trigger_kafka_producer manual__2025-11-23T07:10:03.174002+00:00 [running]> on host ac1c0b4de9cf
[2025-11-23T07:28:08.898+0000] {taskinstance.py:3134} INFO - Exporting env vars: AIRFLOW_CTX_DAG_OWNER='***' AIRFLOW_CTX_DAG_ID='sales_streaming_pipeline' AIRFLOW_CTX_TASK_ID='trigger_kafka_producer' AIRFLOW_CTX_EXECUTION_DATE='2025-11-23T07:10:03.174002+00:00' AIRFLOW_CTX_TRY_NUMBER='2' AIRFLOW_CTX_DAG_RUN_ID='manual__2025-11-23T07:10:03.174002+00:00'
[2025-11-23T07:28:08.899+0000] {taskinstance.py:732} INFO - ::endgroup::
[2025-11-23T07:28:08.974+0000] {trigger_dagrun.py:257} INFO - Waiting for kafka_sales_producer on 2025-11-23 07:28:08.911594+00:00 to become allowed state ['success'] ...
[2025-11-23T07:29:08.988+0000] {trigger_dagrun.py:257} INFO - Waiting for kafka_sales_producer on 2025-11-23 07:28:08.911594+00:00 to become allowed state ['success'] ...
[2025-11-23T07:30:08.998+0000] {trigger_dagrun.py:257} INFO - Waiting for kafka_sales_producer on 2025-11-23 07:28:08.911594+00:00 to become allowed state ['success'] ...
[2025-11-23T07:31:09.004+0000] {trigger_dagrun.py:257} INFO - Waiting for kafka_sales_producer on 2025-11-23 07:28:08.911594+00:00 to become allowed state ['success'] ...
[2025-11-23T07:32:09.008+0000] {trigger_dagrun.py:257} INFO - Waiting for kafka_sales_producer on 2025-11-23 07:28:08.911594+00:00 to become allowed state ['success'] ...
[2025-11-23T07:33:09.014+0000] {trigger_dagrun.py:257} INFO - Waiting for kafka_sales_producer on 2025-11-23 07:28:08.911594+00:00 to become allowed state ['success'] ...
[2025-11-23T07:34:09.022+0000] {trigger_dagrun.py:257} INFO - Waiting for kafka_sales_producer on 2025-11-23 07:28:08.911594+00:00 to become allowed state ['success'] ...
[2025-11-23T07:35:09.027+0000] {trigger_dagrun.py:257} INFO - Waiting for kafka_sales_producer on 2025-11-23 07:28:08.911594+00:00 to become allowed state ['success'] ...
[2025-11-23T07:36:09.029+0000] {trigger_dagrun.py:257} INFO - Waiting for kafka_sales_producer on 2025-11-23 07:28:08.911594+00:00 to become allowed state ['success'] ...
[2025-11-23T07:37:09.036+0000] {trigger_dagrun.py:257} INFO - Waiting for kafka_sales_producer on 2025-11-23 07:28:08.911594+00:00 to become allowed state ['success'] ...
[2025-11-23T07:38:09.043+0000] {trigger_dagrun.py:257} INFO - Waiting for kafka_sales_producer on 2025-11-23 07:28:08.911594+00:00 to become allowed state ['success'] ...
[2025-11-23T07:39:09.049+0000] {trigger_dagrun.py:257} INFO - Waiting for kafka_sales_producer on 2025-11-23 07:28:08.911594+00:00 to become allowed state ['success'] ...
[2025-11-23T07:40:09.053+0000] {trigger_dagrun.py:257} INFO - Waiting for kafka_sales_producer on 2025-11-23 07:28:08.911594+00:00 to become allowed state ['success'] ...
[2025-11-23T07:41:09.058+0000] {trigger_dagrun.py:257} INFO - Waiting for kafka_sales_producer on 2025-11-23 07:28:08.911594+00:00 to become allowed state ['success'] ...
[2025-11-23T07:42:09.065+0000] {trigger_dagrun.py:257} INFO - Waiting for kafka_sales_producer on 2025-11-23 07:28:08.911594+00:00 to become allowed state ['success'] ...
[2025-11-23T07:43:09.071+0000] {trigger_dagrun.py:257} INFO - Waiting for kafka_sales_producer on 2025-11-23 07:28:08.911594+00:00 to become allowed state ['success'] ...
[2025-11-23T07:44:09.079+0000] {trigger_dagrun.py:257} INFO - Waiting for kafka_sales_producer on 2025-11-23 07:28:08.911594+00:00 to become allowed state ['success'] ...
[2025-11-23T07:45:09.083+0000] {trigger_dagrun.py:257} INFO - Waiting for kafka_sales_producer on 2025-11-23 07:28:08.911594+00:00 to become allowed state ['success'] ...
[2025-11-23T07:46:09.088+0000] {trigger_dagrun.py:257} INFO - Waiting for kafka_sales_producer on 2025-11-23 07:28:08.911594+00:00 to become allowed state ['success'] ...
