[2025-12-14T07:13:13.028+0000] {local_task_job_runner.py:123} INFO - ::group::Pre task execution logs
[2025-12-14T07:13:13.048+0000] {taskinstance.py:2614} INFO - Dependencies all met for dep_context=non-requeueable deps ti=<TaskInstance: unified_sales_pipeline.verify_final_output manual__2025-12-14T06:56:08.403314+00:00 [queued]>
[2025-12-14T07:13:13.058+0000] {taskinstance.py:2614} INFO - Dependencies all met for dep_context=requeueable deps ti=<TaskInstance: unified_sales_pipeline.verify_final_output manual__2025-12-14T06:56:08.403314+00:00 [queued]>
[2025-12-14T07:13:13.059+0000] {taskinstance.py:2867} INFO - Starting attempt 1 of 2
[2025-12-14T07:13:13.071+0000] {taskinstance.py:2890} INFO - Executing <Task(PythonOperator): verify_final_output> on 2025-12-14 06:56:08.403314+00:00
[2025-12-14T07:13:13.078+0000] {warnings.py:112} WARNING - /home/***/.local/lib/python3.12/site-packages/***/task/task_runner/standard_task_runner.py:70: DeprecationWarning: This process (pid=148) is multi-threaded, use of fork() may lead to deadlocks in the child.
  pid = os.fork()

[2025-12-14T07:13:13.080+0000] {standard_task_runner.py:104} INFO - Running: ['***', 'tasks', 'run', 'unified_sales_pipeline', 'verify_final_output', 'manual__2025-12-14T06:56:08.403314+00:00', '--job-id', '65', '--raw', '--subdir', 'DAGS_FOLDER/unified_sales_pipeline_dag.py', '--cfg-path', '/tmp/tmpzm9el3hq']
[2025-12-14T07:13:13.081+0000] {standard_task_runner.py:105} INFO - Job 65: Subtask verify_final_output
[2025-12-14T07:13:13.081+0000] {standard_task_runner.py:72} INFO - Started process 149 to run task
[2025-12-14T07:13:13.133+0000] {task_command.py:467} INFO - Running <TaskInstance: unified_sales_pipeline.verify_final_output manual__2025-12-14T06:56:08.403314+00:00 [running]> on host ac4bc61bdcd0
[2025-12-14T07:13:13.232+0000] {taskinstance.py:3134} INFO - Exporting env vars: AIRFLOW_CTX_DAG_OWNER='***' AIRFLOW_CTX_DAG_ID='unified_sales_pipeline' AIRFLOW_CTX_TASK_ID='verify_final_output' AIRFLOW_CTX_EXECUTION_DATE='2025-12-14T06:56:08.403314+00:00' AIRFLOW_CTX_TRY_NUMBER='1' AIRFLOW_CTX_DAG_RUN_ID='manual__2025-12-14T06:56:08.403314+00:00'
[2025-12-14T07:13:13.234+0000] {taskinstance.py:732} INFO - ::endgroup::
[2025-12-14T07:13:13.253+0000] {logging_mixin.py:190} INFO - ✅ Bronze layer: 19 files/folders
[2025-12-14T07:13:13.254+0000] {logging_mixin.py:190} INFO - ❌ Silver layer missing
[2025-12-14T07:13:13.255+0000] {logging_mixin.py:190} INFO - ⚠️  Pipeline completed with warnings - some layers missing
[2025-12-14T07:13:13.255+0000] {python.py:240} INFO - Done. Returned value was: False
[2025-12-14T07:13:13.273+0000] {taskinstance.py:341} INFO - ::group::Post task execution logs
[2025-12-14T07:13:13.274+0000] {taskinstance.py:353} INFO - Marking task as SUCCESS. dag_id=unified_sales_pipeline, task_id=verify_final_output, run_id=manual__2025-12-14T06:56:08.403314+00:00, execution_date=20251214T065608, start_date=20251214T071313, end_date=20251214T071313
[2025-12-14T07:13:13.297+0000] {local_task_job_runner.py:266} INFO - Task exited with return code 0
[2025-12-14T07:13:13.318+0000] {taskinstance.py:3901} INFO - 1 downstream tasks scheduled from follow-on schedule check
[2025-12-14T07:13:13.321+0000] {local_task_job_runner.py:245} INFO - ::endgroup::
