[2025-12-14T07:13:55.797+0000] {local_task_job_runner.py:123} INFO - ::group::Pre task execution logs
[2025-12-14T07:13:55.814+0000] {taskinstance.py:2614} INFO - Dependencies all met for dep_context=non-requeueable deps ti=<TaskInstance: unified_sales_pipeline.run_silver_processing manual__2025-12-14T07:12:07.917761+00:00 [queued]>
[2025-12-14T07:13:55.822+0000] {taskinstance.py:2614} INFO - Dependencies all met for dep_context=requeueable deps ti=<TaskInstance: unified_sales_pipeline.run_silver_processing manual__2025-12-14T07:12:07.917761+00:00 [queued]>
[2025-12-14T07:13:55.823+0000] {taskinstance.py:2867} INFO - Starting attempt 1 of 2
[2025-12-14T07:13:55.834+0000] {taskinstance.py:2890} INFO - Executing <Task(PythonOperator): run_silver_processing> on 2025-12-14 07:12:07.917761+00:00
[2025-12-14T07:13:55.840+0000] {warnings.py:112} WARNING - /home/***/.local/lib/python3.12/site-packages/***/task/task_runner/standard_task_runner.py:70: DeprecationWarning: This process (pid=194) is multi-threaded, use of fork() may lead to deadlocks in the child.
  pid = os.fork()

[2025-12-14T07:13:55.842+0000] {standard_task_runner.py:72} INFO - Started process 195 to run task
[2025-12-14T07:13:55.842+0000] {standard_task_runner.py:104} INFO - Running: ['***', 'tasks', 'run', 'unified_sales_pipeline', 'run_silver_processing', 'manual__2025-12-14T07:12:07.917761+00:00', '--job-id', '71', '--raw', '--subdir', 'DAGS_FOLDER/unified_sales_pipeline_dag.py', '--cfg-path', '/tmp/tmp0d8u3f06']
[2025-12-14T07:13:55.844+0000] {standard_task_runner.py:105} INFO - Job 71: Subtask run_silver_processing
[2025-12-14T07:13:55.882+0000] {task_command.py:467} INFO - Running <TaskInstance: unified_sales_pipeline.run_silver_processing manual__2025-12-14T07:12:07.917761+00:00 [running]> on host ac4bc61bdcd0
[2025-12-14T07:13:55.949+0000] {taskinstance.py:3134} INFO - Exporting env vars: AIRFLOW_CTX_DAG_OWNER='***' AIRFLOW_CTX_DAG_ID='unified_sales_pipeline' AIRFLOW_CTX_TASK_ID='run_silver_processing' AIRFLOW_CTX_EXECUTION_DATE='2025-12-14T07:12:07.917761+00:00' AIRFLOW_CTX_TRY_NUMBER='1' AIRFLOW_CTX_DAG_RUN_ID='manual__2025-12-14T07:12:07.917761+00:00'
[2025-12-14T07:13:55.950+0000] {taskinstance.py:732} INFO - ::endgroup::
[2025-12-14T07:13:55.962+0000] {logging_mixin.py:190} INFO - 🚀 Submitting Silver Spark job: docker exec spark-master spark-submit --master spark://spark-master:7077 --jars /opt/spark/jars/delta-spark_2.12-3.2.0.jar,/opt/spark/jars/delta-storage-3.2.0.jar,/opt/spark/jars/spark-sql-kafka-0-10_2.12-3.5.0.jar,/opt/spark/jars/spark-token-provider-kafka-0-10_2.12-3.5.0.jar,/opt/spark/jars/kafka-clients-3.4.1.jar,/opt/spark/jars/commons-pool2-2.11.1.jar --conf spark.sql.extensions=io.delta.sql.DeltaSparkSessionExtension --conf spark.sql.catalog.spark_catalog=org.apache.spark.sql.delta.catalog.DeltaCatalog --conf spark.driver.memory=1g --conf spark.executor.memory=1g /app/dags/streaming_silver.py
[2025-12-14T07:14:16.394+0000] {logging_mixin.py:190} INFO - ✅ Silver Spark job completed successfully
[2025-12-14T07:14:16.395+0000] {logging_mixin.py:190} INFO - STDOUT: 25/12/14 07:13:57 WARN NativeCodeLoader: Unable to load native-hadoop library for your platform... using builtin-java classes where applicable
25/12/14 07:13:58 INFO SparkContext: Running Spark version 3.5.5
25/12/14 07:13:58 INFO SparkContext: OS info Linux, 5.15.167.4-microsoft-standard-WSL2, amd64
25/12/14 07:13:58 INFO SparkContext: Java version 17.0.14
25/12/14 07:13:58 INFO ResourceUtils: ==============================================================
25/12/14 07:13:58 INFO ResourceUtils: No custom resources configured for spark.driver.
25/12/14 07:13:58 INFO ResourceUtils: ==============================================================
25/12/14 07:13:58 INFO SparkContext: Submitted application: KafkaToDeltaBronze
25/12/14 07:13:58 INFO ResourceProfile: Default ResourceProfile created, executor resources: Map(memory -> name: memory, amount: 1024, script: , vendor: , offHeap -> name: offHeap, amount: 0, script: , vendor: ), task resources: Map(cpus -> name: cpus, amount: 1.0)
25/12/14 07:13:58 INFO ResourceProfile: Limiting resource is cpu
25/12/14 07:13:58 INFO ResourceProfileManager: Added ResourceProfile id: 0
25/12/14 07:13:58 INFO SecurityManager: Changing view acls to: spark
25/12/14 07:13:58 INFO SecurityManager: Changing modify acls to: spark
25/12/14 07:13:58 INFO SecurityManager: Changing view acls groups to: 
25/12/14 07:13:58 INFO SecurityManager: Changing modify acls groups to: 
25/12/14 07:13:58 INFO SecurityManager: SecurityManager: authentication disabled; ui acls disabled; users with view permissions: spark; groups with view permissions: EMPTY; users with modify permissions: spark; groups with modify permissions: EMPTY
25/12/14 07:13:58 INFO Utils: Successfully started service 'sparkDriver' on port 38781.
25/12/14 07:13:58 INFO SparkEnv: Registering MapOutputTracker
25/12/14 07:13:58 INFO SparkEnv: Registering BlockManagerMaster
25/12/14 07:13:58 INFO BlockManagerMasterEndpoint: Using org.apache.spark.storage.DefaultTopologyMapper for getting topology information
25/12/14 07:13:58 INFO BlockManagerMasterEndpoint: BlockManagerMasterEndpoint up
25/12/14 07:13:58 INFO SparkEnv: Registering BlockManagerMasterHeartbeat
25/12/14 07:13:58 INFO DiskBlockManager: Created local directory at /tmp/blockmgr-4d8614ff-aafd-4571-800e-9cfaaac6add1
25/12/14 07:13:58 INFO MemoryStore: MemoryStore started with capacity 434.4 MiB
25/12/14 07:13:58 INFO SparkEnv: Registering OutputCommitCoordinator
25/12/14 07:13:58 INFO log: Logging initialized @2460ms to org.sparkproject.jetty.util.log.Slf4jLog
25/12/14 07:13:58 INFO JettyUtils: Start Jetty 0.0.0.0:4040 for SparkUI
25/12/14 07:13:58 INFO Server: jetty-9.4.56.v20240826; built: 2024-08-26T17:15:05.868Z; git: ec6782ff5ead824dabdcf47fa98f90a4aedff401; jvm 17.0.14+7
25/12/14 07:13:58 INFO Server: Started @2550ms
25/12/14 07:13:58 INFO AbstractConnector: Started ServerConnector@717ae8cc{HTTP/1.1, (http/1.1)}{0.0.0.0:4040}
25/12/14 07:13:58 INFO Utils: Successfully started service 'SparkUI' on port 4040.
25/12/14 07:13:58 INFO ContextHandler: Started o.s.j.s.ServletContextHandler@aeb1a81{/,null,AVAILABLE,@Spark}
25/12/14 07:13:58 INFO SparkContext: Added JAR file:///opt/spark/jars/delta-spark_2.12-3.2.0.jar at spark://spark-master:38781/jars/delta-spark_2.12-3.2.0.jar with timestamp 1765696438308
25/12/14 07:13:58 INFO SparkContext: Added JAR file:///opt/spark/jars/delta-storage-3.2.0.jar at spark://spark-master:38781/jars/delta-storage-3.2.0.jar with timestamp 1765696438308
25/12/14 07:13:58 INFO SparkContext: Added JAR file:///opt/spark/jars/spark-sql-kafka-0-10_2.12-3.5.0.jar at spark://spark-master:38781/jars/spark-sql-kafka-0-10_2.12-3.5.0.jar with timestamp 1765696438308
25/12/14 07:13:58 INFO SparkContext: Added JAR file:///opt/spark/jars/spark-token-provider-kafka-0-10_2.12-3.5.0.jar at spark://spark-master:38781/jars/spark-token-provider-kafka-0-10_2.12-3.5.0.jar with timestamp 1765696438308
25/12/14 07:13:58 INFO SparkContext: Added JAR file:///opt/spark/jars/kafka-clients-3.4.1.jar at spark://spark-master:38781/jars/kafka-clients-3.4.1.jar with timestamp 1765696438308
25/12/14 07:13:58 INFO SparkContext: Added JAR file:///opt/spark/jars/commons-pool2-2.11.1.jar at spark://spark-master:38781/jars/commons-pool2-2.11.1.jar with timestamp 1765696438308
25/12/14 07:13:58 INFO StandaloneAppClient$ClientEndpoint: Connecting to master spark://spark-master:7077...
25/12/14 07:13:58 INFO TransportClientFactory: Successfully created connection to spark-master/172.18.0.10:7077 after 16 ms (0 ms spent in bootstraps)
25/12/14 07:13:59 INFO StandaloneSchedulerBackend: Connected to Spark cluster with app ID app-20251214071359-0003
25/12/14 07:13:59 INFO StandaloneAppClient$ClientEndpoint: Executor added: app-20251214071359-0003/0 on worker-20251214070948-172.18.0.11-8881 (172.18.0.11:8881) with 2 core(s)
25/12/14 07:13:59 INFO StandaloneSchedulerBackend: Granted executor ID app-20251214071359-0003/0 on hostPort 172.18.0.11:8881 with 2 core(s), 1024.0 MiB RAM
25/12/14 07:13:59 INFO Utils: Successfully started service 'org.apache.spark.network.netty.NettyBlockTransferService' on port 43839.
25/12/14 07:13:59 INFO NettyBlockTransferService: Server created on spark-master:43839
25/12/14 07:13:59 INFO BlockManager: Using org.apache.spark.storage.RandomBlockReplicationPolicy for block replication policy
25/12/14 07:13:59 INFO BlockManagerMaster: Registering BlockManager BlockManagerId(driver, spark-master, 43839, None)
25/12/14 07:13:59 INFO BlockManagerMasterEndpoint: Registering block manager spark-master:43839 with 434.4 MiB RAM, BlockManagerId(driver, spark-master, 43839, None)
25/12/14 07:13:59 INFO BlockManagerMaster: Registered BlockManager BlockManagerId(driver, spark-master, 43839, None)
25/12/14 07:13:59 INFO BlockManager: Initialized BlockManager: BlockManagerId(driver, spark-master, 43839, None)
25/12/14 07:13:59 INFO StandaloneAppClient$ClientEndpoint: Executor updated: app-20251214071359-0003/0 is now RUNNING
25/12/14 07:13:59 INFO ContextHandler: Stopped o.s.j.s.ServletContextHandler@aeb1a81{/,null,STOPPED,@Spark}
25/12/14 07:13:59 INFO ContextHandler: Started o.s.j.s.ServletContextHandler@2dd352ca{/jobs,null,AVAILABLE,@Spark}
25/12/14 07:13:59 INFO ContextHandler: Started o.s.j.s.ServletContextHandler@7e0cc521{/jobs/json,null,AVAILABLE,@Spark}
25/12/14 07:13:59 INFO ContextHandler: Started o.s.j.s.ServletContextHandler@5392869d{/jobs/job,null,AVAILABLE,@Spark}
25/12/14 07:13:59 INFO ContextHandler: Started o.s.j.s.ServletContextHandler@76c3145f{/jobs/job/json,null,AVAILABLE,@Spark}
25/12/14 07:13:59 INFO ContextHandler: Started o.s.j.s.ServletContextHandler@1858aeb{/stages,null,AVAILABLE,@Spark}
25/12/14 07:13:59 INFO ContextHandler: Started o.s.j.s.ServletContextHandler@6ede0f9{/stages/json,null,AVAILABLE,@Spark}
25/12/14 07:13:59 INFO ContextHandler: Started o.s.j.s.ServletContextHandler@895beaa{/stages/stage,null,AVAILABLE,@Spark}
25/12/14 07:13:59 INFO ContextHandler: Started o.s.j.s.ServletContextHandler@7fc3126b{/stages/stage/json,null,AVAILABLE,@Spark}
25/12/14 07:13:59 INFO ContextHandler: Started o.s.j.s.ServletContextHandler@5a9615bd{/stages/pool,null,AVAILABLE,@Spark}
25/12/14 07:13:59 INFO ContextHandler: Started o.s.j.s.ServletContextHandler@2bd65584{/stages/pool/json,null,AVAILABLE,@Spark}
25/12/14 07:13:59 INFO ContextHandler: Started o.s.j.s.ServletContextHandler@2217f029{/storage,null,AVAILABLE,@Spark}
25/12/14 07:13:59 INFO ContextHandler: Started o.s.j.s.ServletContextHandler@7d62a9bd{/storage/json,null,AVAILABLE,@Spark}
25/12/14 07:13:59 INFO ContextHandler: Started o.s.j.s.ServletContextHandler@19ad0242{/storage/rdd,null,AVAILABLE,@Spark}
25/12/14 07:13:59 INFO ContextHandler: Started o.s.j.s.ServletContextHandler@18d4fc1f{/storage/rdd/json,null,AVAILABLE,@Spark}
25/12/14 07:13:59 INFO ContextHandler: Started o.s.j.s.ServletContextHandler@5ceb07b2{/environment,null,AVAILABLE,@Spark}
25/12/14 07:13:59 INFO ContextHandler: Started o.s.j.s.ServletContextHandler@ff84a5f{/environment/json,null,AVAILABLE,@Spark}
25/12/14 07:13:59 INFO ContextHandler: Started o.s.j.s.ServletContextHandler@b75cba8{/executors,null,AVAILABLE,@Spark}
25/12/14 07:13:59 INFO ContextHandler: Started o.s.j.s.ServletContextHandler@6d28fbd4{/executors/json,null,AVAILABLE,@Spark}
25/12/14 07:13:59 INFO ContextHandler: Started o.s.j.s.ServletContextHandler@7bea61a4{/executors/threadDump,null,AVAILABLE,@Spark}
25/12/14 07:13:59 INFO ContextHandler: Started o.s.j.s.ServletContextHandler@e1f5609{/executors/threadDump/json,null,AVAILABLE,@Spark}
25/12/14 07:13:59 INFO ContextHandler: Started o.s.j.s.ServletContextHandler@461d40bf{/executors/heapHistogram,null,AVAILABLE,@Spark}
25/12/14 07:13:59 INFO ContextHandler: Started o.s.j.s.ServletContextHandler@9c64249{/executors/heapHistogram/json,null,AVAILABLE,@Spark}
25/12/14 07:13:59 INFO ContextHandler: Started o.s.j.s.ServletContextHandler@5c05980b{/static,null,AVAILABLE,@Spark}
25/12/14 07:13:59 INFO ContextHandler: Started o.s.j.s.ServletContextHandler@63a13c40{/,null,AVAILABLE,@Spark}
25/12/14 07:13:59 INFO ContextHandler: Started o.s.j.s.ServletContextHandler@72aecec3{/api,null,AVAILABLE,@Spark}
25/12/14 07:13:59 INFO ContextHandler: Started o.s.j.s.ServletContextHandler@5374489a{/jobs/job/kill,null,AVAILABLE,@Spark}
25/12/14 07:13:59 INFO ContextHandler: Started o.s.j.s.ServletContextHandler@15c8d900{/stages/stage/kill,null,AVAILABLE,@Spark}
25/12/14 07:13:59 INFO ContextHandler: Started o.s.j.s.ServletContextHandler@831ad86{/metrics/json,null,AVAILABLE,@Spark}
25/12/14 07:13:59 INFO StandaloneSchedulerBackend: SchedulerBackend is ready for scheduling beginning after reached minRegisteredResourcesRatio: 0.0
🚀 Starting Kafka to Delta Lake (Bronze Layer)...
✅ Connected to Kafka
25/12/14 07:14:02 WARN AdminClientConfig: These configurations '[key.deserializer, value.deserializer, enable.auto.commit, max.poll.records, auto.offset.reset]' were supplied but are not used yet.
📊 Found 200 messages in Kafka
25/12/14 07:14:11 WARN AdminClientConfig: These configurations '[key.deserializer, value.deserializer, enable.auto.commit, max.poll.records, auto.offset.reset]' were supplied but are not used yet.
✅ Successfully wrote 200 records to Bronze layer!

📋 Sample of first 5 records:
25/12/14 07:14:15 WARN AdminClientConfig: These configurations '[key.deserializer, value.deserializer, enable.auto.commit, max.poll.records, auto.offset.reset]' were supplied but are not used yet.
+--------+------------+-------------------+-------+---------+
|vente_id|client_nom  |produit_nom        |montant|pays     |
+--------+------------+-------------------+-------+---------+
|4       |John Smith  |Livre Data Science |19.99  |UK       |
|5       |Paolo Rossi |Ordinateur portable|899.99 |Italie   |
|9       |Maria Garcia|Casque audio       |179.97 |Espagne  |
|10      |Anna Mueller|Ordinateur portable|899.99 |Allemagne|
|14      |Anna Mueller|Casque audio       |59.99  |Allemagne|
+--------+------------+-------------------+-------+---------+
only showing top 5 rows

✅ Bronze processing completed successfully!
[2025-12-14T07:14:16.396+0000] {python.py:240} INFO - Done. Returned value was: True
[2025-12-14T07:14:16.412+0000] {taskinstance.py:341} INFO - ::group::Post task execution logs
[2025-12-14T07:14:16.412+0000] {taskinstance.py:353} INFO - Marking task as SUCCESS. dag_id=unified_sales_pipeline, task_id=run_silver_processing, run_id=manual__2025-12-14T07:12:07.917761+00:00, execution_date=20251214T071207, start_date=20251214T071355, end_date=20251214T071416
[2025-12-14T07:14:16.472+0000] {local_task_job_runner.py:266} INFO - Task exited with return code 0
[2025-12-14T07:14:16.494+0000] {taskinstance.py:3901} INFO - 1 downstream tasks scheduled from follow-on schedule check
[2025-12-14T07:14:16.497+0000] {local_task_job_runner.py:245} INFO - ::endgroup::
