[2025-12-16T03:04:13.286+0000] {local_task_job_runner.py:123} INFO - ::group::Pre task execution logs
[2025-12-16T03:04:13.306+0000] {taskinstance.py:2614} INFO - Dependencies all met for dep_context=non-requeueable deps ti=<TaskInstance: unified_sales_pipeline.check_infrastructure manual__2025-12-16T03:04:12.084554+00:00 [queued]>
[2025-12-16T03:04:13.315+0000] {taskinstance.py:2614} INFO - Dependencies all met for dep_context=requeueable deps ti=<TaskInstance: unified_sales_pipeline.check_infrastructure manual__2025-12-16T03:04:12.084554+00:00 [queued]>
[2025-12-16T03:04:13.316+0000] {taskinstance.py:2867} INFO - Starting attempt 1 of 2
[2025-12-16T03:04:13.331+0000] {taskinstance.py:2890} INFO - Executing <Task(PythonOperator): check_infrastructure> on 2025-12-16 03:04:12.084554+00:00
[2025-12-16T03:04:13.338+0000] {warnings.py:112} WARNING - /home/***/.local/lib/python3.12/site-packages/***/task/task_runner/standard_task_runner.py:70: DeprecationWarning: This process (pid=194) is multi-threaded, use of fork() may lead to deadlocks in the child.
  pid = os.fork()

[2025-12-16T03:04:13.339+0000] {standard_task_runner.py:72} INFO - Started process 195 to run task
[2025-12-16T03:04:13.339+0000] {standard_task_runner.py:104} INFO - Running: ['***', 'tasks', 'run', 'unified_sales_pipeline', 'check_infrastructure', 'manual__2025-12-16T03:04:12.084554+00:00', '--job-id', '72', '--raw', '--subdir', 'DAGS_FOLDER/unified_sales_pipeline_dag.py', '--cfg-path', '/tmp/tmpg1wvjht1']
[2025-12-16T03:04:13.340+0000] {standard_task_runner.py:105} INFO - Job 72: Subtask check_infrastructure
[2025-12-16T03:04:13.387+0000] {task_command.py:467} INFO - Running <TaskInstance: unified_sales_pipeline.check_infrastructure manual__2025-12-16T03:04:12.084554+00:00 [running]> on host 0f62de6a8431
[2025-12-16T03:04:13.465+0000] {taskinstance.py:3134} INFO - Exporting env vars: AIRFLOW_CTX_DAG_OWNER='***' AIRFLOW_CTX_DAG_ID='unified_sales_pipeline' AIRFLOW_CTX_TASK_ID='check_infrastructure' AIRFLOW_CTX_EXECUTION_DATE='2025-12-16T03:04:12.084554+00:00' AIRFLOW_CTX_TRY_NUMBER='1' AIRFLOW_CTX_DAG_RUN_ID='manual__2025-12-16T03:04:12.084554+00:00'
[2025-12-16T03:04:13.467+0000] {taskinstance.py:732} INFO - ::endgroup::
[2025-12-16T03:04:13.478+0000] {logging_mixin.py:190} INFO - 🔍 Checking infrastructure...
[2025-12-16T03:04:13.481+0000] {conn.py:396} INFO - <BrokerConnection client_id=kafka-python-producer-1, node_id=bootstrap-0 host=broker2:19093 <connecting> [IPv4 ('172.18.0.4', 19093)]>: connecting to broker2:19093 [('172.18.0.4', 19093) IPv4]
[2025-12-16T03:04:13.485+0000] {conn.py:618} INFO - <BrokerConnection client_id=kafka-python-producer-1, node_id=bootstrap-0 host=broker2:19093 <checking_api_versions_recv> [IPv4 ('172.18.0.4', 19093)]>: Broker version identified as 2.6
[2025-12-16T03:04:13.486+0000] {conn.py:457} INFO - <BrokerConnection client_id=kafka-python-producer-1, node_id=bootstrap-0 host=broker2:19093 <connected> [IPv4 ('172.18.0.4', 19093)]>: Connection complete.
[2025-12-16T03:04:13.489+0000] {kafka.py:629} INFO - <KafkaProducer client_id=kafka-python-producer-1 transactional_id=None>: Closing the Kafka producer with 9223372036.0 secs timeout.
[2025-12-16T03:04:13.490+0000] {conn.py:945} INFO - <BrokerConnection client_id=kafka-python-producer-1, node_id=bootstrap-0 host=broker2:19093 <connected> [IPv4 ('172.18.0.4', 19093)]>: Closing connection. 
[2025-12-16T03:04:13.491+0000] {logging_mixin.py:190} INFO - ✅ Kafka brokers are reachable
[2025-12-16T03:04:13.714+0000] {logging_mixin.py:190} INFO - ✅ Spark master is reachable
[2025-12-16T03:04:13.715+0000] {logging_mixin.py:190} INFO - ✅ All infrastructure services are ready
[2025-12-16T03:04:13.716+0000] {python.py:240} INFO - Done. Returned value was: None
[2025-12-16T03:04:13.728+0000] {taskinstance.py:341} INFO - ::group::Post task execution logs
[2025-12-16T03:04:13.729+0000] {taskinstance.py:353} INFO - Marking task as SUCCESS. dag_id=unified_sales_pipeline, task_id=check_infrastructure, run_id=manual__2025-12-16T03:04:12.084554+00:00, execution_date=20251216T030412, start_date=20251216T030413, end_date=20251216T030413
[2025-12-16T03:04:13.796+0000] {local_task_job_runner.py:266} INFO - Task exited with return code 0
[2025-12-16T03:04:13.826+0000] {taskinstance.py:3901} INFO - 1 downstream tasks scheduled from follow-on schedule check
[2025-12-16T03:04:13.828+0000] {local_task_job_runner.py:245} INFO - ::endgroup::
