[2025-12-14T08:36:54.842+0000] {local_task_job_runner.py:123} INFO - ::group::Pre task execution logs
[2025-12-14T08:36:54.863+0000] {taskinstance.py:2614} INFO - Dependencies all met for dep_context=non-requeueable deps ti=<TaskInstance: unified_sales_pipeline.produce_sales_data manual__2025-12-14T08:34:47.579251+00:00 [queued]>
[2025-12-14T08:36:54.876+0000] {taskinstance.py:2614} INFO - Dependencies all met for dep_context=requeueable deps ti=<TaskInstance: unified_sales_pipeline.produce_sales_data manual__2025-12-14T08:34:47.579251+00:00 [queued]>
[2025-12-14T08:36:54.877+0000] {taskinstance.py:2867} INFO - Starting attempt 1 of 2
[2025-12-14T08:36:54.894+0000] {taskinstance.py:2890} INFO - Executing <Task(PythonOperator): produce_sales_data> on 2025-12-14 08:34:47.579251+00:00
[2025-12-14T08:36:54.900+0000] {warnings.py:112} WARNING - /home/***/.local/lib/python3.12/site-packages/***/task/task_runner/standard_task_runner.py:70: DeprecationWarning: This process (pid=94) is multi-threaded, use of fork() may lead to deadlocks in the child.
  pid = os.fork()

[2025-12-14T08:36:54.902+0000] {standard_task_runner.py:72} INFO - Started process 95 to run task
[2025-12-14T08:36:54.904+0000] {standard_task_runner.py:104} INFO - Running: ['***', 'tasks', 'run', 'unified_sales_pipeline', 'produce_sales_data', 'manual__2025-12-14T08:34:47.579251+00:00', '--job-id', '98', '--raw', '--subdir', 'DAGS_FOLDER/unified_sales_pipeline_dag.py', '--cfg-path', '/tmp/tmplvycywvy']
[2025-12-14T08:36:54.906+0000] {standard_task_runner.py:105} INFO - Job 98: Subtask produce_sales_data
[2025-12-14T08:36:54.959+0000] {task_command.py:467} INFO - Running <TaskInstance: unified_sales_pipeline.produce_sales_data manual__2025-12-14T08:34:47.579251+00:00 [running]> on host c3fe90783743
[2025-12-14T08:36:55.055+0000] {taskinstance.py:3134} INFO - Exporting env vars: AIRFLOW_CTX_DAG_OWNER='***' AIRFLOW_CTX_DAG_ID='unified_sales_pipeline' AIRFLOW_CTX_TASK_ID='produce_sales_data' AIRFLOW_CTX_EXECUTION_DATE='2025-12-14T08:34:47.579251+00:00' AIRFLOW_CTX_TRY_NUMBER='1' AIRFLOW_CTX_DAG_RUN_ID='manual__2025-12-14T08:34:47.579251+00:00'
[2025-12-14T08:36:55.057+0000] {taskinstance.py:732} INFO - ::endgroup::
[2025-12-14T08:36:55.078+0000] {conn.py:396} INFO - <BrokerConnection client_id=kafka-python-producer-1, node_id=bootstrap-1 host=broker2:19093 <connecting> [IPv4 ('172.18.0.7', 19093)]>: connecting to broker2:19093 [('172.18.0.7', 19093) IPv4]
[2025-12-14T08:36:55.086+0000] {conn.py:618} INFO - <BrokerConnection client_id=kafka-python-producer-1, node_id=bootstrap-1 host=broker2:19093 <checking_api_versions_recv> [IPv4 ('172.18.0.7', 19093)]>: Broker version identified as 2.6
[2025-12-14T08:36:55.087+0000] {conn.py:457} INFO - <BrokerConnection client_id=kafka-python-producer-1, node_id=bootstrap-1 host=broker2:19093 <connected> [IPv4 ('172.18.0.7', 19093)]>: Connection complete.
[2025-12-14T08:36:55.092+0000] {logging_mixin.py:190} INFO - 🚀 Starting Kafka producer...
[2025-12-14T08:36:55.195+0000] {conn.py:396} INFO - <BrokerConnection client_id=kafka-python-producer-1, node_id=2 host=broker2:19093 <connecting> [IPv4 ('172.18.0.7', 19093)]>: connecting to broker2:19093 [('172.18.0.7', 19093) IPv4]
[2025-12-14T08:36:55.196+0000] {conn.py:457} INFO - <BrokerConnection client_id=kafka-python-producer-1, node_id=2 host=broker2:19093 <connected> [IPv4 ('172.18.0.7', 19093)]>: Connection complete.
[2025-12-14T08:36:55.197+0000] {conn.py:945} INFO - <BrokerConnection client_id=kafka-python-producer-1, node_id=bootstrap-1 host=broker2:19093 <connected> [IPv4 ('172.18.0.7', 19093)]>: Closing connection. 
[2025-12-14T08:36:55.219+0000] {cluster.py:316} ERROR - Topic ventes_stream not found in cluster metadata
[2025-12-14T08:36:55.328+0000] {logging_mixin.py:190} INFO - ✅ Sale 1: Clavier mecanique - 75.0€
[2025-12-14T08:36:55.330+0000] {conn.py:396} INFO - <BrokerConnection client_id=kafka-python-producer-1, node_id=1 host=broker1:19092 <connecting> [IPv4 ('172.18.0.4', 19092)]>: connecting to broker1:19092 [('172.18.0.4', 19092) IPv4]
[2025-12-14T08:36:55.331+0000] {conn.py:457} INFO - <BrokerConnection client_id=kafka-python-producer-1, node_id=1 host=broker1:19092 <connected> [IPv4 ('172.18.0.4', 19092)]>: Connection complete.
[2025-12-14T08:36:55.531+0000] {logging_mixin.py:190} INFO - ✅ Sale 2: Souris sans fil - 25.5€
[2025-12-14T08:36:55.733+0000] {logging_mixin.py:190} INFO - ✅ Sale 3: Livre Data Science - 39.98€
[2025-12-14T08:36:55.935+0000] {logging_mixin.py:190} INFO - ✅ Sale 4: Casque audio - 179.97€
[2025-12-14T08:36:55.936+0000] {conn.py:396} INFO - <BrokerConnection client_id=kafka-python-producer-1, node_id=3 host=broker3:19094 <connecting> [IPv4 ('172.18.0.8', 19094)]>: connecting to broker3:19094 [('172.18.0.8', 19094) IPv4]
[2025-12-14T08:36:55.937+0000] {conn.py:457} INFO - <BrokerConnection client_id=kafka-python-producer-1, node_id=3 host=broker3:19094 <connected> [IPv4 ('172.18.0.8', 19094)]>: Connection complete.
[2025-12-14T08:36:56.136+0000] {logging_mixin.py:190} INFO - ✅ Sale 5: Livre Data Science - 59.97€
[2025-12-14T08:36:56.337+0000] {logging_mixin.py:190} INFO - ✅ Sale 6: Clavier mecanique - 225.0€
[2025-12-14T08:36:56.538+0000] {logging_mixin.py:190} INFO - ✅ Sale 7: Clavier mecanique - 75.0€
[2025-12-14T08:36:56.740+0000] {logging_mixin.py:190} INFO - ✅ Sale 8: Clavier mecanique - 75.0€
[2025-12-14T08:36:56.942+0000] {logging_mixin.py:190} INFO - ✅ Sale 9: Ordinateur portable - 2699.97€
[2025-12-14T08:36:57.143+0000] {logging_mixin.py:190} INFO - ✅ Sale 10: Livre Data Science - 39.98€
[2025-12-14T08:36:57.345+0000] {logging_mixin.py:190} INFO - ✅ Sale 11: Livre Data Science - 39.98€
[2025-12-14T08:36:57.549+0000] {logging_mixin.py:190} INFO - ✅ Sale 12: Livre Data Science - 19.99€
[2025-12-14T08:36:57.750+0000] {logging_mixin.py:190} INFO - ✅ Sale 13: Ordinateur portable - 899.99€
[2025-12-14T08:36:57.952+0000] {logging_mixin.py:190} INFO - ✅ Sale 14: Clavier mecanique - 225.0€
[2025-12-14T08:36:58.153+0000] {logging_mixin.py:190} INFO - ✅ Sale 15: Souris sans fil - 51.0€
[2025-12-14T08:36:58.355+0000] {logging_mixin.py:190} INFO - ✅ Sale 16: Clavier mecanique - 150.0€
[2025-12-14T08:36:58.556+0000] {logging_mixin.py:190} INFO - ✅ Sale 17: Livre Data Science - 59.97€
[2025-12-14T08:36:58.757+0000] {logging_mixin.py:190} INFO - ✅ Sale 18: Casque audio - 119.98€
[2025-12-14T08:36:58.959+0000] {logging_mixin.py:190} INFO - ✅ Sale 19: Souris sans fil - 25.5€
[2025-12-14T08:36:59.160+0000] {logging_mixin.py:190} INFO - ✅ Sale 20: Souris sans fil - 25.5€
[2025-12-14T08:36:59.362+0000] {logging_mixin.py:190} INFO - ✅ Sale 21: Clavier mecanique - 225.0€
[2025-12-14T08:36:59.564+0000] {logging_mixin.py:190} INFO - ✅ Sale 22: Ordinateur portable - 899.99€
[2025-12-14T08:36:59.766+0000] {logging_mixin.py:190} INFO - ✅ Sale 23: Livre Data Science - 39.98€
[2025-12-14T08:36:59.968+0000] {logging_mixin.py:190} INFO - ✅ Sale 24: Ordinateur portable - 2699.97€
[2025-12-14T08:37:00.170+0000] {logging_mixin.py:190} INFO - ✅ Sale 25: Livre Data Science - 19.99€
[2025-12-14T08:37:00.371+0000] {logging_mixin.py:190} INFO - ✅ Sale 26: Souris sans fil - 25.5€
[2025-12-14T08:37:00.574+0000] {logging_mixin.py:190} INFO - ✅ Sale 27: Livre Data Science - 59.97€
[2025-12-14T08:37:00.776+0000] {logging_mixin.py:190} INFO - ✅ Sale 28: Souris sans fil - 25.5€
[2025-12-14T08:37:00.978+0000] {logging_mixin.py:190} INFO - ✅ Sale 29: Clavier mecanique - 225.0€
[2025-12-14T08:37:01.179+0000] {logging_mixin.py:190} INFO - ✅ Sale 30: Clavier mecanique - 150.0€
[2025-12-14T08:37:01.380+0000] {logging_mixin.py:190} INFO - ✅ Sale 31: Livre Data Science - 19.99€
[2025-12-14T08:37:01.582+0000] {logging_mixin.py:190} INFO - ✅ Sale 32: Livre Data Science - 19.99€
[2025-12-14T08:37:01.784+0000] {logging_mixin.py:190} INFO - ✅ Sale 33: Souris sans fil - 25.5€
[2025-12-14T08:37:01.986+0000] {logging_mixin.py:190} INFO - ✅ Sale 34: Ordinateur portable - 899.99€
[2025-12-14T08:37:02.188+0000] {logging_mixin.py:190} INFO - ✅ Sale 35: Ordinateur portable - 1799.98€
[2025-12-14T08:37:02.389+0000] {logging_mixin.py:190} INFO - ✅ Sale 36: Souris sans fil - 51.0€
[2025-12-14T08:37:02.591+0000] {logging_mixin.py:190} INFO - ✅ Sale 37: Livre Data Science - 39.98€
[2025-12-14T08:37:02.792+0000] {logging_mixin.py:190} INFO - ✅ Sale 38: Souris sans fil - 51.0€
[2025-12-14T08:37:02.994+0000] {logging_mixin.py:190} INFO - ✅ Sale 39: Clavier mecanique - 75.0€
[2025-12-14T08:37:03.195+0000] {logging_mixin.py:190} INFO - ✅ Sale 40: Livre Data Science - 59.97€
[2025-12-14T08:37:03.397+0000] {logging_mixin.py:190} INFO - ✅ Sale 41: Clavier mecanique - 150.0€
[2025-12-14T08:37:03.600+0000] {logging_mixin.py:190} INFO - ✅ Sale 42: Souris sans fil - 76.5€
[2025-12-14T08:37:03.801+0000] {logging_mixin.py:190} INFO - ✅ Sale 43: Casque audio - 179.97€
[2025-12-14T08:37:04.003+0000] {logging_mixin.py:190} INFO - ✅ Sale 44: Livre Data Science - 19.99€
[2025-12-14T08:37:04.204+0000] {logging_mixin.py:190} INFO - ✅ Sale 45: Casque audio - 179.97€
[2025-12-14T08:37:04.406+0000] {logging_mixin.py:190} INFO - ✅ Sale 46: Clavier mecanique - 150.0€
[2025-12-14T08:37:04.608+0000] {logging_mixin.py:190} INFO - ✅ Sale 47: Livre Data Science - 39.98€
[2025-12-14T08:37:04.809+0000] {logging_mixin.py:190} INFO - ✅ Sale 48: Ordinateur portable - 899.99€
[2025-12-14T08:37:05.010+0000] {logging_mixin.py:190} INFO - ✅ Sale 49: Ordinateur portable - 2699.97€
[2025-12-14T08:37:05.212+0000] {logging_mixin.py:190} INFO - ✅ Sale 50: Souris sans fil - 25.5€
[2025-12-14T08:37:05.414+0000] {kafka.py:629} INFO - <KafkaProducer client_id=kafka-python-producer-1 transactional_id=None>: Closing the Kafka producer with 9223372036.0 secs timeout.
[2025-12-14T08:37:05.416+0000] {conn.py:945} INFO - <BrokerConnection client_id=kafka-python-producer-1, node_id=2 host=broker2:19093 <connected> [IPv4 ('172.18.0.7', 19093)]>: Closing connection. 
[2025-12-14T08:37:05.417+0000] {conn.py:945} INFO - <BrokerConnection client_id=kafka-python-producer-1, node_id=1 host=broker1:19092 <connected> [IPv4 ('172.18.0.4', 19092)]>: Closing connection. 
[2025-12-14T08:37:05.418+0000] {conn.py:945} INFO - <BrokerConnection client_id=kafka-python-producer-1, node_id=3 host=broker3:19094 <connected> [IPv4 ('172.18.0.8', 19094)]>: Closing connection. 
[2025-12-14T08:37:05.419+0000] {logging_mixin.py:190} INFO - ✅ Production completed: 50 sales sent to Kafka topic 'ventes_stream'
[2025-12-14T08:37:05.420+0000] {python.py:240} INFO - Done. Returned value was: None
[2025-12-14T08:37:05.429+0000] {taskinstance.py:341} INFO - ::group::Post task execution logs
[2025-12-14T08:37:05.430+0000] {taskinstance.py:353} INFO - Marking task as SUCCESS. dag_id=unified_sales_pipeline, task_id=produce_sales_data, run_id=manual__2025-12-14T08:34:47.579251+00:00, execution_date=20251214T083447, start_date=20251214T083654, end_date=20251214T083705
[2025-12-14T08:37:05.464+0000] {local_task_job_runner.py:266} INFO - Task exited with return code 0
[2025-12-14T08:37:05.495+0000] {taskinstance.py:3901} INFO - 1 downstream tasks scheduled from follow-on schedule check
[2025-12-14T08:37:05.498+0000] {local_task_job_runner.py:245} INFO - ::endgroup::
