[2025-11-23T05:38:40.084+0000] {local_task_job_runner.py:123} INFO - ::group::Pre task execution logs
[2025-11-23T05:38:40.101+0000] {taskinstance.py:2614} INFO - Dependencies all met for dep_context=non-requeueable deps ti=<TaskInstance: spark_streaming_processor.verify_bronze_data manual__2025-11-23T05:05:37.890371+00:00 [queued]>
[2025-11-23T05:38:40.108+0000] {taskinstance.py:2614} INFO - Dependencies all met for dep_context=requeueable deps ti=<TaskInstance: spark_streaming_processor.verify_bronze_data manual__2025-11-23T05:05:37.890371+00:00 [queued]>
[2025-11-23T05:38:40.108+0000] {taskinstance.py:2867} INFO - Starting attempt 1 of 2
[2025-11-23T05:38:40.120+0000] {taskinstance.py:2890} INFO - Executing <Task(PythonOperator): verify_bronze_data> on 2025-11-23 05:05:37.890371+00:00
[2025-11-23T05:38:40.126+0000] {warnings.py:112} WARNING - /home/***/.local/lib/python3.12/site-packages/***/task/task_runner/standard_task_runner.py:70: DeprecationWarning: This process (pid=147) is multi-threaded, use of fork() may lead to deadlocks in the child.
  pid = os.fork()

[2025-11-23T05:38:40.128+0000] {standard_task_runner.py:104} INFO - Running: ['***', 'tasks', 'run', 'spark_streaming_processor', 'verify_bronze_data', 'manual__2025-11-23T05:05:37.890371+00:00', '--job-id', '24', '--raw', '--subdir', 'DAGS_FOLDER/spark_streaming_processor_dag.py', '--cfg-path', '/tmp/tmp3bp25jsz']
[2025-11-23T05:38:40.128+0000] {standard_task_runner.py:72} INFO - Started process 148 to run task
[2025-11-23T05:38:40.129+0000] {standard_task_runner.py:105} INFO - Job 24: Subtask verify_bronze_data
[2025-11-23T05:38:40.169+0000] {task_command.py:467} INFO - Running <TaskInstance: spark_streaming_processor.verify_bronze_data manual__2025-11-23T05:05:37.890371+00:00 [running]> on host adf4d8c3820d
[2025-11-23T05:38:40.231+0000] {taskinstance.py:3134} INFO - Exporting env vars: AIRFLOW_CTX_DAG_OWNER='***' AIRFLOW_CTX_DAG_ID='spark_streaming_processor' AIRFLOW_CTX_TASK_ID='verify_bronze_data' AIRFLOW_CTX_EXECUTION_DATE='2025-11-23T05:05:37.890371+00:00' AIRFLOW_CTX_TRY_NUMBER='1' AIRFLOW_CTX_DAG_RUN_ID='manual__2025-11-23T05:05:37.890371+00:00'
[2025-11-23T05:38:40.233+0000] {taskinstance.py:732} INFO - ::endgroup::
[2025-11-23T05:38:40.243+0000] {logging_mixin.py:190} INFO - ❌ Bronze layer not found
[2025-11-23T05:38:40.243+0000] {python.py:240} INFO - Done. Returned value was: False
[2025-11-23T05:38:40.262+0000] {taskinstance.py:341} INFO - ::group::Post task execution logs
[2025-11-23T05:38:40.262+0000] {taskinstance.py:353} INFO - Marking task as SUCCESS. dag_id=spark_streaming_processor, task_id=verify_bronze_data, run_id=manual__2025-11-23T05:05:37.890371+00:00, execution_date=20251123T050537, start_date=20251123T053840, end_date=20251123T053840
[2025-11-23T05:38:40.305+0000] {local_task_job_runner.py:266} INFO - Task exited with return code 0
[2025-11-23T05:38:40.318+0000] {taskinstance.py:3901} INFO - 0 downstream tasks scheduled from follow-on schedule check
[2025-11-23T05:38:40.321+0000] {local_task_job_runner.py:245} INFO - ::endgroup::
