[2025-12-16T01:31:07.740+0000] {local_task_job_runner.py:123} INFO - ::group::Pre task execution logs
[2025-12-16T01:31:07.760+0000] {taskinstance.py:2614} INFO - Dependencies all met for dep_context=non-requeueable deps ti=<TaskInstance: unified_sales_pipeline.run_silver_processing manual__2025-12-16T01:30:24.589322+00:00 [queued]>
[2025-12-16T01:31:07.770+0000] {taskinstance.py:2614} INFO - Dependencies all met for dep_context=requeueable deps ti=<TaskInstance: unified_sales_pipeline.run_silver_processing manual__2025-12-16T01:30:24.589322+00:00 [queued]>
[2025-12-16T01:31:07.771+0000] {taskinstance.py:2867} INFO - Starting attempt 1 of 2
[2025-12-16T01:31:07.783+0000] {taskinstance.py:2890} INFO - Executing <Task(PythonOperator): run_silver_processing> on 2025-12-16 01:30:24.589322+00:00
[2025-12-16T01:31:07.792+0000] {warnings.py:112} WARNING - /home/***/.local/lib/python3.12/site-packages/***/task/task_runner/standard_task_runner.py:70: DeprecationWarning: This process (pid=958) is multi-threaded, use of fork() may lead to deadlocks in the child.
  pid = os.fork()

[2025-12-16T01:31:07.793+0000] {standard_task_runner.py:72} INFO - Started process 959 to run task
[2025-12-16T01:31:07.793+0000] {standard_task_runner.py:104} INFO - Running: ['***', 'tasks', 'run', 'unified_sales_pipeline', 'run_silver_processing', 'manual__2025-12-16T01:30:24.589322+00:00', '--job-id', '31', '--raw', '--subdir', 'DAGS_FOLDER/unified_sales_pipeline_dag.py', '--cfg-path', '/tmp/tmpzmosn2u1']
[2025-12-16T01:31:07.795+0000] {standard_task_runner.py:105} INFO - Job 31: Subtask run_silver_processing
[2025-12-16T01:31:07.837+0000] {task_command.py:467} INFO - Running <TaskInstance: unified_sales_pipeline.run_silver_processing manual__2025-12-16T01:30:24.589322+00:00 [running]> on host d701d2d8b2a8
[2025-12-16T01:31:07.903+0000] {taskinstance.py:3134} INFO - Exporting env vars: AIRFLOW_CTX_DAG_OWNER='***' AIRFLOW_CTX_DAG_ID='unified_sales_pipeline' AIRFLOW_CTX_TASK_ID='run_silver_processing' AIRFLOW_CTX_EXECUTION_DATE='2025-12-16T01:30:24.589322+00:00' AIRFLOW_CTX_TRY_NUMBER='1' AIRFLOW_CTX_DAG_RUN_ID='manual__2025-12-16T01:30:24.589322+00:00'
[2025-12-16T01:31:07.904+0000] {taskinstance.py:732} INFO - ::endgroup::
[2025-12-16T01:31:07.916+0000] {logging_mixin.py:190} INFO - 🚀 Submitting Silver Spark job: docker exec spark-master spark-submit --master spark://spark-master:7077 --jars /opt/spark/jars/delta-spark_2.12-3.2.0.jar,/opt/spark/jars/delta-storage-3.2.0.jar,/opt/spark/jars/spark-sql-kafka-0-10_2.12-3.5.0.jar,/opt/spark/jars/spark-token-provider-kafka-0-10_2.12-3.5.0.jar,/opt/spark/jars/kafka-clients-3.4.1.jar,/opt/spark/jars/commons-pool2-2.11.1.jar --conf spark.sql.extensions=io.delta.sql.DeltaSparkSessionExtension --conf spark.sql.catalog.spark_catalog=org.apache.spark.sql.delta.catalog.DeltaCatalog --conf spark.driver.memory=1g --conf spark.executor.memory=1g /app/dags/bronze_to_silver.py
[2025-12-16T01:31:11.929+0000] {logging_mixin.py:190} INFO - 🔍 Return code: 1
[2025-12-16T01:31:11.930+0000] {logging_mixin.py:190} INFO - ================================================================================
[2025-12-16T01:31:11.930+0000] {logging_mixin.py:190} INFO - STDOUT FULL (last 2000 chars):
[2025-12-16T01:31:11.931+0000] {logging_mixin.py:190} INFO - ================================================================================
[2025-12-16T01:31:11.931+0000] {logging_mixin.py:190} INFO - 25/12/16 01:31:10 WARN NativeCodeLoader: Unable to load native-hadoop library for your platform... using builtin-java classes where applicable
Traceback (most recent call last):
  File "/app/dags/bronze_to_silver.py", line 8, in <module>
    import matplotlib.pyplot as plt
ModuleNotFoundError: No module named 'matplotlib'
25/12/16 01:31:11 INFO ShutdownHookManager: Shutdown hook called
25/12/16 01:31:11 INFO ShutdownHookManager: Deleting directory /tmp/spark-05a5eb56-3401-4f70-ad6a-0c671962faf0
[2025-12-16T01:31:11.932+0000] {logging_mixin.py:190} INFO - ================================================================================
[2025-12-16T01:31:11.932+0000] {logging_mixin.py:190} INFO - ❌ Silver Spark job failed with return code 1
[2025-12-16T01:31:11.933+0000] {logging_mixin.py:190} INFO - ❌ Error submitting Silver Spark job: Silver Spark job failed:
25/12/16 01:31:10 WARN NativeCodeLoader: Unable to load native-hadoop library for your platform... using builtin-java classes where applicable
Traceback (most recent call last):
  File "/app/dags/bronze_to_silver.py", line 8, in <module>
    import matplotlib.pyplot as plt
ModuleNotFoundError: No module named 'matplotlib'
25/12/16 01:31:11 INFO ShutdownHookManager: Shutdown hook called
25/12/16 01:31:11 INFO ShutdownHookManager: Deleting directory /tmp/spark-05a5eb56-3401-4f70-ad6a-0c671962faf0
...
[2025-12-16T01:31:11.934+0000] {taskinstance.py:3313} ERROR - Task failed with exception
Traceback (most recent call last):
  File "/home/airflow/.local/lib/python3.12/site-packages/airflow/models/taskinstance.py", line 768, in _execute_task
    result = _execute_callable(context=context, **execute_callable_kwargs)
             ^^^^^^^^^^^^^^^^^^^^^^^^^^^^^^^^^^^^^^^^^^^^^^^^^^^^^^^^^^^^^
  File "/home/airflow/.local/lib/python3.12/site-packages/airflow/models/taskinstance.py", line 734, in _execute_callable
    return ExecutionCallableRunner(
           ^^^^^^^^^^^^^^^^^^^^^^^^
  File "/home/airflow/.local/lib/python3.12/site-packages/airflow/utils/operator_helpers.py", line 252, in run
    return self.func(*args, **kwargs)
           ^^^^^^^^^^^^^^^^^^^^^^^^^^
  File "/home/airflow/.local/lib/python3.12/site-packages/airflow/models/baseoperator.py", line 424, in wrapper
    return func(self, *args, **kwargs)
           ^^^^^^^^^^^^^^^^^^^^^^^^^^^
  File "/home/airflow/.local/lib/python3.12/site-packages/airflow/operators/python.py", line 238, in execute
    return_value = self.execute_callable()
                   ^^^^^^^^^^^^^^^^^^^^^^^
  File "/home/airflow/.local/lib/python3.12/site-packages/airflow/operators/python.py", line 256, in execute_callable
    return runner.run(*self.op_args, **self.op_kwargs)
           ^^^^^^^^^^^^^^^^^^^^^^^^^^^^^^^^^^^^^^^^^^^
  File "/home/airflow/.local/lib/python3.12/site-packages/airflow/utils/operator_helpers.py", line 252, in run
    return self.func(*args, **kwargs)
           ^^^^^^^^^^^^^^^^^^^^^^^^^^
  File "/opt/airflow/dags/unified_sales_pipeline_dag.py", line 339, in run_spark_silver_processing
    raise Exception(f"Silver Spark job failed:\n{error_msg}")
Exception: Silver Spark job failed:
25/12/16 01:31:10 WARN NativeCodeLoader: Unable to load native-hadoop library for your platform... using builtin-java classes where applicable
Traceback (most recent call last):
  File "/app/dags/bronze_to_silver.py", line 8, in <module>
    import matplotlib.pyplot as plt
ModuleNotFoundError: No module named 'matplotlib'
25/12/16 01:31:11 INFO ShutdownHookManager: Shutdown hook called
25/12/16 01:31:11 INFO ShutdownHookManager: Deleting directory /tmp/spark-05a5eb56-3401-4f70-ad6a-0c671962faf0
...
[2025-12-16T01:31:11.950+0000] {taskinstance.py:1226} INFO - Marking task as UP_FOR_RETRY. dag_id=unified_sales_pipeline, task_id=run_silver_processing, run_id=manual__2025-12-16T01:30:24.589322+00:00, execution_date=20251216T013024, start_date=20251216T013107, end_date=20251216T013111
[2025-12-16T01:31:11.977+0000] {taskinstance.py:341} INFO - ::group::Post task execution logs
[2025-12-16T01:31:11.977+0000] {standard_task_runner.py:124} ERROR - Failed to execute job 31 for task run_silver_processing (Silver Spark job failed:
25/12/16 01:31:10 WARN NativeCodeLoader: Unable to load native-hadoop library for your platform... using builtin-java classes where applicable
Traceback (most recent call last):
  File "/app/dags/bronze_to_silver.py", line 8, in <module>
    import matplotlib.pyplot as plt
ModuleNotFoundError: No module named 'matplotlib'
25/12/16 01:31:11 INFO ShutdownHookManager: Shutdown hook called
25/12/16 01:31:11 INFO ShutdownHookManager: Deleting directory /tmp/spark-05a5eb56-3401-4f70-ad6a-0c671962faf0
...; 959)
Traceback (most recent call last):
  File "/home/airflow/.local/lib/python3.12/site-packages/airflow/task/task_runner/standard_task_runner.py", line 117, in _start_by_fork
    ret = args.func(args, dag=self.dag)
          ^^^^^^^^^^^^^^^^^^^^^^^^^^^^^
  File "/home/airflow/.local/lib/python3.12/site-packages/airflow/cli/cli_config.py", line 49, in command
    return func(*args, **kwargs)
           ^^^^^^^^^^^^^^^^^^^^^
  File "/home/airflow/.local/lib/python3.12/site-packages/airflow/utils/cli.py", line 116, in wrapper
    return f(*args, **kwargs)
           ^^^^^^^^^^^^^^^^^^
  File "/home/airflow/.local/lib/python3.12/site-packages/airflow/cli/commands/task_command.py", line 483, in task_run
    task_return_code = _run_task_by_selected_method(args, _dag, ti)
                       ^^^^^^^^^^^^^^^^^^^^^^^^^^^^^^^^^^^^^^^^^^^^
  File "/home/airflow/.local/lib/python3.12/site-packages/airflow/cli/commands/task_command.py", line 256, in _run_task_by_selected_method
    return _run_raw_task(args, ti)
           ^^^^^^^^^^^^^^^^^^^^^^^
  File "/home/airflow/.local/lib/python3.12/site-packages/airflow/cli/commands/task_command.py", line 341, in _run_raw_task
    return ti._run_raw_task(
           ^^^^^^^^^^^^^^^^^
  File "/home/airflow/.local/lib/python3.12/site-packages/airflow/utils/session.py", line 97, in wrapper
    return func(*args, session=session, **kwargs)
           ^^^^^^^^^^^^^^^^^^^^^^^^^^^^^^^^^^^^^^
  File "/home/airflow/.local/lib/python3.12/site-packages/airflow/models/taskinstance.py", line 3006, in _run_raw_task
    return _run_raw_task(
           ^^^^^^^^^^^^^^
  File "/home/airflow/.local/lib/python3.12/site-packages/airflow/models/taskinstance.py", line 274, in _run_raw_task
    TaskInstance._execute_task_with_callbacks(
  File "/home/airflow/.local/lib/python3.12/site-packages/airflow/models/taskinstance.py", line 3161, in _execute_task_with_callbacks
    result = self._execute_task(context, task_orig)
             ^^^^^^^^^^^^^^^^^^^^^^^^^^^^^^^^^^^^^^
  File "/home/airflow/.local/lib/python3.12/site-packages/airflow/models/taskinstance.py", line 3185, in _execute_task
    return _execute_task(self, context, task_orig)
           ^^^^^^^^^^^^^^^^^^^^^^^^^^^^^^^^^^^^^^^
  File "/home/airflow/.local/lib/python3.12/site-packages/airflow/models/taskinstance.py", line 768, in _execute_task
    result = _execute_callable(context=context, **execute_callable_kwargs)
             ^^^^^^^^^^^^^^^^^^^^^^^^^^^^^^^^^^^^^^^^^^^^^^^^^^^^^^^^^^^^^
  File "/home/airflow/.local/lib/python3.12/site-packages/airflow/models/taskinstance.py", line 734, in _execute_callable
    return ExecutionCallableRunner(
           ^^^^^^^^^^^^^^^^^^^^^^^^
  File "/home/airflow/.local/lib/python3.12/site-packages/airflow/utils/operator_helpers.py", line 252, in run
    return self.func(*args, **kwargs)
           ^^^^^^^^^^^^^^^^^^^^^^^^^^
  File "/home/airflow/.local/lib/python3.12/site-packages/airflow/models/baseoperator.py", line 424, in wrapper
    return func(self, *args, **kwargs)
           ^^^^^^^^^^^^^^^^^^^^^^^^^^^
  File "/home/airflow/.local/lib/python3.12/site-packages/airflow/operators/python.py", line 238, in execute
    return_value = self.execute_callable()
                   ^^^^^^^^^^^^^^^^^^^^^^^
  File "/home/airflow/.local/lib/python3.12/site-packages/airflow/operators/python.py", line 256, in execute_callable
    return runner.run(*self.op_args, **self.op_kwargs)
           ^^^^^^^^^^^^^^^^^^^^^^^^^^^^^^^^^^^^^^^^^^^
  File "/home/airflow/.local/lib/python3.12/site-packages/airflow/utils/operator_helpers.py", line 252, in run
    return self.func(*args, **kwargs)
           ^^^^^^^^^^^^^^^^^^^^^^^^^^
  File "/opt/airflow/dags/unified_sales_pipeline_dag.py", line 339, in run_spark_silver_processing
    raise Exception(f"Silver Spark job failed:\n{error_msg}")
Exception: Silver Spark job failed:
25/12/16 01:31:10 WARN NativeCodeLoader: Unable to load native-hadoop library for your platform... using builtin-java classes where applicable
Traceback (most recent call last):
  File "/app/dags/bronze_to_silver.py", line 8, in <module>
    import matplotlib.pyplot as plt
ModuleNotFoundError: No module named 'matplotlib'
25/12/16 01:31:11 INFO ShutdownHookManager: Shutdown hook called
25/12/16 01:31:11 INFO ShutdownHookManager: Deleting directory /tmp/spark-05a5eb56-3401-4f70-ad6a-0c671962faf0
...
[2025-12-16T01:31:12.024+0000] {local_task_job_runner.py:266} INFO - Task exited with return code 1
[2025-12-16T01:31:12.045+0000] {taskinstance.py:3901} INFO - 0 downstream tasks scheduled from follow-on schedule check
[2025-12-16T01:31:12.048+0000] {local_task_job_runner.py:245} INFO - ::endgroup::
