[2025-11-23T07:23:22.737+0000] {local_task_job_runner.py:123} INFO - ::group::Pre task execution logs
[2025-11-23T07:23:22.754+0000] {taskinstance.py:2614} INFO - Dependencies all met for dep_context=non-requeueable deps ti=<TaskInstance: sales_streaming_pipeline.trigger_kafka_producer manual__2025-11-23T07:23:14.355627+00:00 [queued]>
[2025-11-23T07:23:22.764+0000] {taskinstance.py:2614} INFO - Dependencies all met for dep_context=requeueable deps ti=<TaskInstance: sales_streaming_pipeline.trigger_kafka_producer manual__2025-11-23T07:23:14.355627+00:00 [queued]>
[2025-11-23T07:23:22.765+0000] {taskinstance.py:2867} INFO - Starting attempt 1 of 2
[2025-11-23T07:23:22.777+0000] {taskinstance.py:2890} INFO - Executing <Task(TriggerDagRunOperator): trigger_kafka_producer> on 2025-11-23 07:23:14.355627+00:00
[2025-11-23T07:23:22.783+0000] {warnings.py:112} WARNING - /home/***/.local/lib/python3.12/site-packages/***/task/task_runner/standard_task_runner.py:70: DeprecationWarning: This process (pid=46) is multi-threaded, use of fork() may lead to deadlocks in the child.
  pid = os.fork()

[2025-11-23T07:23:22.784+0000] {standard_task_runner.py:72} INFO - Started process 47 to run task
[2025-11-23T07:23:22.785+0000] {standard_task_runner.py:104} INFO - Running: ['***', 'tasks', 'run', 'sales_streaming_pipeline', 'trigger_kafka_producer', 'manual__2025-11-23T07:23:14.355627+00:00', '--job-id', '60', '--raw', '--subdir', 'DAGS_FOLDER/master_orchestrator_dag.py', '--cfg-path', '/tmp/tmpubyk4jel']
[2025-11-23T07:23:22.786+0000] {standard_task_runner.py:105} INFO - Job 60: Subtask trigger_kafka_producer
[2025-11-23T07:23:22.827+0000] {task_command.py:467} INFO - Running <TaskInstance: sales_streaming_pipeline.trigger_kafka_producer manual__2025-11-23T07:23:14.355627+00:00 [running]> on host ac1c0b4de9cf
[2025-11-23T07:23:22.901+0000] {taskinstance.py:3134} INFO - Exporting env vars: AIRFLOW_CTX_DAG_OWNER='***' AIRFLOW_CTX_DAG_ID='sales_streaming_pipeline' AIRFLOW_CTX_TASK_ID='trigger_kafka_producer' AIRFLOW_CTX_EXECUTION_DATE='2025-11-23T07:23:14.355627+00:00' AIRFLOW_CTX_TRY_NUMBER='1' AIRFLOW_CTX_DAG_RUN_ID='manual__2025-11-23T07:23:14.355627+00:00'
[2025-11-23T07:23:22.902+0000] {taskinstance.py:732} INFO - ::endgroup::
[2025-11-23T07:23:22.985+0000] {trigger_dagrun.py:257} INFO - Waiting for kafka_sales_producer on 2025-11-23 07:23:22.915598+00:00 to become allowed state ['success'] ...
[2025-11-23T07:24:22.993+0000] {trigger_dagrun.py:257} INFO - Waiting for kafka_sales_producer on 2025-11-23 07:23:22.915598+00:00 to become allowed state ['success'] ...
[2025-11-23T07:25:22.996+0000] {trigger_dagrun.py:257} INFO - Waiting for kafka_sales_producer on 2025-11-23 07:23:22.915598+00:00 to become allowed state ['success'] ...
[2025-11-23T07:26:23.001+0000] {trigger_dagrun.py:257} INFO - Waiting for kafka_sales_producer on 2025-11-23 07:23:22.915598+00:00 to become allowed state ['success'] ...
[2025-11-23T07:27:23.004+0000] {trigger_dagrun.py:257} INFO - Waiting for kafka_sales_producer on 2025-11-23 07:23:22.915598+00:00 to become allowed state ['success'] ...
[2025-11-23T07:28:23.013+0000] {trigger_dagrun.py:257} INFO - Waiting for kafka_sales_producer on 2025-11-23 07:23:22.915598+00:00 to become allowed state ['success'] ...
[2025-11-23T07:29:23.023+0000] {trigger_dagrun.py:257} INFO - Waiting for kafka_sales_producer on 2025-11-23 07:23:22.915598+00:00 to become allowed state ['success'] ...
[2025-11-23T07:30:23.029+0000] {trigger_dagrun.py:257} INFO - Waiting for kafka_sales_producer on 2025-11-23 07:23:22.915598+00:00 to become allowed state ['success'] ...
[2025-11-23T07:31:23.036+0000] {trigger_dagrun.py:257} INFO - Waiting for kafka_sales_producer on 2025-11-23 07:23:22.915598+00:00 to become allowed state ['success'] ...
[2025-11-23T07:32:23.043+0000] {trigger_dagrun.py:257} INFO - Waiting for kafka_sales_producer on 2025-11-23 07:23:22.915598+00:00 to become allowed state ['success'] ...
[2025-11-23T07:33:23.051+0000] {trigger_dagrun.py:257} INFO - Waiting for kafka_sales_producer on 2025-11-23 07:23:22.915598+00:00 to become allowed state ['success'] ...
[2025-11-23T07:34:23.058+0000] {trigger_dagrun.py:257} INFO - Waiting for kafka_sales_producer on 2025-11-23 07:23:22.915598+00:00 to become allowed state ['success'] ...
[2025-11-23T07:35:23.064+0000] {trigger_dagrun.py:257} INFO - Waiting for kafka_sales_producer on 2025-11-23 07:23:22.915598+00:00 to become allowed state ['success'] ...
[2025-11-23T07:36:23.069+0000] {trigger_dagrun.py:257} INFO - Waiting for kafka_sales_producer on 2025-11-23 07:23:22.915598+00:00 to become allowed state ['success'] ...
[2025-11-23T07:37:23.074+0000] {trigger_dagrun.py:257} INFO - Waiting for kafka_sales_producer on 2025-11-23 07:23:22.915598+00:00 to become allowed state ['success'] ...
[2025-11-23T07:38:23.078+0000] {trigger_dagrun.py:257} INFO - Waiting for kafka_sales_producer on 2025-11-23 07:23:22.915598+00:00 to become allowed state ['success'] ...
[2025-11-23T07:39:23.082+0000] {trigger_dagrun.py:257} INFO - Waiting for kafka_sales_producer on 2025-11-23 07:23:22.915598+00:00 to become allowed state ['success'] ...
[2025-11-23T07:40:23.089+0000] {trigger_dagrun.py:257} INFO - Waiting for kafka_sales_producer on 2025-11-23 07:23:22.915598+00:00 to become allowed state ['success'] ...
[2025-11-23T07:41:23.095+0000] {trigger_dagrun.py:257} INFO - Waiting for kafka_sales_producer on 2025-11-23 07:23:22.915598+00:00 to become allowed state ['success'] ...
[2025-11-23T07:42:23.102+0000] {trigger_dagrun.py:257} INFO - Waiting for kafka_sales_producer on 2025-11-23 07:23:22.915598+00:00 to become allowed state ['success'] ...
[2025-11-23T07:43:23.106+0000] {trigger_dagrun.py:257} INFO - Waiting for kafka_sales_producer on 2025-11-23 07:23:22.915598+00:00 to become allowed state ['success'] ...
[2025-11-23T07:44:23.115+0000] {trigger_dagrun.py:257} INFO - Waiting for kafka_sales_producer on 2025-11-23 07:23:22.915598+00:00 to become allowed state ['success'] ...
[2025-11-23T07:45:23.119+0000] {trigger_dagrun.py:257} INFO - Waiting for kafka_sales_producer on 2025-11-23 07:23:22.915598+00:00 to become allowed state ['success'] ...
