[2025-11-23T04:42:47.880+0000] {local_task_job_runner.py:123} INFO - ::group::Pre task execution logs
[2025-11-23T04:42:47.901+0000] {taskinstance.py:2614} INFO - Dependencies all met for dep_context=non-requeueable deps ti=<TaskInstance: kafka_sales_producer.produce_sales_data manual__2025-11-23T04:36:55.867784+00:00 [queued]>
[2025-11-23T04:42:47.911+0000] {taskinstance.py:2614} INFO - Dependencies all met for dep_context=requeueable deps ti=<TaskInstance: kafka_sales_producer.produce_sales_data manual__2025-11-23T04:36:55.867784+00:00 [queued]>
[2025-11-23T04:42:47.912+0000] {taskinstance.py:2867} INFO - Starting attempt 1 of 3
[2025-11-23T04:42:47.925+0000] {taskinstance.py:2890} INFO - Executing <Task(PythonOperator): produce_sales_data> on 2025-11-23 04:36:55.867784+00:00
[2025-11-23T04:42:47.931+0000] {warnings.py:112} WARNING - /home/***/.local/lib/python3.12/site-packages/***/task/task_runner/standard_task_runner.py:70: DeprecationWarning: This process (pid=56) is multi-threaded, use of fork() may lead to deadlocks in the child.
  pid = os.fork()

[2025-11-23T04:42:47.932+0000] {standard_task_runner.py:72} INFO - Started process 61 to run task
[2025-11-23T04:42:47.932+0000] {standard_task_runner.py:104} INFO - Running: ['***', 'tasks', 'run', 'kafka_sales_producer', 'produce_sales_data', 'manual__2025-11-23T04:36:55.867784+00:00', '--job-id', '8', '--raw', '--subdir', 'DAGS_FOLDER/fixed_producer_dag.py', '--cfg-path', '/tmp/tmpcez7fkr5']
[2025-11-23T04:42:47.934+0000] {standard_task_runner.py:105} INFO - Job 8: Subtask produce_sales_data
[2025-11-23T04:42:47.988+0000] {task_command.py:467} INFO - Running <TaskInstance: kafka_sales_producer.produce_sales_data manual__2025-11-23T04:36:55.867784+00:00 [running]> on host adf4d8c3820d
[2025-11-23T04:42:48.064+0000] {taskinstance.py:3134} INFO - Exporting env vars: AIRFLOW_CTX_DAG_OWNER='***' AIRFLOW_CTX_DAG_ID='kafka_sales_producer' AIRFLOW_CTX_TASK_ID='produce_sales_data' AIRFLOW_CTX_EXECUTION_DATE='2025-11-23T04:36:55.867784+00:00' AIRFLOW_CTX_TRY_NUMBER='1' AIRFLOW_CTX_DAG_RUN_ID='manual__2025-11-23T04:36:55.867784+00:00'
[2025-11-23T04:42:48.067+0000] {taskinstance.py:732} INFO - ::endgroup::
[2025-11-23T04:42:48.085+0000] {conn.py:396} INFO - <BrokerConnection client_id=kafka-python-producer-1, node_id=bootstrap-2 host=broker2:19093 <connecting> [IPv4 ('172.18.0.14', 19093)]>: connecting to broker2:19093 [('172.18.0.14', 19093) IPv4]
[2025-11-23T04:42:48.090+0000] {conn.py:618} INFO - <BrokerConnection client_id=kafka-python-producer-1, node_id=bootstrap-2 host=broker2:19093 <checking_api_versions_recv> [IPv4 ('172.18.0.14', 19093)]>: Broker version identified as 2.6
[2025-11-23T04:42:48.091+0000] {conn.py:457} INFO - <BrokerConnection client_id=kafka-python-producer-1, node_id=bootstrap-2 host=broker2:19093 <connected> [IPv4 ('172.18.0.14', 19093)]>: Connection complete.
[2025-11-23T04:42:48.094+0000] {logging_mixin.py:190} INFO - 🚀 Starting Kafka producer...
[2025-11-23T04:42:48.198+0000] {conn.py:396} INFO - <BrokerConnection client_id=kafka-python-producer-1, node_id=1 host=broker1:19092 <connecting> [IPv4 ('172.18.0.10', 19092)]>: connecting to broker1:19092 [('172.18.0.10', 19092) IPv4]
[2025-11-23T04:42:48.199+0000] {conn.py:457} INFO - <BrokerConnection client_id=kafka-python-producer-1, node_id=1 host=broker1:19092 <connected> [IPv4 ('172.18.0.10', 19092)]>: Connection complete.
[2025-11-23T04:42:48.200+0000] {conn.py:945} INFO - <BrokerConnection client_id=kafka-python-producer-1, node_id=bootstrap-2 host=broker2:19093 <connected> [IPv4 ('172.18.0.14', 19093)]>: Closing connection. 
[2025-11-23T04:42:48.265+0000] {cluster.py:313} WARNING - Topic ventes_stream is not available during auto-create initialization
[2025-11-23T04:42:48.373+0000] {cluster.py:313} WARNING - Topic ventes_stream is not available during auto-create initialization
[2025-11-23T04:42:48.480+0000] {logging_mixin.py:190} INFO - ✅ Sale 1: Ordinateur portable - 2699.97€
[2025-11-23T04:42:48.982+0000] {logging_mixin.py:190} INFO - ✅ Sale 2: Clavier mecanique - 75.0€
[2025-11-23T04:42:49.484+0000] {logging_mixin.py:190} INFO - ✅ Sale 3: Casque audio - 119.98€
[2025-11-23T04:42:49.987+0000] {logging_mixin.py:190} INFO - ✅ Sale 4: Clavier mecanique - 225.0€
[2025-11-23T04:42:50.490+0000] {logging_mixin.py:190} INFO - ✅ Sale 5: Livre Data Science - 19.99€
[2025-11-23T04:42:50.992+0000] {logging_mixin.py:190} INFO - ✅ Sale 6: Clavier mecanique - 75.0€
[2025-11-23T04:42:51.493+0000] {logging_mixin.py:190} INFO - ✅ Sale 7: Souris sans fil - 76.5€
[2025-11-23T04:42:51.995+0000] {logging_mixin.py:190} INFO - ✅ Sale 8: Souris sans fil - 51.0€
[2025-11-23T04:42:52.496+0000] {logging_mixin.py:190} INFO - ✅ Sale 9: Clavier mecanique - 150.0€
[2025-11-23T04:42:52.997+0000] {logging_mixin.py:190} INFO - ✅ Sale 10: Ordinateur portable - 2699.97€
[2025-11-23T04:42:53.499+0000] {logging_mixin.py:190} INFO - ✅ Sale 11: Casque audio - 179.97€
[2025-11-23T04:42:54.002+0000] {logging_mixin.py:190} INFO - ✅ Sale 12: Clavier mecanique - 75.0€
[2025-11-23T04:42:54.504+0000] {logging_mixin.py:190} INFO - ✅ Sale 13: Casque audio - 179.97€
[2025-11-23T04:42:55.006+0000] {logging_mixin.py:190} INFO - ✅ Sale 14: Ordinateur portable - 1799.98€
[2025-11-23T04:42:55.507+0000] {logging_mixin.py:190} INFO - ✅ Sale 15: Casque audio - 119.98€
[2025-11-23T04:42:56.009+0000] {logging_mixin.py:190} INFO - ✅ Sale 16: Casque audio - 119.98€
[2025-11-23T04:42:56.512+0000] {logging_mixin.py:190} INFO - ✅ Sale 17: Livre Data Science - 39.98€
[2025-11-23T04:42:57.016+0000] {logging_mixin.py:190} INFO - ✅ Sale 18: Souris sans fil - 51.0€
[2025-11-23T04:42:57.518+0000] {logging_mixin.py:190} INFO - ✅ Sale 19: Souris sans fil - 25.5€
[2025-11-23T04:42:58.020+0000] {logging_mixin.py:190} INFO - ✅ Sale 20: Casque audio - 179.97€
[2025-11-23T04:42:58.522+0000] {kafka.py:629} INFO - <KafkaProducer client_id=kafka-python-producer-1 transactional_id=None>: Closing the Kafka producer with 9223372036.0 secs timeout.
[2025-11-23T04:42:58.523+0000] {conn.py:945} INFO - <BrokerConnection client_id=kafka-python-producer-1, node_id=1 host=broker1:19092 <connected> [IPv4 ('172.18.0.10', 19092)]>: Closing connection. 
[2025-11-23T04:42:58.524+0000] {logging_mixin.py:190} INFO - ✅ Production completed: 20 sales sent to Kafka topic 'ventes_stream'
[2025-11-23T04:42:58.524+0000] {python.py:240} INFO - Done. Returned value was: None
[2025-11-23T04:42:58.532+0000] {taskinstance.py:341} INFO - ::group::Post task execution logs
[2025-11-23T04:42:58.532+0000] {taskinstance.py:353} INFO - Marking task as SUCCESS. dag_id=kafka_sales_producer, task_id=produce_sales_data, run_id=manual__2025-11-23T04:36:55.867784+00:00, execution_date=20251123T043655, start_date=20251123T044247, end_date=20251123T044258
[2025-11-23T04:42:58.601+0000] {local_task_job_runner.py:266} INFO - Task exited with return code 0
[2025-11-23T04:42:58.615+0000] {taskinstance.py:3901} INFO - 0 downstream tasks scheduled from follow-on schedule check
[2025-11-23T04:42:58.617+0000] {local_task_job_runner.py:245} INFO - ::endgroup::
