[2025-11-23T05:05:37.719+0000] {local_task_job_runner.py:123} INFO - ::group::Pre task execution logs
[2025-11-23T05:05:37.742+0000] {taskinstance.py:2614} INFO - Dependencies all met for dep_context=non-requeueable deps ti=<TaskInstance: sales_streaming_pipeline.trigger_spark_streaming manual__2025-11-23T05:04:27.908383+00:00 [queued]>
[2025-11-23T05:05:37.752+0000] {taskinstance.py:2614} INFO - Dependencies all met for dep_context=requeueable deps ti=<TaskInstance: sales_streaming_pipeline.trigger_spark_streaming manual__2025-11-23T05:04:27.908383+00:00 [queued]>
[2025-11-23T05:05:37.753+0000] {taskinstance.py:2867} INFO - Starting attempt 1 of 2
[2025-11-23T05:05:37.767+0000] {taskinstance.py:2890} INFO - Executing <Task(TriggerDagRunOperator): trigger_spark_streaming> on 2025-11-23 05:04:27.908383+00:00
[2025-11-23T05:05:37.773+0000] {warnings.py:112} WARNING - /home/***/.local/lib/python3.12/site-packages/***/task/task_runner/standard_task_runner.py:70: DeprecationWarning: This process (pid=131) is multi-threaded, use of fork() may lead to deadlocks in the child.
  pid = os.fork()

[2025-11-23T05:05:37.775+0000] {standard_task_runner.py:72} INFO - Started process 132 to run task
[2025-11-23T05:05:37.775+0000] {standard_task_runner.py:104} INFO - Running: ['***', 'tasks', 'run', 'sales_streaming_pipeline', 'trigger_spark_streaming', 'manual__2025-11-23T05:04:27.908383+00:00', '--job-id', '22', '--raw', '--subdir', 'DAGS_FOLDER/master_orchestrator_dag.py', '--cfg-path', '/tmp/tmp1jgf9t0x']
[2025-11-23T05:05:37.776+0000] {standard_task_runner.py:105} INFO - Job 22: Subtask trigger_spark_streaming
[2025-11-23T05:05:37.816+0000] {task_command.py:467} INFO - Running <TaskInstance: sales_streaming_pipeline.trigger_spark_streaming manual__2025-11-23T05:04:27.908383+00:00 [running]> on host adf4d8c3820d
[2025-11-23T05:05:37.878+0000] {taskinstance.py:3134} INFO - Exporting env vars: AIRFLOW_CTX_DAG_OWNER='***' AIRFLOW_CTX_DAG_ID='sales_streaming_pipeline' AIRFLOW_CTX_TASK_ID='trigger_spark_streaming' AIRFLOW_CTX_EXECUTION_DATE='2025-11-23T05:04:27.908383+00:00' AIRFLOW_CTX_TRY_NUMBER='1' AIRFLOW_CTX_DAG_RUN_ID='manual__2025-11-23T05:04:27.908383+00:00'
[2025-11-23T05:05:37.879+0000] {taskinstance.py:732} INFO - ::endgroup::
[2025-11-23T05:05:37.951+0000] {trigger_dagrun.py:257} INFO - Waiting for spark_streaming_processor on 2025-11-23 05:05:37.890371+00:00 to become allowed state ['success'] ...
[2025-11-23T05:06:37.960+0000] {trigger_dagrun.py:257} INFO - Waiting for spark_streaming_processor on 2025-11-23 05:05:37.890371+00:00 to become allowed state ['success'] ...
[2025-11-23T05:07:37.974+0000] {trigger_dagrun.py:257} INFO - Waiting for spark_streaming_processor on 2025-11-23 05:05:37.890371+00:00 to become allowed state ['success'] ...
[2025-11-23T05:08:37.980+0000] {trigger_dagrun.py:257} INFO - Waiting for spark_streaming_processor on 2025-11-23 05:05:37.890371+00:00 to become allowed state ['success'] ...
[2025-11-23T05:09:37.983+0000] {trigger_dagrun.py:257} INFO - Waiting for spark_streaming_processor on 2025-11-23 05:05:37.890371+00:00 to become allowed state ['success'] ...
[2025-11-23T05:10:37.991+0000] {trigger_dagrun.py:257} INFO - Waiting for spark_streaming_processor on 2025-11-23 05:05:37.890371+00:00 to become allowed state ['success'] ...
[2025-11-23T05:11:38.000+0000] {trigger_dagrun.py:257} INFO - Waiting for spark_streaming_processor on 2025-11-23 05:05:37.890371+00:00 to become allowed state ['success'] ...
[2025-11-23T05:12:38.005+0000] {trigger_dagrun.py:257} INFO - Waiting for spark_streaming_processor on 2025-11-23 05:05:37.890371+00:00 to become allowed state ['success'] ...
[2025-11-23T05:13:38.010+0000] {trigger_dagrun.py:257} INFO - Waiting for spark_streaming_processor on 2025-11-23 05:05:37.890371+00:00 to become allowed state ['success'] ...
[2025-11-23T05:14:38.019+0000] {trigger_dagrun.py:257} INFO - Waiting for spark_streaming_processor on 2025-11-23 05:05:37.890371+00:00 to become allowed state ['success'] ...
[2025-11-23T05:15:38.024+0000] {trigger_dagrun.py:257} INFO - Waiting for spark_streaming_processor on 2025-11-23 05:05:37.890371+00:00 to become allowed state ['success'] ...
[2025-11-23T05:16:38.029+0000] {trigger_dagrun.py:257} INFO - Waiting for spark_streaming_processor on 2025-11-23 05:05:37.890371+00:00 to become allowed state ['success'] ...
[2025-11-23T05:17:38.032+0000] {trigger_dagrun.py:257} INFO - Waiting for spark_streaming_processor on 2025-11-23 05:05:37.890371+00:00 to become allowed state ['success'] ...
[2025-11-23T05:18:38.037+0000] {trigger_dagrun.py:257} INFO - Waiting for spark_streaming_processor on 2025-11-23 05:05:37.890371+00:00 to become allowed state ['success'] ...
[2025-11-23T05:19:38.043+0000] {trigger_dagrun.py:257} INFO - Waiting for spark_streaming_processor on 2025-11-23 05:05:37.890371+00:00 to become allowed state ['success'] ...
[2025-11-23T05:20:38.051+0000] {trigger_dagrun.py:257} INFO - Waiting for spark_streaming_processor on 2025-11-23 05:05:37.890371+00:00 to become allowed state ['success'] ...
[2025-11-23T05:21:38.056+0000] {trigger_dagrun.py:257} INFO - Waiting for spark_streaming_processor on 2025-11-23 05:05:37.890371+00:00 to become allowed state ['success'] ...
[2025-11-23T05:22:38.064+0000] {trigger_dagrun.py:257} INFO - Waiting for spark_streaming_processor on 2025-11-23 05:05:37.890371+00:00 to become allowed state ['success'] ...
[2025-11-23T05:23:38.069+0000] {trigger_dagrun.py:257} INFO - Waiting for spark_streaming_processor on 2025-11-23 05:05:37.890371+00:00 to become allowed state ['success'] ...
[2025-11-23T05:24:38.074+0000] {trigger_dagrun.py:257} INFO - Waiting for spark_streaming_processor on 2025-11-23 05:05:37.890371+00:00 to become allowed state ['success'] ...
[2025-11-23T05:25:38.078+0000] {trigger_dagrun.py:257} INFO - Waiting for spark_streaming_processor on 2025-11-23 05:05:37.890371+00:00 to become allowed state ['success'] ...
[2025-11-23T05:26:38.080+0000] {trigger_dagrun.py:257} INFO - Waiting for spark_streaming_processor on 2025-11-23 05:05:37.890371+00:00 to become allowed state ['success'] ...
[2025-11-23T05:27:38.084+0000] {trigger_dagrun.py:257} INFO - Waiting for spark_streaming_processor on 2025-11-23 05:05:37.890371+00:00 to become allowed state ['success'] ...
[2025-11-23T05:28:38.087+0000] {trigger_dagrun.py:257} INFO - Waiting for spark_streaming_processor on 2025-11-23 05:05:37.890371+00:00 to become allowed state ['success'] ...
[2025-11-23T05:29:38.091+0000] {trigger_dagrun.py:257} INFO - Waiting for spark_streaming_processor on 2025-11-23 05:05:37.890371+00:00 to become allowed state ['success'] ...
[2025-11-23T05:30:38.097+0000] {trigger_dagrun.py:257} INFO - Waiting for spark_streaming_processor on 2025-11-23 05:05:37.890371+00:00 to become allowed state ['success'] ...
[2025-11-23T05:31:38.102+0000] {trigger_dagrun.py:257} INFO - Waiting for spark_streaming_processor on 2025-11-23 05:05:37.890371+00:00 to become allowed state ['success'] ...
[2025-11-23T05:32:38.104+0000] {trigger_dagrun.py:257} INFO - Waiting for spark_streaming_processor on 2025-11-23 05:05:37.890371+00:00 to become allowed state ['success'] ...
[2025-11-23T05:33:38.110+0000] {trigger_dagrun.py:257} INFO - Waiting for spark_streaming_processor on 2025-11-23 05:05:37.890371+00:00 to become allowed state ['success'] ...
[2025-11-23T05:34:38.111+0000] {trigger_dagrun.py:257} INFO - Waiting for spark_streaming_processor on 2025-11-23 05:05:37.890371+00:00 to become allowed state ['success'] ...
[2025-11-23T05:35:38.115+0000] {trigger_dagrun.py:257} INFO - Waiting for spark_streaming_processor on 2025-11-23 05:05:37.890371+00:00 to become allowed state ['success'] ...
[2025-11-23T05:36:38.118+0000] {trigger_dagrun.py:257} INFO - Waiting for spark_streaming_processor on 2025-11-23 05:05:37.890371+00:00 to become allowed state ['success'] ...
[2025-11-23T05:37:38.131+0000] {trigger_dagrun.py:257} INFO - Waiting for spark_streaming_processor on 2025-11-23 05:05:37.890371+00:00 to become allowed state ['success'] ...
[2025-11-23T05:38:38.146+0000] {trigger_dagrun.py:257} INFO - Waiting for spark_streaming_processor on 2025-11-23 05:05:37.890371+00:00 to become allowed state ['success'] ...
[2025-11-23T05:39:38.155+0000] {trigger_dagrun.py:271} INFO - spark_streaming_processor finished with allowed state success
[2025-11-23T05:39:38.175+0000] {taskinstance.py:341} INFO - ::group::Post task execution logs
[2025-11-23T05:39:38.176+0000] {taskinstance.py:353} INFO - Marking task as SUCCESS. dag_id=sales_streaming_pipeline, task_id=trigger_spark_streaming, run_id=manual__2025-11-23T05:04:27.908383+00:00, execution_date=20251123T050427, start_date=20251123T050537, end_date=20251123T053938
[2025-11-23T05:39:38.266+0000] {local_task_job_runner.py:266} INFO - Task exited with return code 0
[2025-11-23T05:39:38.307+0000] {taskinstance.py:3901} INFO - 1 downstream tasks scheduled from follow-on schedule check
[2025-11-23T05:39:38.311+0000] {local_task_job_runner.py:245} INFO - ::endgroup::
