[2025-11-23T05:04:38.539+0000] {local_task_job_runner.py:123} INFO - ::group::Pre task execution logs
[2025-11-23T05:04:38.553+0000] {taskinstance.py:2614} INFO - Dependencies all met for dep_context=non-requeueable deps ti=<TaskInstance: kafka_sales_producer.produce_sales_data manual__2025-11-23T05:04:36.355463+00:00 [queued]>
[2025-11-23T05:04:38.559+0000] {taskinstance.py:2614} INFO - Dependencies all met for dep_context=requeueable deps ti=<TaskInstance: kafka_sales_producer.produce_sales_data manual__2025-11-23T05:04:36.355463+00:00 [queued]>
[2025-11-23T05:04:38.559+0000] {taskinstance.py:2867} INFO - Starting attempt 1 of 3
[2025-11-23T05:04:38.569+0000] {taskinstance.py:2890} INFO - Executing <Task(PythonOperator): produce_sales_data> on 2025-11-23 05:04:36.355463+00:00
[2025-11-23T05:04:38.574+0000] {warnings.py:112} WARNING - /home/***/.local/lib/python3.12/site-packages/***/task/task_runner/standard_task_runner.py:70: DeprecationWarning: This process (pid=127) is multi-threaded, use of fork() may lead to deadlocks in the child.
  pid = os.fork()

[2025-11-23T05:04:38.576+0000] {standard_task_runner.py:72} INFO - Started process 128 to run task
[2025-11-23T05:04:38.575+0000] {standard_task_runner.py:104} INFO - Running: ['***', 'tasks', 'run', 'kafka_sales_producer', 'produce_sales_data', 'manual__2025-11-23T05:04:36.355463+00:00', '--job-id', '21', '--raw', '--subdir', 'DAGS_FOLDER/kafka_sales_producer_dag.py', '--cfg-path', '/tmp/tmpbci_mskb']
[2025-11-23T05:04:38.578+0000] {standard_task_runner.py:105} INFO - Job 21: Subtask produce_sales_data
[2025-11-23T05:04:38.619+0000] {task_command.py:467} INFO - Running <TaskInstance: kafka_sales_producer.produce_sales_data manual__2025-11-23T05:04:36.355463+00:00 [running]> on host adf4d8c3820d
[2025-11-23T05:04:38.687+0000] {taskinstance.py:3134} INFO - Exporting env vars: AIRFLOW_CTX_DAG_OWNER='***' AIRFLOW_CTX_DAG_ID='kafka_sales_producer' AIRFLOW_CTX_TASK_ID='produce_sales_data' AIRFLOW_CTX_EXECUTION_DATE='2025-11-23T05:04:36.355463+00:00' AIRFLOW_CTX_TRY_NUMBER='1' AIRFLOW_CTX_DAG_RUN_ID='manual__2025-11-23T05:04:36.355463+00:00'
[2025-11-23T05:04:38.689+0000] {taskinstance.py:732} INFO - ::endgroup::
[2025-11-23T05:04:38.704+0000] {conn.py:396} INFO - <BrokerConnection client_id=kafka-python-producer-1, node_id=bootstrap-0 host=broker2:19093 <connecting> [IPv4 ('172.18.0.14', 19093)]>: connecting to broker2:19093 [('172.18.0.14', 19093) IPv4]
[2025-11-23T05:04:38.709+0000] {conn.py:618} INFO - <BrokerConnection client_id=kafka-python-producer-1, node_id=bootstrap-0 host=broker2:19093 <checking_api_versions_recv> [IPv4 ('172.18.0.14', 19093)]>: Broker version identified as 2.6
[2025-11-23T05:04:38.709+0000] {conn.py:457} INFO - <BrokerConnection client_id=kafka-python-producer-1, node_id=bootstrap-0 host=broker2:19093 <connected> [IPv4 ('172.18.0.14', 19093)]>: Connection complete.
[2025-11-23T05:04:38.712+0000] {logging_mixin.py:190} INFO - 🚀 Starting Kafka producer...
[2025-11-23T05:04:38.815+0000] {conn.py:396} INFO - <BrokerConnection client_id=kafka-python-producer-1, node_id=1 host=broker1:19092 <connecting> [IPv4 ('172.18.0.10', 19092)]>: connecting to broker1:19092 [('172.18.0.10', 19092) IPv4]
[2025-11-23T05:04:38.817+0000] {conn.py:457} INFO - <BrokerConnection client_id=kafka-python-producer-1, node_id=1 host=broker1:19092 <connected> [IPv4 ('172.18.0.10', 19092)]>: Connection complete.
[2025-11-23T05:04:38.818+0000] {conn.py:945} INFO - <BrokerConnection client_id=kafka-python-producer-1, node_id=bootstrap-0 host=broker2:19093 <connected> [IPv4 ('172.18.0.14', 19093)]>: Closing connection. 
[2025-11-23T05:04:38.822+0000] {logging_mixin.py:190} INFO - ✅ Sale 1: Casque audio - 179.97€
[2025-11-23T05:04:39.326+0000] {logging_mixin.py:190} INFO - ✅ Sale 2: Clavier mecanique - 225.0€
[2025-11-23T05:04:39.831+0000] {logging_mixin.py:190} INFO - ✅ Sale 3: Souris sans fil - 25.5€
[2025-11-23T05:04:40.333+0000] {logging_mixin.py:190} INFO - ✅ Sale 4: Ordinateur portable - 2699.97€
[2025-11-23T05:04:40.836+0000] {logging_mixin.py:190} INFO - ✅ Sale 5: Casque audio - 59.99€
[2025-11-23T05:04:41.338+0000] {logging_mixin.py:190} INFO - ✅ Sale 6: Clavier mecanique - 150.0€
[2025-11-23T05:04:41.840+0000] {logging_mixin.py:190} INFO - ✅ Sale 7: Livre Data Science - 59.97€
[2025-11-23T05:04:42.343+0000] {logging_mixin.py:190} INFO - ✅ Sale 8: Livre Data Science - 59.97€
[2025-11-23T05:04:42.847+0000] {logging_mixin.py:190} INFO - ✅ Sale 9: Livre Data Science - 59.97€
[2025-11-23T05:04:43.351+0000] {logging_mixin.py:190} INFO - ✅ Sale 10: Souris sans fil - 76.5€
[2025-11-23T05:04:43.853+0000] {logging_mixin.py:190} INFO - ✅ Sale 11: Clavier mecanique - 225.0€
[2025-11-23T05:04:44.357+0000] {logging_mixin.py:190} INFO - ✅ Sale 12: Clavier mecanique - 150.0€
[2025-11-23T05:04:44.861+0000] {logging_mixin.py:190} INFO - ✅ Sale 13: Casque audio - 119.98€
[2025-11-23T05:04:45.366+0000] {logging_mixin.py:190} INFO - ✅ Sale 14: Livre Data Science - 39.98€
[2025-11-23T05:04:45.869+0000] {logging_mixin.py:190} INFO - ✅ Sale 15: Souris sans fil - 51.0€
[2025-11-23T05:04:46.373+0000] {logging_mixin.py:190} INFO - ✅ Sale 16: Clavier mecanique - 225.0€
[2025-11-23T05:04:46.874+0000] {logging_mixin.py:190} INFO - ✅ Sale 17: Livre Data Science - 59.97€
[2025-11-23T05:04:47.376+0000] {logging_mixin.py:190} INFO - ✅ Sale 18: Clavier mecanique - 150.0€
[2025-11-23T05:04:47.877+0000] {logging_mixin.py:190} INFO - ✅ Sale 19: Casque audio - 179.97€
[2025-11-23T05:04:48.379+0000] {logging_mixin.py:190} INFO - ✅ Sale 20: Souris sans fil - 76.5€
[2025-11-23T05:04:48.880+0000] {kafka.py:629} INFO - <KafkaProducer client_id=kafka-python-producer-1 transactional_id=None>: Closing the Kafka producer with 9223372036.0 secs timeout.
[2025-11-23T05:04:48.882+0000] {conn.py:945} INFO - <BrokerConnection client_id=kafka-python-producer-1, node_id=1 host=broker1:19092 <connected> [IPv4 ('172.18.0.10', 19092)]>: Closing connection. 
[2025-11-23T05:04:48.883+0000] {logging_mixin.py:190} INFO - ✅ Production completed: 20 sales sent to Kafka topic 'ventes_stream'
[2025-11-23T05:04:48.885+0000] {python.py:240} INFO - Done. Returned value was: None
[2025-11-23T05:04:48.892+0000] {taskinstance.py:341} INFO - ::group::Post task execution logs
[2025-11-23T05:04:48.893+0000] {taskinstance.py:353} INFO - Marking task as SUCCESS. dag_id=kafka_sales_producer, task_id=produce_sales_data, run_id=manual__2025-11-23T05:04:36.355463+00:00, execution_date=20251123T050436, start_date=20251123T050438, end_date=20251123T050448
[2025-11-23T05:04:48.928+0000] {local_task_job_runner.py:266} INFO - Task exited with return code 0
[2025-11-23T05:04:48.941+0000] {taskinstance.py:3901} INFO - 0 downstream tasks scheduled from follow-on schedule check
[2025-11-23T05:04:48.943+0000] {local_task_job_runner.py:245} INFO - ::endgroup::
