[2025-12-14T06:14:51.085+0000] {local_task_job_runner.py:123} INFO - ::group::Pre task execution logs
[2025-12-14T06:14:51.117+0000] {taskinstance.py:2614} INFO - Dependencies all met for dep_context=non-requeueable deps ti=<TaskInstance: unified_sales_pipeline.produce_sales_data manual__2025-12-14T06:14:41.463267+00:00 [queued]>
[2025-12-14T06:14:51.135+0000] {taskinstance.py:2614} INFO - Dependencies all met for dep_context=requeueable deps ti=<TaskInstance: unified_sales_pipeline.produce_sales_data manual__2025-12-14T06:14:41.463267+00:00 [queued]>
[2025-12-14T06:14:51.137+0000] {taskinstance.py:2867} INFO - Starting attempt 1 of 2
[2025-12-14T06:14:51.160+0000] {taskinstance.py:2890} INFO - Executing <Task(PythonOperator): produce_sales_data> on 2025-12-14 06:14:41.463267+00:00
[2025-12-14T06:14:51.172+0000] {warnings.py:112} WARNING - /home/***/.local/lib/python3.12/site-packages/***/task/task_runner/standard_task_runner.py:70: DeprecationWarning: This process (pid=917) is multi-threaded, use of fork() may lead to deadlocks in the child.
  pid = os.fork()

[2025-12-14T06:14:51.174+0000] {standard_task_runner.py:72} INFO - Started process 918 to run task
[2025-12-14T06:14:51.174+0000] {standard_task_runner.py:104} INFO - Running: ['***', 'tasks', 'run', 'unified_sales_pipeline', 'produce_sales_data', 'manual__2025-12-14T06:14:41.463267+00:00', '--job-id', '42', '--raw', '--subdir', 'DAGS_FOLDER/unified_sales_pipeline_dag.py', '--cfg-path', '/tmp/tmp19lf03yy']
[2025-12-14T06:14:51.176+0000] {standard_task_runner.py:105} INFO - Job 42: Subtask produce_sales_data
[2025-12-14T06:14:51.255+0000] {task_command.py:467} INFO - Running <TaskInstance: unified_sales_pipeline.produce_sales_data manual__2025-12-14T06:14:41.463267+00:00 [running]> on host ac4bc61bdcd0
[2025-12-14T06:14:51.384+0000] {taskinstance.py:3134} INFO - Exporting env vars: AIRFLOW_CTX_DAG_OWNER='***' AIRFLOW_CTX_DAG_ID='unified_sales_pipeline' AIRFLOW_CTX_TASK_ID='produce_sales_data' AIRFLOW_CTX_EXECUTION_DATE='2025-12-14T06:14:41.463267+00:00' AIRFLOW_CTX_TRY_NUMBER='1' AIRFLOW_CTX_DAG_RUN_ID='manual__2025-12-14T06:14:41.463267+00:00'
[2025-12-14T06:14:51.386+0000] {taskinstance.py:732} INFO - ::endgroup::
[2025-12-14T06:14:51.433+0000] {conn.py:396} INFO - <BrokerConnection client_id=kafka-python-producer-1, node_id=bootstrap-0 host=broker1:19092 <connecting> [IPv4 ('172.18.0.3', 19092)]>: connecting to broker1:19092 [('172.18.0.3', 19092) IPv4]
[2025-12-14T06:14:51.471+0000] {conn.py:618} INFO - <BrokerConnection client_id=kafka-python-producer-1, node_id=bootstrap-0 host=broker1:19092 <checking_api_versions_recv> [IPv4 ('172.18.0.3', 19092)]>: Broker version identified as 2.6
[2025-12-14T06:14:51.472+0000] {conn.py:457} INFO - <BrokerConnection client_id=kafka-python-producer-1, node_id=bootstrap-0 host=broker1:19092 <connected> [IPv4 ('172.18.0.3', 19092)]>: Connection complete.
[2025-12-14T06:14:51.477+0000] {logging_mixin.py:190} INFO - 🚀 Starting Kafka producer...
[2025-12-14T06:14:51.581+0000] {conn.py:396} INFO - <BrokerConnection client_id=kafka-python-producer-1, node_id=2 host=broker2:19093 <connecting> [IPv4 ('172.18.0.8', 19093)]>: connecting to broker2:19093 [('172.18.0.8', 19093) IPv4]
[2025-12-14T06:14:51.583+0000] {conn.py:457} INFO - <BrokerConnection client_id=kafka-python-producer-1, node_id=2 host=broker2:19093 <connected> [IPv4 ('172.18.0.8', 19093)]>: Connection complete.
[2025-12-14T06:14:51.584+0000] {conn.py:945} INFO - <BrokerConnection client_id=kafka-python-producer-1, node_id=bootstrap-0 host=broker1:19092 <connected> [IPv4 ('172.18.0.3', 19092)]>: Closing connection. 
[2025-12-14T06:14:51.668+0000] {cluster.py:316} ERROR - Topic ventes_stream not found in cluster metadata
[2025-12-14T06:14:51.776+0000] {cluster.py:316} ERROR - Topic ventes_stream not found in cluster metadata
[2025-12-14T06:14:51.881+0000] {cluster.py:316} ERROR - Topic ventes_stream not found in cluster metadata
[2025-12-14T06:14:52.035+0000] {logging_mixin.py:190} INFO - ✅ Sale 1: Livre Data Science - 19.99€
[2025-12-14T06:14:52.038+0000] {conn.py:396} INFO - <BrokerConnection client_id=kafka-python-producer-1, node_id=3 host=broker3:19094 <connecting> [IPv4 ('172.18.0.5', 19094)]>: connecting to broker3:19094 [('172.18.0.5', 19094) IPv4]
[2025-12-14T06:14:52.039+0000] {conn.py:457} INFO - <BrokerConnection client_id=kafka-python-producer-1, node_id=3 host=broker3:19094 <connected> [IPv4 ('172.18.0.5', 19094)]>: Connection complete.
[2025-12-14T06:14:52.238+0000] {logging_mixin.py:190} INFO - ✅ Sale 2: Souris sans fil - 76.5€
[2025-12-14T06:14:52.241+0000] {conn.py:396} INFO - <BrokerConnection client_id=kafka-python-producer-1, node_id=1 host=broker1:19092 <connecting> [IPv4 ('172.18.0.3', 19092)]>: connecting to broker1:19092 [('172.18.0.3', 19092) IPv4]
[2025-12-14T06:14:52.243+0000] {conn.py:457} INFO - <BrokerConnection client_id=kafka-python-producer-1, node_id=1 host=broker1:19092 <connected> [IPv4 ('172.18.0.3', 19092)]>: Connection complete.
[2025-12-14T06:14:52.441+0000] {logging_mixin.py:190} INFO - ✅ Sale 3: Livre Data Science - 19.99€
[2025-12-14T06:14:52.643+0000] {logging_mixin.py:190} INFO - ✅ Sale 4: Livre Data Science - 19.99€
[2025-12-14T06:14:52.846+0000] {logging_mixin.py:190} INFO - ✅ Sale 5: Ordinateur portable - 899.99€
[2025-12-14T06:14:53.048+0000] {logging_mixin.py:190} INFO - ✅ Sale 6: Ordinateur portable - 899.99€
[2025-12-14T06:14:53.251+0000] {logging_mixin.py:190} INFO - ✅ Sale 7: Casque audio - 59.99€
[2025-12-14T06:14:53.455+0000] {logging_mixin.py:190} INFO - ✅ Sale 8: Clavier mecanique - 225.0€
[2025-12-14T06:14:53.658+0000] {logging_mixin.py:190} INFO - ✅ Sale 9: Casque audio - 179.97€
[2025-12-14T06:14:53.860+0000] {logging_mixin.py:190} INFO - ✅ Sale 10: Ordinateur portable - 899.99€
[2025-12-14T06:14:54.063+0000] {logging_mixin.py:190} INFO - ✅ Sale 11: Casque audio - 179.97€
[2025-12-14T06:14:54.271+0000] {logging_mixin.py:190} INFO - ✅ Sale 12: Ordinateur portable - 2699.97€
[2025-12-14T06:14:54.473+0000] {logging_mixin.py:190} INFO - ✅ Sale 13: Souris sans fil - 51.0€
[2025-12-14T06:14:54.676+0000] {logging_mixin.py:190} INFO - ✅ Sale 14: Casque audio - 59.99€
[2025-12-14T06:14:54.879+0000] {logging_mixin.py:190} INFO - ✅ Sale 15: Clavier mecanique - 150.0€
[2025-12-14T06:14:55.081+0000] {logging_mixin.py:190} INFO - ✅ Sale 16: Clavier mecanique - 75.0€
[2025-12-14T06:14:55.283+0000] {logging_mixin.py:190} INFO - ✅ Sale 17: Souris sans fil - 76.5€
[2025-12-14T06:14:55.486+0000] {logging_mixin.py:190} INFO - ✅ Sale 18: Clavier mecanique - 150.0€
[2025-12-14T06:14:55.689+0000] {logging_mixin.py:190} INFO - ✅ Sale 19: Livre Data Science - 39.98€
[2025-12-14T06:14:55.892+0000] {logging_mixin.py:190} INFO - ✅ Sale 20: Souris sans fil - 25.5€
[2025-12-14T06:14:56.094+0000] {logging_mixin.py:190} INFO - ✅ Sale 21: Casque audio - 119.98€
[2025-12-14T06:14:56.297+0000] {logging_mixin.py:190} INFO - ✅ Sale 22: Ordinateur portable - 2699.97€
[2025-12-14T06:14:56.499+0000] {logging_mixin.py:190} INFO - ✅ Sale 23: Casque audio - 179.97€
[2025-12-14T06:14:56.702+0000] {logging_mixin.py:190} INFO - ✅ Sale 24: Ordinateur portable - 2699.97€
[2025-12-14T06:14:56.905+0000] {logging_mixin.py:190} INFO - ✅ Sale 25: Casque audio - 59.99€
[2025-12-14T06:14:57.106+0000] {logging_mixin.py:190} INFO - ✅ Sale 26: Ordinateur portable - 2699.97€
[2025-12-14T06:14:57.309+0000] {logging_mixin.py:190} INFO - ✅ Sale 27: Livre Data Science - 59.97€
[2025-12-14T06:14:57.511+0000] {logging_mixin.py:190} INFO - ✅ Sale 28: Clavier mecanique - 75.0€
[2025-12-14T06:14:57.714+0000] {logging_mixin.py:190} INFO - ✅ Sale 29: Casque audio - 119.98€
[2025-12-14T06:14:57.916+0000] {logging_mixin.py:190} INFO - ✅ Sale 30: Clavier mecanique - 75.0€
[2025-12-14T06:14:58.118+0000] {logging_mixin.py:190} INFO - ✅ Sale 31: Souris sans fil - 25.5€
[2025-12-14T06:14:58.318+0000] {logging_mixin.py:190} INFO - ✅ Sale 32: Casque audio - 59.99€
[2025-12-14T06:14:58.520+0000] {logging_mixin.py:190} INFO - ✅ Sale 33: Casque audio - 179.97€
[2025-12-14T06:14:58.721+0000] {logging_mixin.py:190} INFO - ✅ Sale 34: Ordinateur portable - 1799.98€
[2025-12-14T06:14:58.924+0000] {logging_mixin.py:190} INFO - ✅ Sale 35: Souris sans fil - 51.0€
[2025-12-14T06:14:59.126+0000] {logging_mixin.py:190} INFO - ✅ Sale 36: Casque audio - 179.97€
[2025-12-14T06:14:59.328+0000] {logging_mixin.py:190} INFO - ✅ Sale 37: Clavier mecanique - 75.0€
[2025-12-14T06:14:59.531+0000] {logging_mixin.py:190} INFO - ✅ Sale 38: Souris sans fil - 25.5€
[2025-12-14T06:14:59.911+0000] {logging_mixin.py:190} INFO - ✅ Sale 39: Souris sans fil - 25.5€
[2025-12-14T06:15:00.113+0000] {logging_mixin.py:190} INFO - ✅ Sale 40: Souris sans fil - 76.5€
[2025-12-14T06:15:00.315+0000] {logging_mixin.py:190} INFO - ✅ Sale 41: Ordinateur portable - 899.99€
[2025-12-14T06:15:00.517+0000] {logging_mixin.py:190} INFO - ✅ Sale 42: Casque audio - 59.99€
[2025-12-14T06:15:00.719+0000] {logging_mixin.py:190} INFO - ✅ Sale 43: Ordinateur portable - 899.99€
[2025-12-14T06:15:00.921+0000] {logging_mixin.py:190} INFO - ✅ Sale 44: Casque audio - 119.98€
[2025-12-14T06:15:01.124+0000] {logging_mixin.py:190} INFO - ✅ Sale 45: Ordinateur portable - 1799.98€
[2025-12-14T06:15:01.327+0000] {logging_mixin.py:190} INFO - ✅ Sale 46: Ordinateur portable - 1799.98€
[2025-12-14T06:15:01.529+0000] {logging_mixin.py:190} INFO - ✅ Sale 47: Souris sans fil - 25.5€
[2025-12-14T06:15:01.732+0000] {logging_mixin.py:190} INFO - ✅ Sale 48: Ordinateur portable - 2699.97€
[2025-12-14T06:15:01.934+0000] {logging_mixin.py:190} INFO - ✅ Sale 49: Clavier mecanique - 225.0€
[2025-12-14T06:15:02.136+0000] {logging_mixin.py:190} INFO - ✅ Sale 50: Clavier mecanique - 75.0€
[2025-12-14T06:15:02.338+0000] {kafka.py:629} INFO - <KafkaProducer client_id=kafka-python-producer-1 transactional_id=None>: Closing the Kafka producer with 9223372036.0 secs timeout.
[2025-12-14T06:15:02.339+0000] {conn.py:945} INFO - <BrokerConnection client_id=kafka-python-producer-1, node_id=2 host=broker2:19093 <connected> [IPv4 ('172.18.0.8', 19093)]>: Closing connection. 
[2025-12-14T06:15:02.340+0000] {conn.py:945} INFO - <BrokerConnection client_id=kafka-python-producer-1, node_id=3 host=broker3:19094 <connected> [IPv4 ('172.18.0.5', 19094)]>: Closing connection. 
[2025-12-14T06:15:02.341+0000] {conn.py:945} INFO - <BrokerConnection client_id=kafka-python-producer-1, node_id=1 host=broker1:19092 <connected> [IPv4 ('172.18.0.3', 19092)]>: Closing connection. 
[2025-12-14T06:15:02.342+0000] {logging_mixin.py:190} INFO - ✅ Production completed: 50 sales sent to Kafka topic 'ventes_stream'
[2025-12-14T06:15:02.342+0000] {python.py:240} INFO - Done. Returned value was: None
[2025-12-14T06:15:02.353+0000] {taskinstance.py:341} INFO - ::group::Post task execution logs
[2025-12-14T06:15:02.354+0000] {taskinstance.py:353} INFO - Marking task as SUCCESS. dag_id=unified_sales_pipeline, task_id=produce_sales_data, run_id=manual__2025-12-14T06:14:41.463267+00:00, execution_date=20251214T061441, start_date=20251214T061451, end_date=20251214T061502
[2025-12-14T06:15:02.398+0000] {local_task_job_runner.py:266} INFO - Task exited with return code 0
[2025-12-14T06:15:02.441+0000] {taskinstance.py:3901} INFO - 1 downstream tasks scheduled from follow-on schedule check
[2025-12-14T06:15:02.447+0000] {local_task_job_runner.py:245} INFO - ::endgroup::
