[2025-12-05T23:54:47.630+0000] {processor.py:186} INFO - Started process (PID=57) to work on /opt/airflow/dags/unified_sales_pipeline_dag.py
[2025-12-05T23:54:47.632+0000] {processor.py:914} INFO - Processing file /opt/airflow/dags/unified_sales_pipeline_dag.py for tasks to queue
[2025-12-05T23:54:47.634+0000] {logging_mixin.py:190} INFO - [2025-12-05T23:54:47.634+0000] {dagbag.py:588} INFO - Filling up the DagBag from /opt/airflow/dags/unified_sales_pipeline_dag.py
[2025-12-05T23:54:48.032+0000] {processor.py:925} INFO - DAG(s) 'unified_sales_pipeline' retrieved from /opt/airflow/dags/unified_sales_pipeline_dag.py
[2025-12-05T23:54:48.409+0000] {logging_mixin.py:190} INFO - [2025-12-05T23:54:48.409+0000] {override.py:1912} INFO - Created Permission View: can read on DAG:unified_sales_pipeline
[2025-12-05T23:54:48.421+0000] {logging_mixin.py:190} INFO - [2025-12-05T23:54:48.420+0000] {override.py:1912} INFO - Created Permission View: can delete on DAG:unified_sales_pipeline
[2025-12-05T23:54:48.429+0000] {logging_mixin.py:190} INFO - [2025-12-05T23:54:48.428+0000] {override.py:1912} INFO - Created Permission View: can edit on DAG:unified_sales_pipeline
[2025-12-05T23:54:48.437+0000] {logging_mixin.py:190} INFO - [2025-12-05T23:54:48.436+0000] {override.py:1912} INFO - Created Permission View: can read on DAG Run:unified_sales_pipeline
[2025-12-05T23:54:48.444+0000] {logging_mixin.py:190} INFO - [2025-12-05T23:54:48.444+0000] {override.py:1912} INFO - Created Permission View: can delete on DAG Run:unified_sales_pipeline
[2025-12-05T23:54:48.451+0000] {logging_mixin.py:190} INFO - [2025-12-05T23:54:48.450+0000] {override.py:1912} INFO - Created Permission View: menu access on DAG Run:unified_sales_pipeline
[2025-12-05T23:54:48.457+0000] {logging_mixin.py:190} INFO - [2025-12-05T23:54:48.457+0000] {override.py:1912} INFO - Created Permission View: can create on DAG Run:unified_sales_pipeline
[2025-12-05T23:54:48.458+0000] {logging_mixin.py:190} INFO - [2025-12-05T23:54:48.457+0000] {dag.py:3239} INFO - Sync 1 DAGs
[2025-12-05T23:54:48.469+0000] {logging_mixin.py:190} INFO - [2025-12-05T23:54:48.469+0000] {dag.py:3262} INFO - Creating ORM DAG for unified_sales_pipeline
[2025-12-05T23:54:48.471+0000] {logging_mixin.py:190} INFO - [2025-12-05T23:54:48.471+0000] {dag.py:4180} INFO - Setting next_dagrun for unified_sales_pipeline to None, run_after=None
[2025-12-05T23:54:48.501+0000] {processor.py:208} INFO - Processing /opt/airflow/dags/unified_sales_pipeline_dag.py took 0.880 seconds
[2025-12-05T23:55:18.753+0000] {processor.py:186} INFO - Started process (PID=65) to work on /opt/airflow/dags/unified_sales_pipeline_dag.py
[2025-12-05T23:55:18.754+0000] {processor.py:914} INFO - Processing file /opt/airflow/dags/unified_sales_pipeline_dag.py for tasks to queue
[2025-12-05T23:55:18.757+0000] {logging_mixin.py:190} INFO - [2025-12-05T23:55:18.756+0000] {dagbag.py:588} INFO - Filling up the DagBag from /opt/airflow/dags/unified_sales_pipeline_dag.py
[2025-12-05T23:55:18.886+0000] {processor.py:925} INFO - DAG(s) 'unified_sales_pipeline' retrieved from /opt/airflow/dags/unified_sales_pipeline_dag.py
[2025-12-05T23:55:18.910+0000] {logging_mixin.py:190} INFO - [2025-12-05T23:55:18.910+0000] {dag.py:3239} INFO - Sync 1 DAGs
[2025-12-05T23:55:18.926+0000] {logging_mixin.py:190} INFO - [2025-12-05T23:55:18.925+0000] {dag.py:4180} INFO - Setting next_dagrun for unified_sales_pipeline to None, run_after=None
[2025-12-05T23:55:19.064+0000] {processor.py:208} INFO - Processing /opt/airflow/dags/unified_sales_pipeline_dag.py took 0.315 seconds
[2025-12-05T23:55:49.122+0000] {processor.py:186} INFO - Started process (PID=73) to work on /opt/airflow/dags/unified_sales_pipeline_dag.py
[2025-12-05T23:55:49.123+0000] {processor.py:914} INFO - Processing file /opt/airflow/dags/unified_sales_pipeline_dag.py for tasks to queue
[2025-12-05T23:55:49.125+0000] {logging_mixin.py:190} INFO - [2025-12-05T23:55:49.125+0000] {dagbag.py:588} INFO - Filling up the DagBag from /opt/airflow/dags/unified_sales_pipeline_dag.py
[2025-12-05T23:55:49.257+0000] {processor.py:925} INFO - DAG(s) 'unified_sales_pipeline' retrieved from /opt/airflow/dags/unified_sales_pipeline_dag.py
[2025-12-05T23:55:49.286+0000] {logging_mixin.py:190} INFO - [2025-12-05T23:55:49.286+0000] {dag.py:3239} INFO - Sync 1 DAGs
[2025-12-05T23:55:49.436+0000] {logging_mixin.py:190} INFO - [2025-12-05T23:55:49.436+0000] {dag.py:4180} INFO - Setting next_dagrun for unified_sales_pipeline to None, run_after=None
[2025-12-05T23:55:49.454+0000] {processor.py:208} INFO - Processing /opt/airflow/dags/unified_sales_pipeline_dag.py took 0.340 seconds
[2025-12-05T23:56:19.574+0000] {processor.py:186} INFO - Started process (PID=81) to work on /opt/airflow/dags/unified_sales_pipeline_dag.py
[2025-12-05T23:56:19.575+0000] {processor.py:914} INFO - Processing file /opt/airflow/dags/unified_sales_pipeline_dag.py for tasks to queue
[2025-12-05T23:56:19.577+0000] {logging_mixin.py:190} INFO - [2025-12-05T23:56:19.576+0000] {dagbag.py:588} INFO - Filling up the DagBag from /opt/airflow/dags/unified_sales_pipeline_dag.py
[2025-12-05T23:56:19.702+0000] {processor.py:925} INFO - DAG(s) 'unified_sales_pipeline' retrieved from /opt/airflow/dags/unified_sales_pipeline_dag.py
[2025-12-05T23:56:19.832+0000] {logging_mixin.py:190} INFO - [2025-12-05T23:56:19.831+0000] {dag.py:3239} INFO - Sync 1 DAGs
[2025-12-05T23:56:19.841+0000] {logging_mixin.py:190} INFO - [2025-12-05T23:56:19.841+0000] {dag.py:4180} INFO - Setting next_dagrun for unified_sales_pipeline to None, run_after=None
[2025-12-05T23:56:19.864+0000] {processor.py:208} INFO - Processing /opt/airflow/dags/unified_sales_pipeline_dag.py took 0.295 seconds
[2025-12-05T23:57:38.303+0000] {processor.py:186} INFO - Started process (PID=58) to work on /opt/airflow/dags/unified_sales_pipeline_dag.py
[2025-12-05T23:57:38.304+0000] {processor.py:914} INFO - Processing file /opt/airflow/dags/unified_sales_pipeline_dag.py for tasks to queue
[2025-12-05T23:57:38.306+0000] {logging_mixin.py:190} INFO - [2025-12-05T23:57:38.306+0000] {dagbag.py:588} INFO - Filling up the DagBag from /opt/airflow/dags/unified_sales_pipeline_dag.py
[2025-12-05T23:57:38.671+0000] {processor.py:925} INFO - DAG(s) 'unified_sales_pipeline' retrieved from /opt/airflow/dags/unified_sales_pipeline_dag.py
[2025-12-05T23:57:38.991+0000] {logging_mixin.py:190} INFO - [2025-12-05T23:57:38.990+0000] {override.py:1912} INFO - Created Permission View: can edit on DAG:unified_sales_pipeline
[2025-12-05T23:57:39.002+0000] {logging_mixin.py:190} INFO - [2025-12-05T23:57:39.001+0000] {override.py:1912} INFO - Created Permission View: can delete on DAG:unified_sales_pipeline
[2025-12-05T23:57:39.011+0000] {logging_mixin.py:190} INFO - [2025-12-05T23:57:39.011+0000] {override.py:1912} INFO - Created Permission View: can read on DAG:unified_sales_pipeline
[2025-12-05T23:57:39.028+0000] {logging_mixin.py:190} INFO - [2025-12-05T23:57:39.028+0000] {override.py:1912} INFO - Created Permission View: menu access on DAG Run:unified_sales_pipeline
[2025-12-05T23:57:39.046+0000] {logging_mixin.py:190} INFO - [2025-12-05T23:57:39.044+0000] {override.py:1912} INFO - Created Permission View: can delete on DAG Run:unified_sales_pipeline
[2025-12-05T23:57:39.061+0000] {logging_mixin.py:190} INFO - [2025-12-05T23:57:39.061+0000] {override.py:1912} INFO - Created Permission View: can create on DAG Run:unified_sales_pipeline
[2025-12-05T23:57:39.073+0000] {logging_mixin.py:190} INFO - [2025-12-05T23:57:39.072+0000] {override.py:1912} INFO - Created Permission View: can read on DAG Run:unified_sales_pipeline
[2025-12-05T23:57:39.074+0000] {logging_mixin.py:190} INFO - [2025-12-05T23:57:39.074+0000] {dag.py:3239} INFO - Sync 1 DAGs
[2025-12-05T23:57:39.086+0000] {logging_mixin.py:190} INFO - [2025-12-05T23:57:39.086+0000] {dag.py:3262} INFO - Creating ORM DAG for unified_sales_pipeline
[2025-12-05T23:57:39.088+0000] {logging_mixin.py:190} INFO - [2025-12-05T23:57:39.087+0000] {dag.py:4180} INFO - Setting next_dagrun for unified_sales_pipeline to None, run_after=None
[2025-12-05T23:57:39.115+0000] {processor.py:208} INFO - Processing /opt/airflow/dags/unified_sales_pipeline_dag.py took 0.818 seconds
[2025-12-05T23:58:09.419+0000] {processor.py:186} INFO - Started process (PID=66) to work on /opt/airflow/dags/unified_sales_pipeline_dag.py
[2025-12-05T23:58:09.420+0000] {processor.py:914} INFO - Processing file /opt/airflow/dags/unified_sales_pipeline_dag.py for tasks to queue
[2025-12-05T23:58:09.423+0000] {logging_mixin.py:190} INFO - [2025-12-05T23:58:09.422+0000] {dagbag.py:588} INFO - Filling up the DagBag from /opt/airflow/dags/unified_sales_pipeline_dag.py
[2025-12-05T23:58:09.564+0000] {processor.py:925} INFO - DAG(s) 'unified_sales_pipeline' retrieved from /opt/airflow/dags/unified_sales_pipeline_dag.py
[2025-12-05T23:58:09.590+0000] {logging_mixin.py:190} INFO - [2025-12-05T23:58:09.590+0000] {dag.py:3239} INFO - Sync 1 DAGs
[2025-12-05T23:58:09.608+0000] {logging_mixin.py:190} INFO - [2025-12-05T23:58:09.608+0000] {dag.py:4180} INFO - Setting next_dagrun for unified_sales_pipeline to None, run_after=None
[2025-12-05T23:58:09.756+0000] {processor.py:208} INFO - Processing /opt/airflow/dags/unified_sales_pipeline_dag.py took 0.343 seconds
[2025-12-05T23:58:40.029+0000] {processor.py:186} INFO - Started process (PID=74) to work on /opt/airflow/dags/unified_sales_pipeline_dag.py
[2025-12-05T23:58:40.031+0000] {processor.py:914} INFO - Processing file /opt/airflow/dags/unified_sales_pipeline_dag.py for tasks to queue
[2025-12-05T23:58:40.033+0000] {logging_mixin.py:190} INFO - [2025-12-05T23:58:40.032+0000] {dagbag.py:588} INFO - Filling up the DagBag from /opt/airflow/dags/unified_sales_pipeline_dag.py
[2025-12-05T23:58:40.152+0000] {processor.py:925} INFO - DAG(s) 'unified_sales_pipeline' retrieved from /opt/airflow/dags/unified_sales_pipeline_dag.py
[2025-12-05T23:58:40.182+0000] {logging_mixin.py:190} INFO - [2025-12-05T23:58:40.182+0000] {dag.py:3239} INFO - Sync 1 DAGs
[2025-12-05T23:58:40.297+0000] {logging_mixin.py:190} INFO - [2025-12-05T23:58:40.296+0000] {dag.py:4180} INFO - Setting next_dagrun for unified_sales_pipeline to None, run_after=None
[2025-12-05T23:58:40.312+0000] {processor.py:208} INFO - Processing /opt/airflow/dags/unified_sales_pipeline_dag.py took 0.287 seconds
[2025-12-05T23:59:10.563+0000] {processor.py:186} INFO - Started process (PID=82) to work on /opt/airflow/dags/unified_sales_pipeline_dag.py
[2025-12-05T23:59:10.564+0000] {processor.py:914} INFO - Processing file /opt/airflow/dags/unified_sales_pipeline_dag.py for tasks to queue
[2025-12-05T23:59:10.566+0000] {logging_mixin.py:190} INFO - [2025-12-05T23:59:10.565+0000] {dagbag.py:588} INFO - Filling up the DagBag from /opt/airflow/dags/unified_sales_pipeline_dag.py
[2025-12-05T23:59:10.694+0000] {processor.py:925} INFO - DAG(s) 'unified_sales_pipeline' retrieved from /opt/airflow/dags/unified_sales_pipeline_dag.py
[2025-12-05T23:59:10.833+0000] {logging_mixin.py:190} INFO - [2025-12-05T23:59:10.833+0000] {dag.py:3239} INFO - Sync 1 DAGs
[2025-12-05T23:59:10.844+0000] {logging_mixin.py:190} INFO - [2025-12-05T23:59:10.844+0000] {dag.py:4180} INFO - Setting next_dagrun for unified_sales_pipeline to None, run_after=None
[2025-12-05T23:59:10.864+0000] {processor.py:208} INFO - Processing /opt/airflow/dags/unified_sales_pipeline_dag.py took 0.306 seconds
[2025-12-05T23:59:41.136+0000] {processor.py:186} INFO - Started process (PID=91) to work on /opt/airflow/dags/unified_sales_pipeline_dag.py
[2025-12-05T23:59:41.137+0000] {processor.py:914} INFO - Processing file /opt/airflow/dags/unified_sales_pipeline_dag.py for tasks to queue
[2025-12-05T23:59:41.141+0000] {logging_mixin.py:190} INFO - [2025-12-05T23:59:41.140+0000] {dagbag.py:588} INFO - Filling up the DagBag from /opt/airflow/dags/unified_sales_pipeline_dag.py
[2025-12-05T23:59:41.375+0000] {processor.py:925} INFO - DAG(s) 'unified_sales_pipeline' retrieved from /opt/airflow/dags/unified_sales_pipeline_dag.py
[2025-12-05T23:59:41.397+0000] {logging_mixin.py:190} INFO - [2025-12-05T23:59:41.396+0000] {dag.py:3239} INFO - Sync 1 DAGs
[2025-12-05T23:59:41.409+0000] {logging_mixin.py:190} INFO - [2025-12-05T23:59:41.408+0000] {dag.py:4180} INFO - Setting next_dagrun for unified_sales_pipeline to None, run_after=None
[2025-12-05T23:59:41.427+0000] {processor.py:208} INFO - Processing /opt/airflow/dags/unified_sales_pipeline_dag.py took 0.298 seconds
