[2025-12-16T02:21:21.196+0000] {local_task_job_runner.py:123} INFO - ::group::Pre task execution logs
[2025-12-16T02:21:21.216+0000] {taskinstance.py:2614} INFO - Dependencies all met for dep_context=non-requeueable deps ti=<TaskInstance: unified_sales_pipeline.produce_sales_data manual__2025-12-16T02:21:17.859615+00:00 [queued]>
[2025-12-16T02:21:21.225+0000] {taskinstance.py:2614} INFO - Dependencies all met for dep_context=requeueable deps ti=<TaskInstance: unified_sales_pipeline.produce_sales_data manual__2025-12-16T02:21:17.859615+00:00 [queued]>
[2025-12-16T02:21:21.226+0000] {taskinstance.py:2867} INFO - Starting attempt 1 of 2
[2025-12-16T02:21:21.238+0000] {taskinstance.py:2890} INFO - Executing <Task(PythonOperator): produce_sales_data> on 2025-12-16 02:21:17.859615+00:00
[2025-12-16T02:21:21.247+0000] {standard_task_runner.py:104} INFO - Running: ['***', 'tasks', 'run', 'unified_sales_pipeline', 'produce_sales_data', 'manual__2025-12-16T02:21:17.859615+00:00', '--job-id', '47', '--raw', '--subdir', 'DAGS_FOLDER/unified_sales_pipeline_dag.py', '--cfg-path', '/tmp/tmpingup0oi']
[2025-12-16T02:21:21.246+0000] {warnings.py:112} WARNING - /home/***/.local/lib/python3.12/site-packages/***/task/task_runner/standard_task_runner.py:70: DeprecationWarning: This process (pid=492) is multi-threaded, use of fork() may lead to deadlocks in the child.
  pid = os.fork()

[2025-12-16T02:21:21.249+0000] {standard_task_runner.py:105} INFO - Job 47: Subtask produce_sales_data
[2025-12-16T02:21:21.249+0000] {standard_task_runner.py:72} INFO - Started process 493 to run task
[2025-12-16T02:21:21.291+0000] {task_command.py:467} INFO - Running <TaskInstance: unified_sales_pipeline.produce_sales_data manual__2025-12-16T02:21:17.859615+00:00 [running]> on host 4d0049057698
[2025-12-16T02:21:21.375+0000] {taskinstance.py:3134} INFO - Exporting env vars: AIRFLOW_CTX_DAG_OWNER='***' AIRFLOW_CTX_DAG_ID='unified_sales_pipeline' AIRFLOW_CTX_TASK_ID='produce_sales_data' AIRFLOW_CTX_EXECUTION_DATE='2025-12-16T02:21:17.859615+00:00' AIRFLOW_CTX_TRY_NUMBER='1' AIRFLOW_CTX_DAG_RUN_ID='manual__2025-12-16T02:21:17.859615+00:00'
[2025-12-16T02:21:21.376+0000] {taskinstance.py:732} INFO - ::endgroup::
[2025-12-16T02:21:21.392+0000] {conn.py:396} INFO - <BrokerConnection client_id=kafka-python-producer-1, node_id=bootstrap-1 host=broker1:19092 <connecting> [IPv4 ('172.18.0.4', 19092)]>: connecting to broker1:19092 [('172.18.0.4', 19092) IPv4]
[2025-12-16T02:21:21.398+0000] {conn.py:618} INFO - <BrokerConnection client_id=kafka-python-producer-1, node_id=bootstrap-1 host=broker1:19092 <checking_api_versions_recv> [IPv4 ('172.18.0.4', 19092)]>: Broker version identified as 2.6
[2025-12-16T02:21:21.399+0000] {conn.py:457} INFO - <BrokerConnection client_id=kafka-python-producer-1, node_id=bootstrap-1 host=broker1:19092 <connected> [IPv4 ('172.18.0.4', 19092)]>: Connection complete.
[2025-12-16T02:21:21.402+0000] {logging_mixin.py:190} INFO - 🚀 Starting Kafka producer...
[2025-12-16T02:21:21.504+0000] {conn.py:396} INFO - <BrokerConnection client_id=kafka-python-producer-1, node_id=2 host=broker2:19093 <connecting> [IPv4 ('172.18.0.5', 19093)]>: connecting to broker2:19093 [('172.18.0.5', 19093) IPv4]
[2025-12-16T02:21:21.505+0000] {conn.py:457} INFO - <BrokerConnection client_id=kafka-python-producer-1, node_id=2 host=broker2:19093 <connected> [IPv4 ('172.18.0.5', 19093)]>: Connection complete.
[2025-12-16T02:21:21.506+0000] {conn.py:945} INFO - <BrokerConnection client_id=kafka-python-producer-1, node_id=bootstrap-1 host=broker1:19092 <connected> [IPv4 ('172.18.0.4', 19092)]>: Closing connection. 
[2025-12-16T02:21:21.508+0000] {logging_mixin.py:190} INFO - ✅ Sale 1: Ordinateur portable - 2699.97€
[2025-12-16T02:21:21.710+0000] {logging_mixin.py:190} INFO - ✅ Sale 2: Ordinateur portable - 2699.97€
[2025-12-16T02:21:21.711+0000] {conn.py:396} INFO - <BrokerConnection client_id=kafka-python-producer-1, node_id=3 host=broker3:19094 <connecting> [IPv4 ('172.18.0.7', 19094)]>: connecting to broker3:19094 [('172.18.0.7', 19094) IPv4]
[2025-12-16T02:21:21.712+0000] {conn.py:457} INFO - <BrokerConnection client_id=kafka-python-producer-1, node_id=3 host=broker3:19094 <connected> [IPv4 ('172.18.0.7', 19094)]>: Connection complete.
[2025-12-16T02:21:21.912+0000] {logging_mixin.py:190} INFO - ✅ Sale 3: Casque audio - 119.98€
[2025-12-16T02:21:22.113+0000] {logging_mixin.py:190} INFO - ✅ Sale 4: Ordinateur portable - 2699.97€
[2025-12-16T02:21:22.315+0000] {logging_mixin.py:190} INFO - ✅ Sale 5: Livre Data Science - 19.99€
[2025-12-16T02:21:22.518+0000] {logging_mixin.py:190} INFO - ✅ Sale 6: Livre Data Science - 39.98€
[2025-12-16T02:21:22.720+0000] {logging_mixin.py:190} INFO - ✅ Sale 7: Livre Data Science - 39.98€
[2025-12-16T02:21:22.722+0000] {conn.py:396} INFO - <BrokerConnection client_id=kafka-python-producer-1, node_id=1 host=broker1:19092 <connecting> [IPv4 ('172.18.0.4', 19092)]>: connecting to broker1:19092 [('172.18.0.4', 19092) IPv4]
[2025-12-16T02:21:22.723+0000] {conn.py:457} INFO - <BrokerConnection client_id=kafka-python-producer-1, node_id=1 host=broker1:19092 <connected> [IPv4 ('172.18.0.4', 19092)]>: Connection complete.
[2025-12-16T02:21:22.923+0000] {logging_mixin.py:190} INFO - ✅ Sale 8: Livre Data Science - 19.99€
[2025-12-16T02:21:23.124+0000] {logging_mixin.py:190} INFO - ✅ Sale 9: Ordinateur portable - 1799.98€
[2025-12-16T02:21:23.327+0000] {logging_mixin.py:190} INFO - ✅ Sale 10: Souris sans fil - 25.5€
[2025-12-16T02:21:23.530+0000] {logging_mixin.py:190} INFO - ✅ Sale 11: Clavier mecanique - 75.0€
[2025-12-16T02:21:23.731+0000] {logging_mixin.py:190} INFO - ✅ Sale 12: Livre Data Science - 59.97€
[2025-12-16T02:21:23.934+0000] {logging_mixin.py:190} INFO - ✅ Sale 13: Ordinateur portable - 899.99€
[2025-12-16T02:21:24.135+0000] {logging_mixin.py:190} INFO - ✅ Sale 14: Casque audio - 59.99€
[2025-12-16T02:21:24.337+0000] {logging_mixin.py:190} INFO - ✅ Sale 15: Souris sans fil - 25.5€
[2025-12-16T02:21:24.539+0000] {logging_mixin.py:190} INFO - ✅ Sale 16: Clavier mecanique - 75.0€
[2025-12-16T02:21:24.740+0000] {logging_mixin.py:190} INFO - ✅ Sale 17: Livre Data Science - 39.98€
[2025-12-16T02:21:24.942+0000] {logging_mixin.py:190} INFO - ✅ Sale 18: Livre Data Science - 59.97€
[2025-12-16T02:21:25.144+0000] {logging_mixin.py:190} INFO - ✅ Sale 19: Clavier mecanique - 150.0€
[2025-12-16T02:21:25.345+0000] {logging_mixin.py:190} INFO - ✅ Sale 20: Casque audio - 119.98€
[2025-12-16T02:21:25.547+0000] {logging_mixin.py:190} INFO - ✅ Sale 21: Clavier mecanique - 150.0€
[2025-12-16T02:21:25.750+0000] {logging_mixin.py:190} INFO - ✅ Sale 22: Ordinateur portable - 2699.97€
[2025-12-16T02:21:25.951+0000] {logging_mixin.py:190} INFO - ✅ Sale 23: Livre Data Science - 19.99€
[2025-12-16T02:21:26.153+0000] {logging_mixin.py:190} INFO - ✅ Sale 24: Clavier mecanique - 225.0€
[2025-12-16T02:21:26.355+0000] {logging_mixin.py:190} INFO - ✅ Sale 25: Livre Data Science - 19.99€
[2025-12-16T02:21:26.557+0000] {logging_mixin.py:190} INFO - ✅ Sale 26: Clavier mecanique - 75.0€
[2025-12-16T02:21:26.758+0000] {logging_mixin.py:190} INFO - ✅ Sale 27: Livre Data Science - 59.97€
[2025-12-16T02:21:26.959+0000] {logging_mixin.py:190} INFO - ✅ Sale 28: Souris sans fil - 25.5€
[2025-12-16T02:21:27.161+0000] {logging_mixin.py:190} INFO - ✅ Sale 29: Livre Data Science - 19.99€
[2025-12-16T02:21:27.363+0000] {logging_mixin.py:190} INFO - ✅ Sale 30: Souris sans fil - 51.0€
[2025-12-16T02:21:27.565+0000] {logging_mixin.py:190} INFO - ✅ Sale 31: Ordinateur portable - 899.99€
[2025-12-16T02:21:27.766+0000] {logging_mixin.py:190} INFO - ✅ Sale 32: Souris sans fil - 76.5€
[2025-12-16T02:21:27.968+0000] {logging_mixin.py:190} INFO - ✅ Sale 33: Casque audio - 179.97€
[2025-12-16T02:21:28.170+0000] {logging_mixin.py:190} INFO - ✅ Sale 34: Souris sans fil - 76.5€
[2025-12-16T02:21:28.371+0000] {logging_mixin.py:190} INFO - ✅ Sale 35: Livre Data Science - 39.98€
[2025-12-16T02:21:28.572+0000] {logging_mixin.py:190} INFO - ✅ Sale 36: Livre Data Science - 19.99€
[2025-12-16T02:21:28.774+0000] {logging_mixin.py:190} INFO - ✅ Sale 37: Souris sans fil - 76.5€
[2025-12-16T02:21:28.977+0000] {logging_mixin.py:190} INFO - ✅ Sale 38: Ordinateur portable - 899.99€
[2025-12-16T02:21:29.180+0000] {logging_mixin.py:190} INFO - ✅ Sale 39: Souris sans fil - 25.5€
[2025-12-16T02:21:29.381+0000] {logging_mixin.py:190} INFO - ✅ Sale 40: Clavier mecanique - 225.0€
[2025-12-16T02:21:29.583+0000] {logging_mixin.py:190} INFO - ✅ Sale 41: Casque audio - 119.98€
[2025-12-16T02:21:29.784+0000] {logging_mixin.py:190} INFO - ✅ Sale 42: Ordinateur portable - 1799.98€
[2025-12-16T02:21:29.986+0000] {logging_mixin.py:190} INFO - ✅ Sale 43: Livre Data Science - 59.97€
[2025-12-16T02:21:30.188+0000] {logging_mixin.py:190} INFO - ✅ Sale 44: Casque audio - 119.98€
[2025-12-16T02:21:30.389+0000] {logging_mixin.py:190} INFO - ✅ Sale 45: Ordinateur portable - 899.99€
[2025-12-16T02:21:30.591+0000] {logging_mixin.py:190} INFO - ✅ Sale 46: Livre Data Science - 19.99€
[2025-12-16T02:21:30.792+0000] {logging_mixin.py:190} INFO - ✅ Sale 47: Casque audio - 119.98€
[2025-12-16T02:21:30.994+0000] {logging_mixin.py:190} INFO - ✅ Sale 48: Livre Data Science - 59.97€
[2025-12-16T02:21:31.195+0000] {logging_mixin.py:190} INFO - ✅ Sale 49: Livre Data Science - 39.98€
[2025-12-16T02:21:31.397+0000] {logging_mixin.py:190} INFO - ✅ Sale 50: Livre Data Science - 19.99€
[2025-12-16T02:21:31.599+0000] {kafka.py:629} INFO - <KafkaProducer client_id=kafka-python-producer-1 transactional_id=None>: Closing the Kafka producer with 9223372036.0 secs timeout.
[2025-12-16T02:21:31.600+0000] {conn.py:945} INFO - <BrokerConnection client_id=kafka-python-producer-1, node_id=2 host=broker2:19093 <connected> [IPv4 ('172.18.0.5', 19093)]>: Closing connection. 
[2025-12-16T02:21:31.601+0000] {conn.py:945} INFO - <BrokerConnection client_id=kafka-python-producer-1, node_id=3 host=broker3:19094 <connected> [IPv4 ('172.18.0.7', 19094)]>: Closing connection. 
[2025-12-16T02:21:31.602+0000] {conn.py:945} INFO - <BrokerConnection client_id=kafka-python-producer-1, node_id=1 host=broker1:19092 <connected> [IPv4 ('172.18.0.4', 19092)]>: Closing connection. 
[2025-12-16T02:21:31.603+0000] {logging_mixin.py:190} INFO - ✅ Production completed: 50 sales sent to Kafka topic 'ventes_stream'
[2025-12-16T02:21:31.604+0000] {python.py:240} INFO - Done. Returned value was: None
[2025-12-16T02:21:31.616+0000] {taskinstance.py:341} INFO - ::group::Post task execution logs
[2025-12-16T02:21:31.617+0000] {taskinstance.py:353} INFO - Marking task as SUCCESS. dag_id=unified_sales_pipeline, task_id=produce_sales_data, run_id=manual__2025-12-16T02:21:17.859615+00:00, execution_date=20251216T022117, start_date=20251216T022121, end_date=20251216T022131
[2025-12-16T02:21:31.688+0000] {local_task_job_runner.py:266} INFO - Task exited with return code 0
[2025-12-16T02:21:31.717+0000] {taskinstance.py:3901} INFO - 1 downstream tasks scheduled from follow-on schedule check
[2025-12-16T02:21:31.721+0000] {local_task_job_runner.py:245} INFO - ::endgroup::
