[2025-12-14T06:58:44.352+0000] {local_task_job_runner.py:123} INFO - ::group::Pre task execution logs
[2025-12-14T06:58:44.368+0000] {taskinstance.py:2614} INFO - Dependencies all met for dep_context=non-requeueable deps ti=<TaskInstance: unified_sales_pipeline.produce_sales_data manual__2025-12-14T06:56:08.403314+00:00 [queued]>
[2025-12-14T06:58:44.376+0000] {taskinstance.py:2614} INFO - Dependencies all met for dep_context=requeueable deps ti=<TaskInstance: unified_sales_pipeline.produce_sales_data manual__2025-12-14T06:56:08.403314+00:00 [queued]>
[2025-12-14T06:58:44.377+0000] {taskinstance.py:2867} INFO - Starting attempt 1 of 2
[2025-12-14T06:58:44.389+0000] {taskinstance.py:2890} INFO - Executing <Task(PythonOperator): produce_sales_data> on 2025-12-14 06:56:08.403314+00:00
[2025-12-14T06:58:44.396+0000] {warnings.py:112} WARNING - /home/***/.local/lib/python3.12/site-packages/***/task/task_runner/standard_task_runner.py:70: DeprecationWarning: This process (pid=1432) is multi-threaded, use of fork() may lead to deadlocks in the child.
  pid = os.fork()

[2025-12-14T06:58:44.398+0000] {standard_task_runner.py:72} INFO - Started process 1433 to run task
[2025-12-14T06:58:44.398+0000] {standard_task_runner.py:104} INFO - Running: ['***', 'tasks', 'run', 'unified_sales_pipeline', 'produce_sales_data', 'manual__2025-12-14T06:56:08.403314+00:00', '--job-id', '58', '--raw', '--subdir', 'DAGS_FOLDER/unified_sales_pipeline_dag.py', '--cfg-path', '/tmp/tmph43lc90c']
[2025-12-14T06:58:44.399+0000] {standard_task_runner.py:105} INFO - Job 58: Subtask produce_sales_data
[2025-12-14T06:58:44.445+0000] {task_command.py:467} INFO - Running <TaskInstance: unified_sales_pipeline.produce_sales_data manual__2025-12-14T06:56:08.403314+00:00 [running]> on host ac4bc61bdcd0
[2025-12-14T06:58:44.524+0000] {taskinstance.py:3134} INFO - Exporting env vars: AIRFLOW_CTX_DAG_OWNER='***' AIRFLOW_CTX_DAG_ID='unified_sales_pipeline' AIRFLOW_CTX_TASK_ID='produce_sales_data' AIRFLOW_CTX_EXECUTION_DATE='2025-12-14T06:56:08.403314+00:00' AIRFLOW_CTX_TRY_NUMBER='1' AIRFLOW_CTX_DAG_RUN_ID='manual__2025-12-14T06:56:08.403314+00:00'
[2025-12-14T06:58:44.525+0000] {taskinstance.py:732} INFO - ::endgroup::
[2025-12-14T06:58:44.538+0000] {conn.py:396} INFO - <BrokerConnection client_id=kafka-python-producer-1, node_id=bootstrap-0 host=broker2:19093 <connecting> [IPv4 ('172.18.0.8', 19093)]>: connecting to broker2:19093 [('172.18.0.8', 19093) IPv4]
[2025-12-14T06:58:44.542+0000] {conn.py:618} INFO - <BrokerConnection client_id=kafka-python-producer-1, node_id=bootstrap-0 host=broker2:19093 <checking_api_versions_recv> [IPv4 ('172.18.0.8', 19093)]>: Broker version identified as 2.6
[2025-12-14T06:58:44.543+0000] {conn.py:457} INFO - <BrokerConnection client_id=kafka-python-producer-1, node_id=bootstrap-0 host=broker2:19093 <connected> [IPv4 ('172.18.0.8', 19093)]>: Connection complete.
[2025-12-14T06:58:44.546+0000] {logging_mixin.py:190} INFO - 🚀 Starting Kafka producer...
[2025-12-14T06:58:44.648+0000] {conn.py:396} INFO - <BrokerConnection client_id=kafka-python-producer-1, node_id=3 host=broker3:19094 <connecting> [IPv4 ('172.18.0.5', 19094)]>: connecting to broker3:19094 [('172.18.0.5', 19094) IPv4]
[2025-12-14T06:58:44.649+0000] {conn.py:457} INFO - <BrokerConnection client_id=kafka-python-producer-1, node_id=3 host=broker3:19094 <connected> [IPv4 ('172.18.0.5', 19094)]>: Connection complete.
[2025-12-14T06:58:44.649+0000] {conn.py:945} INFO - <BrokerConnection client_id=kafka-python-producer-1, node_id=bootstrap-0 host=broker2:19093 <connected> [IPv4 ('172.18.0.8', 19093)]>: Closing connection. 
[2025-12-14T06:58:44.652+0000] {logging_mixin.py:190} INFO - ✅ Sale 1: Clavier mecanique - 225.0€
[2025-12-14T06:58:44.653+0000] {conn.py:396} INFO - <BrokerConnection client_id=kafka-python-producer-1, node_id=1 host=broker1:19092 <connecting> [IPv4 ('172.18.0.3', 19092)]>: connecting to broker1:19092 [('172.18.0.3', 19092) IPv4]
[2025-12-14T06:58:44.654+0000] {conn.py:457} INFO - <BrokerConnection client_id=kafka-python-producer-1, node_id=1 host=broker1:19092 <connected> [IPv4 ('172.18.0.3', 19092)]>: Connection complete.
[2025-12-14T06:58:44.854+0000] {logging_mixin.py:190} INFO - ✅ Sale 2: Casque audio - 119.98€
[2025-12-14T06:58:44.855+0000] {conn.py:396} INFO - <BrokerConnection client_id=kafka-python-producer-1, node_id=2 host=broker2:19093 <connecting> [IPv4 ('172.18.0.8', 19093)]>: connecting to broker2:19093 [('172.18.0.8', 19093) IPv4]
[2025-12-14T06:58:44.855+0000] {conn.py:457} INFO - <BrokerConnection client_id=kafka-python-producer-1, node_id=2 host=broker2:19093 <connected> [IPv4 ('172.18.0.8', 19093)]>: Connection complete.
[2025-12-14T06:58:45.056+0000] {logging_mixin.py:190} INFO - ✅ Sale 3: Clavier mecanique - 75.0€
[2025-12-14T06:58:45.257+0000] {logging_mixin.py:190} INFO - ✅ Sale 4: Livre Data Science - 39.98€
[2025-12-14T06:58:45.459+0000] {logging_mixin.py:190} INFO - ✅ Sale 5: Casque audio - 119.98€
[2025-12-14T06:58:45.661+0000] {logging_mixin.py:190} INFO - ✅ Sale 6: Clavier mecanique - 225.0€
[2025-12-14T06:58:45.862+0000] {logging_mixin.py:190} INFO - ✅ Sale 7: Souris sans fil - 76.5€
[2025-12-14T06:58:46.064+0000] {logging_mixin.py:190} INFO - ✅ Sale 8: Ordinateur portable - 2699.97€
[2025-12-14T06:58:46.265+0000] {logging_mixin.py:190} INFO - ✅ Sale 9: Clavier mecanique - 225.0€
[2025-12-14T06:58:46.467+0000] {logging_mixin.py:190} INFO - ✅ Sale 10: Clavier mecanique - 150.0€
[2025-12-14T06:58:46.669+0000] {logging_mixin.py:190} INFO - ✅ Sale 11: Livre Data Science - 19.99€
[2025-12-14T06:58:46.870+0000] {logging_mixin.py:190} INFO - ✅ Sale 12: Ordinateur portable - 899.99€
[2025-12-14T06:58:47.072+0000] {logging_mixin.py:190} INFO - ✅ Sale 13: Clavier mecanique - 75.0€
[2025-12-14T06:58:47.273+0000] {logging_mixin.py:190} INFO - ✅ Sale 14: Ordinateur portable - 2699.97€
[2025-12-14T06:58:47.474+0000] {logging_mixin.py:190} INFO - ✅ Sale 15: Ordinateur portable - 2699.97€
[2025-12-14T06:58:47.676+0000] {logging_mixin.py:190} INFO - ✅ Sale 16: Casque audio - 179.97€
[2025-12-14T06:58:47.878+0000] {logging_mixin.py:190} INFO - ✅ Sale 17: Casque audio - 179.97€
[2025-12-14T06:58:48.080+0000] {logging_mixin.py:190} INFO - ✅ Sale 18: Souris sans fil - 76.5€
[2025-12-14T06:58:48.281+0000] {logging_mixin.py:190} INFO - ✅ Sale 19: Souris sans fil - 76.5€
[2025-12-14T06:58:48.483+0000] {logging_mixin.py:190} INFO - ✅ Sale 20: Casque audio - 179.97€
[2025-12-14T06:58:48.684+0000] {logging_mixin.py:190} INFO - ✅ Sale 21: Souris sans fil - 76.5€
[2025-12-14T06:58:48.886+0000] {logging_mixin.py:190} INFO - ✅ Sale 22: Clavier mecanique - 150.0€
[2025-12-14T06:58:49.088+0000] {logging_mixin.py:190} INFO - ✅ Sale 23: Ordinateur portable - 2699.97€
[2025-12-14T06:58:49.290+0000] {logging_mixin.py:190} INFO - ✅ Sale 24: Ordinateur portable - 899.99€
[2025-12-14T06:58:49.491+0000] {logging_mixin.py:190} INFO - ✅ Sale 25: Souris sans fil - 76.5€
[2025-12-14T06:58:49.693+0000] {logging_mixin.py:190} INFO - ✅ Sale 26: Livre Data Science - 19.99€
[2025-12-14T06:58:49.896+0000] {logging_mixin.py:190} INFO - ✅ Sale 27: Clavier mecanique - 225.0€
[2025-12-14T06:58:50.097+0000] {logging_mixin.py:190} INFO - ✅ Sale 28: Casque audio - 119.98€
[2025-12-14T06:58:50.298+0000] {logging_mixin.py:190} INFO - ✅ Sale 29: Casque audio - 179.97€
[2025-12-14T06:58:50.500+0000] {logging_mixin.py:190} INFO - ✅ Sale 30: Ordinateur portable - 1799.98€
[2025-12-14T06:58:50.702+0000] {logging_mixin.py:190} INFO - ✅ Sale 31: Livre Data Science - 59.97€
[2025-12-14T06:58:50.903+0000] {logging_mixin.py:190} INFO - ✅ Sale 32: Clavier mecanique - 225.0€
[2025-12-14T06:58:51.104+0000] {logging_mixin.py:190} INFO - ✅ Sale 33: Clavier mecanique - 75.0€
[2025-12-14T06:58:51.305+0000] {logging_mixin.py:190} INFO - ✅ Sale 34: Casque audio - 59.99€
[2025-12-14T06:58:51.507+0000] {logging_mixin.py:190} INFO - ✅ Sale 35: Souris sans fil - 51.0€
[2025-12-14T06:58:51.709+0000] {logging_mixin.py:190} INFO - ✅ Sale 36: Clavier mecanique - 75.0€
[2025-12-14T06:58:51.911+0000] {logging_mixin.py:190} INFO - ✅ Sale 37: Casque audio - 179.97€
[2025-12-14T06:58:52.112+0000] {logging_mixin.py:190} INFO - ✅ Sale 38: Livre Data Science - 19.99€
[2025-12-14T06:58:52.314+0000] {logging_mixin.py:190} INFO - ✅ Sale 39: Ordinateur portable - 2699.97€
[2025-12-14T06:58:52.515+0000] {logging_mixin.py:190} INFO - ✅ Sale 40: Livre Data Science - 39.98€
[2025-12-14T06:58:52.717+0000] {logging_mixin.py:190} INFO - ✅ Sale 41: Livre Data Science - 19.99€
[2025-12-14T06:58:52.918+0000] {logging_mixin.py:190} INFO - ✅ Sale 42: Casque audio - 59.99€
[2025-12-14T06:58:53.122+0000] {logging_mixin.py:190} INFO - ✅ Sale 43: Livre Data Science - 19.99€
[2025-12-14T06:58:53.324+0000] {logging_mixin.py:190} INFO - ✅ Sale 44: Clavier mecanique - 225.0€
[2025-12-14T06:58:53.527+0000] {logging_mixin.py:190} INFO - ✅ Sale 45: Souris sans fil - 76.5€
[2025-12-14T06:58:53.730+0000] {logging_mixin.py:190} INFO - ✅ Sale 46: Clavier mecanique - 75.0€
[2025-12-14T06:58:53.931+0000] {logging_mixin.py:190} INFO - ✅ Sale 47: Livre Data Science - 19.99€
[2025-12-14T06:58:54.133+0000] {logging_mixin.py:190} INFO - ✅ Sale 48: Ordinateur portable - 899.99€
[2025-12-14T06:58:54.335+0000] {logging_mixin.py:190} INFO - ✅ Sale 49: Ordinateur portable - 899.99€
[2025-12-14T06:58:54.537+0000] {logging_mixin.py:190} INFO - ✅ Sale 50: Casque audio - 119.98€
[2025-12-14T06:58:54.738+0000] {kafka.py:629} INFO - <KafkaProducer client_id=kafka-python-producer-1 transactional_id=None>: Closing the Kafka producer with 9223372036.0 secs timeout.
[2025-12-14T06:58:54.739+0000] {conn.py:945} INFO - <BrokerConnection client_id=kafka-python-producer-1, node_id=3 host=broker3:19094 <connected> [IPv4 ('172.18.0.5', 19094)]>: Closing connection. 
[2025-12-14T06:58:54.740+0000] {conn.py:945} INFO - <BrokerConnection client_id=kafka-python-producer-1, node_id=1 host=broker1:19092 <connected> [IPv4 ('172.18.0.3', 19092)]>: Closing connection. 
[2025-12-14T06:58:54.740+0000] {conn.py:945} INFO - <BrokerConnection client_id=kafka-python-producer-1, node_id=2 host=broker2:19093 <connected> [IPv4 ('172.18.0.8', 19093)]>: Closing connection. 
[2025-12-14T06:58:54.741+0000] {logging_mixin.py:190} INFO - ✅ Production completed: 50 sales sent to Kafka topic 'ventes_stream'
[2025-12-14T06:58:54.742+0000] {python.py:240} INFO - Done. Returned value was: None
[2025-12-14T06:58:54.749+0000] {taskinstance.py:341} INFO - ::group::Post task execution logs
[2025-12-14T06:58:54.749+0000] {taskinstance.py:353} INFO - Marking task as SUCCESS. dag_id=unified_sales_pipeline, task_id=produce_sales_data, run_id=manual__2025-12-14T06:56:08.403314+00:00, execution_date=20251214T065608, start_date=20251214T065844, end_date=20251214T065854
[2025-12-14T06:58:54.797+0000] {local_task_job_runner.py:266} INFO - Task exited with return code 0
[2025-12-14T06:58:54.820+0000] {taskinstance.py:3901} INFO - 1 downstream tasks scheduled from follow-on schedule check
[2025-12-14T06:58:54.824+0000] {local_task_job_runner.py:245} INFO - ::endgroup::
