[2025-11-23T06:28:48.827+0000] {local_task_job_runner.py:123} INFO - ::group::Pre task execution logs
[2025-11-23T06:28:48.847+0000] {taskinstance.py:2614} INFO - Dependencies all met for dep_context=non-requeueable deps ti=<TaskInstance: sales_streaming_pipeline.trigger_kafka_producer manual__2025-11-23T06:28:41.539020+00:00 [queued]>
[2025-11-23T06:28:48.858+0000] {taskinstance.py:2614} INFO - Dependencies all met for dep_context=requeueable deps ti=<TaskInstance: sales_streaming_pipeline.trigger_kafka_producer manual__2025-11-23T06:28:41.539020+00:00 [queued]>
[2025-11-23T06:28:48.859+0000] {taskinstance.py:2867} INFO - Starting attempt 1 of 2
[2025-11-23T06:28:48.871+0000] {taskinstance.py:2890} INFO - Executing <Task(TriggerDagRunOperator): trigger_kafka_producer> on 2025-11-23 06:28:41.539020+00:00
[2025-11-23T06:28:48.878+0000] {warnings.py:112} WARNING - /home/***/.local/lib/python3.12/site-packages/***/task/task_runner/standard_task_runner.py:70: DeprecationWarning: This process (pid=50) is multi-threaded, use of fork() may lead to deadlocks in the child.
  pid = os.fork()

[2025-11-23T06:28:48.880+0000] {standard_task_runner.py:72} INFO - Started process 51 to run task
[2025-11-23T06:28:48.881+0000] {standard_task_runner.py:104} INFO - Running: ['***', 'tasks', 'run', 'sales_streaming_pipeline', 'trigger_kafka_producer', 'manual__2025-11-23T06:28:41.539020+00:00', '--job-id', '28', '--raw', '--subdir', 'DAGS_FOLDER/master_orchestrator_dag.py', '--cfg-path', '/tmp/tmp34llqbuc']
[2025-11-23T06:28:48.882+0000] {standard_task_runner.py:105} INFO - Job 28: Subtask trigger_kafka_producer
[2025-11-23T06:28:48.926+0000] {task_command.py:467} INFO - Running <TaskInstance: sales_streaming_pipeline.trigger_kafka_producer manual__2025-11-23T06:28:41.539020+00:00 [running]> on host e6f37c555da0
[2025-11-23T06:28:48.989+0000] {taskinstance.py:3134} INFO - Exporting env vars: AIRFLOW_CTX_DAG_OWNER='***' AIRFLOW_CTX_DAG_ID='sales_streaming_pipeline' AIRFLOW_CTX_TASK_ID='trigger_kafka_producer' AIRFLOW_CTX_EXECUTION_DATE='2025-11-23T06:28:41.539020+00:00' AIRFLOW_CTX_TRY_NUMBER='1' AIRFLOW_CTX_DAG_RUN_ID='manual__2025-11-23T06:28:41.539020+00:00'
[2025-11-23T06:28:48.990+0000] {taskinstance.py:732} INFO - ::endgroup::
[2025-11-23T06:28:49.064+0000] {trigger_dagrun.py:257} INFO - Waiting for kafka_sales_producer on 2025-11-23 06:28:49.000256+00:00 to become allowed state ['success'] ...
[2025-11-23T06:29:49.076+0000] {trigger_dagrun.py:257} INFO - Waiting for kafka_sales_producer on 2025-11-23 06:28:49.000256+00:00 to become allowed state ['success'] ...
[2025-11-23T06:30:49.090+0000] {trigger_dagrun.py:257} INFO - Waiting for kafka_sales_producer on 2025-11-23 06:28:49.000256+00:00 to become allowed state ['success'] ...
[2025-11-23T06:31:49.098+0000] {trigger_dagrun.py:271} INFO - kafka_sales_producer finished with allowed state success
[2025-11-23T06:31:49.110+0000] {taskinstance.py:341} INFO - ::group::Post task execution logs
[2025-11-23T06:31:49.111+0000] {taskinstance.py:353} INFO - Marking task as SUCCESS. dag_id=sales_streaming_pipeline, task_id=trigger_kafka_producer, run_id=manual__2025-11-23T06:28:41.539020+00:00, execution_date=20251123T062841, start_date=20251123T062848, end_date=20251123T063149
[2025-11-23T06:31:49.185+0000] {local_task_job_runner.py:266} INFO - Task exited with return code 0
[2025-11-23T06:31:49.210+0000] {taskinstance.py:3901} INFO - 1 downstream tasks scheduled from follow-on schedule check
[2025-11-23T06:31:49.214+0000] {local_task_job_runner.py:245} INFO - ::endgroup::
