[2025-12-16T02:02:39.414+0000] {local_task_job_runner.py:123} INFO - ::group::Pre task execution logs
[2025-12-16T02:02:39.430+0000] {taskinstance.py:2614} INFO - Dependencies all met for dep_context=non-requeueable deps ti=<TaskInstance: unified_sales_pipeline.run_silver_processing manual__2025-12-16T01:59:09.622325+00:00 [queued]>
[2025-12-16T02:02:39.438+0000] {taskinstance.py:2614} INFO - Dependencies all met for dep_context=requeueable deps ti=<TaskInstance: unified_sales_pipeline.run_silver_processing manual__2025-12-16T01:59:09.622325+00:00 [queued]>
[2025-12-16T02:02:39.438+0000] {taskinstance.py:2867} INFO - Starting attempt 2 of 2
[2025-12-16T02:02:39.449+0000] {taskinstance.py:2890} INFO - Executing <Task(PythonOperator): run_silver_processing> on 2025-12-16 01:59:09.622325+00:00
[2025-12-16T02:02:39.454+0000] {warnings.py:112} WARNING - /home/***/.local/lib/python3.12/site-packages/***/task/task_runner/standard_task_runner.py:70: DeprecationWarning: This process (pid=206) is multi-threaded, use of fork() may lead to deadlocks in the child.
  pid = os.fork()

[2025-12-16T02:02:39.456+0000] {standard_task_runner.py:72} INFO - Started process 207 to run task
[2025-12-16T02:02:39.456+0000] {standard_task_runner.py:104} INFO - Running: ['***', 'tasks', 'run', 'unified_sales_pipeline', 'run_silver_processing', 'manual__2025-12-16T01:59:09.622325+00:00', '--job-id', '39', '--raw', '--subdir', 'DAGS_FOLDER/unified_sales_pipeline_dag.py', '--cfg-path', '/tmp/tmpwczkfvae']
[2025-12-16T02:02:39.457+0000] {standard_task_runner.py:105} INFO - Job 39: Subtask run_silver_processing
[2025-12-16T02:02:39.493+0000] {task_command.py:467} INFO - Running <TaskInstance: unified_sales_pipeline.run_silver_processing manual__2025-12-16T01:59:09.622325+00:00 [running]> on host 4d0049057698
[2025-12-16T02:02:39.557+0000] {taskinstance.py:3134} INFO - Exporting env vars: AIRFLOW_CTX_DAG_OWNER='***' AIRFLOW_CTX_DAG_ID='unified_sales_pipeline' AIRFLOW_CTX_TASK_ID='run_silver_processing' AIRFLOW_CTX_EXECUTION_DATE='2025-12-16T01:59:09.622325+00:00' AIRFLOW_CTX_TRY_NUMBER='2' AIRFLOW_CTX_DAG_RUN_ID='manual__2025-12-16T01:59:09.622325+00:00'
[2025-12-16T02:02:39.558+0000] {taskinstance.py:732} INFO - ::endgroup::
[2025-12-16T02:02:39.569+0000] {logging_mixin.py:190} INFO - 🚀 Submitting Silver Spark job: docker exec spark-master spark-submit --master spark://spark-master:7077 --jars /opt/spark/jars/delta-spark_2.12-3.2.0.jar,/opt/spark/jars/delta-storage-3.2.0.jar,/opt/spark/jars/spark-sql-kafka-0-10_2.12-3.5.0.jar,/opt/spark/jars/spark-token-provider-kafka-0-10_2.12-3.5.0.jar,/opt/spark/jars/kafka-clients-3.4.1.jar,/opt/spark/jars/commons-pool2-2.11.1.jar --conf spark.sql.extensions=io.delta.sql.DeltaSparkSessionExtension --conf spark.sql.catalog.spark_catalog=org.apache.spark.sql.delta.catalog.DeltaCatalog --conf spark.driver.memory=1g --conf spark.executor.memory=1g /app/dags/bronze_to_silver.py
[2025-12-16T02:03:24.176+0000] {logging_mixin.py:190} INFO - 🔍 Return code: 1
[2025-12-16T02:03:24.177+0000] {logging_mixin.py:190} INFO - ================================================================================
[2025-12-16T02:03:24.177+0000] {logging_mixin.py:190} INFO - STDOUT FULL (last 2000 chars):
[2025-12-16T02:03:24.177+0000] {logging_mixin.py:190} INFO - ================================================================================
[2025-12-16T02:03:24.178+0000] {logging_mixin.py:190} INFO - IntegerType()
  • processed_at: TimestampType()

================================================================================
📊 🔍 DATA QUALITY REPORT: Silver Layer
================================================================================
📊 Null Value Analysis:
Column               Null Count      Null %    
---------------------------------------------
✅ vente_id           0               0.00    %
✅ client_id          0               0.00    %
✅ produit_id         0               0.00    %
✅ montant            0               0.00    %
✅ timestamp          0               0.00    %

📊 Value Range Analysis:

📈 vente_id:
  Count:   50
  Mean:    25.50
  StdDev:  14.58
  Range:   [1.00 → 50.00]
  Outliers: 0 (0.00%)

📈 client_id:
  Count:   50
  Mean:    3.32
  StdDev:  1.46
  Range:   [1.00 → 5.00]
  Outliers: 0 (0.00%)

📈 produit_id:
  Count:   50
  Mean:    102.86
  StdDev:  1.48
  Range:   [101.00 → 105.00]
  Outliers: 0 (0.00%)

📈 quantite:
  Count:   50
  Mean:    1.90
  StdDev:  0.84
  Range:   [1.00 → 3.00]
  Outliers: 0 (0.00%)

📈 montant:
  Count:   50
  Mean:    429.35
  StdDev:  671.15
  Range:   [19.99 → 2699.97]
  Outliers: 2 (4.00%)

================================================================================
📊 AGGREGATED VIEWS CREATION
================================================================================
📊 Creating aggregated view for analytics...
❌ Error in silver transformation: local variable 'count' referenced before assignment
Traceback (most recent call last):
  File "/app/dags/bronze_to_silver.py", line 333, in main
    count("*").alias("nombre_ventes"),
UnboundLocalError: local variable 'count' referenced before assignment

🔚 Spark session stopped
Traceback (most recent call last):
  File "/app/dags/bronze_to_silver.py", line 497, in <module>
    main()
  File "/app/dags/bronze_to_silver.py", line 333, in main
    count("*").alias("nombre_ventes"),
UnboundLocalError: local variable 'count' referenced before assignment
[2025-12-16T02:03:24.178+0000] {logging_mixin.py:190} INFO - ================================================================================
[2025-12-16T02:03:24.179+0000] {logging_mixin.py:190} INFO - ❌ Silver Spark job failed with return code 1
[2025-12-16T02:03:24.180+0000] {logging_mixin.py:190} INFO - ❌ Error submitting Silver Spark job: Silver Spark job failed:
================================================================================
📊 AGGREGATED VIEWS CREATION
================================================================================
📊 Creating aggregated view for analytics...
❌ Error in silver transformation: local variable 'count' referenced before assignment
Traceback (most recent call last):
  File "/app/dags/bronze_to_silver.py", line 333, in main
    count("*").alias("nombre_ventes"),
UnboundLocalError: local variable 'count' referenced before assignment

🔚 Spark session stopped
...
  File "/app/dags/bronze_to_silver.py", line 333, in main
    count("*").alias("nombre_ventes"),
UnboundLocalError: local variable 'count' referenced before assignment

🔚 Spark session stopped
Traceback (most recent call last):
  File "/app/dags/bronze_to_silver.py", line 497, in <module>
    main()
  File "/app/dags/bronze_to_silver.py", line 333, in main
    count("*").alias("nombre_ventes"),
UnboundLocalError: local variable 'count' referenced before assignment
...
[2025-12-16T02:03:24.180+0000] {taskinstance.py:3313} ERROR - Task failed with exception
Traceback (most recent call last):
  File "/home/airflow/.local/lib/python3.12/site-packages/airflow/models/taskinstance.py", line 768, in _execute_task
    result = _execute_callable(context=context, **execute_callable_kwargs)
             ^^^^^^^^^^^^^^^^^^^^^^^^^^^^^^^^^^^^^^^^^^^^^^^^^^^^^^^^^^^^^
  File "/home/airflow/.local/lib/python3.12/site-packages/airflow/models/taskinstance.py", line 734, in _execute_callable
    return ExecutionCallableRunner(
           ^^^^^^^^^^^^^^^^^^^^^^^^
  File "/home/airflow/.local/lib/python3.12/site-packages/airflow/utils/operator_helpers.py", line 252, in run
    return self.func(*args, **kwargs)
           ^^^^^^^^^^^^^^^^^^^^^^^^^^
  File "/home/airflow/.local/lib/python3.12/site-packages/airflow/models/baseoperator.py", line 424, in wrapper
    return func(self, *args, **kwargs)
           ^^^^^^^^^^^^^^^^^^^^^^^^^^^
  File "/home/airflow/.local/lib/python3.12/site-packages/airflow/operators/python.py", line 238, in execute
    return_value = self.execute_callable()
                   ^^^^^^^^^^^^^^^^^^^^^^^
  File "/home/airflow/.local/lib/python3.12/site-packages/airflow/operators/python.py", line 256, in execute_callable
    return runner.run(*self.op_args, **self.op_kwargs)
           ^^^^^^^^^^^^^^^^^^^^^^^^^^^^^^^^^^^^^^^^^^^
  File "/home/airflow/.local/lib/python3.12/site-packages/airflow/utils/operator_helpers.py", line 252, in run
    return self.func(*args, **kwargs)
           ^^^^^^^^^^^^^^^^^^^^^^^^^^
  File "/opt/airflow/dags/unified_sales_pipeline_dag.py", line 339, in run_spark_silver_processing
    raise Exception(f"Silver Spark job failed:\n{error_msg}")
Exception: Silver Spark job failed:
================================================================================
📊 AGGREGATED VIEWS CREATION
================================================================================
📊 Creating aggregated view for analytics...
❌ Error in silver transformation: local variable 'count' referenced before assignment
Traceback (most recent call last):
  File "/app/dags/bronze_to_silver.py", line 333, in main
    count("*").alias("nombre_ventes"),
UnboundLocalError: local variable 'count' referenced before assignment

🔚 Spark session stopped
...
  File "/app/dags/bronze_to_silver.py", line 333, in main
    count("*").alias("nombre_ventes"),
UnboundLocalError: local variable 'count' referenced before assignment

🔚 Spark session stopped
Traceback (most recent call last):
  File "/app/dags/bronze_to_silver.py", line 497, in <module>
    main()
  File "/app/dags/bronze_to_silver.py", line 333, in main
    count("*").alias("nombre_ventes"),
UnboundLocalError: local variable 'count' referenced before assignment
...
[2025-12-16T02:03:24.193+0000] {taskinstance.py:1226} INFO - Marking task as FAILED. dag_id=unified_sales_pipeline, task_id=run_silver_processing, run_id=manual__2025-12-16T01:59:09.622325+00:00, execution_date=20251216T015909, start_date=20251216T020239, end_date=20251216T020324
[2025-12-16T02:03:24.215+0000] {taskinstance.py:341} INFO - ::group::Post task execution logs
[2025-12-16T02:03:24.216+0000] {standard_task_runner.py:124} ERROR - Failed to execute job 39 for task run_silver_processing (Silver Spark job failed:
================================================================================
📊 AGGREGATED VIEWS CREATION
================================================================================
📊 Creating aggregated view for analytics...
❌ Error in silver transformation: local variable 'count' referenced before assignment
Traceback (most recent call last):
  File "/app/dags/bronze_to_silver.py", line 333, in main
    count("*").alias("nombre_ventes"),
UnboundLocalError: local variable 'count' referenced before assignment

🔚 Spark session stopped
...
  File "/app/dags/bronze_to_silver.py", line 333, in main
    count("*").alias("nombre_ventes"),
UnboundLocalError: local variable 'count' referenced before assignment

🔚 Spark session stopped
Traceback (most recent call last):
  File "/app/dags/bronze_to_silver.py", line 497, in <module>
    main()
  File "/app/dags/bronze_to_silver.py", line 333, in main
    count("*").alias("nombre_ventes"),
UnboundLocalError: local variable 'count' referenced before assignment
...; 207)
Traceback (most recent call last):
  File "/home/airflow/.local/lib/python3.12/site-packages/airflow/task/task_runner/standard_task_runner.py", line 117, in _start_by_fork
    ret = args.func(args, dag=self.dag)
          ^^^^^^^^^^^^^^^^^^^^^^^^^^^^^
  File "/home/airflow/.local/lib/python3.12/site-packages/airflow/cli/cli_config.py", line 49, in command
    return func(*args, **kwargs)
           ^^^^^^^^^^^^^^^^^^^^^
  File "/home/airflow/.local/lib/python3.12/site-packages/airflow/utils/cli.py", line 116, in wrapper
    return f(*args, **kwargs)
           ^^^^^^^^^^^^^^^^^^
  File "/home/airflow/.local/lib/python3.12/site-packages/airflow/cli/commands/task_command.py", line 483, in task_run
    task_return_code = _run_task_by_selected_method(args, _dag, ti)
                       ^^^^^^^^^^^^^^^^^^^^^^^^^^^^^^^^^^^^^^^^^^^^
  File "/home/airflow/.local/lib/python3.12/site-packages/airflow/cli/commands/task_command.py", line 256, in _run_task_by_selected_method
    return _run_raw_task(args, ti)
           ^^^^^^^^^^^^^^^^^^^^^^^
  File "/home/airflow/.local/lib/python3.12/site-packages/airflow/cli/commands/task_command.py", line 341, in _run_raw_task
    return ti._run_raw_task(
           ^^^^^^^^^^^^^^^^^
  File "/home/airflow/.local/lib/python3.12/site-packages/airflow/utils/session.py", line 97, in wrapper
    return func(*args, session=session, **kwargs)
           ^^^^^^^^^^^^^^^^^^^^^^^^^^^^^^^^^^^^^^
  File "/home/airflow/.local/lib/python3.12/site-packages/airflow/models/taskinstance.py", line 3006, in _run_raw_task
    return _run_raw_task(
           ^^^^^^^^^^^^^^
  File "/home/airflow/.local/lib/python3.12/site-packages/airflow/models/taskinstance.py", line 274, in _run_raw_task
    TaskInstance._execute_task_with_callbacks(
  File "/home/airflow/.local/lib/python3.12/site-packages/airflow/models/taskinstance.py", line 3161, in _execute_task_with_callbacks
    result = self._execute_task(context, task_orig)
             ^^^^^^^^^^^^^^^^^^^^^^^^^^^^^^^^^^^^^^
  File "/home/airflow/.local/lib/python3.12/site-packages/airflow/models/taskinstance.py", line 3185, in _execute_task
    return _execute_task(self, context, task_orig)
           ^^^^^^^^^^^^^^^^^^^^^^^^^^^^^^^^^^^^^^^
  File "/home/airflow/.local/lib/python3.12/site-packages/airflow/models/taskinstance.py", line 768, in _execute_task
    result = _execute_callable(context=context, **execute_callable_kwargs)
             ^^^^^^^^^^^^^^^^^^^^^^^^^^^^^^^^^^^^^^^^^^^^^^^^^^^^^^^^^^^^^
  File "/home/airflow/.local/lib/python3.12/site-packages/airflow/models/taskinstance.py", line 734, in _execute_callable
    return ExecutionCallableRunner(
           ^^^^^^^^^^^^^^^^^^^^^^^^
  File "/home/airflow/.local/lib/python3.12/site-packages/airflow/utils/operator_helpers.py", line 252, in run
    return self.func(*args, **kwargs)
           ^^^^^^^^^^^^^^^^^^^^^^^^^^
  File "/home/airflow/.local/lib/python3.12/site-packages/airflow/models/baseoperator.py", line 424, in wrapper
    return func(self, *args, **kwargs)
           ^^^^^^^^^^^^^^^^^^^^^^^^^^^
  File "/home/airflow/.local/lib/python3.12/site-packages/airflow/operators/python.py", line 238, in execute
    return_value = self.execute_callable()
                   ^^^^^^^^^^^^^^^^^^^^^^^
  File "/home/airflow/.local/lib/python3.12/site-packages/airflow/operators/python.py", line 256, in execute_callable
    return runner.run(*self.op_args, **self.op_kwargs)
           ^^^^^^^^^^^^^^^^^^^^^^^^^^^^^^^^^^^^^^^^^^^
  File "/home/airflow/.local/lib/python3.12/site-packages/airflow/utils/operator_helpers.py", line 252, in run
    return self.func(*args, **kwargs)
           ^^^^^^^^^^^^^^^^^^^^^^^^^^
  File "/opt/airflow/dags/unified_sales_pipeline_dag.py", line 339, in run_spark_silver_processing
    raise Exception(f"Silver Spark job failed:\n{error_msg}")
Exception: Silver Spark job failed:
================================================================================
📊 AGGREGATED VIEWS CREATION
================================================================================
📊 Creating aggregated view for analytics...
❌ Error in silver transformation: local variable 'count' referenced before assignment
Traceback (most recent call last):
  File "/app/dags/bronze_to_silver.py", line 333, in main
    count("*").alias("nombre_ventes"),
UnboundLocalError: local variable 'count' referenced before assignment

🔚 Spark session stopped
...
  File "/app/dags/bronze_to_silver.py", line 333, in main
    count("*").alias("nombre_ventes"),
UnboundLocalError: local variable 'count' referenced before assignment

🔚 Spark session stopped
Traceback (most recent call last):
  File "/app/dags/bronze_to_silver.py", line 497, in <module>
    main()
  File "/app/dags/bronze_to_silver.py", line 333, in main
    count("*").alias("nombre_ventes"),
UnboundLocalError: local variable 'count' referenced before assignment
...
[2025-12-16T02:03:24.238+0000] {local_task_job_runner.py:266} INFO - Task exited with return code 1
[2025-12-16T02:03:24.260+0000] {taskinstance.py:3901} INFO - 0 downstream tasks scheduled from follow-on schedule check
[2025-12-16T02:03:24.266+0000] {local_task_job_runner.py:245} INFO - ::endgroup::
