[2025-11-23T08:09:57.607+0000] {local_task_job_runner.py:123} INFO - ::group::Pre task execution logs
[2025-11-23T08:09:57.638+0000] {taskinstance.py:2614} INFO - Dependencies all met for dep_context=non-requeueable deps ti=<TaskInstance: unified_sales_pipeline.run_silver_processing manual__2025-11-23T08:08:04.307417+00:00 [queued]>
[2025-11-23T08:09:57.652+0000] {taskinstance.py:2614} INFO - Dependencies all met for dep_context=requeueable deps ti=<TaskInstance: unified_sales_pipeline.run_silver_processing manual__2025-11-23T08:08:04.307417+00:00 [queued]>
[2025-11-23T08:09:57.652+0000] {taskinstance.py:2867} INFO - Starting attempt 1 of 2
[2025-11-23T08:09:57.668+0000] {taskinstance.py:2890} INFO - Executing <Task(PythonOperator): run_silver_processing> on 2025-11-23 08:08:04.307417+00:00
[2025-11-23T08:09:57.675+0000] {warnings.py:112} WARNING - /home/***/.local/lib/python3.12/site-packages/***/task/task_runner/standard_task_runner.py:70: DeprecationWarning: This process (pid=100) is multi-threaded, use of fork() may lead to deadlocks in the child.
  pid = os.fork()

[2025-11-23T08:09:57.678+0000] {standard_task_runner.py:72} INFO - Started process 101 to run task
[2025-11-23T08:09:57.678+0000] {standard_task_runner.py:104} INFO - Running: ['***', 'tasks', 'run', 'unified_sales_pipeline', 'run_silver_processing', 'manual__2025-11-23T08:08:04.307417+00:00', '--job-id', '74', '--raw', '--subdir', 'DAGS_FOLDER/unified_sales_pipeline_dag.py', '--cfg-path', '/tmp/tmpgv6_txft']
[2025-11-23T08:09:57.679+0000] {standard_task_runner.py:105} INFO - Job 74: Subtask run_silver_processing
[2025-11-23T08:09:57.726+0000] {task_command.py:467} INFO - Running <TaskInstance: unified_sales_pipeline.run_silver_processing manual__2025-11-23T08:08:04.307417+00:00 [running]> on host 6fe813163240
[2025-11-23T08:09:57.798+0000] {taskinstance.py:3134} INFO - Exporting env vars: AIRFLOW_CTX_DAG_OWNER='***' AIRFLOW_CTX_DAG_ID='unified_sales_pipeline' AIRFLOW_CTX_TASK_ID='run_silver_processing' AIRFLOW_CTX_EXECUTION_DATE='2025-11-23T08:08:04.307417+00:00' AIRFLOW_CTX_TRY_NUMBER='1' AIRFLOW_CTX_DAG_RUN_ID='manual__2025-11-23T08:08:04.307417+00:00'
[2025-11-23T08:09:57.799+0000] {taskinstance.py:732} INFO - ::endgroup::
[2025-11-23T08:09:57.815+0000] {logging_mixin.py:190} INFO - 🚀 Submitting Silver Spark job: docker exec spark-master spark-submit --master spark://spark-master:7077 --packages io.delta:delta-spark_2.12:3.2.0 --conf spark.sql.extensions=io.delta.sql.DeltaSparkSessionExtension --conf spark.sql.catalog.spark_catalog=org.apache.spark.sql.delta.catalog.DeltaCatalog --conf spark.driver.memory=1g --conf spark.executor.memory=1g /app/dags/streaming_silver.py
[2025-11-23T08:10:15.287+0000] {logging_mixin.py:190} INFO - ✅ Silver Spark job completed successfully
[2025-11-23T08:10:15.288+0000] {logging_mixin.py:190} INFO - STDOUT: :: loading settings :: url = jar:file:/opt/spark/jars/ivy-2.5.1.jar!/org/apache/ivy/core/settings/ivysettings.xml
25/11/23 08:09:59 WARN NativeCodeLoader: Unable to load native-hadoop library for your platform... using builtin-java classes where applicable
25/11/23 08:10:00 INFO SparkContext: Running Spark version 3.5.5
25/11/23 08:10:00 INFO SparkContext: OS info Linux, 5.15.167.4-microsoft-standard-WSL2, amd64
25/11/23 08:10:00 INFO SparkContext: Java version 17.0.14
25/11/23 08:10:00 INFO ResourceUtils: ==============================================================
25/11/23 08:10:00 INFO ResourceUtils: No custom resources configured for spark.driver.
25/11/23 08:10:00 INFO ResourceUtils: ==============================================================
25/11/23 08:10:00 INFO SparkContext: Submitted application: KafkaToDeltaBronze
25/11/23 08:10:00 INFO ResourceProfile: Default ResourceProfile created, executor resources: Map(memory -> name: memory, amount: 1024, script: , vendor: , offHeap -> name: offHeap, amount: 0, script: , vendor: ), task resources: Map(cpus -> name: cpus, amount: 1.0)
25/11/23 08:10:00 INFO ResourceProfile: Limiting resource is cpu
25/11/23 08:10:00 INFO ResourceProfileManager: Added ResourceProfile id: 0
25/11/23 08:10:00 INFO SecurityManager: Changing view acls to: spark
25/11/23 08:10:00 INFO SecurityManager: Changing modify acls to: spark
25/11/23 08:10:00 INFO SecurityManager: Changing view acls groups to: 
25/11/23 08:10:00 INFO SecurityManager: Changing modify acls groups to: 
25/11/23 08:10:00 INFO SecurityManager: SecurityManager: authentication disabled; ui acls disabled; users with view permissions: spark; groups with view permissions: EMPTY; users with modify permissions: spark; groups with modify permissions: EMPTY
25/11/23 08:10:00 INFO Utils: Successfully started service 'sparkDriver' on port 41517.
25/11/23 08:10:00 INFO SparkEnv: Registering MapOutputTracker
25/11/23 08:10:00 INFO SparkEnv: Registering BlockManagerMaster
25/11/23 08:10:00 INFO BlockManagerMasterEndpoint: Using org.apache.spark.storage.DefaultTopologyMapper for getting topology information
25/11/23 08:10:00 INFO BlockManagerMasterEndpoint: BlockManagerMasterEndpoint up
25/11/23 08:10:00 INFO SparkEnv: Registering BlockManagerMasterHeartbeat
25/11/23 08:10:00 INFO DiskBlockManager: Created local directory at /tmp/blockmgr-6d718eb2-2d81-4d00-92e4-5502b8b90878
25/11/23 08:10:00 INFO MemoryStore: MemoryStore started with capacity 434.4 MiB
25/11/23 08:10:00 INFO SparkEnv: Registering OutputCommitCoordinator
25/11/23 08:10:01 INFO log: Logging initialized @2895ms to org.sparkproject.jetty.util.log.Slf4jLog
25/11/23 08:10:01 INFO JettyUtils: Start Jetty 0.0.0.0:4040 for SparkUI
25/11/23 08:10:01 INFO Server: jetty-9.4.56.v20240826; built: 2024-08-26T17:15:05.868Z; git: ec6782ff5ead824dabdcf47fa98f90a4aedff401; jvm 17.0.14+7
25/11/23 08:10:01 INFO Server: Started @2995ms
25/11/23 08:10:01 INFO AbstractConnector: Started ServerConnector@47ad5982{HTTP/1.1, (http/1.1)}{0.0.0.0:4040}
25/11/23 08:10:01 INFO Utils: Successfully started service 'SparkUI' on port 4040.
25/11/23 08:10:01 INFO ContextHandler: Started o.s.j.s.ServletContextHandler@5cf6c6fa{/,null,AVAILABLE,@Spark}
25/11/23 08:10:01 INFO SparkContext: Added JAR file:///opt/spark/jars/delta-spark_2.12-3.2.0.jar at spark://spark-master:41517/jars/delta-spark_2.12-3.2.0.jar with timestamp 1763885400533
25/11/23 08:10:01 INFO SparkContext: Added JAR file:///opt/spark/jars/delta-storage-3.2.0.jar at spark://spark-master:41517/jars/delta-storage-3.2.0.jar with timestamp 1763885400533
25/11/23 08:10:01 INFO SparkContext: Added JAR file:///opt/spark/jars/spark-sql-kafka-0-10_2.12-3.5.5.jar at spark://spark-master:41517/jars/spark-sql-kafka-0-10_2.12-3.5.5.jar with timestamp 1763885400533
25/11/23 08:10:01 INFO SparkContext: Added JAR file:///opt/spark/jars/spark-token-provider-kafka-0-10_2.12-3.5.5.jar at spark://spark-master:41517/jars/spark-token-provider-kafka-0-10_2.12-3.5.5.jar with timestamp 1763885400533
25/11/23 08:10:01 INFO SparkContext: Added JAR file:///opt/spark/jars/kafka-clients-3.4.1.jar at spark://spark-master:41517/jars/kafka-clients-3.4.1.jar with timestamp 1763885400533
25/11/23 08:10:01 INFO SparkContext: Added JAR file:///opt/spark/jars/commons-pool2-2.11.1.jar at spark://spark-master:41517/jars/commons-pool2-2.11.1.jar with timestamp 1763885400533
25/11/23 08:10:01 INFO SparkContext: Added JAR file:///home/spark/.ivy2/jars/io.delta_delta-spark_2.12-3.2.0.jar at spark://spark-master:41517/jars/io.delta_delta-spark_2.12-3.2.0.jar with timestamp 1763885400533
25/11/23 08:10:01 INFO SparkContext: Added JAR file:///home/spark/.ivy2/jars/io.delta_delta-storage-3.2.0.jar at spark://spark-master:41517/jars/io.delta_delta-storage-3.2.0.jar with timestamp 1763885400533
25/11/23 08:10:01 INFO SparkContext: Added JAR file:///home/spark/.ivy2/jars/org.antlr_antlr4-runtime-4.9.3.jar at spark://spark-master:41517/jars/org.antlr_antlr4-runtime-4.9.3.jar with timestamp 1763885400533
25/11/23 08:10:01 INFO SparkContext: Added file file:///home/spark/.ivy2/jars/io.delta_delta-spark_2.12-3.2.0.jar at spark://spark-master:41517/files/io.delta_delta-spark_2.12-3.2.0.jar with timestamp 1763885400533
25/11/23 08:10:01 INFO Utils: Copying /home/spark/.ivy2/jars/io.delta_delta-spark_2.12-3.2.0.jar to /tmp/spark-aa75c866-ba50-45a4-9663-05dd1c2d1f37/userFiles-807d16b3-c3ba-498b-96b1-8bd5ccca0500/io.delta_delta-spark_2.12-3.2.0.jar
25/11/23 08:10:01 INFO SparkContext: Added file file:///home/spark/.ivy2/jars/io.delta_delta-storage-3.2.0.jar at spark://spark-master:41517/files/io.delta_delta-storage-3.2.0.jar with timestamp 1763885400533
25/11/23 08:10:01 INFO Utils: Copying /home/spark/.ivy2/jars/io.delta_delta-storage-3.2.0.jar to /tmp/spark-aa75c866-ba50-45a4-9663-05dd1c2d1f37/userFiles-807d16b3-c3ba-498b-96b1-8bd5ccca0500/io.delta_delta-storage-3.2.0.jar
25/11/23 08:10:01 INFO SparkContext: Added file file:///home/spark/.ivy2/jars/org.antlr_antlr4-runtime-4.9.3.jar at spark://spark-master:41517/files/org.antlr_antlr4-runtime-4.9.3.jar with timestamp 1763885400533
25/11/23 08:10:01 INFO Utils: Copying /home/spark/.ivy2/jars/org.antlr_antlr4-runtime-4.9.3.jar to /tmp/spark-aa75c866-ba50-45a4-9663-05dd1c2d1f37/userFiles-807d16b3-c3ba-498b-96b1-8bd5ccca0500/org.antlr_antlr4-runtime-4.9.3.jar
25/11/23 08:10:01 INFO StandaloneAppClient$ClientEndpoint: Connecting to master spark://spark-master:7077...
25/11/23 08:10:01 INFO TransportClientFactory: Successfully created connection to spark-master/172.18.0.2:7077 after 20 ms (0 ms spent in bootstraps)
25/11/23 08:10:01 INFO StandaloneSchedulerBackend: Connected to Spark cluster with app ID app-20251123081001-0001
25/11/23 08:10:01 INFO StandaloneAppClient$ClientEndpoint: Executor added: app-20251123081001-0001/0 on worker-20251123072116-172.18.0.7-8881 (172.18.0.7:8881) with 2 core(s)
25/11/23 08:10:01 INFO StandaloneSchedulerBackend: Granted executor ID app-20251123081001-0001/0 on hostPort 172.18.0.7:8881 with 2 core(s), 1024.0 MiB RAM
25/11/23 08:10:01 INFO Utils: Successfully started service 'org.apache.spark.network.netty.NettyBlockTransferService' on port 38079.
25/11/23 08:10:01 INFO NettyBlockTransferService: Server created on spark-master:38079
25/11/23 08:10:01 INFO BlockManager: Using org.apache.spark.storage.RandomBlockReplicationPolicy for block replication policy
25/11/23 08:10:01 INFO BlockManagerMaster: Registering BlockManager BlockManagerId(driver, spark-master, 38079, None)
25/11/23 08:10:01 INFO BlockManagerMasterEndpoint: Registering block manager spark-master:38079 with 434.4 MiB RAM, BlockManagerId(driver, spark-master, 38079, None)
25/11/23 08:10:01 INFO BlockManagerMaster: Registered BlockManager BlockManagerId(driver, spark-master, 38079, None)
25/11/23 08:10:01 INFO BlockManager: Initialized BlockManager: BlockManagerId(driver, spark-master, 38079, None)
25/11/23 08:10:01 INFO StandaloneAppClient$ClientEndpoint: Executor updated: app-20251123081001-0001/0 is now RUNNING
25/11/23 08:10:01 INFO ContextHandler: Stopped o.s.j.s.ServletContextHandler@5cf6c6fa{/,null,STOPPED,@Spark}
25/11/23 08:10:01 INFO ContextHandler: Started o.s.j.s.ServletContextHandler@846fb68{/jobs,null,AVAILABLE,@Spark}
25/11/23 08:10:01 INFO ContextHandler: Started o.s.j.s.ServletContextHandler@3dac39e7{/jobs/json,null,AVAILABLE,@Spark}
25/11/23 08:10:01 INFO ContextHandler: Started o.s.j.s.ServletContextHandler@6ec4e9{/jobs/job,null,AVAILABLE,@Spark}
25/11/23 08:10:01 INFO ContextHandler: Started o.s.j.s.ServletContextHandler@2e011e58{/jobs/job/json,null,AVAILABLE,@Spark}
25/11/23 08:10:01 INFO ContextHandler: Started o.s.j.s.ServletContextHandler@9d27900{/stages,null,AVAILABLE,@Spark}
25/11/23 08:10:01 INFO ContextHandler: Started o.s.j.s.ServletContextHandler@a262236{/stages/json,null,AVAILABLE,@Spark}
25/11/23 08:10:01 INFO ContextHandler: Started o.s.j.s.ServletContextHandler@1445c7bc{/stages/stage,null,AVAILABLE,@Spark}
25/11/23 08:10:01 INFO ContextHandler: Started o.s.j.s.ServletContextHandler@4a8c1647{/stages/stage/json,null,AVAILABLE,@Spark}
25/11/23 08:10:01 INFO ContextHandler: Started o.s.j.s.ServletContextHandler@74b33391{/stages/pool,null,AVAILABLE,@Spark}
25/11/23 08:10:01 INFO ContextHandler: Started o.s.j.s.ServletContextHandler@5bf6cb97{/stages/pool/json,null,AVAILABLE,@Spark}
25/11/23 08:10:01 INFO ContextHandler: Started o.s.j.s.ServletContextHandler@73aedd9f{/storage,null,AVAILABLE,@Spark}
25/11/23 08:10:01 INFO ContextHandler: Started o.s.j.s.ServletContextHandler@79c28199{/storage/json,null,AVAILABLE,@Spark}
25/11/23 08:10:01 INFO ContextHandler: Started o.s.j.s.ServletContextHandler@465c59{/storage/rdd,null,AVAILABLE,@Spark}
25/11/23 08:10:01 INFO ContextHandler: Started o.s.j.s.ServletContextHandler@53893c8b{/storage/rdd/json,null,AVAILABLE,@Spark}
25/11/23 08:10:01 INFO ContextHandler: Started o.s.j.s.ServletContextHandler@6dc8f53c{/environment,null,AVAILABLE,@Spark}
25/11/23 08:10:01 INFO ContextHandler: Started o.s.j.s.ServletContextHandler@1c1a7375{/environment/json,null,AVAILABLE,@Spark}
25/11/23 08:10:01 INFO ContextHandler: Started o.s.j.s.ServletContextHandler@1fd622e8{/executors,null,AVAILABLE,@Spark}
25/11/23 08:10:01 INFO ContextHandler: Started o.s.j.s.ServletContextHandler@3dca8879{/executors/json,null,AVAILABLE,@Spark}
25/11/23 08:10:01 INFO ContextHandler: Started o.s.j.s.ServletContextHandler@4c64ee39{/executors/threadDump,null,AVAILABLE,@Spark}
25/11/23 08:10:01 INFO ContextHandler: Started o.s.j.s.ServletContextHandler@7130a965{/executors/threadDump/json,null,AVAILABLE,@Spark}
25/11/23 08:10:01 INFO ContextHandler: Started o.s.j.s.ServletContextHandler@2272c8ce{/executors/heapHistogram,null,AVAILABLE,@Spark}
25/11/23 08:10:01 INFO ContextHandler: Started o.s.j.s.ServletContextHandler@4d2c3845{/executors/heapHistogram/json,null,AVAILABLE,@Spark}
25/11/23 08:10:01 INFO ContextHandler: Started o.s.j.s.ServletContextHandler@571958e7{/static,null,AVAILABLE,@Spark}
25/11/23 08:10:01 INFO ContextHandler: Started o.s.j.s.ServletContextHandler@6aca00bc{/,null,AVAILABLE,@Spark}
25/11/23 08:10:01 INFO ContextHandler: Started o.s.j.s.ServletContextHandler@19727c9f{/api,null,AVAILABLE,@Spark}
25/11/23 08:10:01 INFO ContextHandler: Started o.s.j.s.ServletContextHandler@4531910f{/jobs/job/kill,null,AVAILABLE,@Spark}
25/11/23 08:10:01 INFO ContextHandler: Started o.s.j.s.ServletContextHandler@c95db09{/stages/stage/kill,null,AVAILABLE,@Spark}
25/11/23 08:10:01 INFO ContextHandler: Started o.s.j.s.ServletContextHandler@73631ac6{/metrics/json,null,AVAILABLE,@Spark}
25/11/23 08:10:01 INFO StandaloneSchedulerBackend: SchedulerBackend is ready for scheduling beginning after reached minRegisteredResourcesRatio: 0.0
🚀 Starting Kafka to Delta Lake (Bronze Layer)...
✅ Connected to Kafka
25/11/23 08:10:04 WARN AdminClientConfig: These configurations '[key.deserializer, value.deserializer, enable.auto.commit, max.poll.records, auto.offset.reset]' were supplied but are not used yet.
📊 Found 190 messages in Kafka
25/11/23 08:10:11 WARN AdminClientConfig: These configurations '[key.deserializer, value.deserializer, enable.auto.commit, max.poll.records, auto.offset.reset]' were supplied but are not used yet.
✅ Successfully wrote 190 records to Bronze layer!

📋 Sample of first 5 records:
25/11/23 08:10:13 WARN AdminClientConfig: These configurations '[key.deserializer, value.deserializer, enable.auto.commit, max.poll.records, auto.offset.reset]' were supplied but are not used yet.
+--------+-----------+-------------------+-------+------+
|vente_id|client_nom |produit_nom        |montant|pays  |
+--------+-----------+-------------------+-------+------+
|1       |Paolo Rossi|Ordinateur portable|2699.97|Italie|
|1       |Paolo Rossi|Clavier mecanique  |75.0   |Italie|
|1       |Paolo Rossi|Clavier mecanique  |75.0   |Italie|
|2       |Paolo Rossi|Casque audio       |179.97 |Italie|
|2       |John Smith |Clavier mecanique  |75.0   |UK    |
+--------+-----------+-------------------+-------+------+
only showing top 5 rows

✅ Bronze processing completed successfully!
[2025-11-23T08:10:15.289+0000] {python.py:240} INFO - Done. Returned value was: True
[2025-11-23T08:10:15.311+0000] {taskinstance.py:341} INFO - ::group::Post task execution logs
[2025-11-23T08:10:15.312+0000] {taskinstance.py:353} INFO - Marking task as SUCCESS. dag_id=unified_sales_pipeline, task_id=run_silver_processing, run_id=manual__2025-11-23T08:08:04.307417+00:00, execution_date=20251123T080804, start_date=20251123T080957, end_date=20251123T081015
[2025-11-23T08:10:15.382+0000] {local_task_job_runner.py:266} INFO - Task exited with return code 0
[2025-11-23T08:10:15.407+0000] {taskinstance.py:3901} INFO - 1 downstream tasks scheduled from follow-on schedule check
[2025-11-23T08:10:15.410+0000] {local_task_job_runner.py:245} INFO - ::endgroup::
