[2025-12-14T00:17:15.635+0000] {local_task_job_runner.py:123} INFO - ::group::Pre task execution logs
[2025-12-14T00:17:15.660+0000] {taskinstance.py:2614} INFO - Dependencies all met for dep_context=non-requeueable deps ti=<TaskInstance: unified_sales_pipeline.produce_sales_data manual__2025-12-14T00:15:45.665373+00:00 [queued]>
[2025-12-14T00:17:15.673+0000] {taskinstance.py:2614} INFO - Dependencies all met for dep_context=requeueable deps ti=<TaskInstance: unified_sales_pipeline.produce_sales_data manual__2025-12-14T00:15:45.665373+00:00 [queued]>
[2025-12-14T00:17:15.675+0000] {taskinstance.py:2867} INFO - Starting attempt 1 of 2
[2025-12-14T00:17:15.693+0000] {taskinstance.py:2890} INFO - Executing <Task(PythonOperator): produce_sales_data> on 2025-12-14 00:15:45.665373+00:00
[2025-12-14T00:17:15.701+0000] {warnings.py:112} WARNING - /home/***/.local/lib/python3.12/site-packages/***/task/task_runner/standard_task_runner.py:70: DeprecationWarning: This process (pid=138) is multi-threaded, use of fork() may lead to deadlocks in the child.
  pid = os.fork()

[2025-12-14T00:17:15.703+0000] {standard_task_runner.py:72} INFO - Started process 145 to run task
[2025-12-14T00:17:15.704+0000] {standard_task_runner.py:104} INFO - Running: ['***', 'tasks', 'run', 'unified_sales_pipeline', 'produce_sales_data', 'manual__2025-12-14T00:15:45.665373+00:00', '--job-id', '10', '--raw', '--subdir', 'DAGS_FOLDER/unified_sales_pipeline_dag.py', '--cfg-path', '/tmp/tmpv0kd60s4']
[2025-12-14T00:17:15.706+0000] {standard_task_runner.py:105} INFO - Job 10: Subtask produce_sales_data
[2025-12-14T00:17:15.761+0000] {task_command.py:467} INFO - Running <TaskInstance: unified_sales_pipeline.produce_sales_data manual__2025-12-14T00:15:45.665373+00:00 [running]> on host 6b001e4406b4
[2025-12-14T00:17:15.848+0000] {taskinstance.py:3134} INFO - Exporting env vars: AIRFLOW_CTX_DAG_OWNER='***' AIRFLOW_CTX_DAG_ID='unified_sales_pipeline' AIRFLOW_CTX_TASK_ID='produce_sales_data' AIRFLOW_CTX_EXECUTION_DATE='2025-12-14T00:15:45.665373+00:00' AIRFLOW_CTX_TRY_NUMBER='1' AIRFLOW_CTX_DAG_RUN_ID='manual__2025-12-14T00:15:45.665373+00:00'
[2025-12-14T00:17:15.849+0000] {taskinstance.py:732} INFO - ::endgroup::
[2025-12-14T00:17:15.866+0000] {conn.py:396} INFO - <BrokerConnection client_id=kafka-python-producer-1, node_id=bootstrap-0 host=broker2:19093 <connecting> [IPv4 ('172.18.0.8', 19093)]>: connecting to broker2:19093 [('172.18.0.8', 19093) IPv4]
[2025-12-14T00:17:15.896+0000] {conn.py:618} INFO - <BrokerConnection client_id=kafka-python-producer-1, node_id=bootstrap-0 host=broker2:19093 <checking_api_versions_recv> [IPv4 ('172.18.0.8', 19093)]>: Broker version identified as 2.6
[2025-12-14T00:17:15.897+0000] {conn.py:457} INFO - <BrokerConnection client_id=kafka-python-producer-1, node_id=bootstrap-0 host=broker2:19093 <connected> [IPv4 ('172.18.0.8', 19093)]>: Connection complete.
[2025-12-14T00:17:15.900+0000] {logging_mixin.py:190} INFO - 🚀 Starting Kafka producer...
[2025-12-14T00:17:16.011+0000] {conn.py:396} INFO - <BrokerConnection client_id=kafka-python-producer-1, node_id=3 host=broker3:19094 <connecting> [IPv4 ('172.18.0.7', 19094)]>: connecting to broker3:19094 [('172.18.0.7', 19094) IPv4]
[2025-12-14T00:17:16.012+0000] {conn.py:457} INFO - <BrokerConnection client_id=kafka-python-producer-1, node_id=3 host=broker3:19094 <connected> [IPv4 ('172.18.0.7', 19094)]>: Connection complete.
[2025-12-14T00:17:16.013+0000] {conn.py:945} INFO - <BrokerConnection client_id=kafka-python-producer-1, node_id=bootstrap-0 host=broker2:19093 <connected> [IPv4 ('172.18.0.8', 19093)]>: Closing connection. 
[2025-12-14T00:17:16.101+0000] {cluster.py:316} ERROR - Topic ventes_stream not found in cluster metadata
[2025-12-14T00:17:16.205+0000] {cluster.py:316} ERROR - Topic ventes_stream not found in cluster metadata
[2025-12-14T00:17:16.321+0000] {logging_mixin.py:190} INFO - ✅ Sale 1: Souris sans fil - 25.5€
[2025-12-14T00:17:16.322+0000] {conn.py:396} INFO - <BrokerConnection client_id=kafka-python-producer-1, node_id=1 host=broker1:19092 <connecting> [IPv4 ('172.18.0.3', 19092)]>: connecting to broker1:19092 [('172.18.0.3', 19092) IPv4]
[2025-12-14T00:17:16.323+0000] {conn.py:457} INFO - <BrokerConnection client_id=kafka-python-producer-1, node_id=1 host=broker1:19092 <connected> [IPv4 ('172.18.0.3', 19092)]>: Connection complete.
[2025-12-14T00:17:16.523+0000] {logging_mixin.py:190} INFO - ✅ Sale 2: Souris sans fil - 51.0€
[2025-12-14T00:17:16.525+0000] {conn.py:396} INFO - <BrokerConnection client_id=kafka-python-producer-1, node_id=2 host=broker2:19093 <connecting> [IPv4 ('172.18.0.8', 19093)]>: connecting to broker2:19093 [('172.18.0.8', 19093) IPv4]
[2025-12-14T00:17:16.526+0000] {conn.py:457} INFO - <BrokerConnection client_id=kafka-python-producer-1, node_id=2 host=broker2:19093 <connected> [IPv4 ('172.18.0.8', 19093)]>: Connection complete.
[2025-12-14T00:17:16.724+0000] {logging_mixin.py:190} INFO - ✅ Sale 3: Casque audio - 119.98€
[2025-12-14T00:17:16.926+0000] {logging_mixin.py:190} INFO - ✅ Sale 4: Livre Data Science - 19.99€
[2025-12-14T00:17:17.128+0000] {logging_mixin.py:190} INFO - ✅ Sale 5: Casque audio - 179.97€
[2025-12-14T00:17:17.330+0000] {logging_mixin.py:190} INFO - ✅ Sale 6: Casque audio - 59.99€
[2025-12-14T00:17:17.532+0000] {logging_mixin.py:190} INFO - ✅ Sale 7: Ordinateur portable - 899.99€
[2025-12-14T00:17:17.734+0000] {logging_mixin.py:190} INFO - ✅ Sale 8: Souris sans fil - 25.5€
[2025-12-14T00:17:17.936+0000] {logging_mixin.py:190} INFO - ✅ Sale 9: Souris sans fil - 51.0€
[2025-12-14T00:17:18.138+0000] {logging_mixin.py:190} INFO - ✅ Sale 10: Ordinateur portable - 1799.98€
[2025-12-14T00:17:18.340+0000] {logging_mixin.py:190} INFO - ✅ Sale 11: Ordinateur portable - 1799.98€
[2025-12-14T00:17:18.542+0000] {logging_mixin.py:190} INFO - ✅ Sale 12: Casque audio - 119.98€
[2025-12-14T00:17:18.743+0000] {logging_mixin.py:190} INFO - ✅ Sale 13: Livre Data Science - 19.99€
[2025-12-14T00:17:18.945+0000] {logging_mixin.py:190} INFO - ✅ Sale 14: Livre Data Science - 39.98€
[2025-12-14T00:17:19.147+0000] {logging_mixin.py:190} INFO - ✅ Sale 15: Livre Data Science - 59.97€
[2025-12-14T00:17:19.348+0000] {logging_mixin.py:190} INFO - ✅ Sale 16: Casque audio - 179.97€
[2025-12-14T00:17:19.550+0000] {logging_mixin.py:190} INFO - ✅ Sale 17: Livre Data Science - 59.97€
[2025-12-14T00:17:19.751+0000] {logging_mixin.py:190} INFO - ✅ Sale 18: Casque audio - 179.97€
[2025-12-14T00:17:19.953+0000] {logging_mixin.py:190} INFO - ✅ Sale 19: Ordinateur portable - 1799.98€
[2025-12-14T00:17:20.155+0000] {logging_mixin.py:190} INFO - ✅ Sale 20: Souris sans fil - 25.5€
[2025-12-14T00:17:20.357+0000] {logging_mixin.py:190} INFO - ✅ Sale 21: Souris sans fil - 51.0€
[2025-12-14T00:17:20.559+0000] {logging_mixin.py:190} INFO - ✅ Sale 22: Livre Data Science - 19.99€
[2025-12-14T00:17:20.761+0000] {logging_mixin.py:190} INFO - ✅ Sale 23: Casque audio - 179.97€
[2025-12-14T00:17:20.963+0000] {logging_mixin.py:190} INFO - ✅ Sale 24: Livre Data Science - 59.97€
[2025-12-14T00:17:21.166+0000] {logging_mixin.py:190} INFO - ✅ Sale 25: Livre Data Science - 39.98€
[2025-12-14T00:17:21.367+0000] {logging_mixin.py:190} INFO - ✅ Sale 26: Clavier mecanique - 225.0€
[2025-12-14T00:17:21.569+0000] {logging_mixin.py:190} INFO - ✅ Sale 27: Casque audio - 119.98€
[2025-12-14T00:17:21.770+0000] {logging_mixin.py:190} INFO - ✅ Sale 28: Livre Data Science - 39.98€
[2025-12-14T00:17:21.972+0000] {logging_mixin.py:190} INFO - ✅ Sale 29: Livre Data Science - 59.97€
[2025-12-14T00:17:22.175+0000] {logging_mixin.py:190} INFO - ✅ Sale 30: Ordinateur portable - 899.99€
[2025-12-14T00:17:22.377+0000] {logging_mixin.py:190} INFO - ✅ Sale 31: Ordinateur portable - 899.99€
[2025-12-14T00:17:22.578+0000] {logging_mixin.py:190} INFO - ✅ Sale 32: Livre Data Science - 59.97€
[2025-12-14T00:17:22.780+0000] {logging_mixin.py:190} INFO - ✅ Sale 33: Casque audio - 179.97€
[2025-12-14T00:17:22.982+0000] {logging_mixin.py:190} INFO - ✅ Sale 34: Livre Data Science - 19.99€
[2025-12-14T00:17:23.184+0000] {logging_mixin.py:190} INFO - ✅ Sale 35: Casque audio - 179.97€
[2025-12-14T00:17:23.386+0000] {logging_mixin.py:190} INFO - ✅ Sale 36: Livre Data Science - 59.97€
[2025-12-14T00:17:23.587+0000] {logging_mixin.py:190} INFO - ✅ Sale 37: Clavier mecanique - 75.0€
[2025-12-14T00:17:23.789+0000] {logging_mixin.py:190} INFO - ✅ Sale 38: Clavier mecanique - 150.0€
[2025-12-14T00:17:23.992+0000] {logging_mixin.py:190} INFO - ✅ Sale 39: Casque audio - 119.98€
[2025-12-14T00:17:24.193+0000] {logging_mixin.py:190} INFO - ✅ Sale 40: Casque audio - 179.97€
[2025-12-14T00:17:24.395+0000] {logging_mixin.py:190} INFO - ✅ Sale 41: Souris sans fil - 76.5€
[2025-12-14T00:17:24.597+0000] {logging_mixin.py:190} INFO - ✅ Sale 42: Livre Data Science - 19.99€
[2025-12-14T00:17:24.800+0000] {logging_mixin.py:190} INFO - ✅ Sale 43: Souris sans fil - 76.5€
[2025-12-14T00:17:25.002+0000] {logging_mixin.py:190} INFO - ✅ Sale 44: Livre Data Science - 59.97€
[2025-12-14T00:17:25.204+0000] {logging_mixin.py:190} INFO - ✅ Sale 45: Clavier mecanique - 150.0€
[2025-12-14T00:17:25.408+0000] {logging_mixin.py:190} INFO - ✅ Sale 46: Clavier mecanique - 150.0€
[2025-12-14T00:17:25.610+0000] {logging_mixin.py:190} INFO - ✅ Sale 47: Casque audio - 119.98€
[2025-12-14T00:17:25.812+0000] {logging_mixin.py:190} INFO - ✅ Sale 48: Clavier mecanique - 225.0€
[2025-12-14T00:17:26.014+0000] {logging_mixin.py:190} INFO - ✅ Sale 49: Souris sans fil - 25.5€
[2025-12-14T00:17:26.216+0000] {logging_mixin.py:190} INFO - ✅ Sale 50: Casque audio - 179.97€
[2025-12-14T00:17:26.418+0000] {kafka.py:629} INFO - <KafkaProducer client_id=kafka-python-producer-1 transactional_id=None>: Closing the Kafka producer with 9223372036.0 secs timeout.
[2025-12-14T00:17:26.419+0000] {conn.py:945} INFO - <BrokerConnection client_id=kafka-python-producer-1, node_id=3 host=broker3:19094 <connected> [IPv4 ('172.18.0.7', 19094)]>: Closing connection. 
[2025-12-14T00:17:26.420+0000] {conn.py:945} INFO - <BrokerConnection client_id=kafka-python-producer-1, node_id=1 host=broker1:19092 <connected> [IPv4 ('172.18.0.3', 19092)]>: Closing connection. 
[2025-12-14T00:17:26.421+0000] {conn.py:945} INFO - <BrokerConnection client_id=kafka-python-producer-1, node_id=2 host=broker2:19093 <connected> [IPv4 ('172.18.0.8', 19093)]>: Closing connection. 
[2025-12-14T00:17:26.422+0000] {logging_mixin.py:190} INFO - ✅ Production completed: 50 sales sent to Kafka topic 'ventes_stream'
[2025-12-14T00:17:26.423+0000] {python.py:240} INFO - Done. Returned value was: None
[2025-12-14T00:17:26.436+0000] {taskinstance.py:341} INFO - ::group::Post task execution logs
[2025-12-14T00:17:26.437+0000] {taskinstance.py:353} INFO - Marking task as SUCCESS. dag_id=unified_sales_pipeline, task_id=produce_sales_data, run_id=manual__2025-12-14T00:15:45.665373+00:00, execution_date=20251214T001545, start_date=20251214T001715, end_date=20251214T001726
[2025-12-14T00:17:26.477+0000] {local_task_job_runner.py:266} INFO - Task exited with return code 0
[2025-12-14T00:17:26.517+0000] {taskinstance.py:3901} INFO - 1 downstream tasks scheduled from follow-on schedule check
[2025-12-14T00:17:26.520+0000] {local_task_job_runner.py:245} INFO - ::endgroup::
