[2025-12-15T06:02:52.750+0000] {local_task_job_runner.py:123} INFO - ::group::Pre task execution logs
[2025-12-15T06:02:52.770+0000] {taskinstance.py:2614} INFO - Dependencies all met for dep_context=non-requeueable deps ti=<TaskInstance: unified_sales_pipeline.produce_sales_data manual__2025-12-14T00:15:45.665373+00:00 [queued]>
[2025-12-15T06:02:52.779+0000] {taskinstance.py:2614} INFO - Dependencies all met for dep_context=requeueable deps ti=<TaskInstance: unified_sales_pipeline.produce_sales_data manual__2025-12-14T00:15:45.665373+00:00 [queued]>
[2025-12-15T06:02:52.779+0000] {taskinstance.py:2867} INFO - Starting attempt 2 of 3
[2025-12-15T06:02:52.793+0000] {taskinstance.py:2890} INFO - Executing <Task(PythonOperator): produce_sales_data> on 2025-12-14 00:15:45.665373+00:00
[2025-12-15T06:02:52.802+0000] {warnings.py:112} WARNING - /home/***/.local/lib/python3.12/site-packages/***/task/task_runner/standard_task_runner.py:70: DeprecationWarning: This process (pid=544) is multi-threaded, use of fork() may lead to deadlocks in the child.
  pid = os.fork()

[2025-12-15T06:02:52.805+0000] {standard_task_runner.py:72} INFO - Started process 545 to run task
[2025-12-15T06:02:52.804+0000] {standard_task_runner.py:104} INFO - Running: ['***', 'tasks', 'run', 'unified_sales_pipeline', 'produce_sales_data', 'manual__2025-12-14T00:15:45.665373+00:00', '--job-id', '133', '--raw', '--subdir', 'DAGS_FOLDER/unified_sales_pipeline_dag.py', '--cfg-path', '/tmp/tmptmzzj2xp']
[2025-12-15T06:02:52.806+0000] {standard_task_runner.py:105} INFO - Job 133: Subtask produce_sales_data
[2025-12-15T06:02:52.865+0000] {task_command.py:467} INFO - Running <TaskInstance: unified_sales_pipeline.produce_sales_data manual__2025-12-14T00:15:45.665373+00:00 [running]> on host f7434449c2ca
[2025-12-15T06:02:52.966+0000] {taskinstance.py:3134} INFO - Exporting env vars: AIRFLOW_CTX_DAG_OWNER='***' AIRFLOW_CTX_DAG_ID='unified_sales_pipeline' AIRFLOW_CTX_TASK_ID='produce_sales_data' AIRFLOW_CTX_EXECUTION_DATE='2025-12-14T00:15:45.665373+00:00' AIRFLOW_CTX_TRY_NUMBER='2' AIRFLOW_CTX_DAG_RUN_ID='manual__2025-12-14T00:15:45.665373+00:00'
[2025-12-15T06:02:52.967+0000] {taskinstance.py:732} INFO - ::endgroup::
[2025-12-15T06:02:52.982+0000] {conn.py:396} INFO - <BrokerConnection client_id=kafka-python-producer-1, node_id=bootstrap-2 host=broker1:19092 <connecting> [IPv4 ('172.18.0.8', 19092)]>: connecting to broker1:19092 [('172.18.0.8', 19092) IPv4]
[2025-12-15T06:02:52.986+0000] {conn.py:618} INFO - <BrokerConnection client_id=kafka-python-producer-1, node_id=bootstrap-2 host=broker1:19092 <checking_api_versions_recv> [IPv4 ('172.18.0.8', 19092)]>: Broker version identified as 2.6
[2025-12-15T06:02:52.987+0000] {conn.py:457} INFO - <BrokerConnection client_id=kafka-python-producer-1, node_id=bootstrap-2 host=broker1:19092 <connected> [IPv4 ('172.18.0.8', 19092)]>: Connection complete.
[2025-12-15T06:02:52.991+0000] {logging_mixin.py:190} INFO - 🚀 Starting Kafka producer...
[2025-12-15T06:02:53.093+0000] {conn.py:396} INFO - <BrokerConnection client_id=kafka-python-producer-1, node_id=1 host=broker1:19092 <connecting> [IPv4 ('172.18.0.8', 19092)]>: connecting to broker1:19092 [('172.18.0.8', 19092) IPv4]
[2025-12-15T06:02:53.095+0000] {conn.py:457} INFO - <BrokerConnection client_id=kafka-python-producer-1, node_id=1 host=broker1:19092 <connected> [IPv4 ('172.18.0.8', 19092)]>: Connection complete.
[2025-12-15T06:02:53.095+0000] {conn.py:945} INFO - <BrokerConnection client_id=kafka-python-producer-1, node_id=bootstrap-2 host=broker1:19092 <connected> [IPv4 ('172.18.0.8', 19092)]>: Closing connection. 
[2025-12-15T06:02:53.099+0000] {logging_mixin.py:190} INFO - ✅ Sale 1: Casque audio - 179.97€
[2025-12-15T06:02:53.301+0000] {logging_mixin.py:190} INFO - ✅ Sale 2: Clavier mecanique - 225.0€
[2025-12-15T06:02:53.503+0000] {logging_mixin.py:190} INFO - ✅ Sale 3: Casque audio - 59.99€
[2025-12-15T06:02:53.503+0000] {conn.py:396} INFO - <BrokerConnection client_id=kafka-python-producer-1, node_id=2 host=broker2:19093 <connecting> [IPv4 ('172.18.0.5', 19093)]>: connecting to broker2:19093 [('172.18.0.5', 19093) IPv4]
[2025-12-15T06:02:53.505+0000] {conn.py:457} INFO - <BrokerConnection client_id=kafka-python-producer-1, node_id=2 host=broker2:19093 <connected> [IPv4 ('172.18.0.5', 19093)]>: Connection complete.
[2025-12-15T06:02:53.704+0000] {logging_mixin.py:190} INFO - ✅ Sale 4: Ordinateur portable - 2699.97€
[2025-12-15T06:02:53.705+0000] {conn.py:396} INFO - <BrokerConnection client_id=kafka-python-producer-1, node_id=3 host=broker3:19094 <connecting> [IPv4 ('172.18.0.4', 19094)]>: connecting to broker3:19094 [('172.18.0.4', 19094) IPv4]
[2025-12-15T06:02:53.707+0000] {conn.py:457} INFO - <BrokerConnection client_id=kafka-python-producer-1, node_id=3 host=broker3:19094 <connected> [IPv4 ('172.18.0.4', 19094)]>: Connection complete.
[2025-12-15T06:02:53.906+0000] {logging_mixin.py:190} INFO - ✅ Sale 5: Ordinateur portable - 1799.98€
[2025-12-15T06:02:54.109+0000] {logging_mixin.py:190} INFO - ✅ Sale 6: Ordinateur portable - 1799.98€
[2025-12-15T06:02:54.311+0000] {logging_mixin.py:190} INFO - ✅ Sale 7: Livre Data Science - 39.98€
[2025-12-15T06:02:54.514+0000] {logging_mixin.py:190} INFO - ✅ Sale 8: Casque audio - 179.97€
[2025-12-15T06:02:54.716+0000] {logging_mixin.py:190} INFO - ✅ Sale 9: Ordinateur portable - 2699.97€
[2025-12-15T06:02:54.920+0000] {logging_mixin.py:190} INFO - ✅ Sale 10: Livre Data Science - 19.99€
[2025-12-15T06:02:55.122+0000] {logging_mixin.py:190} INFO - ✅ Sale 11: Souris sans fil - 76.5€
[2025-12-15T06:02:55.325+0000] {logging_mixin.py:190} INFO - ✅ Sale 12: Ordinateur portable - 899.99€
[2025-12-15T06:02:55.527+0000] {logging_mixin.py:190} INFO - ✅ Sale 13: Clavier mecanique - 75.0€
[2025-12-15T06:02:55.729+0000] {logging_mixin.py:190} INFO - ✅ Sale 14: Ordinateur portable - 899.99€
[2025-12-15T06:02:55.931+0000] {logging_mixin.py:190} INFO - ✅ Sale 15: Casque audio - 119.98€
[2025-12-15T06:02:56.134+0000] {logging_mixin.py:190} INFO - ✅ Sale 16: Clavier mecanique - 225.0€
[2025-12-15T06:02:56.336+0000] {logging_mixin.py:190} INFO - ✅ Sale 17: Ordinateur portable - 1799.98€
[2025-12-15T06:02:56.539+0000] {logging_mixin.py:190} INFO - ✅ Sale 18: Ordinateur portable - 899.99€
[2025-12-15T06:02:56.742+0000] {logging_mixin.py:190} INFO - ✅ Sale 19: Ordinateur portable - 2699.97€
[2025-12-15T06:02:56.944+0000] {logging_mixin.py:190} INFO - ✅ Sale 20: Casque audio - 59.99€
[2025-12-15T06:02:57.145+0000] {logging_mixin.py:190} INFO - ✅ Sale 21: Clavier mecanique - 150.0€
[2025-12-15T06:02:57.347+0000] {logging_mixin.py:190} INFO - ✅ Sale 22: Souris sans fil - 25.5€
[2025-12-15T06:02:57.549+0000] {logging_mixin.py:190} INFO - ✅ Sale 23: Souris sans fil - 25.5€
[2025-12-15T06:02:57.752+0000] {logging_mixin.py:190} INFO - ✅ Sale 24: Livre Data Science - 19.99€
[2025-12-15T06:02:57.954+0000] {logging_mixin.py:190} INFO - ✅ Sale 25: Livre Data Science - 19.99€
[2025-12-15T06:02:58.156+0000] {logging_mixin.py:190} INFO - ✅ Sale 26: Clavier mecanique - 150.0€
[2025-12-15T06:02:58.361+0000] {logging_mixin.py:190} INFO - ✅ Sale 27: Clavier mecanique - 75.0€
[2025-12-15T06:02:58.561+0000] {logging_mixin.py:190} INFO - ✅ Sale 28: Casque audio - 59.99€
[2025-12-15T06:02:58.763+0000] {logging_mixin.py:190} INFO - ✅ Sale 29: Casque audio - 179.97€
[2025-12-15T06:02:58.965+0000] {logging_mixin.py:190} INFO - ✅ Sale 30: Livre Data Science - 59.97€
[2025-12-15T06:02:59.167+0000] {logging_mixin.py:190} INFO - ✅ Sale 31: Casque audio - 119.98€
[2025-12-15T06:02:59.369+0000] {logging_mixin.py:190} INFO - ✅ Sale 32: Souris sans fil - 76.5€
[2025-12-15T06:02:59.570+0000] {logging_mixin.py:190} INFO - ✅ Sale 33: Ordinateur portable - 2699.97€
[2025-12-15T06:02:59.773+0000] {logging_mixin.py:190} INFO - ✅ Sale 34: Clavier mecanique - 75.0€
[2025-12-15T06:02:59.975+0000] {logging_mixin.py:190} INFO - ✅ Sale 35: Ordinateur portable - 1799.98€
[2025-12-15T06:03:00.177+0000] {logging_mixin.py:190} INFO - ✅ Sale 36: Ordinateur portable - 899.99€
[2025-12-15T06:03:00.380+0000] {logging_mixin.py:190} INFO - ✅ Sale 37: Souris sans fil - 76.5€
[2025-12-15T06:03:00.583+0000] {logging_mixin.py:190} INFO - ✅ Sale 38: Clavier mecanique - 75.0€
[2025-12-15T06:03:00.785+0000] {logging_mixin.py:190} INFO - ✅ Sale 39: Casque audio - 59.99€
[2025-12-15T06:03:00.988+0000] {logging_mixin.py:190} INFO - ✅ Sale 40: Clavier mecanique - 150.0€
[2025-12-15T06:03:01.190+0000] {logging_mixin.py:190} INFO - ✅ Sale 41: Souris sans fil - 51.0€
[2025-12-15T06:03:01.393+0000] {logging_mixin.py:190} INFO - ✅ Sale 42: Livre Data Science - 19.99€
[2025-12-15T06:03:01.595+0000] {logging_mixin.py:190} INFO - ✅ Sale 43: Casque audio - 179.97€
[2025-12-15T06:03:01.797+0000] {logging_mixin.py:190} INFO - ✅ Sale 44: Casque audio - 179.97€
[2025-12-15T06:03:02.000+0000] {logging_mixin.py:190} INFO - ✅ Sale 45: Casque audio - 179.97€
[2025-12-15T06:03:02.203+0000] {logging_mixin.py:190} INFO - ✅ Sale 46: Clavier mecanique - 150.0€
[2025-12-15T06:03:02.405+0000] {logging_mixin.py:190} INFO - ✅ Sale 47: Clavier mecanique - 225.0€
[2025-12-15T06:03:02.607+0000] {logging_mixin.py:190} INFO - ✅ Sale 48: Casque audio - 119.98€
[2025-12-15T06:03:02.809+0000] {logging_mixin.py:190} INFO - ✅ Sale 49: Clavier mecanique - 75.0€
[2025-12-15T06:03:03.010+0000] {logging_mixin.py:190} INFO - ✅ Sale 50: Livre Data Science - 19.99€
[2025-12-15T06:03:03.213+0000] {kafka.py:629} INFO - <KafkaProducer client_id=kafka-python-producer-1 transactional_id=None>: Closing the Kafka producer with 9223372036.0 secs timeout.
[2025-12-15T06:03:03.216+0000] {conn.py:945} INFO - <BrokerConnection client_id=kafka-python-producer-1, node_id=1 host=broker1:19092 <connected> [IPv4 ('172.18.0.8', 19092)]>: Closing connection. 
[2025-12-15T06:03:03.218+0000] {conn.py:945} INFO - <BrokerConnection client_id=kafka-python-producer-1, node_id=2 host=broker2:19093 <connected> [IPv4 ('172.18.0.5', 19093)]>: Closing connection. 
[2025-12-15T06:03:03.219+0000] {conn.py:945} INFO - <BrokerConnection client_id=kafka-python-producer-1, node_id=3 host=broker3:19094 <connected> [IPv4 ('172.18.0.4', 19094)]>: Closing connection. 
[2025-12-15T06:03:03.223+0000] {logging_mixin.py:190} INFO - ✅ Production completed: 50 sales sent to Kafka topic 'ventes_stream'
[2025-12-15T06:03:03.224+0000] {python.py:240} INFO - Done. Returned value was: None
[2025-12-15T06:03:03.254+0000] {taskinstance.py:341} INFO - ::group::Post task execution logs
[2025-12-15T06:03:03.256+0000] {taskinstance.py:353} INFO - Marking task as SUCCESS. dag_id=unified_sales_pipeline, task_id=produce_sales_data, run_id=manual__2025-12-14T00:15:45.665373+00:00, execution_date=20251214T001545, start_date=20251215T060252, end_date=20251215T060303
[2025-12-15T06:03:03.364+0000] {local_task_job_runner.py:266} INFO - Task exited with return code 0
[2025-12-15T06:03:03.440+0000] {taskinstance.py:3901} INFO - 1 downstream tasks scheduled from follow-on schedule check
[2025-12-15T06:03:03.444+0000] {local_task_job_runner.py:245} INFO - ::endgroup::
