[2025-12-16T03:02:10.463+0000] {local_task_job_runner.py:123} INFO - ::group::Pre task execution logs
[2025-12-16T03:02:10.481+0000] {taskinstance.py:2614} INFO - Dependencies all met for dep_context=non-requeueable deps ti=<TaskInstance: unified_sales_pipeline.run_silver_processing manual__2025-12-16T02:44:32.326167+00:00 [queued]>
[2025-12-16T03:02:10.492+0000] {taskinstance.py:2614} INFO - Dependencies all met for dep_context=requeueable deps ti=<TaskInstance: unified_sales_pipeline.run_silver_processing manual__2025-12-16T02:44:32.326167+00:00 [queued]>
[2025-12-16T03:02:10.493+0000] {taskinstance.py:2867} INFO - Starting attempt 1 of 2
[2025-12-16T03:02:10.506+0000] {taskinstance.py:2890} INFO - Executing <Task(PythonOperator): run_silver_processing> on 2025-12-16 02:44:32.326167+00:00
[2025-12-16T03:02:10.513+0000] {warnings.py:112} WARNING - /home/***/.local/lib/python3.12/site-packages/***/task/task_runner/standard_task_runner.py:70: DeprecationWarning: This process (pid=151) is multi-threaded, use of fork() may lead to deadlocks in the child.
  pid = os.fork()

[2025-12-16T03:02:10.514+0000] {standard_task_runner.py:72} INFO - Started process 152 to run task
[2025-12-16T03:02:10.514+0000] {standard_task_runner.py:104} INFO - Running: ['***', 'tasks', 'run', 'unified_sales_pipeline', 'run_silver_processing', 'manual__2025-12-16T02:44:32.326167+00:00', '--job-id', '69', '--raw', '--subdir', 'DAGS_FOLDER/unified_sales_pipeline_dag.py', '--cfg-path', '/tmp/tmpu32pd8ki']
[2025-12-16T03:02:10.516+0000] {standard_task_runner.py:105} INFO - Job 69: Subtask run_silver_processing
[2025-12-16T03:02:10.559+0000] {task_command.py:467} INFO - Running <TaskInstance: unified_sales_pipeline.run_silver_processing manual__2025-12-16T02:44:32.326167+00:00 [running]> on host 0f62de6a8431
[2025-12-16T03:02:10.630+0000] {taskinstance.py:3134} INFO - Exporting env vars: AIRFLOW_CTX_DAG_OWNER='***' AIRFLOW_CTX_DAG_ID='unified_sales_pipeline' AIRFLOW_CTX_TASK_ID='run_silver_processing' AIRFLOW_CTX_EXECUTION_DATE='2025-12-16T02:44:32.326167+00:00' AIRFLOW_CTX_TRY_NUMBER='1' AIRFLOW_CTX_DAG_RUN_ID='manual__2025-12-16T02:44:32.326167+00:00'
[2025-12-16T03:02:10.631+0000] {taskinstance.py:732} INFO - ::endgroup::
[2025-12-16T03:02:10.644+0000] {logging_mixin.py:190} INFO - 🚀 Submitting Silver Spark job: docker exec spark-master spark-submit --master spark://spark-master:7077 --jars /opt/spark/jars/delta-spark_2.12-3.2.0.jar,/opt/spark/jars/delta-storage-3.2.0.jar,/opt/spark/jars/spark-sql-kafka-0-10_2.12-3.5.0.jar,/opt/spark/jars/spark-token-provider-kafka-0-10_2.12-3.5.0.jar,/opt/spark/jars/kafka-clients-3.4.1.jar,/opt/spark/jars/commons-pool2-2.11.1.jar --conf spark.sql.extensions=io.delta.sql.DeltaSparkSessionExtension --conf spark.sql.catalog.spark_catalog=org.apache.spark.sql.delta.catalog.DeltaCatalog --conf spark.driver.memory=1g --conf spark.executor.memory=1g /app/dags/bronze_to_silver.py
[2025-12-16T03:03:30.206+0000] {logging_mixin.py:190} INFO - 🔍 Return code: 0
[2025-12-16T03:03:30.207+0000] {logging_mixin.py:190} INFO - ================================================================================
[2025-12-16T03:03:30.208+0000] {logging_mixin.py:190} INFO - STDOUT FULL (last 2000 chars):
[2025-12-16T03:03:30.208+0000] {logging_mixin.py:190} INFO - ================================================================================
[2025-12-16T03:03:30.209+0000] {logging_mixin.py:190} INFO - | 459.77

Legend: Category | Revenue (€)

================================================================================
📊 📈 TOP 5 PRODUCTS BY REVENUE
================================================================================
Ordinateur portable  | ██████████████████████████████████████████████████ | 14,399.84
Casque audio         | █████                                              | 1,619.73
Clavier mecanique    | █████                                              | 1,575.00
Livre Data Science   | █                                                  | 459.77
Souris sans fil      | █                                                  | 306.00

Legend: Product | Revenue (€)

================================================================================
📊 📈 HOURLY SALES DISTRIBUTION
================================================================================
Hour 3               | ██████████████████████████████████████████████████ | 18,360.34

Legend: Hour | Revenue (€)
💾 Written to /tmp/delta/silver/ventes_clean
💾 Written to /tmp/delta/silver/ventes_aggreges
💾 Written to /tmp/delta/silver/top_produits
💾 Written to /tmp/delta/silver/hourly_sales

================================================================================
📊 FINAL VERIFICATION
================================================================================
  Silver Clean              |     50 records | ✅ SUCCESS
  Aggregated View           |     10 records | ✅ SUCCESS
  Top Products              |      5 records | ✅ SUCCESS
  Hourly Sales              |      1 records | ✅ SUCCESS

================================================================================
⏱ PERFORMANCE METRICS
================================================================================
Total execution time : 76.29 seconds
Bronze          | 50 records
Silver          | 50 records
Aggregated      | 10 records
================================================================================

🔚 Spark session stopped
[2025-12-16T03:03:30.209+0000] {logging_mixin.py:190} INFO - ================================================================================
[2025-12-16T03:03:30.210+0000] {logging_mixin.py:190} INFO - ✅ Silver Spark job completed successfully (return code 0)
[2025-12-16T03:03:30.210+0000] {python.py:240} INFO - Done. Returned value was: True
[2025-12-16T03:03:30.228+0000] {taskinstance.py:341} INFO - ::group::Post task execution logs
[2025-12-16T03:03:30.229+0000] {taskinstance.py:353} INFO - Marking task as SUCCESS. dag_id=unified_sales_pipeline, task_id=run_silver_processing, run_id=manual__2025-12-16T02:44:32.326167+00:00, execution_date=20251216T024432, start_date=20251216T030210, end_date=20251216T030330
[2025-12-16T03:03:30.280+0000] {local_task_job_runner.py:266} INFO - Task exited with return code 0
[2025-12-16T03:03:30.302+0000] {taskinstance.py:3901} INFO - 1 downstream tasks scheduled from follow-on schedule check
[2025-12-16T03:03:30.305+0000] {local_task_job_runner.py:245} INFO - ::endgroup::
