[2025-12-14T07:13:54.716+0000] {local_task_job_runner.py:123} INFO - ::group::Pre task execution logs
[2025-12-14T07:13:54.740+0000] {taskinstance.py:2614} INFO - Dependencies all met for dep_context=non-requeueable deps ti=<TaskInstance: unified_sales_pipeline.check_bronze_data_ready manual__2025-12-14T07:12:07.917761+00:00 [queued]>
[2025-12-14T07:13:54.754+0000] {taskinstance.py:2614} INFO - Dependencies all met for dep_context=requeueable deps ti=<TaskInstance: unified_sales_pipeline.check_bronze_data_ready manual__2025-12-14T07:12:07.917761+00:00 [queued]>
[2025-12-14T07:13:54.755+0000] {taskinstance.py:2867} INFO - Starting attempt 1 of 2
[2025-12-14T07:13:54.770+0000] {taskinstance.py:2890} INFO - Executing <Task(PythonSensor): check_bronze_data_ready> on 2025-12-14 07:12:07.917761+00:00
[2025-12-14T07:13:54.778+0000] {warnings.py:112} WARNING - /home/***/.local/lib/python3.12/site-packages/***/task/task_runner/standard_task_runner.py:70: DeprecationWarning: This process (pid=191) is multi-threaded, use of fork() may lead to deadlocks in the child.
  pid = os.fork()

[2025-12-14T07:13:54.779+0000] {standard_task_runner.py:72} INFO - Started process 192 to run task
[2025-12-14T07:13:54.780+0000] {standard_task_runner.py:104} INFO - Running: ['***', 'tasks', 'run', 'unified_sales_pipeline', 'check_bronze_data_ready', 'manual__2025-12-14T07:12:07.917761+00:00', '--job-id', '70', '--raw', '--subdir', 'DAGS_FOLDER/unified_sales_pipeline_dag.py', '--cfg-path', '/tmp/tmpp9s95gl3']
[2025-12-14T07:13:54.781+0000] {standard_task_runner.py:105} INFO - Job 70: Subtask check_bronze_data_ready
[2025-12-14T07:13:54.828+0000] {task_command.py:467} INFO - Running <TaskInstance: unified_sales_pipeline.check_bronze_data_ready manual__2025-12-14T07:12:07.917761+00:00 [running]> on host ac4bc61bdcd0
[2025-12-14T07:13:54.916+0000] {taskinstance.py:3134} INFO - Exporting env vars: AIRFLOW_CTX_DAG_OWNER='***' AIRFLOW_CTX_DAG_ID='unified_sales_pipeline' AIRFLOW_CTX_TASK_ID='check_bronze_data_ready' AIRFLOW_CTX_EXECUTION_DATE='2025-12-14T07:12:07.917761+00:00' AIRFLOW_CTX_TRY_NUMBER='1' AIRFLOW_CTX_DAG_RUN_ID='manual__2025-12-14T07:12:07.917761+00:00'
[2025-12-14T07:13:54.917+0000] {taskinstance.py:732} INFO - ::endgroup::
[2025-12-14T07:13:54.938+0000] {python.py:75} INFO - Poking callable: <function check_bronze_data_exists at 0x7f2767d64c20>
[2025-12-14T07:13:54.946+0000] {logging_mixin.py:190} INFO - ✅ Bronze data available
[2025-12-14T07:13:54.946+0000] {base.py:339} INFO - Success criteria met. Exiting.
[2025-12-14T07:13:54.955+0000] {taskinstance.py:341} INFO - ::group::Post task execution logs
[2025-12-14T07:13:54.956+0000] {taskinstance.py:353} INFO - Marking task as SUCCESS. dag_id=unified_sales_pipeline, task_id=check_bronze_data_ready, run_id=manual__2025-12-14T07:12:07.917761+00:00, execution_date=20251214T071207, start_date=20251214T071354, end_date=20251214T071354
[2025-12-14T07:13:54.995+0000] {local_task_job_runner.py:266} INFO - Task exited with return code 0
[2025-12-14T07:13:55.023+0000] {taskinstance.py:3901} INFO - 1 downstream tasks scheduled from follow-on schedule check
[2025-12-14T07:13:55.026+0000] {local_task_job_runner.py:245} INFO - ::endgroup::
