[2025-12-16T03:04:25.921+0000] {local_task_job_runner.py:123} INFO - ::group::Pre task execution logs
[2025-12-16T03:04:25.940+0000] {taskinstance.py:2614} INFO - Dependencies all met for dep_context=non-requeueable deps ti=<TaskInstance: unified_sales_pipeline.run_bronze_processing manual__2025-12-16T03:04:12.084554+00:00 [queued]>
[2025-12-16T03:04:25.950+0000] {taskinstance.py:2614} INFO - Dependencies all met for dep_context=requeueable deps ti=<TaskInstance: unified_sales_pipeline.run_bronze_processing manual__2025-12-16T03:04:12.084554+00:00 [queued]>
[2025-12-16T03:04:25.951+0000] {taskinstance.py:2867} INFO - Starting attempt 1 of 2
[2025-12-16T03:04:25.965+0000] {taskinstance.py:2890} INFO - Executing <Task(PythonOperator): run_bronze_processing> on 2025-12-16 03:04:12.084554+00:00
[2025-12-16T03:04:25.972+0000] {warnings.py:112} WARNING - /home/***/.local/lib/python3.12/site-packages/***/task/task_runner/standard_task_runner.py:70: DeprecationWarning: This process (pid=212) is multi-threaded, use of fork() may lead to deadlocks in the child.
  pid = os.fork()

[2025-12-16T03:04:25.975+0000] {standard_task_runner.py:104} INFO - Running: ['***', 'tasks', 'run', 'unified_sales_pipeline', 'run_bronze_processing', 'manual__2025-12-16T03:04:12.084554+00:00', '--job-id', '74', '--raw', '--subdir', 'DAGS_FOLDER/unified_sales_pipeline_dag.py', '--cfg-path', '/tmp/tmpk1pcjjxy']
[2025-12-16T03:04:25.975+0000] {standard_task_runner.py:72} INFO - Started process 213 to run task
[2025-12-16T03:04:25.976+0000] {standard_task_runner.py:105} INFO - Job 74: Subtask run_bronze_processing
[2025-12-16T03:04:26.027+0000] {task_command.py:467} INFO - Running <TaskInstance: unified_sales_pipeline.run_bronze_processing manual__2025-12-16T03:04:12.084554+00:00 [running]> on host 0f62de6a8431
[2025-12-16T03:04:26.108+0000] {taskinstance.py:3134} INFO - Exporting env vars: AIRFLOW_CTX_DAG_OWNER='***' AIRFLOW_CTX_DAG_ID='unified_sales_pipeline' AIRFLOW_CTX_TASK_ID='run_bronze_processing' AIRFLOW_CTX_EXECUTION_DATE='2025-12-16T03:04:12.084554+00:00' AIRFLOW_CTX_TRY_NUMBER='1' AIRFLOW_CTX_DAG_RUN_ID='manual__2025-12-16T03:04:12.084554+00:00'
[2025-12-16T03:04:26.110+0000] {taskinstance.py:732} INFO - ::endgroup::
[2025-12-16T03:04:26.125+0000] {logging_mixin.py:190} INFO - 🚀 Submitting Bronze Spark job: docker exec spark-master spark-submit --master spark://spark-master:7077 --jars /opt/spark/jars/delta-spark_2.12-3.2.0.jar,/opt/spark/jars/delta-storage-3.2.0.jar,/opt/spark/jars/spark-sql-kafka-0-10_2.12-3.5.0.jar,/opt/spark/jars/spark-token-provider-kafka-0-10_2.12-3.5.0.jar,/opt/spark/jars/kafka-clients-3.4.1.jar,/opt/spark/jars/commons-pool2-2.11.1.jar --conf spark.sql.extensions=io.delta.sql.DeltaSparkSessionExtension --conf spark.sql.catalog.spark_catalog=org.apache.spark.sql.delta.catalog.DeltaCatalog --conf spark.driver.memory=1g --conf spark.executor.memory=1g /app/dags/spark_streaming_delta.py
[2025-12-16T03:04:52.413+0000] {logging_mixin.py:190} INFO - 🔍 Return code: 0
[2025-12-16T03:04:52.414+0000] {logging_mixin.py:190} INFO - ================================================================================
[2025-12-16T03:04:52.414+0000] {logging_mixin.py:190} INFO - STDOUT FULL (last 2000 chars):
[2025-12-16T03:04:52.415+0000] {logging_mixin.py:190} INFO - ================================================================================
[2025-12-16T03:04:52.415+0000] {logging_mixin.py:190} INFO - ng setting permissions for /tmp/delta/bronze/ventes_stream: [Errno 1] Operation not permitted: '/tmp'
⚠️ Warning setting permissions for /tmp/delta: [Errno 1] Operation not permitted: '/tmp'
⚠️ Warning setting permissions for /tmp/delta/bronze: [Errno 1] Operation not permitted: '/tmp'
🔌 Connecting to Kafka...
✅ Connected to Kafka
25/12/16 03:04:33 WARN AdminClientConfig: These configurations '[key.deserializer, value.deserializer, enable.auto.commit, max.poll.records, auto.offset.reset]' were supplied but are not used yet.
📊 Found 100 messages in Kafka
📝 Writing to: /tmp/delta/bronze/ventes_stream
25/12/16 03:04:40 WARN AdminClientConfig: These configurations '[key.deserializer, value.deserializer, enable.auto.commit, max.poll.records, auto.offset.reset]' were supplied but are not used yet.
✅ Successfully wrote 100 records to Bronze layer!

📋 Sample of first 5 records:
25/12/16 03:04:46 WARN AdminClientConfig: These configurations '[key.deserializer, value.deserializer, enable.auto.commit, max.poll.records, auto.offset.reset]' were supplied but are not used yet.
+--------+------------+-------------------+-------+---------+
|vente_id|client_nom  |produit_nom        |montant|pays     |
+--------+------------+-------------------+-------+---------+
|2       |Jean Dupont |Souris sans fil    |76.5   |France   |
|4       |Paolo Rossi |Ordinateur portable|2699.97|Italie   |
|11      |Paolo Rossi |Ordinateur portable|899.99 |Italie   |
|14      |Jean Dupont |Livre Data Science |19.99  |France   |
|18      |Anna Mueller|Clavier mecanique  |225.0  |Allemagne|
+--------+------------+-------------------+-------+---------+
only showing top 5 rows

25/12/16 03:04:47 WARN SparkStringUtils: Truncated the string representation of a plan since it was too large. This behavior can be adjusted by setting 'spark.sql.debug.maxToStringFields'.
✅ Verification: Read back 100 records from Delta table
🎉 Data integrity verified!
✅ Bronze processing completed successfully!
Spark session stopped
[2025-12-16T03:04:52.415+0000] {logging_mixin.py:190} INFO - ================================================================================
[2025-12-16T03:04:52.416+0000] {logging_mixin.py:190} INFO - ✅ Bronze Spark job completed successfully (return code 0)
[2025-12-16T03:04:52.416+0000] {python.py:240} INFO - Done. Returned value was: True
[2025-12-16T03:04:52.435+0000] {taskinstance.py:341} INFO - ::group::Post task execution logs
[2025-12-16T03:04:52.436+0000] {taskinstance.py:353} INFO - Marking task as SUCCESS. dag_id=unified_sales_pipeline, task_id=run_bronze_processing, run_id=manual__2025-12-16T03:04:12.084554+00:00, execution_date=20251216T030412, start_date=20251216T030425, end_date=20251216T030452
[2025-12-16T03:04:52.492+0000] {local_task_job_runner.py:266} INFO - Task exited with return code 0
[2025-12-16T03:04:52.515+0000] {taskinstance.py:3901} INFO - 1 downstream tasks scheduled from follow-on schedule check
[2025-12-16T03:04:52.519+0000] {local_task_job_runner.py:245} INFO - ::endgroup::
