[2025-12-14T08:40:29.753+0000] {local_task_job_runner.py:123} INFO - ::group::Pre task execution logs
[2025-12-14T08:40:29.769+0000] {taskinstance.py:2614} INFO - Dependencies all met for dep_context=non-requeueable deps ti=<TaskInstance: unified_sales_pipeline.produce_sales_data manual__2025-12-14T08:37:19.993220+00:00 [queued]>
[2025-12-14T08:40:29.778+0000] {taskinstance.py:2614} INFO - Dependencies all met for dep_context=requeueable deps ti=<TaskInstance: unified_sales_pipeline.produce_sales_data manual__2025-12-14T08:37:19.993220+00:00 [queued]>
[2025-12-14T08:40:29.778+0000] {taskinstance.py:2867} INFO - Starting attempt 1 of 2
[2025-12-14T08:40:29.790+0000] {taskinstance.py:2890} INFO - Executing <Task(PythonOperator): produce_sales_data> on 2025-12-14 08:37:19.993220+00:00
[2025-12-14T08:40:29.796+0000] {warnings.py:112} WARNING - /home/***/.local/lib/python3.12/site-packages/***/task/task_runner/standard_task_runner.py:70: DeprecationWarning: This process (pid=207) is multi-threaded, use of fork() may lead to deadlocks in the child.
  pid = os.fork()

[2025-12-14T08:40:29.798+0000] {standard_task_runner.py:72} INFO - Started process 208 to run task
[2025-12-14T08:40:29.798+0000] {standard_task_runner.py:104} INFO - Running: ['***', 'tasks', 'run', 'unified_sales_pipeline', 'produce_sales_data', 'manual__2025-12-14T08:37:19.993220+00:00', '--job-id', '104', '--raw', '--subdir', 'DAGS_FOLDER/unified_sales_pipeline_dag.py', '--cfg-path', '/tmp/tmpobjxc9x8']
[2025-12-14T08:40:29.799+0000] {standard_task_runner.py:105} INFO - Job 104: Subtask produce_sales_data
[2025-12-14T08:40:29.842+0000] {task_command.py:467} INFO - Running <TaskInstance: unified_sales_pipeline.produce_sales_data manual__2025-12-14T08:37:19.993220+00:00 [running]> on host c3fe90783743
[2025-12-14T08:40:29.917+0000] {taskinstance.py:3134} INFO - Exporting env vars: AIRFLOW_CTX_DAG_OWNER='***' AIRFLOW_CTX_DAG_ID='unified_sales_pipeline' AIRFLOW_CTX_TASK_ID='produce_sales_data' AIRFLOW_CTX_EXECUTION_DATE='2025-12-14T08:37:19.993220+00:00' AIRFLOW_CTX_TRY_NUMBER='1' AIRFLOW_CTX_DAG_RUN_ID='manual__2025-12-14T08:37:19.993220+00:00'
[2025-12-14T08:40:29.918+0000] {taskinstance.py:732} INFO - ::endgroup::
[2025-12-14T08:40:29.934+0000] {conn.py:396} INFO - <BrokerConnection client_id=kafka-python-producer-1, node_id=bootstrap-1 host=broker3:19094 <connecting> [IPv4 ('172.18.0.8', 19094)]>: connecting to broker3:19094 [('172.18.0.8', 19094) IPv4]
[2025-12-14T08:40:29.940+0000] {conn.py:618} INFO - <BrokerConnection client_id=kafka-python-producer-1, node_id=bootstrap-1 host=broker3:19094 <checking_api_versions_recv> [IPv4 ('172.18.0.8', 19094)]>: Broker version identified as 2.6
[2025-12-14T08:40:29.940+0000] {conn.py:457} INFO - <BrokerConnection client_id=kafka-python-producer-1, node_id=bootstrap-1 host=broker3:19094 <connected> [IPv4 ('172.18.0.8', 19094)]>: Connection complete.
[2025-12-14T08:40:29.944+0000] {logging_mixin.py:190} INFO - 🚀 Starting Kafka producer...
[2025-12-14T08:40:30.046+0000] {conn.py:396} INFO - <BrokerConnection client_id=kafka-python-producer-1, node_id=3 host=broker3:19094 <connecting> [IPv4 ('172.18.0.8', 19094)]>: connecting to broker3:19094 [('172.18.0.8', 19094) IPv4]
[2025-12-14T08:40:30.047+0000] {conn.py:457} INFO - <BrokerConnection client_id=kafka-python-producer-1, node_id=3 host=broker3:19094 <connected> [IPv4 ('172.18.0.8', 19094)]>: Connection complete.
[2025-12-14T08:40:30.047+0000] {conn.py:945} INFO - <BrokerConnection client_id=kafka-python-producer-1, node_id=bootstrap-1 host=broker3:19094 <connected> [IPv4 ('172.18.0.8', 19094)]>: Closing connection. 
[2025-12-14T08:40:30.049+0000] {logging_mixin.py:190} INFO - ✅ Sale 1: Casque audio - 119.98€
[2025-12-14T08:40:30.251+0000] {logging_mixin.py:190} INFO - ✅ Sale 2: Livre Data Science - 19.99€
[2025-12-14T08:40:30.252+0000] {conn.py:396} INFO - <BrokerConnection client_id=kafka-python-producer-1, node_id=2 host=broker2:19093 <connecting> [IPv4 ('172.18.0.7', 19093)]>: connecting to broker2:19093 [('172.18.0.7', 19093) IPv4]
[2025-12-14T08:40:30.253+0000] {conn.py:457} INFO - <BrokerConnection client_id=kafka-python-producer-1, node_id=2 host=broker2:19093 <connected> [IPv4 ('172.18.0.7', 19093)]>: Connection complete.
[2025-12-14T08:40:30.453+0000] {logging_mixin.py:190} INFO - ✅ Sale 3: Ordinateur portable - 2699.97€
[2025-12-14T08:40:30.655+0000] {logging_mixin.py:190} INFO - ✅ Sale 4: Clavier mecanique - 225.0€
[2025-12-14T08:40:30.858+0000] {logging_mixin.py:190} INFO - ✅ Sale 5: Souris sans fil - 51.0€
[2025-12-14T08:40:31.059+0000] {logging_mixin.py:190} INFO - ✅ Sale 6: Clavier mecanique - 75.0€
[2025-12-14T08:40:31.261+0000] {logging_mixin.py:190} INFO - ✅ Sale 7: Livre Data Science - 59.97€
[2025-12-14T08:40:31.463+0000] {logging_mixin.py:190} INFO - ✅ Sale 8: Clavier mecanique - 150.0€
[2025-12-14T08:40:31.665+0000] {logging_mixin.py:190} INFO - ✅ Sale 9: Ordinateur portable - 1799.98€
[2025-12-14T08:40:31.866+0000] {logging_mixin.py:190} INFO - ✅ Sale 10: Livre Data Science - 19.99€
[2025-12-14T08:40:32.068+0000] {logging_mixin.py:190} INFO - ✅ Sale 11: Livre Data Science - 59.97€
[2025-12-14T08:40:32.269+0000] {logging_mixin.py:190} INFO - ✅ Sale 12: Souris sans fil - 76.5€
[2025-12-14T08:40:32.471+0000] {logging_mixin.py:190} INFO - ✅ Sale 13: Casque audio - 119.98€
[2025-12-14T08:40:32.472+0000] {conn.py:396} INFO - <BrokerConnection client_id=kafka-python-producer-1, node_id=1 host=broker1:19092 <connecting> [IPv4 ('172.18.0.4', 19092)]>: connecting to broker1:19092 [('172.18.0.4', 19092) IPv4]
[2025-12-14T08:40:32.473+0000] {conn.py:457} INFO - <BrokerConnection client_id=kafka-python-producer-1, node_id=1 host=broker1:19092 <connected> [IPv4 ('172.18.0.4', 19092)]>: Connection complete.
[2025-12-14T08:40:32.673+0000] {logging_mixin.py:190} INFO - ✅ Sale 14: Souris sans fil - 76.5€
[2025-12-14T08:40:32.875+0000] {logging_mixin.py:190} INFO - ✅ Sale 15: Ordinateur portable - 1799.98€
[2025-12-14T08:40:33.077+0000] {logging_mixin.py:190} INFO - ✅ Sale 16: Clavier mecanique - 150.0€
[2025-12-14T08:40:33.279+0000] {logging_mixin.py:190} INFO - ✅ Sale 17: Ordinateur portable - 899.99€
[2025-12-14T08:40:33.481+0000] {logging_mixin.py:190} INFO - ✅ Sale 18: Casque audio - 179.97€
[2025-12-14T08:40:33.683+0000] {logging_mixin.py:190} INFO - ✅ Sale 19: Souris sans fil - 76.5€
[2025-12-14T08:40:33.884+0000] {logging_mixin.py:190} INFO - ✅ Sale 20: Clavier mecanique - 150.0€
[2025-12-14T08:40:34.085+0000] {logging_mixin.py:190} INFO - ✅ Sale 21: Ordinateur portable - 899.99€
[2025-12-14T08:40:34.287+0000] {logging_mixin.py:190} INFO - ✅ Sale 22: Casque audio - 119.98€
[2025-12-14T08:40:34.489+0000] {logging_mixin.py:190} INFO - ✅ Sale 23: Casque audio - 179.97€
[2025-12-14T08:40:34.691+0000] {logging_mixin.py:190} INFO - ✅ Sale 24: Clavier mecanique - 225.0€
[2025-12-14T08:40:34.893+0000] {logging_mixin.py:190} INFO - ✅ Sale 25: Clavier mecanique - 150.0€
[2025-12-14T08:40:35.095+0000] {logging_mixin.py:190} INFO - ✅ Sale 26: Souris sans fil - 51.0€
[2025-12-14T08:40:35.297+0000] {logging_mixin.py:190} INFO - ✅ Sale 27: Souris sans fil - 76.5€
[2025-12-14T08:40:35.498+0000] {logging_mixin.py:190} INFO - ✅ Sale 28: Clavier mecanique - 150.0€
[2025-12-14T08:40:35.700+0000] {logging_mixin.py:190} INFO - ✅ Sale 29: Casque audio - 59.99€
[2025-12-14T08:40:35.903+0000] {logging_mixin.py:190} INFO - ✅ Sale 30: Souris sans fil - 25.5€
[2025-12-14T08:40:36.104+0000] {logging_mixin.py:190} INFO - ✅ Sale 31: Clavier mecanique - 225.0€
[2025-12-14T08:40:36.306+0000] {logging_mixin.py:190} INFO - ✅ Sale 32: Casque audio - 59.99€
[2025-12-14T08:40:36.508+0000] {logging_mixin.py:190} INFO - ✅ Sale 33: Ordinateur portable - 2699.97€
[2025-12-14T08:40:36.710+0000] {logging_mixin.py:190} INFO - ✅ Sale 34: Souris sans fil - 25.5€
[2025-12-14T08:40:36.912+0000] {logging_mixin.py:190} INFO - ✅ Sale 35: Souris sans fil - 25.5€
[2025-12-14T08:40:37.113+0000] {logging_mixin.py:190} INFO - ✅ Sale 36: Casque audio - 119.98€
[2025-12-14T08:40:37.316+0000] {logging_mixin.py:190} INFO - ✅ Sale 37: Clavier mecanique - 75.0€
[2025-12-14T08:40:37.517+0000] {logging_mixin.py:190} INFO - ✅ Sale 38: Livre Data Science - 39.98€
[2025-12-14T08:40:37.719+0000] {logging_mixin.py:190} INFO - ✅ Sale 39: Casque audio - 59.99€
[2025-12-14T08:40:37.921+0000] {logging_mixin.py:190} INFO - ✅ Sale 40: Souris sans fil - 51.0€
[2025-12-14T08:40:38.122+0000] {logging_mixin.py:190} INFO - ✅ Sale 41: Ordinateur portable - 899.99€
[2025-12-14T08:40:38.324+0000] {logging_mixin.py:190} INFO - ✅ Sale 42: Souris sans fil - 51.0€
[2025-12-14T08:40:38.526+0000] {logging_mixin.py:190} INFO - ✅ Sale 43: Souris sans fil - 51.0€
[2025-12-14T08:40:38.728+0000] {logging_mixin.py:190} INFO - ✅ Sale 44: Casque audio - 59.99€
[2025-12-14T08:40:38.930+0000] {logging_mixin.py:190} INFO - ✅ Sale 45: Clavier mecanique - 150.0€
[2025-12-14T08:40:39.133+0000] {logging_mixin.py:190} INFO - ✅ Sale 46: Casque audio - 179.97€
[2025-12-14T08:40:39.334+0000] {logging_mixin.py:190} INFO - ✅ Sale 47: Souris sans fil - 25.5€
[2025-12-14T08:40:39.536+0000] {logging_mixin.py:190} INFO - ✅ Sale 48: Clavier mecanique - 225.0€
[2025-12-14T08:40:39.737+0000] {logging_mixin.py:190} INFO - ✅ Sale 49: Clavier mecanique - 225.0€
[2025-12-14T08:40:39.939+0000] {logging_mixin.py:190} INFO - ✅ Sale 50: Souris sans fil - 25.5€
[2025-12-14T08:40:40.140+0000] {kafka.py:629} INFO - <KafkaProducer client_id=kafka-python-producer-1 transactional_id=None>: Closing the Kafka producer with 9223372036.0 secs timeout.
[2025-12-14T08:40:40.142+0000] {conn.py:945} INFO - <BrokerConnection client_id=kafka-python-producer-1, node_id=3 host=broker3:19094 <connected> [IPv4 ('172.18.0.8', 19094)]>: Closing connection. 
[2025-12-14T08:40:40.142+0000] {conn.py:945} INFO - <BrokerConnection client_id=kafka-python-producer-1, node_id=2 host=broker2:19093 <connected> [IPv4 ('172.18.0.7', 19093)]>: Closing connection. 
[2025-12-14T08:40:40.143+0000] {conn.py:945} INFO - <BrokerConnection client_id=kafka-python-producer-1, node_id=1 host=broker1:19092 <connected> [IPv4 ('172.18.0.4', 19092)]>: Closing connection. 
[2025-12-14T08:40:40.144+0000] {logging_mixin.py:190} INFO - ✅ Production completed: 50 sales sent to Kafka topic 'ventes_stream'
[2025-12-14T08:40:40.144+0000] {python.py:240} INFO - Done. Returned value was: None
[2025-12-14T08:40:40.152+0000] {taskinstance.py:341} INFO - ::group::Post task execution logs
[2025-12-14T08:40:40.153+0000] {taskinstance.py:353} INFO - Marking task as SUCCESS. dag_id=unified_sales_pipeline, task_id=produce_sales_data, run_id=manual__2025-12-14T08:37:19.993220+00:00, execution_date=20251214T083719, start_date=20251214T084029, end_date=20251214T084040
[2025-12-14T08:40:40.196+0000] {local_task_job_runner.py:266} INFO - Task exited with return code 0
[2025-12-14T08:40:40.221+0000] {taskinstance.py:3901} INFO - 1 downstream tasks scheduled from follow-on schedule check
[2025-12-14T08:40:40.224+0000] {local_task_job_runner.py:245} INFO - ::endgroup::
