[2025-12-14T06:16:19.372+0000] {local_task_job_runner.py:123} INFO - ::group::Pre task execution logs
[2025-12-14T06:16:19.393+0000] {taskinstance.py:2614} INFO - Dependencies all met for dep_context=non-requeueable deps ti=<TaskInstance: unified_sales_pipeline.optional_cleanup manual__2025-12-14T06:14:41.463267+00:00 [queued]>
[2025-12-14T06:16:19.403+0000] {taskinstance.py:2614} INFO - Dependencies all met for dep_context=requeueable deps ti=<TaskInstance: unified_sales_pipeline.optional_cleanup manual__2025-12-14T06:14:41.463267+00:00 [queued]>
[2025-12-14T06:16:19.405+0000] {taskinstance.py:2867} INFO - Starting attempt 1 of 2
[2025-12-14T06:16:19.420+0000] {taskinstance.py:2890} INFO - Executing <Task(PythonOperator): optional_cleanup> on 2025-12-14 06:14:41.463267+00:00
[2025-12-14T06:16:19.428+0000] {warnings.py:112} WARNING - /home/***/.local/lib/python3.12/site-packages/***/task/task_runner/standard_task_runner.py:70: DeprecationWarning: This process (pid=966) is multi-threaded, use of fork() may lead to deadlocks in the child.
  pid = os.fork()

[2025-12-14T06:16:19.430+0000] {standard_task_runner.py:72} INFO - Started process 967 to run task
[2025-12-14T06:16:19.430+0000] {standard_task_runner.py:104} INFO - Running: ['***', 'tasks', 'run', 'unified_sales_pipeline', 'optional_cleanup', 'manual__2025-12-14T06:14:41.463267+00:00', '--job-id', '47', '--raw', '--subdir', 'DAGS_FOLDER/unified_sales_pipeline_dag.py', '--cfg-path', '/tmp/tmpl0xpydqi']
[2025-12-14T06:16:19.432+0000] {standard_task_runner.py:105} INFO - Job 47: Subtask optional_cleanup
[2025-12-14T06:16:19.487+0000] {task_command.py:467} INFO - Running <TaskInstance: unified_sales_pipeline.optional_cleanup manual__2025-12-14T06:14:41.463267+00:00 [running]> on host ac4bc61bdcd0
[2025-12-14T06:16:19.565+0000] {taskinstance.py:3134} INFO - Exporting env vars: AIRFLOW_CTX_DAG_OWNER='***' AIRFLOW_CTX_DAG_ID='unified_sales_pipeline' AIRFLOW_CTX_TASK_ID='optional_cleanup' AIRFLOW_CTX_EXECUTION_DATE='2025-12-14T06:14:41.463267+00:00' AIRFLOW_CTX_TRY_NUMBER='1' AIRFLOW_CTX_DAG_RUN_ID='manual__2025-12-14T06:14:41.463267+00:00'
[2025-12-14T06:16:19.566+0000] {taskinstance.py:732} INFO - ::endgroup::
[2025-12-14T06:16:19.802+0000] {logging_mixin.py:190} INFO - 🧹 Cleaned up: /tmp/delta/bronze
[2025-12-14T06:16:19.866+0000] {logging_mixin.py:190} INFO - 🧹 Cleaned up: /tmp/delta/silver
[2025-12-14T06:16:19.867+0000] {python.py:240} INFO - Done. Returned value was: None
[2025-12-14T06:16:19.878+0000] {taskinstance.py:341} INFO - ::group::Post task execution logs
[2025-12-14T06:16:19.879+0000] {taskinstance.py:353} INFO - Marking task as SUCCESS. dag_id=unified_sales_pipeline, task_id=optional_cleanup, run_id=manual__2025-12-14T06:14:41.463267+00:00, execution_date=20251214T061441, start_date=20251214T061619, end_date=20251214T061619
[2025-12-14T06:16:19.927+0000] {local_task_job_runner.py:266} INFO - Task exited with return code 0
[2025-12-14T06:16:19.950+0000] {taskinstance.py:3901} INFO - 0 downstream tasks scheduled from follow-on schedule check
[2025-12-14T06:16:19.954+0000] {local_task_job_runner.py:245} INFO - ::endgroup::
