[2025-12-14T07:13:14.105+0000] {local_task_job_runner.py:123} INFO - ::group::Pre task execution logs
[2025-12-14T07:13:14.121+0000] {taskinstance.py:2614} INFO - Dependencies all met for dep_context=non-requeueable deps ti=<TaskInstance: unified_sales_pipeline.optional_cleanup manual__2025-12-14T06:56:08.403314+00:00 [queued]>
[2025-12-14T07:13:14.130+0000] {taskinstance.py:2614} INFO - Dependencies all met for dep_context=requeueable deps ti=<TaskInstance: unified_sales_pipeline.optional_cleanup manual__2025-12-14T06:56:08.403314+00:00 [queued]>
[2025-12-14T07:13:14.132+0000] {taskinstance.py:2867} INFO - Starting attempt 1 of 2
[2025-12-14T07:13:14.144+0000] {taskinstance.py:2890} INFO - Executing <Task(PythonOperator): optional_cleanup> on 2025-12-14 06:56:08.403314+00:00
[2025-12-14T07:13:14.151+0000] {warnings.py:112} WARNING - /home/***/.local/lib/python3.12/site-packages/***/task/task_runner/standard_task_runner.py:70: DeprecationWarning: This process (pid=151) is multi-threaded, use of fork() may lead to deadlocks in the child.
  pid = os.fork()

[2025-12-14T07:13:14.152+0000] {standard_task_runner.py:72} INFO - Started process 152 to run task
[2025-12-14T07:13:14.152+0000] {standard_task_runner.py:104} INFO - Running: ['***', 'tasks', 'run', 'unified_sales_pipeline', 'optional_cleanup', 'manual__2025-12-14T06:56:08.403314+00:00', '--job-id', '66', '--raw', '--subdir', 'DAGS_FOLDER/unified_sales_pipeline_dag.py', '--cfg-path', '/tmp/tmp9mg6s_1a']
[2025-12-14T07:13:14.153+0000] {standard_task_runner.py:105} INFO - Job 66: Subtask optional_cleanup
[2025-12-14T07:13:14.192+0000] {task_command.py:467} INFO - Running <TaskInstance: unified_sales_pipeline.optional_cleanup manual__2025-12-14T06:56:08.403314+00:00 [running]> on host ac4bc61bdcd0
[2025-12-14T07:13:14.265+0000] {taskinstance.py:3134} INFO - Exporting env vars: AIRFLOW_CTX_DAG_OWNER='***' AIRFLOW_CTX_DAG_ID='unified_sales_pipeline' AIRFLOW_CTX_TASK_ID='optional_cleanup' AIRFLOW_CTX_EXECUTION_DATE='2025-12-14T06:56:08.403314+00:00' AIRFLOW_CTX_TRY_NUMBER='1' AIRFLOW_CTX_DAG_RUN_ID='manual__2025-12-14T06:56:08.403314+00:00'
[2025-12-14T07:13:14.266+0000] {taskinstance.py:732} INFO - ::endgroup::
[2025-12-14T07:13:14.364+0000] {logging_mixin.py:190} INFO - ⚠️  Cleanup warning: [Errno 13] Permission denied: '/tmp/delta/bronze/ventes_stream/_delta_log'
[2025-12-14T07:13:14.365+0000] {python.py:240} INFO - Done. Returned value was: None
[2025-12-14T07:13:14.372+0000] {taskinstance.py:341} INFO - ::group::Post task execution logs
[2025-12-14T07:13:14.373+0000] {taskinstance.py:353} INFO - Marking task as SUCCESS. dag_id=unified_sales_pipeline, task_id=optional_cleanup, run_id=manual__2025-12-14T06:56:08.403314+00:00, execution_date=20251214T065608, start_date=20251214T071314, end_date=20251214T071314
[2025-12-14T07:13:14.407+0000] {local_task_job_runner.py:266} INFO - Task exited with return code 0
[2025-12-14T07:13:14.424+0000] {taskinstance.py:3901} INFO - 0 downstream tasks scheduled from follow-on schedule check
[2025-12-14T07:13:14.428+0000] {local_task_job_runner.py:245} INFO - ::endgroup::
