[2025-12-16T02:50:57.982+0000] {local_task_job_runner.py:123} INFO - ::group::Pre task execution logs
[2025-12-16T02:50:57.999+0000] {taskinstance.py:2614} INFO - Dependencies all met for dep_context=non-requeueable deps ti=<TaskInstance: unified_sales_pipeline.produce_sales_data manual__2025-12-16T02:40:46.880676+00:00 [queued]>
[2025-12-16T02:50:58.009+0000] {taskinstance.py:2614} INFO - Dependencies all met for dep_context=requeueable deps ti=<TaskInstance: unified_sales_pipeline.produce_sales_data manual__2025-12-16T02:40:46.880676+00:00 [queued]>
[2025-12-16T02:50:58.010+0000] {taskinstance.py:2867} INFO - Starting attempt 1 of 2
[2025-12-16T02:50:58.023+0000] {taskinstance.py:2890} INFO - Executing <Task(PythonOperator): produce_sales_data> on 2025-12-16 02:40:46.880676+00:00
[2025-12-16T02:50:58.030+0000] {warnings.py:112} WARNING - /home/***/.local/lib/python3.12/site-packages/***/task/task_runner/standard_task_runner.py:70: DeprecationWarning: This process (pid=887) is multi-threaded, use of fork() may lead to deadlocks in the child.
  pid = os.fork()

[2025-12-16T02:50:58.031+0000] {standard_task_runner.py:72} INFO - Started process 888 to run task
[2025-12-16T02:50:58.032+0000] {standard_task_runner.py:104} INFO - Running: ['***', 'tasks', 'run', 'unified_sales_pipeline', 'produce_sales_data', 'manual__2025-12-16T02:40:46.880676+00:00', '--job-id', '61', '--raw', '--subdir', 'DAGS_FOLDER/unified_sales_pipeline_dag.py', '--cfg-path', '/tmp/tmpc0yegaj_']
[2025-12-16T02:50:58.033+0000] {standard_task_runner.py:105} INFO - Job 61: Subtask produce_sales_data
[2025-12-16T02:50:58.071+0000] {task_command.py:467} INFO - Running <TaskInstance: unified_sales_pipeline.produce_sales_data manual__2025-12-16T02:40:46.880676+00:00 [running]> on host 4d0049057698
[2025-12-16T02:50:58.137+0000] {taskinstance.py:3134} INFO - Exporting env vars: AIRFLOW_CTX_DAG_OWNER='***' AIRFLOW_CTX_DAG_ID='unified_sales_pipeline' AIRFLOW_CTX_TASK_ID='produce_sales_data' AIRFLOW_CTX_EXECUTION_DATE='2025-12-16T02:40:46.880676+00:00' AIRFLOW_CTX_TRY_NUMBER='1' AIRFLOW_CTX_DAG_RUN_ID='manual__2025-12-16T02:40:46.880676+00:00'
[2025-12-16T02:50:58.138+0000] {taskinstance.py:732} INFO - ::endgroup::
[2025-12-16T02:50:58.151+0000] {conn.py:396} INFO - <BrokerConnection client_id=kafka-python-producer-1, node_id=bootstrap-1 host=broker2:19093 <connecting> [IPv4 ('172.18.0.5', 19093)]>: connecting to broker2:19093 [('172.18.0.5', 19093) IPv4]
[2025-12-16T02:50:58.156+0000] {conn.py:618} INFO - <BrokerConnection client_id=kafka-python-producer-1, node_id=bootstrap-1 host=broker2:19093 <checking_api_versions_recv> [IPv4 ('172.18.0.5', 19093)]>: Broker version identified as 2.6
[2025-12-16T02:50:58.157+0000] {conn.py:457} INFO - <BrokerConnection client_id=kafka-python-producer-1, node_id=bootstrap-1 host=broker2:19093 <connected> [IPv4 ('172.18.0.5', 19093)]>: Connection complete.
[2025-12-16T02:50:58.160+0000] {logging_mixin.py:190} INFO - 🚀 Starting Kafka producer...
[2025-12-16T02:50:58.263+0000] {conn.py:396} INFO - <BrokerConnection client_id=kafka-python-producer-1, node_id=1 host=broker1:19092 <connecting> [IPv4 ('172.18.0.4', 19092)]>: connecting to broker1:19092 [('172.18.0.4', 19092) IPv4]
[2025-12-16T02:50:58.264+0000] {conn.py:457} INFO - <BrokerConnection client_id=kafka-python-producer-1, node_id=1 host=broker1:19092 <connected> [IPv4 ('172.18.0.4', 19092)]>: Connection complete.
[2025-12-16T02:50:58.264+0000] {conn.py:945} INFO - <BrokerConnection client_id=kafka-python-producer-1, node_id=bootstrap-1 host=broker2:19093 <connected> [IPv4 ('172.18.0.5', 19093)]>: Closing connection. 
[2025-12-16T02:50:58.267+0000] {logging_mixin.py:190} INFO - ✅ Sale 1: Souris sans fil - 51.0€
[2025-12-16T02:50:58.269+0000] {conn.py:396} INFO - <BrokerConnection client_id=kafka-python-producer-1, node_id=3 host=broker3:19094 <connecting> [IPv4 ('172.18.0.7', 19094)]>: connecting to broker3:19094 [('172.18.0.7', 19094) IPv4]
[2025-12-16T02:50:58.269+0000] {conn.py:457} INFO - <BrokerConnection client_id=kafka-python-producer-1, node_id=3 host=broker3:19094 <connected> [IPv4 ('172.18.0.7', 19094)]>: Connection complete.
[2025-12-16T02:50:58.469+0000] {logging_mixin.py:190} INFO - ✅ Sale 2: Clavier mecanique - 75.0€
[2025-12-16T02:50:58.470+0000] {conn.py:396} INFO - <BrokerConnection client_id=kafka-python-producer-1, node_id=2 host=broker2:19093 <connecting> [IPv4 ('172.18.0.5', 19093)]>: connecting to broker2:19093 [('172.18.0.5', 19093) IPv4]
[2025-12-16T02:50:58.471+0000] {conn.py:457} INFO - <BrokerConnection client_id=kafka-python-producer-1, node_id=2 host=broker2:19093 <connected> [IPv4 ('172.18.0.5', 19093)]>: Connection complete.
[2025-12-16T02:50:58.670+0000] {logging_mixin.py:190} INFO - ✅ Sale 3: Livre Data Science - 19.99€
[2025-12-16T02:50:58.872+0000] {logging_mixin.py:190} INFO - ✅ Sale 4: Souris sans fil - 51.0€
[2025-12-16T02:50:59.074+0000] {logging_mixin.py:190} INFO - ✅ Sale 5: Ordinateur portable - 1799.98€
[2025-12-16T02:50:59.277+0000] {logging_mixin.py:190} INFO - ✅ Sale 6: Casque audio - 59.99€
[2025-12-16T02:50:59.480+0000] {logging_mixin.py:190} INFO - ✅ Sale 7: Souris sans fil - 76.5€
[2025-12-16T02:50:59.681+0000] {logging_mixin.py:190} INFO - ✅ Sale 8: Livre Data Science - 59.97€
[2025-12-16T02:50:59.882+0000] {logging_mixin.py:190} INFO - ✅ Sale 9: Souris sans fil - 25.5€
[2025-12-16T02:51:00.084+0000] {logging_mixin.py:190} INFO - ✅ Sale 10: Casque audio - 59.99€
[2025-12-16T02:51:00.286+0000] {logging_mixin.py:190} INFO - ✅ Sale 11: Souris sans fil - 51.0€
[2025-12-16T02:51:00.489+0000] {logging_mixin.py:190} INFO - ✅ Sale 12: Ordinateur portable - 1799.98€
[2025-12-16T02:51:00.691+0000] {logging_mixin.py:190} INFO - ✅ Sale 13: Souris sans fil - 51.0€
[2025-12-16T02:51:00.893+0000] {logging_mixin.py:190} INFO - ✅ Sale 14: Clavier mecanique - 225.0€
[2025-12-16T02:51:01.094+0000] {logging_mixin.py:190} INFO - ✅ Sale 15: Ordinateur portable - 899.99€
[2025-12-16T02:51:01.296+0000] {logging_mixin.py:190} INFO - ✅ Sale 16: Souris sans fil - 51.0€
[2025-12-16T02:51:01.498+0000] {logging_mixin.py:190} INFO - ✅ Sale 17: Livre Data Science - 59.97€
[2025-12-16T02:51:01.699+0000] {logging_mixin.py:190} INFO - ✅ Sale 18: Casque audio - 179.97€
[2025-12-16T02:51:01.901+0000] {logging_mixin.py:190} INFO - ✅ Sale 19: Ordinateur portable - 899.99€
[2025-12-16T02:51:02.103+0000] {logging_mixin.py:190} INFO - ✅ Sale 20: Casque audio - 59.99€
[2025-12-16T02:51:02.304+0000] {logging_mixin.py:190} INFO - ✅ Sale 21: Livre Data Science - 59.97€
[2025-12-16T02:51:02.506+0000] {logging_mixin.py:190} INFO - ✅ Sale 22: Casque audio - 59.99€
[2025-12-16T02:51:02.708+0000] {logging_mixin.py:190} INFO - ✅ Sale 23: Ordinateur portable - 2699.97€
[2025-12-16T02:51:02.909+0000] {logging_mixin.py:190} INFO - ✅ Sale 24: Ordinateur portable - 1799.98€
[2025-12-16T02:51:03.110+0000] {logging_mixin.py:190} INFO - ✅ Sale 25: Livre Data Science - 59.97€
[2025-12-16T02:51:03.312+0000] {logging_mixin.py:190} INFO - ✅ Sale 26: Casque audio - 59.99€
[2025-12-16T02:51:03.514+0000] {logging_mixin.py:190} INFO - ✅ Sale 27: Souris sans fil - 76.5€
[2025-12-16T02:51:03.717+0000] {logging_mixin.py:190} INFO - ✅ Sale 28: Souris sans fil - 51.0€
[2025-12-16T02:51:03.919+0000] {logging_mixin.py:190} INFO - ✅ Sale 29: Souris sans fil - 51.0€
[2025-12-16T02:51:04.120+0000] {logging_mixin.py:190} INFO - ✅ Sale 30: Souris sans fil - 25.5€
[2025-12-16T02:51:04.323+0000] {logging_mixin.py:190} INFO - ✅ Sale 31: Casque audio - 59.99€
[2025-12-16T02:51:04.525+0000] {logging_mixin.py:190} INFO - ✅ Sale 32: Clavier mecanique - 75.0€
[2025-12-16T02:51:04.727+0000] {logging_mixin.py:190} INFO - ✅ Sale 33: Souris sans fil - 76.5€
[2025-12-16T02:51:04.931+0000] {logging_mixin.py:190} INFO - ✅ Sale 34: Casque audio - 59.99€
[2025-12-16T02:51:05.133+0000] {logging_mixin.py:190} INFO - ✅ Sale 35: Casque audio - 59.99€
[2025-12-16T02:51:05.336+0000] {logging_mixin.py:190} INFO - ✅ Sale 36: Souris sans fil - 25.5€
[2025-12-16T02:51:05.539+0000] {logging_mixin.py:190} INFO - ✅ Sale 37: Livre Data Science - 59.97€
[2025-12-16T02:51:05.742+0000] {logging_mixin.py:190} INFO - ✅ Sale 38: Livre Data Science - 39.98€
[2025-12-16T02:51:05.943+0000] {logging_mixin.py:190} INFO - ✅ Sale 39: Souris sans fil - 51.0€
[2025-12-16T02:51:06.145+0000] {logging_mixin.py:190} INFO - ✅ Sale 40: Casque audio - 59.99€
[2025-12-16T02:51:06.347+0000] {logging_mixin.py:190} INFO - ✅ Sale 41: Ordinateur portable - 899.99€
[2025-12-16T02:51:06.548+0000] {logging_mixin.py:190} INFO - ✅ Sale 42: Ordinateur portable - 1799.98€
[2025-12-16T02:51:06.750+0000] {logging_mixin.py:190} INFO - ✅ Sale 43: Casque audio - 119.98€
[2025-12-16T02:51:06.951+0000] {logging_mixin.py:190} INFO - ✅ Sale 44: Casque audio - 179.97€
[2025-12-16T02:51:07.154+0000] {logging_mixin.py:190} INFO - ✅ Sale 45: Livre Data Science - 19.99€
[2025-12-16T02:51:07.355+0000] {logging_mixin.py:190} INFO - ✅ Sale 46: Souris sans fil - 51.0€
[2025-12-16T02:51:07.558+0000] {logging_mixin.py:190} INFO - ✅ Sale 47: Souris sans fil - 25.5€
[2025-12-16T02:51:07.760+0000] {logging_mixin.py:190} INFO - ✅ Sale 48: Casque audio - 179.97€
[2025-12-16T02:51:07.962+0000] {logging_mixin.py:190} INFO - ✅ Sale 49: Ordinateur portable - 899.99€
[2025-12-16T02:51:08.164+0000] {logging_mixin.py:190} INFO - ✅ Sale 50: Livre Data Science - 19.99€
[2025-12-16T02:51:08.366+0000] {kafka.py:629} INFO - <KafkaProducer client_id=kafka-python-producer-1 transactional_id=None>: Closing the Kafka producer with 9223372036.0 secs timeout.
[2025-12-16T02:51:08.367+0000] {conn.py:945} INFO - <BrokerConnection client_id=kafka-python-producer-1, node_id=1 host=broker1:19092 <connected> [IPv4 ('172.18.0.4', 19092)]>: Closing connection. 
[2025-12-16T02:51:08.368+0000] {conn.py:945} INFO - <BrokerConnection client_id=kafka-python-producer-1, node_id=3 host=broker3:19094 <connected> [IPv4 ('172.18.0.7', 19094)]>: Closing connection. 
[2025-12-16T02:51:08.369+0000] {conn.py:945} INFO - <BrokerConnection client_id=kafka-python-producer-1, node_id=2 host=broker2:19093 <connected> [IPv4 ('172.18.0.5', 19093)]>: Closing connection. 
[2025-12-16T02:51:08.371+0000] {logging_mixin.py:190} INFO - ✅ Production completed: 50 sales sent to Kafka topic 'ventes_stream'
[2025-12-16T02:51:08.372+0000] {python.py:240} INFO - Done. Returned value was: None
[2025-12-16T02:51:08.387+0000] {taskinstance.py:341} INFO - ::group::Post task execution logs
[2025-12-16T02:51:08.388+0000] {taskinstance.py:353} INFO - Marking task as SUCCESS. dag_id=unified_sales_pipeline, task_id=produce_sales_data, run_id=manual__2025-12-16T02:40:46.880676+00:00, execution_date=20251216T024046, start_date=20251216T025058, end_date=20251216T025108
[2025-12-16T02:51:08.436+0000] {local_task_job_runner.py:266} INFO - Task exited with return code 0
[2025-12-16T02:51:08.470+0000] {taskinstance.py:3901} INFO - 1 downstream tasks scheduled from follow-on schedule check
[2025-12-16T02:51:08.474+0000] {local_task_job_runner.py:245} INFO - ::endgroup::
