[2025-12-14T09:21:36.846+0000] {local_task_job_runner.py:123} INFO - ::group::Pre task execution logs
[2025-12-14T09:21:36.861+0000] {taskinstance.py:2614} INFO - Dependencies all met for dep_context=non-requeueable deps ti=<TaskInstance: unified_sales_pipeline.produce_sales_data manual__2025-12-14T09:21:29.402704+00:00 [queued]>
[2025-12-14T09:21:36.869+0000] {taskinstance.py:2614} INFO - Dependencies all met for dep_context=requeueable deps ti=<TaskInstance: unified_sales_pipeline.produce_sales_data manual__2025-12-14T09:21:29.402704+00:00 [queued]>
[2025-12-14T09:21:36.870+0000] {taskinstance.py:2867} INFO - Starting attempt 1 of 2
[2025-12-14T09:21:36.882+0000] {taskinstance.py:2890} INFO - Executing <Task(PythonOperator): produce_sales_data> on 2025-12-14 09:21:29.402704+00:00
[2025-12-14T09:21:36.887+0000] {warnings.py:112} WARNING - /home/***/.local/lib/python3.12/site-packages/***/task/task_runner/standard_task_runner.py:70: DeprecationWarning: This process (pid=443) is multi-threaded, use of fork() may lead to deadlocks in the child.
  pid = os.fork()

[2025-12-14T09:21:36.889+0000] {standard_task_runner.py:72} INFO - Started process 444 to run task
[2025-12-14T09:21:36.889+0000] {standard_task_runner.py:104} INFO - Running: ['***', 'tasks', 'run', 'unified_sales_pipeline', 'produce_sales_data', 'manual__2025-12-14T09:21:29.402704+00:00', '--job-id', '111', '--raw', '--subdir', 'DAGS_FOLDER/unified_sales_pipeline_dag.py', '--cfg-path', '/tmp/tmpux0b__io']
[2025-12-14T09:21:36.890+0000] {standard_task_runner.py:105} INFO - Job 111: Subtask produce_sales_data
[2025-12-14T09:21:36.925+0000] {task_command.py:467} INFO - Running <TaskInstance: unified_sales_pipeline.produce_sales_data manual__2025-12-14T09:21:29.402704+00:00 [running]> on host f7434449c2ca
[2025-12-14T09:21:36.989+0000] {taskinstance.py:3134} INFO - Exporting env vars: AIRFLOW_CTX_DAG_OWNER='***' AIRFLOW_CTX_DAG_ID='unified_sales_pipeline' AIRFLOW_CTX_TASK_ID='produce_sales_data' AIRFLOW_CTX_EXECUTION_DATE='2025-12-14T09:21:29.402704+00:00' AIRFLOW_CTX_TRY_NUMBER='1' AIRFLOW_CTX_DAG_RUN_ID='manual__2025-12-14T09:21:29.402704+00:00'
[2025-12-14T09:21:36.990+0000] {taskinstance.py:732} INFO - ::endgroup::
[2025-12-14T09:21:37.002+0000] {conn.py:396} INFO - <BrokerConnection client_id=kafka-python-producer-1, node_id=bootstrap-2 host=broker3:19094 <connecting> [IPv4 ('172.18.0.6', 19094)]>: connecting to broker3:19094 [('172.18.0.6', 19094) IPv4]
[2025-12-14T09:21:37.005+0000] {conn.py:618} INFO - <BrokerConnection client_id=kafka-python-producer-1, node_id=bootstrap-2 host=broker3:19094 <checking_api_versions_recv> [IPv4 ('172.18.0.6', 19094)]>: Broker version identified as 2.6
[2025-12-14T09:21:37.006+0000] {conn.py:457} INFO - <BrokerConnection client_id=kafka-python-producer-1, node_id=bootstrap-2 host=broker3:19094 <connected> [IPv4 ('172.18.0.6', 19094)]>: Connection complete.
[2025-12-14T09:21:37.009+0000] {logging_mixin.py:190} INFO - 🚀 Starting Kafka producer...
[2025-12-14T09:21:37.111+0000] {conn.py:396} INFO - <BrokerConnection client_id=kafka-python-producer-1, node_id=3 host=broker3:19094 <connecting> [IPv4 ('172.18.0.6', 19094)]>: connecting to broker3:19094 [('172.18.0.6', 19094) IPv4]
[2025-12-14T09:21:37.112+0000] {conn.py:457} INFO - <BrokerConnection client_id=kafka-python-producer-1, node_id=3 host=broker3:19094 <connected> [IPv4 ('172.18.0.6', 19094)]>: Connection complete.
[2025-12-14T09:21:37.113+0000] {conn.py:945} INFO - <BrokerConnection client_id=kafka-python-producer-1, node_id=bootstrap-2 host=broker3:19094 <connected> [IPv4 ('172.18.0.6', 19094)]>: Closing connection. 
[2025-12-14T09:21:37.162+0000] {cluster.py:316} ERROR - Topic ventes_stream not found in cluster metadata
[2025-12-14T09:21:37.273+0000] {logging_mixin.py:190} INFO - ✅ Sale 1: Casque audio - 59.99€
[2025-12-14T09:21:37.274+0000] {conn.py:396} INFO - <BrokerConnection client_id=kafka-python-producer-1, node_id=2 host=broker2:19093 <connecting> [IPv4 ('172.18.0.8', 19093)]>: connecting to broker2:19093 [('172.18.0.8', 19093) IPv4]
[2025-12-14T09:21:37.276+0000] {conn.py:457} INFO - <BrokerConnection client_id=kafka-python-producer-1, node_id=2 host=broker2:19093 <connected> [IPv4 ('172.18.0.8', 19093)]>: Connection complete.
[2025-12-14T09:21:37.358+0000] {sender.py:471} WARNING - <Sender client_id=kafka-python-producer-1 transactional_id=None>: Got error produce response on topic-partition ('ventes_stream', 0), retrying (inf attempts left). Error: <class 'kafka.errors.NotLeaderForPartitionError'>
[2025-12-14T09:21:37.475+0000] {logging_mixin.py:190} INFO - ✅ Sale 2: Casque audio - 179.97€
[2025-12-14T09:21:37.677+0000] {logging_mixin.py:190} INFO - ✅ Sale 3: Casque audio - 179.97€
[2025-12-14T09:21:37.679+0000] {conn.py:396} INFO - <BrokerConnection client_id=kafka-python-producer-1, node_id=1 host=broker1:19092 <connecting> [IPv4 ('172.18.0.5', 19092)]>: connecting to broker1:19092 [('172.18.0.5', 19092) IPv4]
[2025-12-14T09:21:37.681+0000] {conn.py:457} INFO - <BrokerConnection client_id=kafka-python-producer-1, node_id=1 host=broker1:19092 <connected> [IPv4 ('172.18.0.5', 19092)]>: Connection complete.
[2025-12-14T09:21:37.880+0000] {logging_mixin.py:190} INFO - ✅ Sale 4: Souris sans fil - 76.5€
[2025-12-14T09:21:38.082+0000] {logging_mixin.py:190} INFO - ✅ Sale 5: Livre Data Science - 19.99€
[2025-12-14T09:21:38.284+0000] {logging_mixin.py:190} INFO - ✅ Sale 6: Ordinateur portable - 899.99€
[2025-12-14T09:21:38.487+0000] {logging_mixin.py:190} INFO - ✅ Sale 7: Souris sans fil - 76.5€
[2025-12-14T09:21:38.690+0000] {logging_mixin.py:190} INFO - ✅ Sale 8: Casque audio - 179.97€
[2025-12-14T09:21:38.893+0000] {logging_mixin.py:190} INFO - ✅ Sale 9: Ordinateur portable - 2699.97€
[2025-12-14T09:21:39.095+0000] {logging_mixin.py:190} INFO - ✅ Sale 10: Ordinateur portable - 2699.97€
[2025-12-14T09:21:39.297+0000] {logging_mixin.py:190} INFO - ✅ Sale 11: Livre Data Science - 39.98€
[2025-12-14T09:21:39.498+0000] {logging_mixin.py:190} INFO - ✅ Sale 12: Casque audio - 59.99€
[2025-12-14T09:21:39.700+0000] {logging_mixin.py:190} INFO - ✅ Sale 13: Livre Data Science - 39.98€
[2025-12-14T09:21:39.902+0000] {logging_mixin.py:190} INFO - ✅ Sale 14: Casque audio - 179.97€
[2025-12-14T09:21:40.103+0000] {logging_mixin.py:190} INFO - ✅ Sale 15: Souris sans fil - 25.5€
[2025-12-14T09:21:40.305+0000] {logging_mixin.py:190} INFO - ✅ Sale 16: Souris sans fil - 51.0€
[2025-12-14T09:21:40.506+0000] {logging_mixin.py:190} INFO - ✅ Sale 17: Clavier mecanique - 150.0€
[2025-12-14T09:21:40.708+0000] {logging_mixin.py:190} INFO - ✅ Sale 18: Clavier mecanique - 150.0€
[2025-12-14T09:21:40.909+0000] {logging_mixin.py:190} INFO - ✅ Sale 19: Souris sans fil - 51.0€
[2025-12-14T09:21:41.111+0000] {logging_mixin.py:190} INFO - ✅ Sale 20: Casque audio - 59.99€
[2025-12-14T09:21:41.312+0000] {logging_mixin.py:190} INFO - ✅ Sale 21: Ordinateur portable - 2699.97€
[2025-12-14T09:21:41.514+0000] {logging_mixin.py:190} INFO - ✅ Sale 22: Clavier mecanique - 150.0€
[2025-12-14T09:21:41.715+0000] {logging_mixin.py:190} INFO - ✅ Sale 23: Clavier mecanique - 225.0€
[2025-12-14T09:21:41.917+0000] {logging_mixin.py:190} INFO - ✅ Sale 24: Clavier mecanique - 75.0€
[2025-12-14T09:21:42.118+0000] {logging_mixin.py:190} INFO - ✅ Sale 25: Livre Data Science - 19.99€
[2025-12-14T09:21:42.319+0000] {logging_mixin.py:190} INFO - ✅ Sale 26: Livre Data Science - 19.99€
[2025-12-14T09:21:42.521+0000] {logging_mixin.py:190} INFO - ✅ Sale 27: Ordinateur portable - 2699.97€
[2025-12-14T09:21:42.722+0000] {logging_mixin.py:190} INFO - ✅ Sale 28: Clavier mecanique - 150.0€
[2025-12-14T09:21:42.925+0000] {logging_mixin.py:190} INFO - ✅ Sale 29: Ordinateur portable - 2699.97€
[2025-12-14T09:21:43.126+0000] {logging_mixin.py:190} INFO - ✅ Sale 30: Souris sans fil - 76.5€
[2025-12-14T09:21:43.327+0000] {logging_mixin.py:190} INFO - ✅ Sale 31: Clavier mecanique - 150.0€
[2025-12-14T09:21:43.529+0000] {logging_mixin.py:190} INFO - ✅ Sale 32: Livre Data Science - 59.97€
[2025-12-14T09:21:43.732+0000] {logging_mixin.py:190} INFO - ✅ Sale 33: Souris sans fil - 51.0€
[2025-12-14T09:21:43.933+0000] {logging_mixin.py:190} INFO - ✅ Sale 34: Casque audio - 179.97€
[2025-12-14T09:21:44.137+0000] {logging_mixin.py:190} INFO - ✅ Sale 35: Clavier mecanique - 225.0€
[2025-12-14T09:21:44.339+0000] {logging_mixin.py:190} INFO - ✅ Sale 36: Souris sans fil - 25.5€
[2025-12-14T09:21:44.541+0000] {logging_mixin.py:190} INFO - ✅ Sale 37: Casque audio - 59.99€
[2025-12-14T09:21:44.743+0000] {logging_mixin.py:190} INFO - ✅ Sale 38: Clavier mecanique - 75.0€
[2025-12-14T09:21:44.944+0000] {logging_mixin.py:190} INFO - ✅ Sale 39: Casque audio - 119.98€
[2025-12-14T09:21:45.146+0000] {logging_mixin.py:190} INFO - ✅ Sale 40: Livre Data Science - 19.99€
[2025-12-14T09:21:45.348+0000] {logging_mixin.py:190} INFO - ✅ Sale 41: Livre Data Science - 19.99€
[2025-12-14T09:21:45.551+0000] {logging_mixin.py:190} INFO - ✅ Sale 42: Casque audio - 179.97€
[2025-12-14T09:21:45.753+0000] {logging_mixin.py:190} INFO - ✅ Sale 43: Clavier mecanique - 225.0€
[2025-12-14T09:21:45.955+0000] {logging_mixin.py:190} INFO - ✅ Sale 44: Clavier mecanique - 75.0€
[2025-12-14T09:21:46.156+0000] {logging_mixin.py:190} INFO - ✅ Sale 45: Casque audio - 59.99€
[2025-12-14T09:21:46.360+0000] {logging_mixin.py:190} INFO - ✅ Sale 46: Livre Data Science - 59.97€
[2025-12-14T09:21:46.562+0000] {logging_mixin.py:190} INFO - ✅ Sale 47: Livre Data Science - 59.97€
[2025-12-14T09:21:46.764+0000] {logging_mixin.py:190} INFO - ✅ Sale 48: Souris sans fil - 76.5€
[2025-12-14T09:21:46.965+0000] {logging_mixin.py:190} INFO - ✅ Sale 49: Ordinateur portable - 2699.97€
[2025-12-14T09:21:47.167+0000] {logging_mixin.py:190} INFO - ✅ Sale 50: Livre Data Science - 59.97€
[2025-12-14T09:21:47.368+0000] {kafka.py:629} INFO - <KafkaProducer client_id=kafka-python-producer-1 transactional_id=None>: Closing the Kafka producer with 9223372036.0 secs timeout.
[2025-12-14T09:21:47.370+0000] {conn.py:945} INFO - <BrokerConnection client_id=kafka-python-producer-1, node_id=3 host=broker3:19094 <connected> [IPv4 ('172.18.0.6', 19094)]>: Closing connection. 
[2025-12-14T09:21:47.371+0000] {conn.py:945} INFO - <BrokerConnection client_id=kafka-python-producer-1, node_id=2 host=broker2:19093 <connected> [IPv4 ('172.18.0.8', 19093)]>: Closing connection. 
[2025-12-14T09:21:47.372+0000] {conn.py:945} INFO - <BrokerConnection client_id=kafka-python-producer-1, node_id=1 host=broker1:19092 <connected> [IPv4 ('172.18.0.5', 19092)]>: Closing connection. 
[2025-12-14T09:21:47.373+0000] {logging_mixin.py:190} INFO - ✅ Production completed: 50 sales sent to Kafka topic 'ventes_stream'
[2025-12-14T09:21:47.374+0000] {python.py:240} INFO - Done. Returned value was: None
[2025-12-14T09:21:47.382+0000] {taskinstance.py:341} INFO - ::group::Post task execution logs
[2025-12-14T09:21:47.384+0000] {taskinstance.py:353} INFO - Marking task as SUCCESS. dag_id=unified_sales_pipeline, task_id=produce_sales_data, run_id=manual__2025-12-14T09:21:29.402704+00:00, execution_date=20251214T092129, start_date=20251214T092136, end_date=20251214T092147
[2025-12-14T09:21:47.448+0000] {local_task_job_runner.py:266} INFO - Task exited with return code 0
[2025-12-14T09:21:47.474+0000] {taskinstance.py:3901} INFO - 1 downstream tasks scheduled from follow-on schedule check
[2025-12-14T09:21:47.477+0000] {local_task_job_runner.py:245} INFO - ::endgroup::
