[2025-11-23T07:47:25.389+0000] {local_task_job_runner.py:123} INFO - ::group::Pre task execution logs
[2025-11-23T07:47:25.407+0000] {taskinstance.py:2614} INFO - Dependencies all met for dep_context=non-requeueable deps ti=<TaskInstance: sales_streaming_pipeline.trigger_silver_processing manual__2025-11-23T07:47:15.210234+00:00 [queued]>
[2025-11-23T07:47:25.416+0000] {taskinstance.py:2614} INFO - Dependencies all met for dep_context=requeueable deps ti=<TaskInstance: sales_streaming_pipeline.trigger_silver_processing manual__2025-11-23T07:47:15.210234+00:00 [queued]>
[2025-11-23T07:47:25.417+0000] {taskinstance.py:2867} INFO - Starting attempt 1 of 2
[2025-11-23T07:47:25.429+0000] {taskinstance.py:2890} INFO - Executing <Task(TriggerDagRunOperator): trigger_silver_processing> on 2025-11-23 07:47:15.210234+00:00
[2025-11-23T07:47:25.434+0000] {warnings.py:112} WARNING - /home/***/.local/lib/python3.12/site-packages/***/task/task_runner/standard_task_runner.py:70: DeprecationWarning: This process (pid=53) is multi-threaded, use of fork() may lead to deadlocks in the child.
  pid = os.fork()

[2025-11-23T07:47:25.435+0000] {standard_task_runner.py:72} INFO - Started process 54 to run task
[2025-11-23T07:47:25.436+0000] {standard_task_runner.py:104} INFO - Running: ['***', 'tasks', 'run', 'sales_streaming_pipeline', 'trigger_silver_processing', 'manual__2025-11-23T07:47:15.210234+00:00', '--job-id', '66', '--raw', '--subdir', 'DAGS_FOLDER/master_orchestrator_dag.py', '--cfg-path', '/tmp/tmp2af13bmh']
[2025-11-23T07:47:25.437+0000] {standard_task_runner.py:105} INFO - Job 66: Subtask trigger_silver_processing
[2025-11-23T07:47:25.477+0000] {task_command.py:467} INFO - Running <TaskInstance: sales_streaming_pipeline.trigger_silver_processing manual__2025-11-23T07:47:15.210234+00:00 [running]> on host 6fe813163240
[2025-11-23T07:47:25.532+0000] {taskinstance.py:3134} INFO - Exporting env vars: AIRFLOW_CTX_DAG_OWNER='***' AIRFLOW_CTX_DAG_ID='sales_streaming_pipeline' AIRFLOW_CTX_TASK_ID='trigger_silver_processing' AIRFLOW_CTX_EXECUTION_DATE='2025-11-23T07:47:15.210234+00:00' AIRFLOW_CTX_TRY_NUMBER='1' AIRFLOW_CTX_DAG_RUN_ID='manual__2025-11-23T07:47:15.210234+00:00'
[2025-11-23T07:47:25.533+0000] {taskinstance.py:732} INFO - ::endgroup::
[2025-11-23T07:47:25.598+0000] {trigger_dagrun.py:257} INFO - Waiting for silver_layer_processing on 2025-11-23 07:47:25.543155+00:00 to become allowed state ['success'] ...
[2025-11-23T07:48:25.613+0000] {trigger_dagrun.py:257} INFO - Waiting for silver_layer_processing on 2025-11-23 07:47:25.543155+00:00 to become allowed state ['success'] ...
[2025-11-23T07:49:25.619+0000] {trigger_dagrun.py:257} INFO - Waiting for silver_layer_processing on 2025-11-23 07:47:25.543155+00:00 to become allowed state ['success'] ...
[2025-11-23T07:50:25.625+0000] {trigger_dagrun.py:257} INFO - Waiting for silver_layer_processing on 2025-11-23 07:47:25.543155+00:00 to become allowed state ['success'] ...
[2025-11-23T07:51:25.628+0000] {trigger_dagrun.py:257} INFO - Waiting for silver_layer_processing on 2025-11-23 07:47:25.543155+00:00 to become allowed state ['success'] ...
[2025-11-23T07:52:25.632+0000] {trigger_dagrun.py:257} INFO - Waiting for silver_layer_processing on 2025-11-23 07:47:25.543155+00:00 to become allowed state ['success'] ...
[2025-11-23T07:53:25.636+0000] {trigger_dagrun.py:257} INFO - Waiting for silver_layer_processing on 2025-11-23 07:47:25.543155+00:00 to become allowed state ['success'] ...
[2025-11-23T07:54:25.641+0000] {trigger_dagrun.py:257} INFO - Waiting for silver_layer_processing on 2025-11-23 07:47:25.543155+00:00 to become allowed state ['success'] ...
[2025-11-23T07:55:25.647+0000] {trigger_dagrun.py:257} INFO - Waiting for silver_layer_processing on 2025-11-23 07:47:25.543155+00:00 to become allowed state ['success'] ...
[2025-11-23T07:56:25.657+0000] {trigger_dagrun.py:257} INFO - Waiting for silver_layer_processing on 2025-11-23 07:47:25.543155+00:00 to become allowed state ['success'] ...
[2025-11-23T07:57:25.661+0000] {trigger_dagrun.py:257} INFO - Waiting for silver_layer_processing on 2025-11-23 07:47:25.543155+00:00 to become allowed state ['success'] ...
[2025-11-23T07:58:25.665+0000] {trigger_dagrun.py:257} INFO - Waiting for silver_layer_processing on 2025-11-23 07:47:25.543155+00:00 to become allowed state ['success'] ...
[2025-11-23T07:59:25.669+0000] {trigger_dagrun.py:257} INFO - Waiting for silver_layer_processing on 2025-11-23 07:47:25.543155+00:00 to become allowed state ['success'] ...
[2025-11-23T08:00:25.673+0000] {trigger_dagrun.py:257} INFO - Waiting for silver_layer_processing on 2025-11-23 07:47:25.543155+00:00 to become allowed state ['success'] ...
[2025-11-23T08:01:25.676+0000] {trigger_dagrun.py:257} INFO - Waiting for silver_layer_processing on 2025-11-23 07:47:25.543155+00:00 to become allowed state ['success'] ...
[2025-11-23T08:02:25.678+0000] {trigger_dagrun.py:257} INFO - Waiting for silver_layer_processing on 2025-11-23 07:47:25.543155+00:00 to become allowed state ['success'] ...
[2025-11-23T08:03:25.681+0000] {trigger_dagrun.py:257} INFO - Waiting for silver_layer_processing on 2025-11-23 07:47:25.543155+00:00 to become allowed state ['success'] ...
[2025-11-23T08:04:25.685+0000] {trigger_dagrun.py:257} INFO - Waiting for silver_layer_processing on 2025-11-23 07:47:25.543155+00:00 to become allowed state ['success'] ...
[2025-11-23T08:05:25.689+0000] {trigger_dagrun.py:257} INFO - Waiting for silver_layer_processing on 2025-11-23 07:47:25.543155+00:00 to become allowed state ['success'] ...
[2025-11-23T08:06:25.691+0000] {trigger_dagrun.py:257} INFO - Waiting for silver_layer_processing on 2025-11-23 07:47:25.543155+00:00 to become allowed state ['success'] ...
[2025-11-23T08:07:25.692+0000] {trigger_dagrun.py:257} INFO - Waiting for silver_layer_processing on 2025-11-23 07:47:25.543155+00:00 to become allowed state ['success'] ...
[2025-11-23T08:08:25.694+0000] {trigger_dagrun.py:257} INFO - Waiting for silver_layer_processing on 2025-11-23 07:47:25.543155+00:00 to become allowed state ['success'] ...
[2025-11-23T08:09:25.700+0000] {trigger_dagrun.py:257} INFO - Waiting for silver_layer_processing on 2025-11-23 07:47:25.543155+00:00 to become allowed state ['success'] ...
[2025-11-23T08:10:25.705+0000] {trigger_dagrun.py:257} INFO - Waiting for silver_layer_processing on 2025-11-23 07:47:25.543155+00:00 to become allowed state ['success'] ...
[2025-11-23T08:11:25.709+0000] {trigger_dagrun.py:257} INFO - Waiting for silver_layer_processing on 2025-11-23 07:47:25.543155+00:00 to become allowed state ['success'] ...
[2025-11-23T08:12:25.711+0000] {trigger_dagrun.py:257} INFO - Waiting for silver_layer_processing on 2025-11-23 07:47:25.543155+00:00 to become allowed state ['success'] ...
[2025-11-23T08:13:25.721+0000] {trigger_dagrun.py:257} INFO - Waiting for silver_layer_processing on 2025-11-23 07:47:25.543155+00:00 to become allowed state ['success'] ...
[2025-11-23T08:14:25.724+0000] {trigger_dagrun.py:257} INFO - Waiting for silver_layer_processing on 2025-11-23 07:47:25.543155+00:00 to become allowed state ['success'] ...
[2025-11-23T08:15:25.728+0000] {trigger_dagrun.py:257} INFO - Waiting for silver_layer_processing on 2025-11-23 07:47:25.543155+00:00 to become allowed state ['success'] ...
[2025-11-23T08:16:25.732+0000] {trigger_dagrun.py:257} INFO - Waiting for silver_layer_processing on 2025-11-23 07:47:25.543155+00:00 to become allowed state ['success'] ...
[2025-11-23T08:17:25.735+0000] {trigger_dagrun.py:257} INFO - Waiting for silver_layer_processing on 2025-11-23 07:47:25.543155+00:00 to become allowed state ['success'] ...
[2025-11-23T08:18:25.738+0000] {trigger_dagrun.py:257} INFO - Waiting for silver_layer_processing on 2025-11-23 07:47:25.543155+00:00 to become allowed state ['success'] ...
[2025-11-23T08:19:25.741+0000] {trigger_dagrun.py:257} INFO - Waiting for silver_layer_processing on 2025-11-23 07:47:25.543155+00:00 to become allowed state ['success'] ...
[2025-11-23T08:20:25.745+0000] {trigger_dagrun.py:257} INFO - Waiting for silver_layer_processing on 2025-11-23 07:47:25.543155+00:00 to become allowed state ['success'] ...
[2025-11-23T08:21:25.749+0000] {trigger_dagrun.py:257} INFO - Waiting for silver_layer_processing on 2025-11-23 07:47:25.543155+00:00 to become allowed state ['success'] ...
[2025-11-23T08:22:25.758+0000] {trigger_dagrun.py:257} INFO - Waiting for silver_layer_processing on 2025-11-23 07:47:25.543155+00:00 to become allowed state ['success'] ...
[2025-11-23T08:23:25.765+0000] {trigger_dagrun.py:257} INFO - Waiting for silver_layer_processing on 2025-11-23 07:47:25.543155+00:00 to become allowed state ['success'] ...
[2025-11-23T08:24:25.774+0000] {trigger_dagrun.py:257} INFO - Waiting for silver_layer_processing on 2025-11-23 07:47:25.543155+00:00 to become allowed state ['success'] ...
[2025-11-23T08:25:25.783+0000] {trigger_dagrun.py:257} INFO - Waiting for silver_layer_processing on 2025-11-23 07:47:25.543155+00:00 to become allowed state ['success'] ...
[2025-11-23T08:26:25.786+0000] {trigger_dagrun.py:257} INFO - Waiting for silver_layer_processing on 2025-11-23 07:47:25.543155+00:00 to become allowed state ['success'] ...
[2025-11-23T08:27:25.789+0000] {trigger_dagrun.py:257} INFO - Waiting for silver_layer_processing on 2025-11-23 07:47:25.543155+00:00 to become allowed state ['success'] ...
[2025-11-23T08:28:25.793+0000] {trigger_dagrun.py:257} INFO - Waiting for silver_layer_processing on 2025-11-23 07:47:25.543155+00:00 to become allowed state ['success'] ...
[2025-11-23T08:29:25.797+0000] {trigger_dagrun.py:257} INFO - Waiting for silver_layer_processing on 2025-11-23 07:47:25.543155+00:00 to become allowed state ['success'] ...
[2025-11-23T08:30:25.801+0000] {trigger_dagrun.py:257} INFO - Waiting for silver_layer_processing on 2025-11-23 07:47:25.543155+00:00 to become allowed state ['success'] ...
[2025-11-23T08:31:25.805+0000] {trigger_dagrun.py:257} INFO - Waiting for silver_layer_processing on 2025-11-23 07:47:25.543155+00:00 to become allowed state ['success'] ...
[2025-11-23T08:32:25.807+0000] {trigger_dagrun.py:257} INFO - Waiting for silver_layer_processing on 2025-11-23 07:47:25.543155+00:00 to become allowed state ['success'] ...
[2025-11-23T08:33:25.811+0000] {trigger_dagrun.py:257} INFO - Waiting for silver_layer_processing on 2025-11-23 07:47:25.543155+00:00 to become allowed state ['success'] ...
[2025-11-23T08:34:25.821+0000] {trigger_dagrun.py:257} INFO - Waiting for silver_layer_processing on 2025-11-23 07:47:25.543155+00:00 to become allowed state ['success'] ...
[2025-11-23T08:35:25.826+0000] {trigger_dagrun.py:257} INFO - Waiting for silver_layer_processing on 2025-11-23 07:47:25.543155+00:00 to become allowed state ['success'] ...
[2025-11-23T08:36:25.832+0000] {trigger_dagrun.py:257} INFO - Waiting for silver_layer_processing on 2025-11-23 07:47:25.543155+00:00 to become allowed state ['success'] ...
[2025-11-23T08:37:25.842+0000] {trigger_dagrun.py:257} INFO - Waiting for silver_layer_processing on 2025-11-23 07:47:25.543155+00:00 to become allowed state ['success'] ...
[2025-11-23T08:38:25.849+0000] {trigger_dagrun.py:257} INFO - Waiting for silver_layer_processing on 2025-11-23 07:47:25.543155+00:00 to become allowed state ['success'] ...
[2025-11-23T08:39:25.855+0000] {trigger_dagrun.py:257} INFO - Waiting for silver_layer_processing on 2025-11-23 07:47:25.543155+00:00 to become allowed state ['success'] ...
[2025-11-23T08:40:25.860+0000] {trigger_dagrun.py:257} INFO - Waiting for silver_layer_processing on 2025-11-23 07:47:25.543155+00:00 to become allowed state ['success'] ...
[2025-11-23T08:41:25.869+0000] {trigger_dagrun.py:257} INFO - Waiting for silver_layer_processing on 2025-11-23 07:47:25.543155+00:00 to become allowed state ['success'] ...
[2025-11-23T08:42:25.873+0000] {trigger_dagrun.py:257} INFO - Waiting for silver_layer_processing on 2025-11-23 07:47:25.543155+00:00 to become allowed state ['success'] ...
[2025-11-23T08:43:25.882+0000] {trigger_dagrun.py:257} INFO - Waiting for silver_layer_processing on 2025-11-23 07:47:25.543155+00:00 to become allowed state ['success'] ...
[2025-11-23T08:44:25.891+0000] {trigger_dagrun.py:257} INFO - Waiting for silver_layer_processing on 2025-11-23 07:47:25.543155+00:00 to become allowed state ['success'] ...
[2025-11-23T08:45:25.899+0000] {trigger_dagrun.py:257} INFO - Waiting for silver_layer_processing on 2025-11-23 07:47:25.543155+00:00 to become allowed state ['success'] ...
[2025-11-23T08:46:25.903+0000] {trigger_dagrun.py:257} INFO - Waiting for silver_layer_processing on 2025-11-23 07:47:25.543155+00:00 to become allowed state ['success'] ...
[2025-11-23T08:47:25.907+0000] {trigger_dagrun.py:257} INFO - Waiting for silver_layer_processing on 2025-11-23 07:47:25.543155+00:00 to become allowed state ['success'] ...
[2025-11-23T08:48:25.912+0000] {trigger_dagrun.py:257} INFO - Waiting for silver_layer_processing on 2025-11-23 07:47:25.543155+00:00 to become allowed state ['success'] ...
[2025-11-23T08:49:25.918+0000] {trigger_dagrun.py:257} INFO - Waiting for silver_layer_processing on 2025-11-23 07:47:25.543155+00:00 to become allowed state ['success'] ...
[2025-11-23T08:50:25.923+0000] {trigger_dagrun.py:257} INFO - Waiting for silver_layer_processing on 2025-11-23 07:47:25.543155+00:00 to become allowed state ['success'] ...
[2025-11-23T08:51:25.926+0000] {trigger_dagrun.py:257} INFO - Waiting for silver_layer_processing on 2025-11-23 07:47:25.543155+00:00 to become allowed state ['success'] ...
[2025-11-23T08:52:25.929+0000] {trigger_dagrun.py:257} INFO - Waiting for silver_layer_processing on 2025-11-23 07:47:25.543155+00:00 to become allowed state ['success'] ...
[2025-11-23T08:53:25.935+0000] {trigger_dagrun.py:257} INFO - Waiting for silver_layer_processing on 2025-11-23 07:47:25.543155+00:00 to become allowed state ['success'] ...
[2025-11-23T08:54:25.946+0000] {trigger_dagrun.py:257} INFO - Waiting for silver_layer_processing on 2025-11-23 07:47:25.543155+00:00 to become allowed state ['success'] ...
[2025-11-23T08:55:25.954+0000] {trigger_dagrun.py:257} INFO - Waiting for silver_layer_processing on 2025-11-23 07:47:25.543155+00:00 to become allowed state ['success'] ...
[2025-11-23T08:56:25.963+0000] {trigger_dagrun.py:257} INFO - Waiting for silver_layer_processing on 2025-11-23 07:47:25.543155+00:00 to become allowed state ['success'] ...
[2025-11-23T08:57:25.966+0000] {trigger_dagrun.py:257} INFO - Waiting for silver_layer_processing on 2025-11-23 07:47:25.543155+00:00 to become allowed state ['success'] ...
[2025-11-23T08:58:25.973+0000] {trigger_dagrun.py:257} INFO - Waiting for silver_layer_processing on 2025-11-23 07:47:25.543155+00:00 to become allowed state ['success'] ...
[2025-11-23T08:59:25.981+0000] {trigger_dagrun.py:257} INFO - Waiting for silver_layer_processing on 2025-11-23 07:47:25.543155+00:00 to become allowed state ['success'] ...
[2025-11-23T09:00:25.990+0000] {trigger_dagrun.py:257} INFO - Waiting for silver_layer_processing on 2025-11-23 07:47:25.543155+00:00 to become allowed state ['success'] ...
[2025-11-23T09:01:25.994+0000] {trigger_dagrun.py:257} INFO - Waiting for silver_layer_processing on 2025-11-23 07:47:25.543155+00:00 to become allowed state ['success'] ...
[2025-11-23T09:02:26.003+0000] {trigger_dagrun.py:257} INFO - Waiting for silver_layer_processing on 2025-11-23 07:47:25.543155+00:00 to become allowed state ['success'] ...
[2025-11-23T09:03:26.014+0000] {trigger_dagrun.py:257} INFO - Waiting for silver_layer_processing on 2025-11-23 07:47:25.543155+00:00 to become allowed state ['success'] ...
[2025-11-23T09:04:26.017+0000] {trigger_dagrun.py:257} INFO - Waiting for silver_layer_processing on 2025-11-23 07:47:25.543155+00:00 to become allowed state ['success'] ...
[2025-11-23T09:05:26.019+0000] {trigger_dagrun.py:257} INFO - Waiting for silver_layer_processing on 2025-11-23 07:47:25.543155+00:00 to become allowed state ['success'] ...
[2025-11-23T09:06:26.023+0000] {trigger_dagrun.py:257} INFO - Waiting for silver_layer_processing on 2025-11-23 07:47:25.543155+00:00 to become allowed state ['success'] ...
[2025-11-23T09:07:26.027+0000] {trigger_dagrun.py:257} INFO - Waiting for silver_layer_processing on 2025-11-23 07:47:25.543155+00:00 to become allowed state ['success'] ...
[2025-11-23T09:08:26.032+0000] {trigger_dagrun.py:257} INFO - Waiting for silver_layer_processing on 2025-11-23 07:47:25.543155+00:00 to become allowed state ['success'] ...
[2025-11-23T09:09:26.040+0000] {trigger_dagrun.py:257} INFO - Waiting for silver_layer_processing on 2025-11-23 07:47:25.543155+00:00 to become allowed state ['success'] ...
[2025-11-23T09:10:26.045+0000] {trigger_dagrun.py:257} INFO - Waiting for silver_layer_processing on 2025-11-23 07:47:25.543155+00:00 to become allowed state ['success'] ...
[2025-11-23T09:11:26.050+0000] {trigger_dagrun.py:257} INFO - Waiting for silver_layer_processing on 2025-11-23 07:47:25.543155+00:00 to become allowed state ['success'] ...
[2025-11-23T09:12:26.054+0000] {trigger_dagrun.py:257} INFO - Waiting for silver_layer_processing on 2025-11-23 07:47:25.543155+00:00 to become allowed state ['success'] ...
[2025-11-23T09:13:26.057+0000] {trigger_dagrun.py:257} INFO - Waiting for silver_layer_processing on 2025-11-23 07:47:25.543155+00:00 to become allowed state ['success'] ...
[2025-11-23T09:14:26.060+0000] {trigger_dagrun.py:257} INFO - Waiting for silver_layer_processing on 2025-11-23 07:47:25.543155+00:00 to become allowed state ['success'] ...
[2025-11-23T09:15:26.064+0000] {trigger_dagrun.py:257} INFO - Waiting for silver_layer_processing on 2025-11-23 07:47:25.543155+00:00 to become allowed state ['success'] ...
[2025-11-23T09:16:26.071+0000] {trigger_dagrun.py:257} INFO - Waiting for silver_layer_processing on 2025-11-23 07:47:25.543155+00:00 to become allowed state ['success'] ...
[2025-11-23T09:17:26.075+0000] {trigger_dagrun.py:257} INFO - Waiting for silver_layer_processing on 2025-11-23 07:47:25.543155+00:00 to become allowed state ['success'] ...
[2025-11-23T09:18:26.079+0000] {trigger_dagrun.py:257} INFO - Waiting for silver_layer_processing on 2025-11-23 07:47:25.543155+00:00 to become allowed state ['success'] ...
[2025-11-23T09:19:26.085+0000] {trigger_dagrun.py:257} INFO - Waiting for silver_layer_processing on 2025-11-23 07:47:25.543155+00:00 to become allowed state ['success'] ...
[2025-11-23T09:20:26.088+0000] {trigger_dagrun.py:257} INFO - Waiting for silver_layer_processing on 2025-11-23 07:47:25.543155+00:00 to become allowed state ['success'] ...
[2025-11-23T09:21:26.093+0000] {trigger_dagrun.py:257} INFO - Waiting for silver_layer_processing on 2025-11-23 07:47:25.543155+00:00 to become allowed state ['success'] ...
[2025-11-23T09:22:26.100+0000] {trigger_dagrun.py:257} INFO - Waiting for silver_layer_processing on 2025-11-23 07:47:25.543155+00:00 to become allowed state ['success'] ...
[2025-11-23T09:23:26.105+0000] {trigger_dagrun.py:257} INFO - Waiting for silver_layer_processing on 2025-11-23 07:47:25.543155+00:00 to become allowed state ['success'] ...
[2025-11-23T09:24:26.113+0000] {trigger_dagrun.py:257} INFO - Waiting for silver_layer_processing on 2025-11-23 07:47:25.543155+00:00 to become allowed state ['success'] ...
[2025-11-23T09:25:26.117+0000] {trigger_dagrun.py:257} INFO - Waiting for silver_layer_processing on 2025-11-23 07:47:25.543155+00:00 to become allowed state ['success'] ...
[2025-11-23T09:26:26.122+0000] {trigger_dagrun.py:257} INFO - Waiting for silver_layer_processing on 2025-11-23 07:47:25.543155+00:00 to become allowed state ['success'] ...
[2025-11-23T09:27:26.124+0000] {trigger_dagrun.py:257} INFO - Waiting for silver_layer_processing on 2025-11-23 07:47:25.543155+00:00 to become allowed state ['success'] ...
[2025-11-23T09:28:26.128+0000] {trigger_dagrun.py:257} INFO - Waiting for silver_layer_processing on 2025-11-23 07:47:25.543155+00:00 to become allowed state ['success'] ...
[2025-11-23T09:29:26.131+0000] {trigger_dagrun.py:257} INFO - Waiting for silver_layer_processing on 2025-11-23 07:47:25.543155+00:00 to become allowed state ['success'] ...
[2025-11-23T09:30:26.135+0000] {trigger_dagrun.py:257} INFO - Waiting for silver_layer_processing on 2025-11-23 07:47:25.543155+00:00 to become allowed state ['success'] ...
[2025-11-23T09:31:26.137+0000] {trigger_dagrun.py:257} INFO - Waiting for silver_layer_processing on 2025-11-23 07:47:25.543155+00:00 to become allowed state ['success'] ...
[2025-11-23T09:32:26.140+0000] {trigger_dagrun.py:257} INFO - Waiting for silver_layer_processing on 2025-11-23 07:47:25.543155+00:00 to become allowed state ['success'] ...
[2025-11-23T09:33:26.146+0000] {trigger_dagrun.py:257} INFO - Waiting for silver_layer_processing on 2025-11-23 07:47:25.543155+00:00 to become allowed state ['success'] ...
[2025-11-23T09:34:26.152+0000] {trigger_dagrun.py:257} INFO - Waiting for silver_layer_processing on 2025-11-23 07:47:25.543155+00:00 to become allowed state ['success'] ...
[2025-11-23T09:35:26.157+0000] {trigger_dagrun.py:257} INFO - Waiting for silver_layer_processing on 2025-11-23 07:47:25.543155+00:00 to become allowed state ['success'] ...
[2025-11-23T09:36:26.163+0000] {trigger_dagrun.py:257} INFO - Waiting for silver_layer_processing on 2025-11-23 07:47:25.543155+00:00 to become allowed state ['success'] ...
[2025-11-23T09:37:26.169+0000] {trigger_dagrun.py:257} INFO - Waiting for silver_layer_processing on 2025-11-23 07:47:25.543155+00:00 to become allowed state ['success'] ...
[2025-11-23T09:38:26.169+0000] {trigger_dagrun.py:257} INFO - Waiting for silver_layer_processing on 2025-11-23 07:47:25.543155+00:00 to become allowed state ['success'] ...
[2025-11-23T09:39:26.175+0000] {trigger_dagrun.py:257} INFO - Waiting for silver_layer_processing on 2025-11-23 07:47:25.543155+00:00 to become allowed state ['success'] ...
[2025-11-23T09:40:26.181+0000] {trigger_dagrun.py:257} INFO - Waiting for silver_layer_processing on 2025-11-23 07:47:25.543155+00:00 to become allowed state ['success'] ...
[2025-11-23T09:41:26.185+0000] {trigger_dagrun.py:257} INFO - Waiting for silver_layer_processing on 2025-11-23 07:47:25.543155+00:00 to become allowed state ['success'] ...
[2025-11-23T09:42:26.189+0000] {trigger_dagrun.py:257} INFO - Waiting for silver_layer_processing on 2025-11-23 07:47:25.543155+00:00 to become allowed state ['success'] ...
[2025-11-23T09:43:26.195+0000] {trigger_dagrun.py:257} INFO - Waiting for silver_layer_processing on 2025-11-23 07:47:25.543155+00:00 to become allowed state ['success'] ...
[2025-11-23T09:44:26.201+0000] {trigger_dagrun.py:257} INFO - Waiting for silver_layer_processing on 2025-11-23 07:47:25.543155+00:00 to become allowed state ['success'] ...
[2025-11-23T09:45:26.207+0000] {trigger_dagrun.py:257} INFO - Waiting for silver_layer_processing on 2025-11-23 07:47:25.543155+00:00 to become allowed state ['success'] ...
[2025-11-23T09:46:26.214+0000] {trigger_dagrun.py:257} INFO - Waiting for silver_layer_processing on 2025-11-23 07:47:25.543155+00:00 to become allowed state ['success'] ...
[2025-11-23T09:47:26.219+0000] {trigger_dagrun.py:257} INFO - Waiting for silver_layer_processing on 2025-11-23 07:47:25.543155+00:00 to become allowed state ['success'] ...
[2025-11-23T09:48:26.224+0000] {trigger_dagrun.py:257} INFO - Waiting for silver_layer_processing on 2025-11-23 07:47:25.543155+00:00 to become allowed state ['success'] ...
[2025-11-23T09:49:26.228+0000] {trigger_dagrun.py:257} INFO - Waiting for silver_layer_processing on 2025-11-23 07:47:25.543155+00:00 to become allowed state ['success'] ...
[2025-11-23T09:50:26.233+0000] {trigger_dagrun.py:257} INFO - Waiting for silver_layer_processing on 2025-11-23 07:47:25.543155+00:00 to become allowed state ['success'] ...
[2025-11-23T09:51:26.239+0000] {trigger_dagrun.py:257} INFO - Waiting for silver_layer_processing on 2025-11-23 07:47:25.543155+00:00 to become allowed state ['success'] ...
[2025-11-23T09:52:26.244+0000] {trigger_dagrun.py:257} INFO - Waiting for silver_layer_processing on 2025-11-23 07:47:25.543155+00:00 to become allowed state ['success'] ...
[2025-11-23T09:53:26.247+0000] {trigger_dagrun.py:257} INFO - Waiting for silver_layer_processing on 2025-11-23 07:47:25.543155+00:00 to become allowed state ['success'] ...
[2025-11-23T09:54:26.254+0000] {trigger_dagrun.py:257} INFO - Waiting for silver_layer_processing on 2025-11-23 07:47:25.543155+00:00 to become allowed state ['success'] ...
[2025-11-23T09:55:26.261+0000] {trigger_dagrun.py:257} INFO - Waiting for silver_layer_processing on 2025-11-23 07:47:25.543155+00:00 to become allowed state ['success'] ...
[2025-11-23T09:56:26.266+0000] {trigger_dagrun.py:257} INFO - Waiting for silver_layer_processing on 2025-11-23 07:47:25.543155+00:00 to become allowed state ['success'] ...
[2025-11-23T09:57:26.270+0000] {trigger_dagrun.py:257} INFO - Waiting for silver_layer_processing on 2025-11-23 07:47:25.543155+00:00 to become allowed state ['success'] ...
[2025-11-23T09:58:26.276+0000] {trigger_dagrun.py:257} INFO - Waiting for silver_layer_processing on 2025-11-23 07:47:25.543155+00:00 to become allowed state ['success'] ...
[2025-11-23T09:59:26.284+0000] {trigger_dagrun.py:257} INFO - Waiting for silver_layer_processing on 2025-11-23 07:47:25.543155+00:00 to become allowed state ['success'] ...
[2025-11-23T10:00:26.287+0000] {trigger_dagrun.py:257} INFO - Waiting for silver_layer_processing on 2025-11-23 07:47:25.543155+00:00 to become allowed state ['success'] ...
[2025-11-23T10:01:26.291+0000] {trigger_dagrun.py:257} INFO - Waiting for silver_layer_processing on 2025-11-23 07:47:25.543155+00:00 to become allowed state ['success'] ...
[2025-11-23T10:02:26.294+0000] {trigger_dagrun.py:257} INFO - Waiting for silver_layer_processing on 2025-11-23 07:47:25.543155+00:00 to become allowed state ['success'] ...
[2025-11-23T10:03:26.298+0000] {trigger_dagrun.py:257} INFO - Waiting for silver_layer_processing on 2025-11-23 07:47:25.543155+00:00 to become allowed state ['success'] ...
[2025-11-23T10:04:26.301+0000] {trigger_dagrun.py:257} INFO - Waiting for silver_layer_processing on 2025-11-23 07:47:25.543155+00:00 to become allowed state ['success'] ...
[2025-11-23T10:05:26.308+0000] {trigger_dagrun.py:257} INFO - Waiting for silver_layer_processing on 2025-11-23 07:47:25.543155+00:00 to become allowed state ['success'] ...
[2025-11-23T10:06:26.314+0000] {trigger_dagrun.py:257} INFO - Waiting for silver_layer_processing on 2025-11-23 07:47:25.543155+00:00 to become allowed state ['success'] ...
[2025-11-23T10:07:26.320+0000] {trigger_dagrun.py:257} INFO - Waiting for silver_layer_processing on 2025-11-23 07:47:25.543155+00:00 to become allowed state ['success'] ...
[2025-11-23T10:08:26.332+0000] {trigger_dagrun.py:257} INFO - Waiting for silver_layer_processing on 2025-11-23 07:47:25.543155+00:00 to become allowed state ['success'] ...
[2025-11-23T10:09:26.336+0000] {trigger_dagrun.py:257} INFO - Waiting for silver_layer_processing on 2025-11-23 07:47:25.543155+00:00 to become allowed state ['success'] ...
[2025-11-23T10:10:26.341+0000] {trigger_dagrun.py:257} INFO - Waiting for silver_layer_processing on 2025-11-23 07:47:25.543155+00:00 to become allowed state ['success'] ...
[2025-11-23T10:11:26.347+0000] {trigger_dagrun.py:257} INFO - Waiting for silver_layer_processing on 2025-11-23 07:47:25.543155+00:00 to become allowed state ['success'] ...
[2025-11-23T10:12:26.352+0000] {trigger_dagrun.py:257} INFO - Waiting for silver_layer_processing on 2025-11-23 07:47:25.543155+00:00 to become allowed state ['success'] ...
[2025-11-23T10:13:26.356+0000] {trigger_dagrun.py:257} INFO - Waiting for silver_layer_processing on 2025-11-23 07:47:25.543155+00:00 to become allowed state ['success'] ...
[2025-11-23T10:14:26.361+0000] {trigger_dagrun.py:257} INFO - Waiting for silver_layer_processing on 2025-11-23 07:47:25.543155+00:00 to become allowed state ['success'] ...
[2025-11-23T10:15:26.367+0000] {trigger_dagrun.py:257} INFO - Waiting for silver_layer_processing on 2025-11-23 07:47:25.543155+00:00 to become allowed state ['success'] ...
[2025-11-23T10:16:26.374+0000] {trigger_dagrun.py:257} INFO - Waiting for silver_layer_processing on 2025-11-23 07:47:25.543155+00:00 to become allowed state ['success'] ...
[2025-11-23T10:17:26.378+0000] {trigger_dagrun.py:257} INFO - Waiting for silver_layer_processing on 2025-11-23 07:47:25.543155+00:00 to become allowed state ['success'] ...
[2025-11-23T10:18:26.383+0000] {trigger_dagrun.py:257} INFO - Waiting for silver_layer_processing on 2025-11-23 07:47:25.543155+00:00 to become allowed state ['success'] ...
[2025-11-23T10:19:26.386+0000] {trigger_dagrun.py:257} INFO - Waiting for silver_layer_processing on 2025-11-23 07:47:25.543155+00:00 to become allowed state ['success'] ...
[2025-11-23T10:20:26.389+0000] {trigger_dagrun.py:257} INFO - Waiting for silver_layer_processing on 2025-11-23 07:47:25.543155+00:00 to become allowed state ['success'] ...
[2025-11-23T10:21:26.393+0000] {trigger_dagrun.py:257} INFO - Waiting for silver_layer_processing on 2025-11-23 07:47:25.543155+00:00 to become allowed state ['success'] ...
[2025-11-23T10:22:26.395+0000] {trigger_dagrun.py:257} INFO - Waiting for silver_layer_processing on 2025-11-23 07:47:25.543155+00:00 to become allowed state ['success'] ...
[2025-11-23T10:23:26.401+0000] {trigger_dagrun.py:257} INFO - Waiting for silver_layer_processing on 2025-11-23 07:47:25.543155+00:00 to become allowed state ['success'] ...
[2025-11-23T10:24:26.406+0000] {trigger_dagrun.py:257} INFO - Waiting for silver_layer_processing on 2025-11-23 07:47:25.543155+00:00 to become allowed state ['success'] ...
[2025-11-23T10:25:26.409+0000] {trigger_dagrun.py:257} INFO - Waiting for silver_layer_processing on 2025-11-23 07:47:25.543155+00:00 to become allowed state ['success'] ...
[2025-11-23T10:26:26.414+0000] {trigger_dagrun.py:257} INFO - Waiting for silver_layer_processing on 2025-11-23 07:47:25.543155+00:00 to become allowed state ['success'] ...
[2025-11-23T10:27:26.419+0000] {trigger_dagrun.py:257} INFO - Waiting for silver_layer_processing on 2025-11-23 07:47:25.543155+00:00 to become allowed state ['success'] ...
[2025-11-23T10:28:26.423+0000] {trigger_dagrun.py:257} INFO - Waiting for silver_layer_processing on 2025-11-23 07:47:25.543155+00:00 to become allowed state ['success'] ...
[2025-11-23T10:29:26.429+0000] {trigger_dagrun.py:257} INFO - Waiting for silver_layer_processing on 2025-11-23 07:47:25.543155+00:00 to become allowed state ['success'] ...
[2025-11-23T10:30:26.433+0000] {trigger_dagrun.py:257} INFO - Waiting for silver_layer_processing on 2025-11-23 07:47:25.543155+00:00 to become allowed state ['success'] ...
[2025-11-23T10:31:26.437+0000] {trigger_dagrun.py:257} INFO - Waiting for silver_layer_processing on 2025-11-23 07:47:25.543155+00:00 to become allowed state ['success'] ...
[2025-11-23T10:32:26.443+0000] {trigger_dagrun.py:257} INFO - Waiting for silver_layer_processing on 2025-11-23 07:47:25.543155+00:00 to become allowed state ['success'] ...
[2025-11-23T10:33:26.447+0000] {trigger_dagrun.py:257} INFO - Waiting for silver_layer_processing on 2025-11-23 07:47:25.543155+00:00 to become allowed state ['success'] ...
[2025-11-23T10:34:26.455+0000] {trigger_dagrun.py:257} INFO - Waiting for silver_layer_processing on 2025-11-23 07:47:25.543155+00:00 to become allowed state ['success'] ...
[2025-11-23T10:35:26.460+0000] {trigger_dagrun.py:257} INFO - Waiting for silver_layer_processing on 2025-11-23 07:47:25.543155+00:00 to become allowed state ['success'] ...
[2025-11-23T10:36:26.466+0000] {trigger_dagrun.py:257} INFO - Waiting for silver_layer_processing on 2025-11-23 07:47:25.543155+00:00 to become allowed state ['success'] ...
[2025-11-23T10:37:26.473+0000] {trigger_dagrun.py:257} INFO - Waiting for silver_layer_processing on 2025-11-23 07:47:25.543155+00:00 to become allowed state ['success'] ...
[2025-11-23T10:38:26.475+0000] {trigger_dagrun.py:257} INFO - Waiting for silver_layer_processing on 2025-11-23 07:47:25.543155+00:00 to become allowed state ['success'] ...
[2025-11-23T10:39:26.479+0000] {trigger_dagrun.py:257} INFO - Waiting for silver_layer_processing on 2025-11-23 07:47:25.543155+00:00 to become allowed state ['success'] ...
[2025-11-23T10:40:26.482+0000] {trigger_dagrun.py:257} INFO - Waiting for silver_layer_processing on 2025-11-23 07:47:25.543155+00:00 to become allowed state ['success'] ...
[2025-11-23T10:41:26.488+0000] {trigger_dagrun.py:257} INFO - Waiting for silver_layer_processing on 2025-11-23 07:47:25.543155+00:00 to become allowed state ['success'] ...
[2025-11-23T10:42:26.492+0000] {trigger_dagrun.py:257} INFO - Waiting for silver_layer_processing on 2025-11-23 07:47:25.543155+00:00 to become allowed state ['success'] ...
[2025-11-23T10:43:26.496+0000] {trigger_dagrun.py:257} INFO - Waiting for silver_layer_processing on 2025-11-23 07:47:25.543155+00:00 to become allowed state ['success'] ...
[2025-11-23T10:44:26.500+0000] {trigger_dagrun.py:257} INFO - Waiting for silver_layer_processing on 2025-11-23 07:47:25.543155+00:00 to become allowed state ['success'] ...
[2025-11-23T10:45:26.505+0000] {trigger_dagrun.py:257} INFO - Waiting for silver_layer_processing on 2025-11-23 07:47:25.543155+00:00 to become allowed state ['success'] ...
[2025-11-23T10:46:26.508+0000] {trigger_dagrun.py:257} INFO - Waiting for silver_layer_processing on 2025-11-23 07:47:25.543155+00:00 to become allowed state ['success'] ...
[2025-11-23T10:47:26.512+0000] {trigger_dagrun.py:257} INFO - Waiting for silver_layer_processing on 2025-11-23 07:47:25.543155+00:00 to become allowed state ['success'] ...
[2025-11-23T10:48:26.515+0000] {trigger_dagrun.py:257} INFO - Waiting for silver_layer_processing on 2025-11-23 07:47:25.543155+00:00 to become allowed state ['success'] ...
[2025-11-23T10:49:26.522+0000] {trigger_dagrun.py:257} INFO - Waiting for silver_layer_processing on 2025-11-23 07:47:25.543155+00:00 to become allowed state ['success'] ...
[2025-11-23T10:50:26.528+0000] {trigger_dagrun.py:257} INFO - Waiting for silver_layer_processing on 2025-11-23 07:47:25.543155+00:00 to become allowed state ['success'] ...
[2025-11-23T10:51:26.533+0000] {trigger_dagrun.py:257} INFO - Waiting for silver_layer_processing on 2025-11-23 07:47:25.543155+00:00 to become allowed state ['success'] ...
[2025-11-23T10:52:26.540+0000] {trigger_dagrun.py:257} INFO - Waiting for silver_layer_processing on 2025-11-23 07:47:25.543155+00:00 to become allowed state ['success'] ...
[2025-11-23T10:53:26.544+0000] {trigger_dagrun.py:257} INFO - Waiting for silver_layer_processing on 2025-11-23 07:47:25.543155+00:00 to become allowed state ['success'] ...
[2025-11-23T10:54:26.551+0000] {trigger_dagrun.py:257} INFO - Waiting for silver_layer_processing on 2025-11-23 07:47:25.543155+00:00 to become allowed state ['success'] ...
[2025-11-23T10:55:26.554+0000] {trigger_dagrun.py:257} INFO - Waiting for silver_layer_processing on 2025-11-23 07:47:25.543155+00:00 to become allowed state ['success'] ...
[2025-11-23T10:56:26.560+0000] {trigger_dagrun.py:257} INFO - Waiting for silver_layer_processing on 2025-11-23 07:47:25.543155+00:00 to become allowed state ['success'] ...
[2025-11-23T10:57:26.567+0000] {trigger_dagrun.py:257} INFO - Waiting for silver_layer_processing on 2025-11-23 07:47:25.543155+00:00 to become allowed state ['success'] ...
[2025-11-23T10:58:26.574+0000] {trigger_dagrun.py:257} INFO - Waiting for silver_layer_processing on 2025-11-23 07:47:25.543155+00:00 to become allowed state ['success'] ...
[2025-11-23T10:59:26.579+0000] {trigger_dagrun.py:257} INFO - Waiting for silver_layer_processing on 2025-11-23 07:47:25.543155+00:00 to become allowed state ['success'] ...
[2025-11-23T11:00:26.582+0000] {trigger_dagrun.py:257} INFO - Waiting for silver_layer_processing on 2025-11-23 07:47:25.543155+00:00 to become allowed state ['success'] ...
[2025-11-23T11:01:26.585+0000] {trigger_dagrun.py:257} INFO - Waiting for silver_layer_processing on 2025-11-23 07:47:25.543155+00:00 to become allowed state ['success'] ...
[2025-11-23T11:02:26.587+0000] {trigger_dagrun.py:257} INFO - Waiting for silver_layer_processing on 2025-11-23 07:47:25.543155+00:00 to become allowed state ['success'] ...
[2025-11-23T11:03:26.591+0000] {trigger_dagrun.py:257} INFO - Waiting for silver_layer_processing on 2025-11-23 07:47:25.543155+00:00 to become allowed state ['success'] ...
[2025-11-23T11:04:26.594+0000] {trigger_dagrun.py:257} INFO - Waiting for silver_layer_processing on 2025-11-23 07:47:25.543155+00:00 to become allowed state ['success'] ...
[2025-11-23T11:05:26.598+0000] {trigger_dagrun.py:257} INFO - Waiting for silver_layer_processing on 2025-11-23 07:47:25.543155+00:00 to become allowed state ['success'] ...
[2025-11-23T11:06:26.600+0000] {trigger_dagrun.py:257} INFO - Waiting for silver_layer_processing on 2025-11-23 07:47:25.543155+00:00 to become allowed state ['success'] ...
[2025-11-23T11:07:26.605+0000] {trigger_dagrun.py:257} INFO - Waiting for silver_layer_processing on 2025-11-23 07:47:25.543155+00:00 to become allowed state ['success'] ...
[2025-11-23T11:08:26.607+0000] {trigger_dagrun.py:257} INFO - Waiting for silver_layer_processing on 2025-11-23 07:47:25.543155+00:00 to become allowed state ['success'] ...
[2025-11-23T11:09:26.610+0000] {trigger_dagrun.py:257} INFO - Waiting for silver_layer_processing on 2025-11-23 07:47:25.543155+00:00 to become allowed state ['success'] ...
[2025-11-23T11:10:26.613+0000] {trigger_dagrun.py:257} INFO - Waiting for silver_layer_processing on 2025-11-23 07:47:25.543155+00:00 to become allowed state ['success'] ...
[2025-11-23T11:11:26.615+0000] {trigger_dagrun.py:257} INFO - Waiting for silver_layer_processing on 2025-11-23 07:47:25.543155+00:00 to become allowed state ['success'] ...
[2025-11-23T11:12:26.621+0000] {trigger_dagrun.py:257} INFO - Waiting for silver_layer_processing on 2025-11-23 07:47:25.543155+00:00 to become allowed state ['success'] ...
[2025-11-23T11:13:26.624+0000] {trigger_dagrun.py:257} INFO - Waiting for silver_layer_processing on 2025-11-23 07:47:25.543155+00:00 to become allowed state ['success'] ...
[2025-11-23T11:14:26.628+0000] {trigger_dagrun.py:257} INFO - Waiting for silver_layer_processing on 2025-11-23 07:47:25.543155+00:00 to become allowed state ['success'] ...
[2025-11-23T11:15:26.634+0000] {trigger_dagrun.py:257} INFO - Waiting for silver_layer_processing on 2025-11-23 07:47:25.543155+00:00 to become allowed state ['success'] ...
[2025-11-23T11:16:26.639+0000] {trigger_dagrun.py:257} INFO - Waiting for silver_layer_processing on 2025-11-23 07:47:25.543155+00:00 to become allowed state ['success'] ...
