[2025-12-14T06:58:37.542+0000] {local_task_job_runner.py:123} INFO - ::group::Pre task execution logs
[2025-12-14T06:58:37.562+0000] {taskinstance.py:2614} INFO - Dependencies all met for dep_context=non-requeueable deps ti=<TaskInstance: unified_sales_pipeline.optional_cleanup manual__2025-12-14T06:47:51.410654+00:00 [queued]>
[2025-12-14T06:58:37.573+0000] {taskinstance.py:2614} INFO - Dependencies all met for dep_context=requeueable deps ti=<TaskInstance: unified_sales_pipeline.optional_cleanup manual__2025-12-14T06:47:51.410654+00:00 [queued]>
[2025-12-14T06:58:37.574+0000] {taskinstance.py:2867} INFO - Starting attempt 1 of 2
[2025-12-14T06:58:37.590+0000] {taskinstance.py:2890} INFO - Executing <Task(PythonOperator): optional_cleanup> on 2025-12-14 06:47:51.410654+00:00
[2025-12-14T06:58:37.596+0000] {warnings.py:112} WARNING - /home/***/.local/lib/python3.12/site-packages/***/task/task_runner/standard_task_runner.py:70: DeprecationWarning: This process (pid=1415) is multi-threaded, use of fork() may lead to deadlocks in the child.
  pid = os.fork()

[2025-12-14T06:58:37.598+0000] {standard_task_runner.py:72} INFO - Started process 1416 to run task
[2025-12-14T06:58:37.599+0000] {standard_task_runner.py:104} INFO - Running: ['***', 'tasks', 'run', 'unified_sales_pipeline', 'optional_cleanup', 'manual__2025-12-14T06:47:51.410654+00:00', '--job-id', '56', '--raw', '--subdir', 'DAGS_FOLDER/unified_sales_pipeline_dag.py', '--cfg-path', '/tmp/tmp2glhif_c']
[2025-12-14T06:58:37.600+0000] {standard_task_runner.py:105} INFO - Job 56: Subtask optional_cleanup
[2025-12-14T06:58:37.645+0000] {task_command.py:467} INFO - Running <TaskInstance: unified_sales_pipeline.optional_cleanup manual__2025-12-14T06:47:51.410654+00:00 [running]> on host ac4bc61bdcd0
[2025-12-14T06:58:37.773+0000] {taskinstance.py:3134} INFO - Exporting env vars: AIRFLOW_CTX_DAG_OWNER='***' AIRFLOW_CTX_DAG_ID='unified_sales_pipeline' AIRFLOW_CTX_TASK_ID='optional_cleanup' AIRFLOW_CTX_EXECUTION_DATE='2025-12-14T06:47:51.410654+00:00' AIRFLOW_CTX_TRY_NUMBER='1' AIRFLOW_CTX_DAG_RUN_ID='manual__2025-12-14T06:47:51.410654+00:00'
[2025-12-14T06:58:37.775+0000] {taskinstance.py:732} INFO - ::endgroup::
[2025-12-14T06:58:37.865+0000] {logging_mixin.py:190} INFO - ⚠️  Cleanup warning: [Errno 13] Permission denied: '/tmp/delta/bronze/ventes_stream/_delta_log'
[2025-12-14T06:58:37.866+0000] {python.py:240} INFO - Done. Returned value was: None
[2025-12-14T06:58:37.875+0000] {taskinstance.py:341} INFO - ::group::Post task execution logs
[2025-12-14T06:58:37.876+0000] {taskinstance.py:353} INFO - Marking task as SUCCESS. dag_id=unified_sales_pipeline, task_id=optional_cleanup, run_id=manual__2025-12-14T06:47:51.410654+00:00, execution_date=20251214T064751, start_date=20251214T065837, end_date=20251214T065837
[2025-12-14T06:58:37.934+0000] {local_task_job_runner.py:266} INFO - Task exited with return code 0
[2025-12-14T06:58:37.951+0000] {taskinstance.py:3901} INFO - 0 downstream tasks scheduled from follow-on schedule check
[2025-12-14T06:58:37.954+0000] {local_task_job_runner.py:245} INFO - ::endgroup::
