[2025-12-14T07:53:46.699+0000] {local_task_job_runner.py:123} INFO - ::group::Pre task execution logs
[2025-12-14T07:53:46.715+0000] {taskinstance.py:2614} INFO - Dependencies all met for dep_context=non-requeueable deps ti=<TaskInstance: unified_sales_pipeline.produce_sales_data manual__2025-12-14T07:53:42.113803+00:00 [queued]>
[2025-12-14T07:53:46.723+0000] {taskinstance.py:2614} INFO - Dependencies all met for dep_context=requeueable deps ti=<TaskInstance: unified_sales_pipeline.produce_sales_data manual__2025-12-14T07:53:42.113803+00:00 [queued]>
[2025-12-14T07:53:46.725+0000] {taskinstance.py:2867} INFO - Starting attempt 1 of 2
[2025-12-14T07:53:46.736+0000] {taskinstance.py:2890} INFO - Executing <Task(PythonOperator): produce_sales_data> on 2025-12-14 07:53:42.113803+00:00
[2025-12-14T07:53:46.741+0000] {warnings.py:112} WARNING - /home/***/.local/lib/python3.12/site-packages/***/task/task_runner/standard_task_runner.py:70: DeprecationWarning: This process (pid=417) is multi-threaded, use of fork() may lead to deadlocks in the child.
  pid = os.fork()

[2025-12-14T07:53:46.743+0000] {standard_task_runner.py:72} INFO - Started process 418 to run task
[2025-12-14T07:53:46.743+0000] {standard_task_runner.py:104} INFO - Running: ['***', 'tasks', 'run', 'unified_sales_pipeline', 'produce_sales_data', 'manual__2025-12-14T07:53:42.113803+00:00', '--job-id', '83', '--raw', '--subdir', 'DAGS_FOLDER/unified_sales_pipeline_dag.py', '--cfg-path', '/tmp/tmpeuinicl8']
[2025-12-14T07:53:46.744+0000] {standard_task_runner.py:105} INFO - Job 83: Subtask produce_sales_data
[2025-12-14T07:53:46.782+0000] {task_command.py:467} INFO - Running <TaskInstance: unified_sales_pipeline.produce_sales_data manual__2025-12-14T07:53:42.113803+00:00 [running]> on host 8010d11e18c5
[2025-12-14T07:53:46.849+0000] {taskinstance.py:3134} INFO - Exporting env vars: AIRFLOW_CTX_DAG_OWNER='***' AIRFLOW_CTX_DAG_ID='unified_sales_pipeline' AIRFLOW_CTX_TASK_ID='produce_sales_data' AIRFLOW_CTX_EXECUTION_DATE='2025-12-14T07:53:42.113803+00:00' AIRFLOW_CTX_TRY_NUMBER='1' AIRFLOW_CTX_DAG_RUN_ID='manual__2025-12-14T07:53:42.113803+00:00'
[2025-12-14T07:53:46.850+0000] {taskinstance.py:732} INFO - ::endgroup::
[2025-12-14T07:53:46.865+0000] {conn.py:396} INFO - <BrokerConnection client_id=kafka-python-producer-1, node_id=bootstrap-0 host=broker2:19093 <connecting> [IPv4 ('172.18.0.5', 19093)]>: connecting to broker2:19093 [('172.18.0.5', 19093) IPv4]
[2025-12-14T07:53:46.871+0000] {conn.py:618} INFO - <BrokerConnection client_id=kafka-python-producer-1, node_id=bootstrap-0 host=broker2:19093 <checking_api_versions_recv> [IPv4 ('172.18.0.5', 19093)]>: Broker version identified as 2.6
[2025-12-14T07:53:46.872+0000] {conn.py:457} INFO - <BrokerConnection client_id=kafka-python-producer-1, node_id=bootstrap-0 host=broker2:19093 <connected> [IPv4 ('172.18.0.5', 19093)]>: Connection complete.
[2025-12-14T07:53:46.875+0000] {logging_mixin.py:190} INFO - 🚀 Starting Kafka producer...
[2025-12-14T07:53:46.978+0000] {conn.py:396} INFO - <BrokerConnection client_id=kafka-python-producer-1, node_id=3 host=broker3:19094 <connecting> [IPv4 ('172.18.0.4', 19094)]>: connecting to broker3:19094 [('172.18.0.4', 19094) IPv4]
[2025-12-14T07:53:46.978+0000] {conn.py:457} INFO - <BrokerConnection client_id=kafka-python-producer-1, node_id=3 host=broker3:19094 <connected> [IPv4 ('172.18.0.4', 19094)]>: Connection complete.
[2025-12-14T07:53:46.979+0000] {conn.py:945} INFO - <BrokerConnection client_id=kafka-python-producer-1, node_id=bootstrap-0 host=broker2:19093 <connected> [IPv4 ('172.18.0.5', 19093)]>: Closing connection. 
[2025-12-14T07:53:46.983+0000] {logging_mixin.py:190} INFO - ✅ Sale 1: Souris sans fil - 76.5€
[2025-12-14T07:53:47.185+0000] {logging_mixin.py:190} INFO - ✅ Sale 2: Casque audio - 119.98€
[2025-12-14T07:53:47.186+0000] {conn.py:396} INFO - <BrokerConnection client_id=kafka-python-producer-1, node_id=1 host=broker1:19092 <connecting> [IPv4 ('172.18.0.8', 19092)]>: connecting to broker1:19092 [('172.18.0.8', 19092) IPv4]
[2025-12-14T07:53:47.187+0000] {conn.py:457} INFO - <BrokerConnection client_id=kafka-python-producer-1, node_id=1 host=broker1:19092 <connected> [IPv4 ('172.18.0.8', 19092)]>: Connection complete.
[2025-12-14T07:53:47.386+0000] {logging_mixin.py:190} INFO - ✅ Sale 3: Ordinateur portable - 1799.98€
[2025-12-14T07:53:47.588+0000] {logging_mixin.py:190} INFO - ✅ Sale 4: Livre Data Science - 59.97€
[2025-12-14T07:53:47.589+0000] {conn.py:396} INFO - <BrokerConnection client_id=kafka-python-producer-1, node_id=2 host=broker2:19093 <connecting> [IPv4 ('172.18.0.5', 19093)]>: connecting to broker2:19093 [('172.18.0.5', 19093) IPv4]
[2025-12-14T07:53:47.590+0000] {conn.py:457} INFO - <BrokerConnection client_id=kafka-python-producer-1, node_id=2 host=broker2:19093 <connected> [IPv4 ('172.18.0.5', 19093)]>: Connection complete.
[2025-12-14T07:53:47.789+0000] {logging_mixin.py:190} INFO - ✅ Sale 5: Livre Data Science - 19.99€
[2025-12-14T07:53:47.991+0000] {logging_mixin.py:190} INFO - ✅ Sale 6: Clavier mecanique - 150.0€
[2025-12-14T07:53:48.193+0000] {logging_mixin.py:190} INFO - ✅ Sale 7: Casque audio - 119.98€
[2025-12-14T07:53:48.395+0000] {logging_mixin.py:190} INFO - ✅ Sale 8: Clavier mecanique - 150.0€
[2025-12-14T07:53:48.596+0000] {logging_mixin.py:190} INFO - ✅ Sale 9: Casque audio - 59.99€
[2025-12-14T07:53:48.797+0000] {logging_mixin.py:190} INFO - ✅ Sale 10: Livre Data Science - 19.99€
[2025-12-14T07:53:48.999+0000] {logging_mixin.py:190} INFO - ✅ Sale 11: Ordinateur portable - 899.99€
[2025-12-14T07:53:49.200+0000] {logging_mixin.py:190} INFO - ✅ Sale 12: Souris sans fil - 25.5€
[2025-12-14T07:53:49.402+0000] {logging_mixin.py:190} INFO - ✅ Sale 13: Casque audio - 179.97€
[2025-12-14T07:53:49.604+0000] {logging_mixin.py:190} INFO - ✅ Sale 14: Clavier mecanique - 75.0€
[2025-12-14T07:53:49.805+0000] {logging_mixin.py:190} INFO - ✅ Sale 15: Clavier mecanique - 75.0€
[2025-12-14T07:53:50.008+0000] {logging_mixin.py:190} INFO - ✅ Sale 16: Souris sans fil - 76.5€
[2025-12-14T07:53:50.210+0000] {logging_mixin.py:190} INFO - ✅ Sale 17: Casque audio - 119.98€
[2025-12-14T07:53:50.411+0000] {logging_mixin.py:190} INFO - ✅ Sale 18: Livre Data Science - 39.98€
[2025-12-14T07:53:50.614+0000] {logging_mixin.py:190} INFO - ✅ Sale 19: Clavier mecanique - 150.0€
[2025-12-14T07:53:50.816+0000] {logging_mixin.py:190} INFO - ✅ Sale 20: Livre Data Science - 19.99€
[2025-12-14T07:53:51.017+0000] {logging_mixin.py:190} INFO - ✅ Sale 21: Clavier mecanique - 150.0€
[2025-12-14T07:53:51.219+0000] {logging_mixin.py:190} INFO - ✅ Sale 22: Ordinateur portable - 899.99€
[2025-12-14T07:53:51.420+0000] {logging_mixin.py:190} INFO - ✅ Sale 23: Clavier mecanique - 75.0€
[2025-12-14T07:53:51.621+0000] {logging_mixin.py:190} INFO - ✅ Sale 24: Livre Data Science - 19.99€
[2025-12-14T07:53:51.823+0000] {logging_mixin.py:190} INFO - ✅ Sale 25: Livre Data Science - 19.99€
[2025-12-14T07:53:52.025+0000] {logging_mixin.py:190} INFO - ✅ Sale 26: Livre Data Science - 39.98€
[2025-12-14T07:53:52.226+0000] {logging_mixin.py:190} INFO - ✅ Sale 27: Livre Data Science - 19.99€
[2025-12-14T07:53:52.428+0000] {logging_mixin.py:190} INFO - ✅ Sale 28: Ordinateur portable - 2699.97€
[2025-12-14T07:53:52.629+0000] {logging_mixin.py:190} INFO - ✅ Sale 29: Livre Data Science - 19.99€
[2025-12-14T07:53:52.831+0000] {logging_mixin.py:190} INFO - ✅ Sale 30: Casque audio - 59.99€
[2025-12-14T07:53:53.033+0000] {logging_mixin.py:190} INFO - ✅ Sale 31: Casque audio - 59.99€
[2025-12-14T07:53:53.236+0000] {logging_mixin.py:190} INFO - ✅ Sale 32: Ordinateur portable - 899.99€
[2025-12-14T07:53:53.438+0000] {logging_mixin.py:190} INFO - ✅ Sale 33: Ordinateur portable - 2699.97€
[2025-12-14T07:53:53.640+0000] {logging_mixin.py:190} INFO - ✅ Sale 34: Clavier mecanique - 150.0€
[2025-12-14T07:53:53.842+0000] {logging_mixin.py:190} INFO - ✅ Sale 35: Ordinateur portable - 899.99€
[2025-12-14T07:53:54.043+0000] {logging_mixin.py:190} INFO - ✅ Sale 36: Souris sans fil - 25.5€
[2025-12-14T07:53:54.246+0000] {logging_mixin.py:190} INFO - ✅ Sale 37: Clavier mecanique - 75.0€
[2025-12-14T07:53:54.448+0000] {logging_mixin.py:190} INFO - ✅ Sale 38: Livre Data Science - 59.97€
[2025-12-14T07:53:54.650+0000] {logging_mixin.py:190} INFO - ✅ Sale 39: Souris sans fil - 51.0€
[2025-12-14T07:53:54.852+0000] {logging_mixin.py:190} INFO - ✅ Sale 40: Ordinateur portable - 2699.97€
[2025-12-14T07:53:55.053+0000] {logging_mixin.py:190} INFO - ✅ Sale 41: Souris sans fil - 25.5€
[2025-12-14T07:53:55.255+0000] {logging_mixin.py:190} INFO - ✅ Sale 42: Casque audio - 119.98€
[2025-12-14T07:53:55.457+0000] {logging_mixin.py:190} INFO - ✅ Sale 43: Souris sans fil - 51.0€
[2025-12-14T07:53:55.659+0000] {logging_mixin.py:190} INFO - ✅ Sale 44: Ordinateur portable - 2699.97€
[2025-12-14T07:53:55.862+0000] {logging_mixin.py:190} INFO - ✅ Sale 45: Ordinateur portable - 1799.98€
[2025-12-14T07:53:56.064+0000] {logging_mixin.py:190} INFO - ✅ Sale 46: Ordinateur portable - 899.99€
[2025-12-14T07:53:56.265+0000] {logging_mixin.py:190} INFO - ✅ Sale 47: Clavier mecanique - 225.0€
[2025-12-14T07:53:56.467+0000] {logging_mixin.py:190} INFO - ✅ Sale 48: Livre Data Science - 39.98€
[2025-12-14T07:53:56.668+0000] {logging_mixin.py:190} INFO - ✅ Sale 49: Livre Data Science - 59.97€
[2025-12-14T07:53:56.870+0000] {logging_mixin.py:190} INFO - ✅ Sale 50: Ordinateur portable - 1799.98€
[2025-12-14T07:53:57.072+0000] {kafka.py:629} INFO - <KafkaProducer client_id=kafka-python-producer-1 transactional_id=None>: Closing the Kafka producer with 9223372036.0 secs timeout.
[2025-12-14T07:53:57.073+0000] {conn.py:945} INFO - <BrokerConnection client_id=kafka-python-producer-1, node_id=3 host=broker3:19094 <connected> [IPv4 ('172.18.0.4', 19094)]>: Closing connection. 
[2025-12-14T07:53:57.074+0000] {conn.py:945} INFO - <BrokerConnection client_id=kafka-python-producer-1, node_id=1 host=broker1:19092 <connected> [IPv4 ('172.18.0.8', 19092)]>: Closing connection. 
[2025-12-14T07:53:57.074+0000] {conn.py:945} INFO - <BrokerConnection client_id=kafka-python-producer-1, node_id=2 host=broker2:19093 <connected> [IPv4 ('172.18.0.5', 19093)]>: Closing connection. 
[2025-12-14T07:53:57.075+0000] {logging_mixin.py:190} INFO - ✅ Production completed: 50 sales sent to Kafka topic 'ventes_stream'
[2025-12-14T07:53:57.076+0000] {python.py:240} INFO - Done. Returned value was: None
[2025-12-14T07:53:57.085+0000] {taskinstance.py:341} INFO - ::group::Post task execution logs
[2025-12-14T07:53:57.085+0000] {taskinstance.py:353} INFO - Marking task as SUCCESS. dag_id=unified_sales_pipeline, task_id=produce_sales_data, run_id=manual__2025-12-14T07:53:42.113803+00:00, execution_date=20251214T075342, start_date=20251214T075346, end_date=20251214T075357
[2025-12-14T07:53:57.141+0000] {local_task_job_runner.py:266} INFO - Task exited with return code 0
[2025-12-14T07:53:57.167+0000] {taskinstance.py:3901} INFO - 1 downstream tasks scheduled from follow-on schedule check
[2025-12-14T07:53:57.170+0000] {local_task_job_runner.py:245} INFO - ::endgroup::
