[2025-12-14T07:58:07.429+0000] {local_task_job_runner.py:123} INFO - ::group::Pre task execution logs
[2025-12-14T07:58:07.444+0000] {taskinstance.py:2614} INFO - Dependencies all met for dep_context=non-requeueable deps ti=<TaskInstance: unified_sales_pipeline.check_bronze_data_ready manual__2025-12-14T07:57:29.789465+00:00 [queued]>
[2025-12-14T07:58:07.452+0000] {taskinstance.py:2614} INFO - Dependencies all met for dep_context=requeueable deps ti=<TaskInstance: unified_sales_pipeline.check_bronze_data_ready manual__2025-12-14T07:57:29.789465+00:00 [queued]>
[2025-12-14T07:58:07.453+0000] {taskinstance.py:2867} INFO - Starting attempt 1 of 2
[2025-12-14T07:58:07.464+0000] {taskinstance.py:2890} INFO - Executing <Task(PythonSensor): check_bronze_data_ready> on 2025-12-14 07:57:29.789465+00:00
[2025-12-14T07:58:07.469+0000] {warnings.py:112} WARNING - /home/***/.local/lib/python3.12/site-packages/***/task/task_runner/standard_task_runner.py:70: DeprecationWarning: This process (pid=537) is multi-threaded, use of fork() may lead to deadlocks in the child.
  pid = os.fork()

[2025-12-14T07:58:07.471+0000] {standard_task_runner.py:72} INFO - Started process 538 to run task
[2025-12-14T07:58:07.471+0000] {standard_task_runner.py:104} INFO - Running: ['***', 'tasks', 'run', 'unified_sales_pipeline', 'check_bronze_data_ready', 'manual__2025-12-14T07:57:29.789465+00:00', '--job-id', '92', '--raw', '--subdir', 'DAGS_FOLDER/unified_sales_pipeline_dag.py', '--cfg-path', '/tmp/tmpow128u2l']
[2025-12-14T07:58:07.472+0000] {standard_task_runner.py:105} INFO - Job 92: Subtask check_bronze_data_ready
[2025-12-14T07:58:07.508+0000] {task_command.py:467} INFO - Running <TaskInstance: unified_sales_pipeline.check_bronze_data_ready manual__2025-12-14T07:57:29.789465+00:00 [running]> on host 8010d11e18c5
[2025-12-14T07:58:07.569+0000] {taskinstance.py:3134} INFO - Exporting env vars: AIRFLOW_CTX_DAG_OWNER='***' AIRFLOW_CTX_DAG_ID='unified_sales_pipeline' AIRFLOW_CTX_TASK_ID='check_bronze_data_ready' AIRFLOW_CTX_EXECUTION_DATE='2025-12-14T07:57:29.789465+00:00' AIRFLOW_CTX_TRY_NUMBER='1' AIRFLOW_CTX_DAG_RUN_ID='manual__2025-12-14T07:57:29.789465+00:00'
[2025-12-14T07:58:07.570+0000] {taskinstance.py:732} INFO - ::endgroup::
[2025-12-14T07:58:07.586+0000] {python.py:75} INFO - Poking callable: <function check_bronze_data_exists at 0x7f19f20659e0>
[2025-12-14T07:58:07.597+0000] {logging_mixin.py:190} INFO - ✅ Bronze data available
[2025-12-14T07:58:07.598+0000] {base.py:339} INFO - Success criteria met. Exiting.
[2025-12-14T07:58:07.605+0000] {taskinstance.py:341} INFO - ::group::Post task execution logs
[2025-12-14T07:58:07.606+0000] {taskinstance.py:353} INFO - Marking task as SUCCESS. dag_id=unified_sales_pipeline, task_id=check_bronze_data_ready, run_id=manual__2025-12-14T07:57:29.789465+00:00, execution_date=20251214T075729, start_date=20251214T075807, end_date=20251214T075807
[2025-12-14T07:58:07.646+0000] {local_task_job_runner.py:266} INFO - Task exited with return code 0
[2025-12-14T07:58:07.667+0000] {taskinstance.py:3901} INFO - 1 downstream tasks scheduled from follow-on schedule check
[2025-12-14T07:58:07.669+0000] {local_task_job_runner.py:245} INFO - ::endgroup::
