[2025-11-23T06:45:37.634+0000] {local_task_job_runner.py:123} INFO - ::group::Pre task execution logs
[2025-11-23T06:45:37.651+0000] {taskinstance.py:2614} INFO - Dependencies all met for dep_context=non-requeueable deps ti=<TaskInstance: sales_streaming_pipeline.trigger_kafka_producer manual__2025-11-23T06:45:28.649840+00:00 [queued]>
[2025-11-23T06:45:37.660+0000] {taskinstance.py:2614} INFO - Dependencies all met for dep_context=requeueable deps ti=<TaskInstance: sales_streaming_pipeline.trigger_kafka_producer manual__2025-11-23T06:45:28.649840+00:00 [queued]>
[2025-11-23T06:45:37.661+0000] {taskinstance.py:2867} INFO - Starting attempt 1 of 2
[2025-11-23T06:45:37.672+0000] {taskinstance.py:2890} INFO - Executing <Task(TriggerDagRunOperator): trigger_kafka_producer> on 2025-11-23 06:45:28.649840+00:00
[2025-11-23T06:45:37.678+0000] {warnings.py:112} WARNING - /home/***/.local/lib/python3.12/site-packages/***/task/task_runner/standard_task_runner.py:70: DeprecationWarning: This process (pid=86) is multi-threaded, use of fork() may lead to deadlocks in the child.
  pid = os.fork()

[2025-11-23T06:45:37.680+0000] {standard_task_runner.py:72} INFO - Started process 87 to run task
[2025-11-23T06:45:37.680+0000] {standard_task_runner.py:104} INFO - Running: ['***', 'tasks', 'run', 'sales_streaming_pipeline', 'trigger_kafka_producer', 'manual__2025-11-23T06:45:28.649840+00:00', '--job-id', '48', '--raw', '--subdir', 'DAGS_FOLDER/master_orchestrator_dag.py', '--cfg-path', '/tmp/tmp_lyrt7o6']
[2025-11-23T06:45:37.681+0000] {standard_task_runner.py:105} INFO - Job 48: Subtask trigger_kafka_producer
[2025-11-23T06:45:37.720+0000] {task_command.py:467} INFO - Running <TaskInstance: sales_streaming_pipeline.trigger_kafka_producer manual__2025-11-23T06:45:28.649840+00:00 [running]> on host a4fdedaef2ff
[2025-11-23T06:45:37.785+0000] {taskinstance.py:3134} INFO - Exporting env vars: AIRFLOW_CTX_DAG_OWNER='***' AIRFLOW_CTX_DAG_ID='sales_streaming_pipeline' AIRFLOW_CTX_TASK_ID='trigger_kafka_producer' AIRFLOW_CTX_EXECUTION_DATE='2025-11-23T06:45:28.649840+00:00' AIRFLOW_CTX_TRY_NUMBER='1' AIRFLOW_CTX_DAG_RUN_ID='manual__2025-11-23T06:45:28.649840+00:00'
[2025-11-23T06:45:37.786+0000] {taskinstance.py:732} INFO - ::endgroup::
[2025-11-23T06:45:37.885+0000] {trigger_dagrun.py:257} INFO - Waiting for kafka_sales_producer on 2025-11-23 06:45:37.796548+00:00 to become allowed state ['success'] ...
[2025-11-23T06:46:37.890+0000] {trigger_dagrun.py:257} INFO - Waiting for kafka_sales_producer on 2025-11-23 06:45:37.796548+00:00 to become allowed state ['success'] ...
[2025-11-23T06:47:37.906+0000] {trigger_dagrun.py:257} INFO - Waiting for kafka_sales_producer on 2025-11-23 06:45:37.796548+00:00 to become allowed state ['success'] ...
[2025-11-23T06:48:37.911+0000] {trigger_dagrun.py:257} INFO - Waiting for kafka_sales_producer on 2025-11-23 06:45:37.796548+00:00 to become allowed state ['success'] ...
[2025-11-23T06:49:37.921+0000] {trigger_dagrun.py:257} INFO - Waiting for kafka_sales_producer on 2025-11-23 06:45:37.796548+00:00 to become allowed state ['success'] ...
[2025-11-23T06:50:37.933+0000] {trigger_dagrun.py:257} INFO - Waiting for kafka_sales_producer on 2025-11-23 06:45:37.796548+00:00 to become allowed state ['success'] ...
[2025-11-23T06:51:37.943+0000] {trigger_dagrun.py:257} INFO - Waiting for kafka_sales_producer on 2025-11-23 06:45:37.796548+00:00 to become allowed state ['success'] ...
[2025-11-23T06:52:37.950+0000] {trigger_dagrun.py:257} INFO - Waiting for kafka_sales_producer on 2025-11-23 06:45:37.796548+00:00 to become allowed state ['success'] ...
[2025-11-23T06:53:37.958+0000] {trigger_dagrun.py:257} INFO - Waiting for kafka_sales_producer on 2025-11-23 06:45:37.796548+00:00 to become allowed state ['success'] ...
[2025-11-23T06:54:37.965+0000] {trigger_dagrun.py:257} INFO - Waiting for kafka_sales_producer on 2025-11-23 06:45:37.796548+00:00 to become allowed state ['success'] ...
[2025-11-23T06:55:37.971+0000] {trigger_dagrun.py:257} INFO - Waiting for kafka_sales_producer on 2025-11-23 06:45:37.796548+00:00 to become allowed state ['success'] ...
[2025-11-23T06:56:37.985+0000] {trigger_dagrun.py:257} INFO - Waiting for kafka_sales_producer on 2025-11-23 06:45:37.796548+00:00 to become allowed state ['success'] ...
[2025-11-23T06:57:37.993+0000] {trigger_dagrun.py:257} INFO - Waiting for kafka_sales_producer on 2025-11-23 06:45:37.796548+00:00 to become allowed state ['success'] ...
[2025-11-23T06:58:37.997+0000] {trigger_dagrun.py:257} INFO - Waiting for kafka_sales_producer on 2025-11-23 06:45:37.796548+00:00 to become allowed state ['success'] ...
[2025-11-23T06:59:38.005+0000] {trigger_dagrun.py:257} INFO - Waiting for kafka_sales_producer on 2025-11-23 06:45:37.796548+00:00 to become allowed state ['success'] ...
[2025-11-23T07:00:38.011+0000] {trigger_dagrun.py:257} INFO - Waiting for kafka_sales_producer on 2025-11-23 06:45:37.796548+00:00 to become allowed state ['success'] ...
[2025-11-23T07:01:38.016+0000] {trigger_dagrun.py:257} INFO - Waiting for kafka_sales_producer on 2025-11-23 06:45:37.796548+00:00 to become allowed state ['success'] ...
