[2025-11-23T07:10:24.023+0000] {local_task_job_runner.py:123} INFO - ::group::Pre task execution logs
[2025-11-23T07:10:24.047+0000] {taskinstance.py:2614} INFO - Dependencies all met for dep_context=non-requeueable deps ti=<TaskInstance: sales_streaming_pipeline.trigger_kafka_producer manual__2025-11-23T06:45:28.649840+00:00 [queued]>
[2025-11-23T07:10:24.060+0000] {taskinstance.py:2614} INFO - Dependencies all met for dep_context=requeueable deps ti=<TaskInstance: sales_streaming_pipeline.trigger_kafka_producer manual__2025-11-23T06:45:28.649840+00:00 [queued]>
[2025-11-23T07:10:24.060+0000] {taskinstance.py:2867} INFO - Starting attempt 2 of 2
[2025-11-23T07:10:24.076+0000] {taskinstance.py:2890} INFO - Executing <Task(TriggerDagRunOperator): trigger_kafka_producer> on 2025-11-23 06:45:28.649840+00:00
[2025-11-23T07:10:24.086+0000] {warnings.py:112} WARNING - /home/***/.local/lib/python3.12/site-packages/***/task/task_runner/standard_task_runner.py:70: DeprecationWarning: This process (pid=53) is multi-threaded, use of fork() may lead to deadlocks in the child.
  pid = os.fork()

[2025-11-23T07:10:24.089+0000] {standard_task_runner.py:72} INFO - Started process 54 to run task
[2025-11-23T07:10:24.089+0000] {standard_task_runner.py:104} INFO - Running: ['***', 'tasks', 'run', 'sales_streaming_pipeline', 'trigger_kafka_producer', 'manual__2025-11-23T06:45:28.649840+00:00', '--job-id', '56', '--raw', '--subdir', 'DAGS_FOLDER/master_orchestrator_dag.py', '--cfg-path', '/tmp/tmpbjz3aydy']
[2025-11-23T07:10:24.090+0000] {standard_task_runner.py:105} INFO - Job 56: Subtask trigger_kafka_producer
[2025-11-23T07:10:24.161+0000] {task_command.py:467} INFO - Running <TaskInstance: sales_streaming_pipeline.trigger_kafka_producer manual__2025-11-23T06:45:28.649840+00:00 [running]> on host 3e2fc8be56fb
[2025-11-23T07:10:24.256+0000] {taskinstance.py:3134} INFO - Exporting env vars: AIRFLOW_CTX_DAG_OWNER='***' AIRFLOW_CTX_DAG_ID='sales_streaming_pipeline' AIRFLOW_CTX_TASK_ID='trigger_kafka_producer' AIRFLOW_CTX_EXECUTION_DATE='2025-11-23T06:45:28.649840+00:00' AIRFLOW_CTX_TRY_NUMBER='2' AIRFLOW_CTX_DAG_RUN_ID='manual__2025-11-23T06:45:28.649840+00:00'
[2025-11-23T07:10:24.257+0000] {taskinstance.py:732} INFO - ::endgroup::
[2025-11-23T07:10:24.348+0000] {trigger_dagrun.py:257} INFO - Waiting for kafka_sales_producer on 2025-11-23 07:10:24.271973+00:00 to become allowed state ['success'] ...
[2025-11-23T07:11:24.354+0000] {trigger_dagrun.py:257} INFO - Waiting for kafka_sales_producer on 2025-11-23 07:10:24.271973+00:00 to become allowed state ['success'] ...
[2025-11-23T07:12:24.358+0000] {trigger_dagrun.py:257} INFO - Waiting for kafka_sales_producer on 2025-11-23 07:10:24.271973+00:00 to become allowed state ['success'] ...
[2025-11-23T07:13:24.365+0000] {trigger_dagrun.py:257} INFO - Waiting for kafka_sales_producer on 2025-11-23 07:10:24.271973+00:00 to become allowed state ['success'] ...
[2025-11-23T07:14:24.371+0000] {trigger_dagrun.py:257} INFO - Waiting for kafka_sales_producer on 2025-11-23 07:10:24.271973+00:00 to become allowed state ['success'] ...
[2025-11-23T07:15:24.376+0000] {trigger_dagrun.py:257} INFO - Waiting for kafka_sales_producer on 2025-11-23 07:10:24.271973+00:00 to become allowed state ['success'] ...
[2025-11-23T07:16:24.386+0000] {trigger_dagrun.py:257} INFO - Waiting for kafka_sales_producer on 2025-11-23 07:10:24.271973+00:00 to become allowed state ['success'] ...
[2025-11-23T07:17:24.392+0000] {trigger_dagrun.py:257} INFO - Waiting for kafka_sales_producer on 2025-11-23 07:10:24.271973+00:00 to become allowed state ['success'] ...
[2025-11-23T07:18:24.402+0000] {trigger_dagrun.py:257} INFO - Waiting for kafka_sales_producer on 2025-11-23 07:10:24.271973+00:00 to become allowed state ['success'] ...
[2025-11-23T07:19:24.410+0000] {trigger_dagrun.py:257} INFO - Waiting for kafka_sales_producer on 2025-11-23 07:10:24.271973+00:00 to become allowed state ['success'] ...
[2025-11-23T07:20:24.419+0000] {trigger_dagrun.py:257} INFO - Waiting for kafka_sales_producer on 2025-11-23 07:10:24.271973+00:00 to become allowed state ['success'] ...
