[2025-11-23T08:10:16.270+0000] {local_task_job_runner.py:123} INFO - ::group::Pre task execution logs
[2025-11-23T08:10:16.287+0000] {taskinstance.py:2614} INFO - Dependencies all met for dep_context=non-requeueable deps ti=<TaskInstance: unified_sales_pipeline.verify_final_output manual__2025-11-23T08:08:04.307417+00:00 [queued]>
[2025-11-23T08:10:16.294+0000] {taskinstance.py:2614} INFO - Dependencies all met for dep_context=requeueable deps ti=<TaskInstance: unified_sales_pipeline.verify_final_output manual__2025-11-23T08:08:04.307417+00:00 [queued]>
[2025-11-23T08:10:16.295+0000] {taskinstance.py:2867} INFO - Starting attempt 1 of 2
[2025-11-23T08:10:16.305+0000] {taskinstance.py:2890} INFO - Executing <Task(PythonOperator): verify_final_output> on 2025-11-23 08:08:04.307417+00:00
[2025-11-23T08:10:16.313+0000] {warnings.py:112} WARNING - /home/***/.local/lib/python3.12/site-packages/***/task/task_runner/standard_task_runner.py:70: DeprecationWarning: This process (pid=113) is multi-threaded, use of fork() may lead to deadlocks in the child.
  pid = os.fork()

[2025-11-23T08:10:16.314+0000] {standard_task_runner.py:72} INFO - Started process 114 to run task
[2025-11-23T08:10:16.314+0000] {standard_task_runner.py:104} INFO - Running: ['***', 'tasks', 'run', 'unified_sales_pipeline', 'verify_final_output', 'manual__2025-11-23T08:08:04.307417+00:00', '--job-id', '75', '--raw', '--subdir', 'DAGS_FOLDER/unified_sales_pipeline_dag.py', '--cfg-path', '/tmp/tmpyk1ci7uz']
[2025-11-23T08:10:16.316+0000] {standard_task_runner.py:105} INFO - Job 75: Subtask verify_final_output
[2025-11-23T08:10:16.354+0000] {task_command.py:467} INFO - Running <TaskInstance: unified_sales_pipeline.verify_final_output manual__2025-11-23T08:08:04.307417+00:00 [running]> on host 6fe813163240
[2025-11-23T08:10:16.411+0000] {taskinstance.py:3134} INFO - Exporting env vars: AIRFLOW_CTX_DAG_OWNER='***' AIRFLOW_CTX_DAG_ID='unified_sales_pipeline' AIRFLOW_CTX_TASK_ID='verify_final_output' AIRFLOW_CTX_EXECUTION_DATE='2025-11-23T08:08:04.307417+00:00' AIRFLOW_CTX_TRY_NUMBER='1' AIRFLOW_CTX_DAG_RUN_ID='manual__2025-11-23T08:08:04.307417+00:00'
[2025-11-23T08:10:16.412+0000] {taskinstance.py:732} INFO - ::endgroup::
[2025-11-23T08:10:16.424+0000] {logging_mixin.py:190} INFO - ✅ Bronze layer: 9 files/folders
[2025-11-23T08:10:16.426+0000] {logging_mixin.py:190} INFO - ✅ Silver layer: 3 files/folders
[2025-11-23T08:10:16.426+0000] {logging_mixin.py:190} INFO - 🎉 Pipeline completed successfully! All data layers created.
[2025-11-23T08:10:16.427+0000] {python.py:240} INFO - Done. Returned value was: True
[2025-11-23T08:10:16.444+0000] {taskinstance.py:341} INFO - ::group::Post task execution logs
[2025-11-23T08:10:16.445+0000] {taskinstance.py:353} INFO - Marking task as SUCCESS. dag_id=unified_sales_pipeline, task_id=verify_final_output, run_id=manual__2025-11-23T08:08:04.307417+00:00, execution_date=20251123T080804, start_date=20251123T081016, end_date=20251123T081016
[2025-11-23T08:10:16.490+0000] {local_task_job_runner.py:266} INFO - Task exited with return code 0
[2025-11-23T08:10:16.510+0000] {taskinstance.py:3901} INFO - 1 downstream tasks scheduled from follow-on schedule check
[2025-11-23T08:10:16.513+0000] {local_task_job_runner.py:245} INFO - ::endgroup::
