[2025-11-23T07:53:19.001+0000] {local_task_job_runner.py:123} INFO - ::group::Pre task execution logs
[2025-11-23T07:53:19.019+0000] {taskinstance.py:2614} INFO - Dependencies all met for dep_context=non-requeueable deps ti=<TaskInstance: sales_streaming_pipeline.trigger_silver_processing manual__2025-11-23T07:23:14.355627+00:00 [queued]>
[2025-11-23T07:53:19.028+0000] {taskinstance.py:2614} INFO - Dependencies all met for dep_context=requeueable deps ti=<TaskInstance: sales_streaming_pipeline.trigger_silver_processing manual__2025-11-23T07:23:14.355627+00:00 [queued]>
[2025-11-23T07:53:19.029+0000] {taskinstance.py:2867} INFO - Starting attempt 1 of 2
[2025-11-23T07:53:19.042+0000] {taskinstance.py:2890} INFO - Executing <Task(TriggerDagRunOperator): trigger_silver_processing> on 2025-11-23 07:23:14.355627+00:00
[2025-11-23T07:53:19.048+0000] {warnings.py:112} WARNING - /home/***/.local/lib/python3.12/site-packages/***/task/task_runner/standard_task_runner.py:70: DeprecationWarning: This process (pid=62) is multi-threaded, use of fork() may lead to deadlocks in the child.
  pid = os.fork()

[2025-11-23T07:53:19.050+0000] {standard_task_runner.py:72} INFO - Started process 63 to run task
[2025-11-23T07:53:19.051+0000] {standard_task_runner.py:104} INFO - Running: ['***', 'tasks', 'run', 'sales_streaming_pipeline', 'trigger_silver_processing', 'manual__2025-11-23T07:23:14.355627+00:00', '--job-id', '69', '--raw', '--subdir', 'DAGS_FOLDER/master_orchestrator_dag.py', '--cfg-path', '/tmp/tmp0uvrruwd']
[2025-11-23T07:53:19.052+0000] {standard_task_runner.py:105} INFO - Job 69: Subtask trigger_silver_processing
[2025-11-23T07:53:19.097+0000] {task_command.py:467} INFO - Running <TaskInstance: sales_streaming_pipeline.trigger_silver_processing manual__2025-11-23T07:23:14.355627+00:00 [running]> on host 6fe813163240
[2025-11-23T07:53:19.186+0000] {taskinstance.py:3134} INFO - Exporting env vars: AIRFLOW_CTX_DAG_OWNER='***' AIRFLOW_CTX_DAG_ID='sales_streaming_pipeline' AIRFLOW_CTX_TASK_ID='trigger_silver_processing' AIRFLOW_CTX_EXECUTION_DATE='2025-11-23T07:23:14.355627+00:00' AIRFLOW_CTX_TRY_NUMBER='1' AIRFLOW_CTX_DAG_RUN_ID='manual__2025-11-23T07:23:14.355627+00:00'
[2025-11-23T07:53:19.187+0000] {taskinstance.py:732} INFO - ::endgroup::
[2025-11-23T07:53:19.295+0000] {trigger_dagrun.py:257} INFO - Waiting for silver_layer_processing on 2025-11-23 07:53:19.201453+00:00 to become allowed state ['success'] ...
[2025-11-23T07:54:19.309+0000] {trigger_dagrun.py:257} INFO - Waiting for silver_layer_processing on 2025-11-23 07:53:19.201453+00:00 to become allowed state ['success'] ...
[2025-11-23T07:55:19.315+0000] {trigger_dagrun.py:257} INFO - Waiting for silver_layer_processing on 2025-11-23 07:53:19.201453+00:00 to become allowed state ['success'] ...
[2025-11-23T07:56:19.321+0000] {trigger_dagrun.py:257} INFO - Waiting for silver_layer_processing on 2025-11-23 07:53:19.201453+00:00 to become allowed state ['success'] ...
[2025-11-23T07:57:19.327+0000] {trigger_dagrun.py:257} INFO - Waiting for silver_layer_processing on 2025-11-23 07:53:19.201453+00:00 to become allowed state ['success'] ...
[2025-11-23T07:58:19.333+0000] {trigger_dagrun.py:257} INFO - Waiting for silver_layer_processing on 2025-11-23 07:53:19.201453+00:00 to become allowed state ['success'] ...
[2025-11-23T07:59:19.347+0000] {trigger_dagrun.py:257} INFO - Waiting for silver_layer_processing on 2025-11-23 07:53:19.201453+00:00 to become allowed state ['success'] ...
[2025-11-23T08:00:19.359+0000] {trigger_dagrun.py:257} INFO - Waiting for silver_layer_processing on 2025-11-23 07:53:19.201453+00:00 to become allowed state ['success'] ...
[2025-11-23T08:01:19.370+0000] {trigger_dagrun.py:257} INFO - Waiting for silver_layer_processing on 2025-11-23 07:53:19.201453+00:00 to become allowed state ['success'] ...
[2025-11-23T08:02:19.382+0000] {trigger_dagrun.py:257} INFO - Waiting for silver_layer_processing on 2025-11-23 07:53:19.201453+00:00 to become allowed state ['success'] ...
[2025-11-23T08:03:19.387+0000] {trigger_dagrun.py:257} INFO - Waiting for silver_layer_processing on 2025-11-23 07:53:19.201453+00:00 to become allowed state ['success'] ...
[2025-11-23T08:04:19.396+0000] {trigger_dagrun.py:257} INFO - Waiting for silver_layer_processing on 2025-11-23 07:53:19.201453+00:00 to become allowed state ['success'] ...
[2025-11-23T08:05:19.408+0000] {trigger_dagrun.py:257} INFO - Waiting for silver_layer_processing on 2025-11-23 07:53:19.201453+00:00 to become allowed state ['success'] ...
[2025-11-23T08:06:19.412+0000] {trigger_dagrun.py:257} INFO - Waiting for silver_layer_processing on 2025-11-23 07:53:19.201453+00:00 to become allowed state ['success'] ...
[2025-11-23T08:07:19.423+0000] {trigger_dagrun.py:257} INFO - Waiting for silver_layer_processing on 2025-11-23 07:53:19.201453+00:00 to become allowed state ['success'] ...
[2025-11-23T08:08:19.425+0000] {trigger_dagrun.py:257} INFO - Waiting for silver_layer_processing on 2025-11-23 07:53:19.201453+00:00 to become allowed state ['success'] ...
[2025-11-23T08:09:19.431+0000] {trigger_dagrun.py:257} INFO - Waiting for silver_layer_processing on 2025-11-23 07:53:19.201453+00:00 to become allowed state ['success'] ...
[2025-11-23T08:10:19.436+0000] {trigger_dagrun.py:257} INFO - Waiting for silver_layer_processing on 2025-11-23 07:53:19.201453+00:00 to become allowed state ['success'] ...
[2025-11-23T08:11:19.444+0000] {trigger_dagrun.py:257} INFO - Waiting for silver_layer_processing on 2025-11-23 07:53:19.201453+00:00 to become allowed state ['success'] ...
[2025-11-23T08:12:19.450+0000] {trigger_dagrun.py:257} INFO - Waiting for silver_layer_processing on 2025-11-23 07:53:19.201453+00:00 to become allowed state ['success'] ...
[2025-11-23T08:13:19.453+0000] {trigger_dagrun.py:257} INFO - Waiting for silver_layer_processing on 2025-11-23 07:53:19.201453+00:00 to become allowed state ['success'] ...
[2025-11-23T08:14:19.454+0000] {trigger_dagrun.py:257} INFO - Waiting for silver_layer_processing on 2025-11-23 07:53:19.201453+00:00 to become allowed state ['success'] ...
[2025-11-23T08:15:19.462+0000] {trigger_dagrun.py:257} INFO - Waiting for silver_layer_processing on 2025-11-23 07:53:19.201453+00:00 to become allowed state ['success'] ...
[2025-11-23T08:16:19.466+0000] {trigger_dagrun.py:257} INFO - Waiting for silver_layer_processing on 2025-11-23 07:53:19.201453+00:00 to become allowed state ['success'] ...
[2025-11-23T08:17:19.469+0000] {trigger_dagrun.py:257} INFO - Waiting for silver_layer_processing on 2025-11-23 07:53:19.201453+00:00 to become allowed state ['success'] ...
[2025-11-23T08:18:19.471+0000] {trigger_dagrun.py:257} INFO - Waiting for silver_layer_processing on 2025-11-23 07:53:19.201453+00:00 to become allowed state ['success'] ...
[2025-11-23T08:19:19.473+0000] {trigger_dagrun.py:257} INFO - Waiting for silver_layer_processing on 2025-11-23 07:53:19.201453+00:00 to become allowed state ['success'] ...
[2025-11-23T08:20:19.477+0000] {trigger_dagrun.py:257} INFO - Waiting for silver_layer_processing on 2025-11-23 07:53:19.201453+00:00 to become allowed state ['success'] ...
[2025-11-23T08:21:19.485+0000] {trigger_dagrun.py:257} INFO - Waiting for silver_layer_processing on 2025-11-23 07:53:19.201453+00:00 to become allowed state ['success'] ...
[2025-11-23T08:22:19.489+0000] {trigger_dagrun.py:257} INFO - Waiting for silver_layer_processing on 2025-11-23 07:53:19.201453+00:00 to become allowed state ['success'] ...
[2025-11-23T08:23:19.495+0000] {trigger_dagrun.py:257} INFO - Waiting for silver_layer_processing on 2025-11-23 07:53:19.201453+00:00 to become allowed state ['success'] ...
[2025-11-23T08:24:19.501+0000] {trigger_dagrun.py:257} INFO - Waiting for silver_layer_processing on 2025-11-23 07:53:19.201453+00:00 to become allowed state ['success'] ...
[2025-11-23T08:25:19.509+0000] {trigger_dagrun.py:257} INFO - Waiting for silver_layer_processing on 2025-11-23 07:53:19.201453+00:00 to become allowed state ['success'] ...
[2025-11-23T08:26:19.511+0000] {trigger_dagrun.py:257} INFO - Waiting for silver_layer_processing on 2025-11-23 07:53:19.201453+00:00 to become allowed state ['success'] ...
[2025-11-23T08:27:19.515+0000] {trigger_dagrun.py:257} INFO - Waiting for silver_layer_processing on 2025-11-23 07:53:19.201453+00:00 to become allowed state ['success'] ...
[2025-11-23T08:28:19.519+0000] {trigger_dagrun.py:257} INFO - Waiting for silver_layer_processing on 2025-11-23 07:53:19.201453+00:00 to become allowed state ['success'] ...
[2025-11-23T08:29:19.523+0000] {trigger_dagrun.py:257} INFO - Waiting for silver_layer_processing on 2025-11-23 07:53:19.201453+00:00 to become allowed state ['success'] ...
[2025-11-23T08:30:19.527+0000] {trigger_dagrun.py:257} INFO - Waiting for silver_layer_processing on 2025-11-23 07:53:19.201453+00:00 to become allowed state ['success'] ...
[2025-11-23T08:31:19.530+0000] {trigger_dagrun.py:257} INFO - Waiting for silver_layer_processing on 2025-11-23 07:53:19.201453+00:00 to become allowed state ['success'] ...
[2025-11-23T08:32:19.535+0000] {trigger_dagrun.py:257} INFO - Waiting for silver_layer_processing on 2025-11-23 07:53:19.201453+00:00 to become allowed state ['success'] ...
[2025-11-23T08:33:19.542+0000] {trigger_dagrun.py:257} INFO - Waiting for silver_layer_processing on 2025-11-23 07:53:19.201453+00:00 to become allowed state ['success'] ...
[2025-11-23T08:34:19.552+0000] {trigger_dagrun.py:257} INFO - Waiting for silver_layer_processing on 2025-11-23 07:53:19.201453+00:00 to become allowed state ['success'] ...
[2025-11-23T08:35:19.555+0000] {trigger_dagrun.py:257} INFO - Waiting for silver_layer_processing on 2025-11-23 07:53:19.201453+00:00 to become allowed state ['success'] ...
[2025-11-23T08:36:19.567+0000] {trigger_dagrun.py:257} INFO - Waiting for silver_layer_processing on 2025-11-23 07:53:19.201453+00:00 to become allowed state ['success'] ...
[2025-11-23T08:37:19.576+0000] {trigger_dagrun.py:257} INFO - Waiting for silver_layer_processing on 2025-11-23 07:53:19.201453+00:00 to become allowed state ['success'] ...
[2025-11-23T08:38:19.589+0000] {trigger_dagrun.py:257} INFO - Waiting for silver_layer_processing on 2025-11-23 07:53:19.201453+00:00 to become allowed state ['success'] ...
[2025-11-23T08:39:19.611+0000] {trigger_dagrun.py:257} INFO - Waiting for silver_layer_processing on 2025-11-23 07:53:19.201453+00:00 to become allowed state ['success'] ...
[2025-11-23T08:40:19.624+0000] {trigger_dagrun.py:257} INFO - Waiting for silver_layer_processing on 2025-11-23 07:53:19.201453+00:00 to become allowed state ['success'] ...
[2025-11-23T08:41:19.631+0000] {trigger_dagrun.py:257} INFO - Waiting for silver_layer_processing on 2025-11-23 07:53:19.201453+00:00 to become allowed state ['success'] ...
[2025-11-23T08:42:19.633+0000] {trigger_dagrun.py:257} INFO - Waiting for silver_layer_processing on 2025-11-23 07:53:19.201453+00:00 to become allowed state ['success'] ...
[2025-11-23T08:43:19.641+0000] {trigger_dagrun.py:257} INFO - Waiting for silver_layer_processing on 2025-11-23 07:53:19.201453+00:00 to become allowed state ['success'] ...
[2025-11-23T08:44:19.648+0000] {trigger_dagrun.py:257} INFO - Waiting for silver_layer_processing on 2025-11-23 07:53:19.201453+00:00 to become allowed state ['success'] ...
[2025-11-23T08:45:19.658+0000] {trigger_dagrun.py:257} INFO - Waiting for silver_layer_processing on 2025-11-23 07:53:19.201453+00:00 to become allowed state ['success'] ...
[2025-11-23T08:46:19.664+0000] {trigger_dagrun.py:257} INFO - Waiting for silver_layer_processing on 2025-11-23 07:53:19.201453+00:00 to become allowed state ['success'] ...
[2025-11-23T08:47:19.669+0000] {trigger_dagrun.py:257} INFO - Waiting for silver_layer_processing on 2025-11-23 07:53:19.201453+00:00 to become allowed state ['success'] ...
[2025-11-23T08:48:19.679+0000] {trigger_dagrun.py:257} INFO - Waiting for silver_layer_processing on 2025-11-23 07:53:19.201453+00:00 to become allowed state ['success'] ...
[2025-11-23T08:49:19.688+0000] {trigger_dagrun.py:257} INFO - Waiting for silver_layer_processing on 2025-11-23 07:53:19.201453+00:00 to become allowed state ['success'] ...
[2025-11-23T08:50:19.694+0000] {trigger_dagrun.py:257} INFO - Waiting for silver_layer_processing on 2025-11-23 07:53:19.201453+00:00 to become allowed state ['success'] ...
[2025-11-23T08:51:19.698+0000] {trigger_dagrun.py:257} INFO - Waiting for silver_layer_processing on 2025-11-23 07:53:19.201453+00:00 to become allowed state ['success'] ...
[2025-11-23T08:52:19.701+0000] {trigger_dagrun.py:257} INFO - Waiting for silver_layer_processing on 2025-11-23 07:53:19.201453+00:00 to become allowed state ['success'] ...
[2025-11-23T08:53:19.705+0000] {trigger_dagrun.py:257} INFO - Waiting for silver_layer_processing on 2025-11-23 07:53:19.201453+00:00 to become allowed state ['success'] ...
[2025-11-23T08:54:19.711+0000] {trigger_dagrun.py:257} INFO - Waiting for silver_layer_processing on 2025-11-23 07:53:19.201453+00:00 to become allowed state ['success'] ...
[2025-11-23T08:55:19.717+0000] {trigger_dagrun.py:257} INFO - Waiting for silver_layer_processing on 2025-11-23 07:53:19.201453+00:00 to become allowed state ['success'] ...
[2025-11-23T08:56:19.724+0000] {trigger_dagrun.py:257} INFO - Waiting for silver_layer_processing on 2025-11-23 07:53:19.201453+00:00 to become allowed state ['success'] ...
[2025-11-23T08:57:19.728+0000] {trigger_dagrun.py:257} INFO - Waiting for silver_layer_processing on 2025-11-23 07:53:19.201453+00:00 to become allowed state ['success'] ...
[2025-11-23T08:58:19.733+0000] {trigger_dagrun.py:257} INFO - Waiting for silver_layer_processing on 2025-11-23 07:53:19.201453+00:00 to become allowed state ['success'] ...
[2025-11-23T08:59:19.741+0000] {trigger_dagrun.py:257} INFO - Waiting for silver_layer_processing on 2025-11-23 07:53:19.201453+00:00 to become allowed state ['success'] ...
[2025-11-23T09:00:19.745+0000] {trigger_dagrun.py:257} INFO - Waiting for silver_layer_processing on 2025-11-23 07:53:19.201453+00:00 to become allowed state ['success'] ...
[2025-11-23T09:01:19.754+0000] {trigger_dagrun.py:257} INFO - Waiting for silver_layer_processing on 2025-11-23 07:53:19.201453+00:00 to become allowed state ['success'] ...
[2025-11-23T09:02:19.757+0000] {trigger_dagrun.py:257} INFO - Waiting for silver_layer_processing on 2025-11-23 07:53:19.201453+00:00 to become allowed state ['success'] ...
[2025-11-23T09:03:19.761+0000] {trigger_dagrun.py:257} INFO - Waiting for silver_layer_processing on 2025-11-23 07:53:19.201453+00:00 to become allowed state ['success'] ...
[2025-11-23T09:04:19.765+0000] {trigger_dagrun.py:257} INFO - Waiting for silver_layer_processing on 2025-11-23 07:53:19.201453+00:00 to become allowed state ['success'] ...
[2025-11-23T09:05:19.771+0000] {trigger_dagrun.py:257} INFO - Waiting for silver_layer_processing on 2025-11-23 07:53:19.201453+00:00 to become allowed state ['success'] ...
[2025-11-23T09:06:19.775+0000] {trigger_dagrun.py:257} INFO - Waiting for silver_layer_processing on 2025-11-23 07:53:19.201453+00:00 to become allowed state ['success'] ...
[2025-11-23T09:07:19.779+0000] {trigger_dagrun.py:257} INFO - Waiting for silver_layer_processing on 2025-11-23 07:53:19.201453+00:00 to become allowed state ['success'] ...
[2025-11-23T09:08:19.784+0000] {trigger_dagrun.py:257} INFO - Waiting for silver_layer_processing on 2025-11-23 07:53:19.201453+00:00 to become allowed state ['success'] ...
[2025-11-23T09:09:19.786+0000] {trigger_dagrun.py:257} INFO - Waiting for silver_layer_processing on 2025-11-23 07:53:19.201453+00:00 to become allowed state ['success'] ...
[2025-11-23T09:10:19.791+0000] {trigger_dagrun.py:257} INFO - Waiting for silver_layer_processing on 2025-11-23 07:53:19.201453+00:00 to become allowed state ['success'] ...
[2025-11-23T09:11:19.795+0000] {trigger_dagrun.py:257} INFO - Waiting for silver_layer_processing on 2025-11-23 07:53:19.201453+00:00 to become allowed state ['success'] ...
[2025-11-23T09:12:19.797+0000] {trigger_dagrun.py:257} INFO - Waiting for silver_layer_processing on 2025-11-23 07:53:19.201453+00:00 to become allowed state ['success'] ...
[2025-11-23T09:13:19.803+0000] {trigger_dagrun.py:257} INFO - Waiting for silver_layer_processing on 2025-11-23 07:53:19.201453+00:00 to become allowed state ['success'] ...
[2025-11-23T09:14:19.805+0000] {trigger_dagrun.py:257} INFO - Waiting for silver_layer_processing on 2025-11-23 07:53:19.201453+00:00 to become allowed state ['success'] ...
[2025-11-23T09:15:19.808+0000] {trigger_dagrun.py:257} INFO - Waiting for silver_layer_processing on 2025-11-23 07:53:19.201453+00:00 to become allowed state ['success'] ...
[2025-11-23T09:16:19.811+0000] {trigger_dagrun.py:257} INFO - Waiting for silver_layer_processing on 2025-11-23 07:53:19.201453+00:00 to become allowed state ['success'] ...
[2025-11-23T09:17:19.814+0000] {trigger_dagrun.py:257} INFO - Waiting for silver_layer_processing on 2025-11-23 07:53:19.201453+00:00 to become allowed state ['success'] ...
[2025-11-23T09:18:19.818+0000] {trigger_dagrun.py:257} INFO - Waiting for silver_layer_processing on 2025-11-23 07:53:19.201453+00:00 to become allowed state ['success'] ...
[2025-11-23T09:19:19.823+0000] {trigger_dagrun.py:257} INFO - Waiting for silver_layer_processing on 2025-11-23 07:53:19.201453+00:00 to become allowed state ['success'] ...
[2025-11-23T09:20:19.828+0000] {trigger_dagrun.py:257} INFO - Waiting for silver_layer_processing on 2025-11-23 07:53:19.201453+00:00 to become allowed state ['success'] ...
[2025-11-23T09:21:19.830+0000] {trigger_dagrun.py:257} INFO - Waiting for silver_layer_processing on 2025-11-23 07:53:19.201453+00:00 to become allowed state ['success'] ...
[2025-11-23T09:22:19.834+0000] {trigger_dagrun.py:257} INFO - Waiting for silver_layer_processing on 2025-11-23 07:53:19.201453+00:00 to become allowed state ['success'] ...
[2025-11-23T09:23:19.838+0000] {trigger_dagrun.py:257} INFO - Waiting for silver_layer_processing on 2025-11-23 07:53:19.201453+00:00 to become allowed state ['success'] ...
[2025-11-23T09:24:19.842+0000] {trigger_dagrun.py:257} INFO - Waiting for silver_layer_processing on 2025-11-23 07:53:19.201453+00:00 to become allowed state ['success'] ...
[2025-11-23T09:25:19.846+0000] {trigger_dagrun.py:257} INFO - Waiting for silver_layer_processing on 2025-11-23 07:53:19.201453+00:00 to become allowed state ['success'] ...
[2025-11-23T09:26:19.851+0000] {trigger_dagrun.py:257} INFO - Waiting for silver_layer_processing on 2025-11-23 07:53:19.201453+00:00 to become allowed state ['success'] ...
[2025-11-23T09:27:19.854+0000] {trigger_dagrun.py:257} INFO - Waiting for silver_layer_processing on 2025-11-23 07:53:19.201453+00:00 to become allowed state ['success'] ...
[2025-11-23T09:28:19.863+0000] {trigger_dagrun.py:257} INFO - Waiting for silver_layer_processing on 2025-11-23 07:53:19.201453+00:00 to become allowed state ['success'] ...
[2025-11-23T09:29:19.869+0000] {trigger_dagrun.py:257} INFO - Waiting for silver_layer_processing on 2025-11-23 07:53:19.201453+00:00 to become allowed state ['success'] ...
[2025-11-23T09:30:19.873+0000] {trigger_dagrun.py:257} INFO - Waiting for silver_layer_processing on 2025-11-23 07:53:19.201453+00:00 to become allowed state ['success'] ...
[2025-11-23T09:31:19.876+0000] {trigger_dagrun.py:257} INFO - Waiting for silver_layer_processing on 2025-11-23 07:53:19.201453+00:00 to become allowed state ['success'] ...
[2025-11-23T09:32:19.880+0000] {trigger_dagrun.py:257} INFO - Waiting for silver_layer_processing on 2025-11-23 07:53:19.201453+00:00 to become allowed state ['success'] ...
[2025-11-23T09:33:19.885+0000] {trigger_dagrun.py:257} INFO - Waiting for silver_layer_processing on 2025-11-23 07:53:19.201453+00:00 to become allowed state ['success'] ...
[2025-11-23T09:34:19.888+0000] {trigger_dagrun.py:257} INFO - Waiting for silver_layer_processing on 2025-11-23 07:53:19.201453+00:00 to become allowed state ['success'] ...
[2025-11-23T09:35:19.893+0000] {trigger_dagrun.py:257} INFO - Waiting for silver_layer_processing on 2025-11-23 07:53:19.201453+00:00 to become allowed state ['success'] ...
[2025-11-23T09:36:19.897+0000] {trigger_dagrun.py:257} INFO - Waiting for silver_layer_processing on 2025-11-23 07:53:19.201453+00:00 to become allowed state ['success'] ...
[2025-11-23T09:37:19.901+0000] {trigger_dagrun.py:257} INFO - Waiting for silver_layer_processing on 2025-11-23 07:53:19.201453+00:00 to become allowed state ['success'] ...
[2025-11-23T09:38:19.902+0000] {trigger_dagrun.py:257} INFO - Waiting for silver_layer_processing on 2025-11-23 07:53:19.201453+00:00 to become allowed state ['success'] ...
[2025-11-23T09:39:19.907+0000] {trigger_dagrun.py:257} INFO - Waiting for silver_layer_processing on 2025-11-23 07:53:19.201453+00:00 to become allowed state ['success'] ...
[2025-11-23T09:40:19.911+0000] {trigger_dagrun.py:257} INFO - Waiting for silver_layer_processing on 2025-11-23 07:53:19.201453+00:00 to become allowed state ['success'] ...
[2025-11-23T09:41:19.913+0000] {trigger_dagrun.py:257} INFO - Waiting for silver_layer_processing on 2025-11-23 07:53:19.201453+00:00 to become allowed state ['success'] ...
[2025-11-23T09:42:19.917+0000] {trigger_dagrun.py:257} INFO - Waiting for silver_layer_processing on 2025-11-23 07:53:19.201453+00:00 to become allowed state ['success'] ...
[2025-11-23T09:43:19.921+0000] {trigger_dagrun.py:257} INFO - Waiting for silver_layer_processing on 2025-11-23 07:53:19.201453+00:00 to become allowed state ['success'] ...
[2025-11-23T09:44:19.923+0000] {trigger_dagrun.py:257} INFO - Waiting for silver_layer_processing on 2025-11-23 07:53:19.201453+00:00 to become allowed state ['success'] ...
[2025-11-23T09:45:19.929+0000] {trigger_dagrun.py:257} INFO - Waiting for silver_layer_processing on 2025-11-23 07:53:19.201453+00:00 to become allowed state ['success'] ...
[2025-11-23T09:46:19.932+0000] {trigger_dagrun.py:257} INFO - Waiting for silver_layer_processing on 2025-11-23 07:53:19.201453+00:00 to become allowed state ['success'] ...
[2025-11-23T09:47:19.937+0000] {trigger_dagrun.py:257} INFO - Waiting for silver_layer_processing on 2025-11-23 07:53:19.201453+00:00 to become allowed state ['success'] ...
[2025-11-23T09:48:19.940+0000] {trigger_dagrun.py:257} INFO - Waiting for silver_layer_processing on 2025-11-23 07:53:19.201453+00:00 to become allowed state ['success'] ...
[2025-11-23T09:49:19.944+0000] {trigger_dagrun.py:257} INFO - Waiting for silver_layer_processing on 2025-11-23 07:53:19.201453+00:00 to become allowed state ['success'] ...
[2025-11-23T09:50:19.948+0000] {trigger_dagrun.py:257} INFO - Waiting for silver_layer_processing on 2025-11-23 07:53:19.201453+00:00 to become allowed state ['success'] ...
[2025-11-23T09:51:19.956+0000] {trigger_dagrun.py:257} INFO - Waiting for silver_layer_processing on 2025-11-23 07:53:19.201453+00:00 to become allowed state ['success'] ...
[2025-11-23T09:52:19.961+0000] {trigger_dagrun.py:257} INFO - Waiting for silver_layer_processing on 2025-11-23 07:53:19.201453+00:00 to become allowed state ['success'] ...
[2025-11-23T09:53:19.968+0000] {trigger_dagrun.py:257} INFO - Waiting for silver_layer_processing on 2025-11-23 07:53:19.201453+00:00 to become allowed state ['success'] ...
[2025-11-23T09:54:19.970+0000] {trigger_dagrun.py:257} INFO - Waiting for silver_layer_processing on 2025-11-23 07:53:19.201453+00:00 to become allowed state ['success'] ...
[2025-11-23T09:55:19.977+0000] {trigger_dagrun.py:257} INFO - Waiting for silver_layer_processing on 2025-11-23 07:53:19.201453+00:00 to become allowed state ['success'] ...
[2025-11-23T09:56:19.982+0000] {trigger_dagrun.py:257} INFO - Waiting for silver_layer_processing on 2025-11-23 07:53:19.201453+00:00 to become allowed state ['success'] ...
[2025-11-23T09:57:19.987+0000] {trigger_dagrun.py:257} INFO - Waiting for silver_layer_processing on 2025-11-23 07:53:19.201453+00:00 to become allowed state ['success'] ...
[2025-11-23T09:58:19.989+0000] {trigger_dagrun.py:257} INFO - Waiting for silver_layer_processing on 2025-11-23 07:53:19.201453+00:00 to become allowed state ['success'] ...
[2025-11-23T09:59:19.994+0000] {trigger_dagrun.py:257} INFO - Waiting for silver_layer_processing on 2025-11-23 07:53:19.201453+00:00 to become allowed state ['success'] ...
[2025-11-23T10:00:20.000+0000] {trigger_dagrun.py:257} INFO - Waiting for silver_layer_processing on 2025-11-23 07:53:19.201453+00:00 to become allowed state ['success'] ...
[2025-11-23T10:01:20.005+0000] {trigger_dagrun.py:257} INFO - Waiting for silver_layer_processing on 2025-11-23 07:53:19.201453+00:00 to become allowed state ['success'] ...
[2025-11-23T10:02:20.011+0000] {trigger_dagrun.py:257} INFO - Waiting for silver_layer_processing on 2025-11-23 07:53:19.201453+00:00 to become allowed state ['success'] ...
[2025-11-23T10:03:20.016+0000] {trigger_dagrun.py:257} INFO - Waiting for silver_layer_processing on 2025-11-23 07:53:19.201453+00:00 to become allowed state ['success'] ...
[2025-11-23T10:04:20.021+0000] {trigger_dagrun.py:257} INFO - Waiting for silver_layer_processing on 2025-11-23 07:53:19.201453+00:00 to become allowed state ['success'] ...
[2025-11-23T10:05:20.027+0000] {trigger_dagrun.py:257} INFO - Waiting for silver_layer_processing on 2025-11-23 07:53:19.201453+00:00 to become allowed state ['success'] ...
[2025-11-23T10:06:20.035+0000] {trigger_dagrun.py:257} INFO - Waiting for silver_layer_processing on 2025-11-23 07:53:19.201453+00:00 to become allowed state ['success'] ...
[2025-11-23T10:07:20.039+0000] {trigger_dagrun.py:257} INFO - Waiting for silver_layer_processing on 2025-11-23 07:53:19.201453+00:00 to become allowed state ['success'] ...
[2025-11-23T10:08:20.045+0000] {trigger_dagrun.py:257} INFO - Waiting for silver_layer_processing on 2025-11-23 07:53:19.201453+00:00 to become allowed state ['success'] ...
[2025-11-23T10:09:20.050+0000] {trigger_dagrun.py:257} INFO - Waiting for silver_layer_processing on 2025-11-23 07:53:19.201453+00:00 to become allowed state ['success'] ...
[2025-11-23T10:10:20.055+0000] {trigger_dagrun.py:257} INFO - Waiting for silver_layer_processing on 2025-11-23 07:53:19.201453+00:00 to become allowed state ['success'] ...
[2025-11-23T10:11:20.062+0000] {trigger_dagrun.py:257} INFO - Waiting for silver_layer_processing on 2025-11-23 07:53:19.201453+00:00 to become allowed state ['success'] ...
[2025-11-23T10:12:20.068+0000] {trigger_dagrun.py:257} INFO - Waiting for silver_layer_processing on 2025-11-23 07:53:19.201453+00:00 to become allowed state ['success'] ...
[2025-11-23T10:13:20.073+0000] {trigger_dagrun.py:257} INFO - Waiting for silver_layer_processing on 2025-11-23 07:53:19.201453+00:00 to become allowed state ['success'] ...
[2025-11-23T10:14:20.079+0000] {trigger_dagrun.py:257} INFO - Waiting for silver_layer_processing on 2025-11-23 07:53:19.201453+00:00 to become allowed state ['success'] ...
[2025-11-23T10:15:20.083+0000] {trigger_dagrun.py:257} INFO - Waiting for silver_layer_processing on 2025-11-23 07:53:19.201453+00:00 to become allowed state ['success'] ...
[2025-11-23T10:16:20.085+0000] {trigger_dagrun.py:257} INFO - Waiting for silver_layer_processing on 2025-11-23 07:53:19.201453+00:00 to become allowed state ['success'] ...
[2025-11-23T10:17:20.088+0000] {trigger_dagrun.py:257} INFO - Waiting for silver_layer_processing on 2025-11-23 07:53:19.201453+00:00 to become allowed state ['success'] ...
[2025-11-23T10:18:20.094+0000] {trigger_dagrun.py:257} INFO - Waiting for silver_layer_processing on 2025-11-23 07:53:19.201453+00:00 to become allowed state ['success'] ...
[2025-11-23T10:19:20.098+0000] {trigger_dagrun.py:257} INFO - Waiting for silver_layer_processing on 2025-11-23 07:53:19.201453+00:00 to become allowed state ['success'] ...
[2025-11-23T10:20:20.102+0000] {trigger_dagrun.py:257} INFO - Waiting for silver_layer_processing on 2025-11-23 07:53:19.201453+00:00 to become allowed state ['success'] ...
[2025-11-23T10:21:20.106+0000] {trigger_dagrun.py:257} INFO - Waiting for silver_layer_processing on 2025-11-23 07:53:19.201453+00:00 to become allowed state ['success'] ...
[2025-11-23T10:22:20.111+0000] {trigger_dagrun.py:257} INFO - Waiting for silver_layer_processing on 2025-11-23 07:53:19.201453+00:00 to become allowed state ['success'] ...
[2025-11-23T10:23:20.115+0000] {trigger_dagrun.py:257} INFO - Waiting for silver_layer_processing on 2025-11-23 07:53:19.201453+00:00 to become allowed state ['success'] ...
[2025-11-23T10:24:20.118+0000] {trigger_dagrun.py:257} INFO - Waiting for silver_layer_processing on 2025-11-23 07:53:19.201453+00:00 to become allowed state ['success'] ...
[2025-11-23T10:25:20.120+0000] {trigger_dagrun.py:257} INFO - Waiting for silver_layer_processing on 2025-11-23 07:53:19.201453+00:00 to become allowed state ['success'] ...
[2025-11-23T10:26:20.124+0000] {trigger_dagrun.py:257} INFO - Waiting for silver_layer_processing on 2025-11-23 07:53:19.201453+00:00 to become allowed state ['success'] ...
[2025-11-23T10:27:20.129+0000] {trigger_dagrun.py:257} INFO - Waiting for silver_layer_processing on 2025-11-23 07:53:19.201453+00:00 to become allowed state ['success'] ...
[2025-11-23T10:28:20.134+0000] {trigger_dagrun.py:257} INFO - Waiting for silver_layer_processing on 2025-11-23 07:53:19.201453+00:00 to become allowed state ['success'] ...
[2025-11-23T10:29:20.139+0000] {trigger_dagrun.py:257} INFO - Waiting for silver_layer_processing on 2025-11-23 07:53:19.201453+00:00 to become allowed state ['success'] ...
[2025-11-23T10:30:20.146+0000] {trigger_dagrun.py:257} INFO - Waiting for silver_layer_processing on 2025-11-23 07:53:19.201453+00:00 to become allowed state ['success'] ...
[2025-11-23T10:31:20.150+0000] {trigger_dagrun.py:257} INFO - Waiting for silver_layer_processing on 2025-11-23 07:53:19.201453+00:00 to become allowed state ['success'] ...
[2025-11-23T10:32:20.154+0000] {trigger_dagrun.py:257} INFO - Waiting for silver_layer_processing on 2025-11-23 07:53:19.201453+00:00 to become allowed state ['success'] ...
[2025-11-23T10:33:20.158+0000] {trigger_dagrun.py:257} INFO - Waiting for silver_layer_processing on 2025-11-23 07:53:19.201453+00:00 to become allowed state ['success'] ...
[2025-11-23T10:34:20.164+0000] {trigger_dagrun.py:257} INFO - Waiting for silver_layer_processing on 2025-11-23 07:53:19.201453+00:00 to become allowed state ['success'] ...
[2025-11-23T10:35:20.170+0000] {trigger_dagrun.py:257} INFO - Waiting for silver_layer_processing on 2025-11-23 07:53:19.201453+00:00 to become allowed state ['success'] ...
[2025-11-23T10:36:20.175+0000] {trigger_dagrun.py:257} INFO - Waiting for silver_layer_processing on 2025-11-23 07:53:19.201453+00:00 to become allowed state ['success'] ...
[2025-11-23T10:37:20.179+0000] {trigger_dagrun.py:257} INFO - Waiting for silver_layer_processing on 2025-11-23 07:53:19.201453+00:00 to become allowed state ['success'] ...
[2025-11-23T10:38:20.182+0000] {trigger_dagrun.py:257} INFO - Waiting for silver_layer_processing on 2025-11-23 07:53:19.201453+00:00 to become allowed state ['success'] ...
[2025-11-23T10:39:20.187+0000] {trigger_dagrun.py:257} INFO - Waiting for silver_layer_processing on 2025-11-23 07:53:19.201453+00:00 to become allowed state ['success'] ...
[2025-11-23T10:40:20.191+0000] {trigger_dagrun.py:257} INFO - Waiting for silver_layer_processing on 2025-11-23 07:53:19.201453+00:00 to become allowed state ['success'] ...
[2025-11-23T10:41:20.195+0000] {trigger_dagrun.py:257} INFO - Waiting for silver_layer_processing on 2025-11-23 07:53:19.201453+00:00 to become allowed state ['success'] ...
[2025-11-23T10:42:20.199+0000] {trigger_dagrun.py:257} INFO - Waiting for silver_layer_processing on 2025-11-23 07:53:19.201453+00:00 to become allowed state ['success'] ...
[2025-11-23T10:43:20.202+0000] {trigger_dagrun.py:257} INFO - Waiting for silver_layer_processing on 2025-11-23 07:53:19.201453+00:00 to become allowed state ['success'] ...
[2025-11-23T10:44:20.207+0000] {trigger_dagrun.py:257} INFO - Waiting for silver_layer_processing on 2025-11-23 07:53:19.201453+00:00 to become allowed state ['success'] ...
[2025-11-23T10:45:20.211+0000] {trigger_dagrun.py:257} INFO - Waiting for silver_layer_processing on 2025-11-23 07:53:19.201453+00:00 to become allowed state ['success'] ...
[2025-11-23T10:46:20.213+0000] {trigger_dagrun.py:257} INFO - Waiting for silver_layer_processing on 2025-11-23 07:53:19.201453+00:00 to become allowed state ['success'] ...
[2025-11-23T10:47:20.217+0000] {trigger_dagrun.py:257} INFO - Waiting for silver_layer_processing on 2025-11-23 07:53:19.201453+00:00 to become allowed state ['success'] ...
[2025-11-23T10:48:20.221+0000] {trigger_dagrun.py:257} INFO - Waiting for silver_layer_processing on 2025-11-23 07:53:19.201453+00:00 to become allowed state ['success'] ...
[2025-11-23T10:49:20.225+0000] {trigger_dagrun.py:257} INFO - Waiting for silver_layer_processing on 2025-11-23 07:53:19.201453+00:00 to become allowed state ['success'] ...
[2025-11-23T10:50:20.228+0000] {trigger_dagrun.py:257} INFO - Waiting for silver_layer_processing on 2025-11-23 07:53:19.201453+00:00 to become allowed state ['success'] ...
[2025-11-23T10:51:20.233+0000] {trigger_dagrun.py:257} INFO - Waiting for silver_layer_processing on 2025-11-23 07:53:19.201453+00:00 to become allowed state ['success'] ...
[2025-11-23T10:52:20.237+0000] {trigger_dagrun.py:257} INFO - Waiting for silver_layer_processing on 2025-11-23 07:53:19.201453+00:00 to become allowed state ['success'] ...
[2025-11-23T10:53:20.242+0000] {trigger_dagrun.py:257} INFO - Waiting for silver_layer_processing on 2025-11-23 07:53:19.201453+00:00 to become allowed state ['success'] ...
[2025-11-23T10:54:20.245+0000] {trigger_dagrun.py:257} INFO - Waiting for silver_layer_processing on 2025-11-23 07:53:19.201453+00:00 to become allowed state ['success'] ...
[2025-11-23T10:55:20.250+0000] {trigger_dagrun.py:257} INFO - Waiting for silver_layer_processing on 2025-11-23 07:53:19.201453+00:00 to become allowed state ['success'] ...
[2025-11-23T10:56:20.255+0000] {trigger_dagrun.py:257} INFO - Waiting for silver_layer_processing on 2025-11-23 07:53:19.201453+00:00 to become allowed state ['success'] ...
[2025-11-23T10:57:20.260+0000] {trigger_dagrun.py:257} INFO - Waiting for silver_layer_processing on 2025-11-23 07:53:19.201453+00:00 to become allowed state ['success'] ...
[2025-11-23T10:58:20.264+0000] {trigger_dagrun.py:257} INFO - Waiting for silver_layer_processing on 2025-11-23 07:53:19.201453+00:00 to become allowed state ['success'] ...
[2025-11-23T10:59:20.268+0000] {trigger_dagrun.py:257} INFO - Waiting for silver_layer_processing on 2025-11-23 07:53:19.201453+00:00 to become allowed state ['success'] ...
[2025-11-23T11:00:20.274+0000] {trigger_dagrun.py:257} INFO - Waiting for silver_layer_processing on 2025-11-23 07:53:19.201453+00:00 to become allowed state ['success'] ...
[2025-11-23T11:01:20.278+0000] {trigger_dagrun.py:257} INFO - Waiting for silver_layer_processing on 2025-11-23 07:53:19.201453+00:00 to become allowed state ['success'] ...
[2025-11-23T11:02:20.282+0000] {trigger_dagrun.py:257} INFO - Waiting for silver_layer_processing on 2025-11-23 07:53:19.201453+00:00 to become allowed state ['success'] ...
[2025-11-23T11:03:20.288+0000] {trigger_dagrun.py:257} INFO - Waiting for silver_layer_processing on 2025-11-23 07:53:19.201453+00:00 to become allowed state ['success'] ...
[2025-11-23T11:04:20.293+0000] {trigger_dagrun.py:257} INFO - Waiting for silver_layer_processing on 2025-11-23 07:53:19.201453+00:00 to become allowed state ['success'] ...
[2025-11-23T11:05:20.298+0000] {trigger_dagrun.py:257} INFO - Waiting for silver_layer_processing on 2025-11-23 07:53:19.201453+00:00 to become allowed state ['success'] ...
[2025-11-23T11:06:20.303+0000] {trigger_dagrun.py:257} INFO - Waiting for silver_layer_processing on 2025-11-23 07:53:19.201453+00:00 to become allowed state ['success'] ...
[2025-11-23T11:07:20.310+0000] {trigger_dagrun.py:257} INFO - Waiting for silver_layer_processing on 2025-11-23 07:53:19.201453+00:00 to become allowed state ['success'] ...
[2025-11-23T11:08:20.314+0000] {trigger_dagrun.py:257} INFO - Waiting for silver_layer_processing on 2025-11-23 07:53:19.201453+00:00 to become allowed state ['success'] ...
[2025-11-23T11:09:20.321+0000] {trigger_dagrun.py:257} INFO - Waiting for silver_layer_processing on 2025-11-23 07:53:19.201453+00:00 to become allowed state ['success'] ...
[2025-11-23T11:10:20.326+0000] {trigger_dagrun.py:257} INFO - Waiting for silver_layer_processing on 2025-11-23 07:53:19.201453+00:00 to become allowed state ['success'] ...
[2025-11-23T11:11:20.331+0000] {trigger_dagrun.py:257} INFO - Waiting for silver_layer_processing on 2025-11-23 07:53:19.201453+00:00 to become allowed state ['success'] ...
[2025-11-23T11:12:20.337+0000] {trigger_dagrun.py:257} INFO - Waiting for silver_layer_processing on 2025-11-23 07:53:19.201453+00:00 to become allowed state ['success'] ...
[2025-11-23T11:13:20.341+0000] {trigger_dagrun.py:257} INFO - Waiting for silver_layer_processing on 2025-11-23 07:53:19.201453+00:00 to become allowed state ['success'] ...
[2025-11-23T11:14:20.350+0000] {trigger_dagrun.py:257} INFO - Waiting for silver_layer_processing on 2025-11-23 07:53:19.201453+00:00 to become allowed state ['success'] ...
[2025-11-23T11:15:20.358+0000] {trigger_dagrun.py:257} INFO - Waiting for silver_layer_processing on 2025-11-23 07:53:19.201453+00:00 to become allowed state ['success'] ...
[2025-11-23T11:16:20.368+0000] {trigger_dagrun.py:257} INFO - Waiting for silver_layer_processing on 2025-11-23 07:53:19.201453+00:00 to become allowed state ['success'] ...
