[2025-12-14T02:56:09.412+0000] {local_task_job_runner.py:123} INFO - ::group::Pre task execution logs
[2025-12-14T02:56:09.431+0000] {taskinstance.py:2614} INFO - Dependencies all met for dep_context=non-requeueable deps ti=<TaskInstance: unified_sales_pipeline.produce_sales_data manual__2025-12-14T02:56:01.140359+00:00 [queued]>
[2025-12-14T02:56:09.440+0000] {taskinstance.py:2614} INFO - Dependencies all met for dep_context=requeueable deps ti=<TaskInstance: unified_sales_pipeline.produce_sales_data manual__2025-12-14T02:56:01.140359+00:00 [queued]>
[2025-12-14T02:56:09.441+0000] {taskinstance.py:2867} INFO - Starting attempt 1 of 2
[2025-12-14T02:56:09.453+0000] {taskinstance.py:2890} INFO - Executing <Task(PythonOperator): produce_sales_data> on 2025-12-14 02:56:01.140359+00:00
[2025-12-14T02:56:09.460+0000] {warnings.py:112} WARNING - /home/***/.local/lib/python3.12/site-packages/***/task/task_runner/standard_task_runner.py:70: DeprecationWarning: This process (pid=128) is multi-threaded, use of fork() may lead to deadlocks in the child.
  pid = os.fork()

[2025-12-14T02:56:09.464+0000] {standard_task_runner.py:72} INFO - Started process 129 to run task
[2025-12-14T02:56:09.464+0000] {standard_task_runner.py:104} INFO - Running: ['***', 'tasks', 'run', 'unified_sales_pipeline', 'produce_sales_data', 'manual__2025-12-14T02:56:01.140359+00:00', '--job-id', '36', '--raw', '--subdir', 'DAGS_FOLDER/unified_sales_pipeline_dag.py', '--cfg-path', '/tmp/tmp2ojecylu']
[2025-12-14T02:56:09.465+0000] {standard_task_runner.py:105} INFO - Job 36: Subtask produce_sales_data
[2025-12-14T02:56:09.516+0000] {task_command.py:467} INFO - Running <TaskInstance: unified_sales_pipeline.produce_sales_data manual__2025-12-14T02:56:01.140359+00:00 [running]> on host 5cdda4523f21
[2025-12-14T02:56:09.591+0000] {taskinstance.py:3134} INFO - Exporting env vars: AIRFLOW_CTX_DAG_OWNER='***' AIRFLOW_CTX_DAG_ID='unified_sales_pipeline' AIRFLOW_CTX_TASK_ID='produce_sales_data' AIRFLOW_CTX_EXECUTION_DATE='2025-12-14T02:56:01.140359+00:00' AIRFLOW_CTX_TRY_NUMBER='1' AIRFLOW_CTX_DAG_RUN_ID='manual__2025-12-14T02:56:01.140359+00:00'
[2025-12-14T02:56:09.592+0000] {taskinstance.py:732} INFO - ::endgroup::
[2025-12-14T02:56:09.609+0000] {conn.py:396} INFO - <BrokerConnection client_id=kafka-python-producer-1, node_id=bootstrap-0 host=broker1:19092 <connecting> [IPv4 ('172.18.0.8', 19092)]>: connecting to broker1:19092 [('172.18.0.8', 19092) IPv4]
[2025-12-14T02:56:09.629+0000] {conn.py:618} INFO - <BrokerConnection client_id=kafka-python-producer-1, node_id=bootstrap-0 host=broker1:19092 <checking_api_versions_recv> [IPv4 ('172.18.0.8', 19092)]>: Broker version identified as 2.6
[2025-12-14T02:56:09.630+0000] {conn.py:457} INFO - <BrokerConnection client_id=kafka-python-producer-1, node_id=bootstrap-0 host=broker1:19092 <connected> [IPv4 ('172.18.0.8', 19092)]>: Connection complete.
[2025-12-14T02:56:09.634+0000] {logging_mixin.py:190} INFO - 🚀 Starting Kafka producer...
[2025-12-14T02:56:09.737+0000] {conn.py:396} INFO - <BrokerConnection client_id=kafka-python-producer-1, node_id=3 host=broker3:19094 <connecting> [IPv4 ('172.18.0.3', 19094)]>: connecting to broker3:19094 [('172.18.0.3', 19094) IPv4]
[2025-12-14T02:56:09.738+0000] {conn.py:457} INFO - <BrokerConnection client_id=kafka-python-producer-1, node_id=3 host=broker3:19094 <connected> [IPv4 ('172.18.0.3', 19094)]>: Connection complete.
[2025-12-14T02:56:09.739+0000] {conn.py:945} INFO - <BrokerConnection client_id=kafka-python-producer-1, node_id=bootstrap-0 host=broker1:19092 <connected> [IPv4 ('172.18.0.8', 19092)]>: Closing connection. 
[2025-12-14T02:56:09.800+0000] {cluster.py:316} ERROR - Topic ventes_stream not found in cluster metadata
[2025-12-14T02:56:09.912+0000] {logging_mixin.py:190} INFO - ✅ Sale 1: Clavier mecanique - 150.0€
[2025-12-14T02:56:09.914+0000] {conn.py:396} INFO - <BrokerConnection client_id=kafka-python-producer-1, node_id=2 host=broker2:19093 <connecting> [IPv4 ('172.18.0.5', 19093)]>: connecting to broker2:19093 [('172.18.0.5', 19093) IPv4]
[2025-12-14T02:56:09.915+0000] {conn.py:457} INFO - <BrokerConnection client_id=kafka-python-producer-1, node_id=2 host=broker2:19093 <connected> [IPv4 ('172.18.0.5', 19093)]>: Connection complete.
[2025-12-14T02:56:10.115+0000] {logging_mixin.py:190} INFO - ✅ Sale 2: Souris sans fil - 51.0€
[2025-12-14T02:56:10.317+0000] {logging_mixin.py:190} INFO - ✅ Sale 3: Livre Data Science - 19.99€
[2025-12-14T02:56:10.518+0000] {logging_mixin.py:190} INFO - ✅ Sale 4: Ordinateur portable - 899.99€
[2025-12-14T02:56:10.720+0000] {logging_mixin.py:190} INFO - ✅ Sale 5: Clavier mecanique - 150.0€
[2025-12-14T02:56:10.922+0000] {logging_mixin.py:190} INFO - ✅ Sale 6: Ordinateur portable - 2699.97€
[2025-12-14T02:56:11.124+0000] {logging_mixin.py:190} INFO - ✅ Sale 7: Livre Data Science - 59.97€
[2025-12-14T02:56:11.325+0000] {logging_mixin.py:190} INFO - ✅ Sale 8: Livre Data Science - 19.99€
[2025-12-14T02:56:11.527+0000] {logging_mixin.py:190} INFO - ✅ Sale 9: Clavier mecanique - 150.0€
[2025-12-14T02:56:11.728+0000] {logging_mixin.py:190} INFO - ✅ Sale 10: Souris sans fil - 76.5€
[2025-12-14T02:56:11.930+0000] {logging_mixin.py:190} INFO - ✅ Sale 11: Ordinateur portable - 1799.98€
[2025-12-14T02:56:11.931+0000] {conn.py:396} INFO - <BrokerConnection client_id=kafka-python-producer-1, node_id=1 host=broker1:19092 <connecting> [IPv4 ('172.18.0.8', 19092)]>: connecting to broker1:19092 [('172.18.0.8', 19092) IPv4]
[2025-12-14T02:56:11.932+0000] {conn.py:457} INFO - <BrokerConnection client_id=kafka-python-producer-1, node_id=1 host=broker1:19092 <connected> [IPv4 ('172.18.0.8', 19092)]>: Connection complete.
[2025-12-14T02:56:12.132+0000] {logging_mixin.py:190} INFO - ✅ Sale 12: Casque audio - 59.99€
[2025-12-14T02:56:12.333+0000] {logging_mixin.py:190} INFO - ✅ Sale 13: Livre Data Science - 39.98€
[2025-12-14T02:56:12.535+0000] {logging_mixin.py:190} INFO - ✅ Sale 14: Ordinateur portable - 2699.97€
[2025-12-14T02:56:12.737+0000] {logging_mixin.py:190} INFO - ✅ Sale 15: Casque audio - 59.99€
[2025-12-14T02:56:12.939+0000] {logging_mixin.py:190} INFO - ✅ Sale 16: Ordinateur portable - 2699.97€
[2025-12-14T02:56:13.140+0000] {logging_mixin.py:190} INFO - ✅ Sale 17: Ordinateur portable - 899.99€
[2025-12-14T02:56:13.342+0000] {logging_mixin.py:190} INFO - ✅ Sale 18: Souris sans fil - 25.5€
[2025-12-14T02:56:13.544+0000] {logging_mixin.py:190} INFO - ✅ Sale 19: Casque audio - 119.98€
[2025-12-14T02:56:13.746+0000] {logging_mixin.py:190} INFO - ✅ Sale 20: Souris sans fil - 76.5€
[2025-12-14T02:56:13.947+0000] {logging_mixin.py:190} INFO - ✅ Sale 21: Livre Data Science - 39.98€
[2025-12-14T02:56:14.149+0000] {logging_mixin.py:190} INFO - ✅ Sale 22: Clavier mecanique - 225.0€
[2025-12-14T02:56:14.350+0000] {logging_mixin.py:190} INFO - ✅ Sale 23: Ordinateur portable - 899.99€
[2025-12-14T02:56:14.552+0000] {logging_mixin.py:190} INFO - ✅ Sale 24: Clavier mecanique - 225.0€
[2025-12-14T02:56:14.753+0000] {logging_mixin.py:190} INFO - ✅ Sale 25: Souris sans fil - 76.5€
[2025-12-14T02:56:14.956+0000] {logging_mixin.py:190} INFO - ✅ Sale 26: Clavier mecanique - 75.0€
[2025-12-14T02:56:15.158+0000] {logging_mixin.py:190} INFO - ✅ Sale 27: Souris sans fil - 25.5€
[2025-12-14T02:56:15.360+0000] {logging_mixin.py:190} INFO - ✅ Sale 28: Souris sans fil - 51.0€
[2025-12-14T02:56:15.561+0000] {logging_mixin.py:190} INFO - ✅ Sale 29: Ordinateur portable - 1799.98€
[2025-12-14T02:56:15.763+0000] {logging_mixin.py:190} INFO - ✅ Sale 30: Ordinateur portable - 2699.97€
[2025-12-14T02:56:15.965+0000] {logging_mixin.py:190} INFO - ✅ Sale 31: Livre Data Science - 19.99€
[2025-12-14T02:56:16.166+0000] {logging_mixin.py:190} INFO - ✅ Sale 32: Casque audio - 119.98€
[2025-12-14T02:56:16.368+0000] {logging_mixin.py:190} INFO - ✅ Sale 33: Clavier mecanique - 225.0€
[2025-12-14T02:56:16.570+0000] {logging_mixin.py:190} INFO - ✅ Sale 34: Souris sans fil - 51.0€
[2025-12-14T02:56:16.771+0000] {logging_mixin.py:190} INFO - ✅ Sale 35: Clavier mecanique - 225.0€
[2025-12-14T02:56:16.973+0000] {logging_mixin.py:190} INFO - ✅ Sale 36: Livre Data Science - 19.99€
[2025-12-14T02:56:17.175+0000] {logging_mixin.py:190} INFO - ✅ Sale 37: Souris sans fil - 76.5€
[2025-12-14T02:56:17.377+0000] {logging_mixin.py:190} INFO - ✅ Sale 38: Livre Data Science - 19.99€
[2025-12-14T02:56:17.579+0000] {logging_mixin.py:190} INFO - ✅ Sale 39: Clavier mecanique - 225.0€
[2025-12-14T02:56:17.781+0000] {logging_mixin.py:190} INFO - ✅ Sale 40: Clavier mecanique - 150.0€
[2025-12-14T02:56:17.982+0000] {logging_mixin.py:190} INFO - ✅ Sale 41: Souris sans fil - 76.5€
[2025-12-14T02:56:18.184+0000] {logging_mixin.py:190} INFO - ✅ Sale 42: Clavier mecanique - 150.0€
[2025-12-14T02:56:18.385+0000] {logging_mixin.py:190} INFO - ✅ Sale 43: Casque audio - 119.98€
[2025-12-14T02:56:18.588+0000] {logging_mixin.py:190} INFO - ✅ Sale 44: Casque audio - 59.99€
[2025-12-14T02:56:18.790+0000] {logging_mixin.py:190} INFO - ✅ Sale 45: Casque audio - 179.97€
[2025-12-14T02:56:18.991+0000] {logging_mixin.py:190} INFO - ✅ Sale 46: Casque audio - 119.98€
[2025-12-14T02:56:19.193+0000] {logging_mixin.py:190} INFO - ✅ Sale 47: Clavier mecanique - 225.0€
[2025-12-14T02:56:19.394+0000] {logging_mixin.py:190} INFO - ✅ Sale 48: Livre Data Science - 59.97€
[2025-12-14T02:56:19.595+0000] {logging_mixin.py:190} INFO - ✅ Sale 49: Casque audio - 119.98€
[2025-12-14T02:56:19.797+0000] {logging_mixin.py:190} INFO - ✅ Sale 50: Casque audio - 119.98€
[2025-12-14T02:56:19.999+0000] {kafka.py:629} INFO - <KafkaProducer client_id=kafka-python-producer-1 transactional_id=None>: Closing the Kafka producer with 9223372036.0 secs timeout.
[2025-12-14T02:56:20.000+0000] {conn.py:945} INFO - <BrokerConnection client_id=kafka-python-producer-1, node_id=3 host=broker3:19094 <connected> [IPv4 ('172.18.0.3', 19094)]>: Closing connection. 
[2025-12-14T02:56:20.000+0000] {conn.py:945} INFO - <BrokerConnection client_id=kafka-python-producer-1, node_id=2 host=broker2:19093 <connected> [IPv4 ('172.18.0.5', 19093)]>: Closing connection. 
[2025-12-14T02:56:20.001+0000] {conn.py:945} INFO - <BrokerConnection client_id=kafka-python-producer-1, node_id=1 host=broker1:19092 <connected> [IPv4 ('172.18.0.8', 19092)]>: Closing connection. 
[2025-12-14T02:56:20.002+0000] {logging_mixin.py:190} INFO - ✅ Production completed: 50 sales sent to Kafka topic 'ventes_stream'
[2025-12-14T02:56:20.002+0000] {python.py:240} INFO - Done. Returned value was: None
[2025-12-14T02:56:20.010+0000] {taskinstance.py:341} INFO - ::group::Post task execution logs
[2025-12-14T02:56:20.010+0000] {taskinstance.py:353} INFO - Marking task as SUCCESS. dag_id=unified_sales_pipeline, task_id=produce_sales_data, run_id=manual__2025-12-14T02:56:01.140359+00:00, execution_date=20251214T025601, start_date=20251214T025609, end_date=20251214T025620
[2025-12-14T02:56:20.061+0000] {local_task_job_runner.py:266} INFO - Task exited with return code 0
[2025-12-14T02:56:20.084+0000] {taskinstance.py:3901} INFO - 1 downstream tasks scheduled from follow-on schedule check
[2025-12-14T02:56:20.087+0000] {local_task_job_runner.py:245} INFO - ::endgroup::
