[2025-12-14T07:57:32.696+0000] {local_task_job_runner.py:123} INFO - ::group::Pre task execution logs
[2025-12-14T07:57:32.711+0000] {taskinstance.py:2614} INFO - Dependencies all met for dep_context=non-requeueable deps ti=<TaskInstance: unified_sales_pipeline.produce_sales_data manual__2025-12-14T07:57:29.789465+00:00 [queued]>
[2025-12-14T07:57:32.720+0000] {taskinstance.py:2614} INFO - Dependencies all met for dep_context=requeueable deps ti=<TaskInstance: unified_sales_pipeline.produce_sales_data manual__2025-12-14T07:57:29.789465+00:00 [queued]>
[2025-12-14T07:57:32.722+0000] {taskinstance.py:2867} INFO - Starting attempt 1 of 2
[2025-12-14T07:57:32.735+0000] {taskinstance.py:2890} INFO - Executing <Task(PythonOperator): produce_sales_data> on 2025-12-14 07:57:29.789465+00:00
[2025-12-14T07:57:32.741+0000] {warnings.py:112} WARNING - /home/***/.local/lib/python3.12/site-packages/***/task/task_runner/standard_task_runner.py:70: DeprecationWarning: This process (pid=514) is multi-threaded, use of fork() may lead to deadlocks in the child.
  pid = os.fork()

[2025-12-14T07:57:32.743+0000] {standard_task_runner.py:72} INFO - Started process 515 to run task
[2025-12-14T07:57:32.743+0000] {standard_task_runner.py:104} INFO - Running: ['***', 'tasks', 'run', 'unified_sales_pipeline', 'produce_sales_data', 'manual__2025-12-14T07:57:29.789465+00:00', '--job-id', '90', '--raw', '--subdir', 'DAGS_FOLDER/unified_sales_pipeline_dag.py', '--cfg-path', '/tmp/tmpe95a_uay']
[2025-12-14T07:57:32.744+0000] {standard_task_runner.py:105} INFO - Job 90: Subtask produce_sales_data
[2025-12-14T07:57:32.782+0000] {task_command.py:467} INFO - Running <TaskInstance: unified_sales_pipeline.produce_sales_data manual__2025-12-14T07:57:29.789465+00:00 [running]> on host 8010d11e18c5
[2025-12-14T07:57:32.845+0000] {taskinstance.py:3134} INFO - Exporting env vars: AIRFLOW_CTX_DAG_OWNER='***' AIRFLOW_CTX_DAG_ID='unified_sales_pipeline' AIRFLOW_CTX_TASK_ID='produce_sales_data' AIRFLOW_CTX_EXECUTION_DATE='2025-12-14T07:57:29.789465+00:00' AIRFLOW_CTX_TRY_NUMBER='1' AIRFLOW_CTX_DAG_RUN_ID='manual__2025-12-14T07:57:29.789465+00:00'
[2025-12-14T07:57:32.846+0000] {taskinstance.py:732} INFO - ::endgroup::
[2025-12-14T07:57:32.858+0000] {conn.py:396} INFO - <BrokerConnection client_id=kafka-python-producer-1, node_id=bootstrap-1 host=broker2:19093 <connecting> [IPv4 ('172.18.0.5', 19093)]>: connecting to broker2:19093 [('172.18.0.5', 19093) IPv4]
[2025-12-14T07:57:32.861+0000] {conn.py:618} INFO - <BrokerConnection client_id=kafka-python-producer-1, node_id=bootstrap-1 host=broker2:19093 <checking_api_versions_recv> [IPv4 ('172.18.0.5', 19093)]>: Broker version identified as 2.6
[2025-12-14T07:57:32.862+0000] {conn.py:457} INFO - <BrokerConnection client_id=kafka-python-producer-1, node_id=bootstrap-1 host=broker2:19093 <connected> [IPv4 ('172.18.0.5', 19093)]>: Connection complete.
[2025-12-14T07:57:32.864+0000] {logging_mixin.py:190} INFO - 🚀 Starting Kafka producer...
[2025-12-14T07:57:32.967+0000] {conn.py:396} INFO - <BrokerConnection client_id=kafka-python-producer-1, node_id=1 host=broker1:19092 <connecting> [IPv4 ('172.18.0.8', 19092)]>: connecting to broker1:19092 [('172.18.0.8', 19092) IPv4]
[2025-12-14T07:57:32.968+0000] {conn.py:457} INFO - <BrokerConnection client_id=kafka-python-producer-1, node_id=1 host=broker1:19092 <connected> [IPv4 ('172.18.0.8', 19092)]>: Connection complete.
[2025-12-14T07:57:32.969+0000] {conn.py:945} INFO - <BrokerConnection client_id=kafka-python-producer-1, node_id=bootstrap-1 host=broker2:19093 <connected> [IPv4 ('172.18.0.5', 19093)]>: Closing connection. 
[2025-12-14T07:57:32.973+0000] {logging_mixin.py:190} INFO - ✅ Sale 1: Clavier mecanique - 150.0€
[2025-12-14T07:57:33.175+0000] {logging_mixin.py:190} INFO - ✅ Sale 2: Casque audio - 179.97€
[2025-12-14T07:57:33.377+0000] {logging_mixin.py:190} INFO - ✅ Sale 3: Clavier mecanique - 150.0€
[2025-12-14T07:57:33.378+0000] {conn.py:396} INFO - <BrokerConnection client_id=kafka-python-producer-1, node_id=2 host=broker2:19093 <connecting> [IPv4 ('172.18.0.5', 19093)]>: connecting to broker2:19093 [('172.18.0.5', 19093) IPv4]
[2025-12-14T07:57:33.379+0000] {conn.py:457} INFO - <BrokerConnection client_id=kafka-python-producer-1, node_id=2 host=broker2:19093 <connected> [IPv4 ('172.18.0.5', 19093)]>: Connection complete.
[2025-12-14T07:57:33.579+0000] {logging_mixin.py:190} INFO - ✅ Sale 4: Clavier mecanique - 150.0€
[2025-12-14T07:57:33.780+0000] {logging_mixin.py:190} INFO - ✅ Sale 5: Souris sans fil - 76.5€
[2025-12-14T07:57:33.782+0000] {conn.py:396} INFO - <BrokerConnection client_id=kafka-python-producer-1, node_id=3 host=broker3:19094 <connecting> [IPv4 ('172.18.0.4', 19094)]>: connecting to broker3:19094 [('172.18.0.4', 19094) IPv4]
[2025-12-14T07:57:33.783+0000] {conn.py:457} INFO - <BrokerConnection client_id=kafka-python-producer-1, node_id=3 host=broker3:19094 <connected> [IPv4 ('172.18.0.4', 19094)]>: Connection complete.
[2025-12-14T07:57:33.982+0000] {logging_mixin.py:190} INFO - ✅ Sale 6: Souris sans fil - 25.5€
[2025-12-14T07:57:34.184+0000] {logging_mixin.py:190} INFO - ✅ Sale 7: Casque audio - 59.99€
[2025-12-14T07:57:34.387+0000] {logging_mixin.py:190} INFO - ✅ Sale 8: Ordinateur portable - 2699.97€
[2025-12-14T07:57:34.588+0000] {logging_mixin.py:190} INFO - ✅ Sale 9: Clavier mecanique - 75.0€
[2025-12-14T07:57:34.790+0000] {logging_mixin.py:190} INFO - ✅ Sale 10: Clavier mecanique - 225.0€
[2025-12-14T07:57:34.993+0000] {logging_mixin.py:190} INFO - ✅ Sale 11: Ordinateur portable - 899.99€
[2025-12-14T07:57:35.195+0000] {logging_mixin.py:190} INFO - ✅ Sale 12: Souris sans fil - 76.5€
[2025-12-14T07:57:35.398+0000] {logging_mixin.py:190} INFO - ✅ Sale 13: Ordinateur portable - 2699.97€
[2025-12-14T07:57:35.600+0000] {logging_mixin.py:190} INFO - ✅ Sale 14: Casque audio - 59.99€
[2025-12-14T07:57:35.800+0000] {logging_mixin.py:190} INFO - ✅ Sale 15: Souris sans fil - 76.5€
[2025-12-14T07:57:36.001+0000] {logging_mixin.py:190} INFO - ✅ Sale 16: Livre Data Science - 39.98€
[2025-12-14T07:57:36.203+0000] {logging_mixin.py:190} INFO - ✅ Sale 17: Livre Data Science - 59.97€
[2025-12-14T07:57:36.405+0000] {logging_mixin.py:190} INFO - ✅ Sale 18: Ordinateur portable - 1799.98€
[2025-12-14T07:57:36.606+0000] {logging_mixin.py:190} INFO - ✅ Sale 19: Souris sans fil - 76.5€
[2025-12-14T07:57:36.808+0000] {logging_mixin.py:190} INFO - ✅ Sale 20: Livre Data Science - 19.99€
[2025-12-14T07:57:37.009+0000] {logging_mixin.py:190} INFO - ✅ Sale 21: Ordinateur portable - 1799.98€
[2025-12-14T07:57:37.211+0000] {logging_mixin.py:190} INFO - ✅ Sale 22: Clavier mecanique - 75.0€
[2025-12-14T07:57:37.413+0000] {logging_mixin.py:190} INFO - ✅ Sale 23: Ordinateur portable - 2699.97€
[2025-12-14T07:57:37.615+0000] {logging_mixin.py:190} INFO - ✅ Sale 24: Clavier mecanique - 150.0€
[2025-12-14T07:57:37.816+0000] {logging_mixin.py:190} INFO - ✅ Sale 25: Livre Data Science - 39.98€
[2025-12-14T07:57:38.018+0000] {logging_mixin.py:190} INFO - ✅ Sale 26: Souris sans fil - 76.5€
[2025-12-14T07:57:38.220+0000] {logging_mixin.py:190} INFO - ✅ Sale 27: Souris sans fil - 76.5€
[2025-12-14T07:57:38.422+0000] {logging_mixin.py:190} INFO - ✅ Sale 28: Clavier mecanique - 150.0€
[2025-12-14T07:57:38.623+0000] {logging_mixin.py:190} INFO - ✅ Sale 29: Clavier mecanique - 150.0€
[2025-12-14T07:57:38.825+0000] {logging_mixin.py:190} INFO - ✅ Sale 30: Casque audio - 59.99€
[2025-12-14T07:57:39.027+0000] {logging_mixin.py:190} INFO - ✅ Sale 31: Souris sans fil - 76.5€
[2025-12-14T07:57:39.230+0000] {logging_mixin.py:190} INFO - ✅ Sale 32: Casque audio - 179.97€
[2025-12-14T07:57:39.431+0000] {logging_mixin.py:190} INFO - ✅ Sale 33: Souris sans fil - 51.0€
[2025-12-14T07:57:39.634+0000] {logging_mixin.py:190} INFO - ✅ Sale 34: Ordinateur portable - 899.99€
[2025-12-14T07:57:39.836+0000] {logging_mixin.py:190} INFO - ✅ Sale 35: Casque audio - 59.99€
[2025-12-14T07:57:40.038+0000] {logging_mixin.py:190} INFO - ✅ Sale 36: Clavier mecanique - 75.0€
[2025-12-14T07:57:40.240+0000] {logging_mixin.py:190} INFO - ✅ Sale 37: Clavier mecanique - 225.0€
[2025-12-14T07:57:40.442+0000] {logging_mixin.py:190} INFO - ✅ Sale 38: Casque audio - 59.99€
[2025-12-14T07:57:40.645+0000] {logging_mixin.py:190} INFO - ✅ Sale 39: Livre Data Science - 19.99€
[2025-12-14T07:57:40.847+0000] {logging_mixin.py:190} INFO - ✅ Sale 40: Livre Data Science - 39.98€
[2025-12-14T07:57:41.049+0000] {logging_mixin.py:190} INFO - ✅ Sale 41: Clavier mecanique - 225.0€
[2025-12-14T07:57:41.251+0000] {logging_mixin.py:190} INFO - ✅ Sale 42: Livre Data Science - 19.99€
[2025-12-14T07:57:41.453+0000] {logging_mixin.py:190} INFO - ✅ Sale 43: Ordinateur portable - 2699.97€
[2025-12-14T07:57:41.654+0000] {logging_mixin.py:190} INFO - ✅ Sale 44: Souris sans fil - 25.5€
[2025-12-14T07:57:41.856+0000] {logging_mixin.py:190} INFO - ✅ Sale 45: Casque audio - 179.97€
[2025-12-14T07:57:42.058+0000] {logging_mixin.py:190} INFO - ✅ Sale 46: Livre Data Science - 19.99€
[2025-12-14T07:57:42.260+0000] {logging_mixin.py:190} INFO - ✅ Sale 47: Clavier mecanique - 75.0€
[2025-12-14T07:57:42.461+0000] {logging_mixin.py:190} INFO - ✅ Sale 48: Ordinateur portable - 899.99€
[2025-12-14T07:57:42.663+0000] {logging_mixin.py:190} INFO - ✅ Sale 49: Livre Data Science - 39.98€
[2025-12-14T07:57:42.865+0000] {logging_mixin.py:190} INFO - ✅ Sale 50: Casque audio - 179.97€
[2025-12-14T07:57:43.067+0000] {kafka.py:629} INFO - <KafkaProducer client_id=kafka-python-producer-1 transactional_id=None>: Closing the Kafka producer with 9223372036.0 secs timeout.
[2025-12-14T07:57:43.068+0000] {conn.py:945} INFO - <BrokerConnection client_id=kafka-python-producer-1, node_id=1 host=broker1:19092 <connected> [IPv4 ('172.18.0.8', 19092)]>: Closing connection. 
[2025-12-14T07:57:43.068+0000] {conn.py:945} INFO - <BrokerConnection client_id=kafka-python-producer-1, node_id=2 host=broker2:19093 <connected> [IPv4 ('172.18.0.5', 19093)]>: Closing connection. 
[2025-12-14T07:57:43.069+0000] {conn.py:945} INFO - <BrokerConnection client_id=kafka-python-producer-1, node_id=3 host=broker3:19094 <connected> [IPv4 ('172.18.0.4', 19094)]>: Closing connection. 
[2025-12-14T07:57:43.070+0000] {logging_mixin.py:190} INFO - ✅ Production completed: 50 sales sent to Kafka topic 'ventes_stream'
[2025-12-14T07:57:43.070+0000] {python.py:240} INFO - Done. Returned value was: None
[2025-12-14T07:57:43.078+0000] {taskinstance.py:341} INFO - ::group::Post task execution logs
[2025-12-14T07:57:43.079+0000] {taskinstance.py:353} INFO - Marking task as SUCCESS. dag_id=unified_sales_pipeline, task_id=produce_sales_data, run_id=manual__2025-12-14T07:57:29.789465+00:00, execution_date=20251214T075729, start_date=20251214T075732, end_date=20251214T075743
[2025-12-14T07:57:43.143+0000] {local_task_job_runner.py:266} INFO - Task exited with return code 0
[2025-12-14T07:57:43.169+0000] {taskinstance.py:3901} INFO - 1 downstream tasks scheduled from follow-on schedule check
[2025-12-14T07:57:43.172+0000] {local_task_job_runner.py:245} INFO - ::endgroup::
