[2025-12-15T06:00:38.242+0000] {local_task_job_runner.py:123} INFO - ::group::Pre task execution logs
[2025-12-15T06:00:38.274+0000] {taskinstance.py:2614} INFO - Dependencies all met for dep_context=non-requeueable deps ti=<TaskInstance: unified_sales_pipeline.produce_sales_data manual__2025-12-06T00:25:40.675485+00:00 [queued]>
[2025-12-15T06:00:38.289+0000] {taskinstance.py:2614} INFO - Dependencies all met for dep_context=requeueable deps ti=<TaskInstance: unified_sales_pipeline.produce_sales_data manual__2025-12-06T00:25:40.675485+00:00 [queued]>
[2025-12-15T06:00:38.291+0000] {taskinstance.py:2867} INFO - Starting attempt 2 of 3
[2025-12-15T06:00:38.310+0000] {taskinstance.py:2890} INFO - Executing <Task(PythonOperator): produce_sales_data> on 2025-12-06 00:25:40.675485+00:00
[2025-12-15T06:00:38.319+0000] {warnings.py:112} WARNING - /home/***/.local/lib/python3.12/site-packages/***/task/task_runner/standard_task_runner.py:70: DeprecationWarning: This process (pid=467) is multi-threaded, use of fork() may lead to deadlocks in the child.
  pid = os.fork()

[2025-12-15T06:00:38.321+0000] {standard_task_runner.py:72} INFO - Started process 468 to run task
[2025-12-15T06:00:38.321+0000] {standard_task_runner.py:104} INFO - Running: ['***', 'tasks', 'run', 'unified_sales_pipeline', 'produce_sales_data', 'manual__2025-12-06T00:25:40.675485+00:00', '--job-id', '126', '--raw', '--subdir', 'DAGS_FOLDER/unified_sales_pipeline_dag.py', '--cfg-path', '/tmp/tmpmqpzlk8g']
[2025-12-15T06:00:38.323+0000] {standard_task_runner.py:105} INFO - Job 126: Subtask produce_sales_data
[2025-12-15T06:00:38.377+0000] {task_command.py:467} INFO - Running <TaskInstance: unified_sales_pipeline.produce_sales_data manual__2025-12-06T00:25:40.675485+00:00 [running]> on host f7434449c2ca
[2025-12-15T06:00:38.466+0000] {taskinstance.py:3134} INFO - Exporting env vars: AIRFLOW_CTX_DAG_OWNER='***' AIRFLOW_CTX_DAG_ID='unified_sales_pipeline' AIRFLOW_CTX_TASK_ID='produce_sales_data' AIRFLOW_CTX_EXECUTION_DATE='2025-12-06T00:25:40.675485+00:00' AIRFLOW_CTX_TRY_NUMBER='2' AIRFLOW_CTX_DAG_RUN_ID='manual__2025-12-06T00:25:40.675485+00:00'
[2025-12-15T06:00:38.467+0000] {taskinstance.py:732} INFO - ::endgroup::
[2025-12-15T06:00:38.485+0000] {conn.py:396} INFO - <BrokerConnection client_id=kafka-python-producer-1, node_id=bootstrap-0 host=broker1:19092 <connecting> [IPv4 ('172.18.0.8', 19092)]>: connecting to broker1:19092 [('172.18.0.8', 19092) IPv4]
[2025-12-15T06:00:38.490+0000] {conn.py:618} INFO - <BrokerConnection client_id=kafka-python-producer-1, node_id=bootstrap-0 host=broker1:19092 <checking_api_versions_recv> [IPv4 ('172.18.0.8', 19092)]>: Broker version identified as 2.6
[2025-12-15T06:00:38.491+0000] {conn.py:457} INFO - <BrokerConnection client_id=kafka-python-producer-1, node_id=bootstrap-0 host=broker1:19092 <connected> [IPv4 ('172.18.0.8', 19092)]>: Connection complete.
[2025-12-15T06:00:38.495+0000] {logging_mixin.py:190} INFO - 🚀 Starting Kafka producer...
[2025-12-15T06:00:38.599+0000] {conn.py:396} INFO - <BrokerConnection client_id=kafka-python-producer-1, node_id=1 host=broker1:19092 <connecting> [IPv4 ('172.18.0.8', 19092)]>: connecting to broker1:19092 [('172.18.0.8', 19092) IPv4]
[2025-12-15T06:00:38.600+0000] {conn.py:457} INFO - <BrokerConnection client_id=kafka-python-producer-1, node_id=1 host=broker1:19092 <connected> [IPv4 ('172.18.0.8', 19092)]>: Connection complete.
[2025-12-15T06:00:38.601+0000] {conn.py:945} INFO - <BrokerConnection client_id=kafka-python-producer-1, node_id=bootstrap-0 host=broker1:19092 <connected> [IPv4 ('172.18.0.8', 19092)]>: Closing connection. 
[2025-12-15T06:00:38.606+0000] {logging_mixin.py:190} INFO - ✅ Sale 1: Casque audio - 59.99€
[2025-12-15T06:00:38.809+0000] {logging_mixin.py:190} INFO - ✅ Sale 2: Souris sans fil - 25.5€
[2025-12-15T06:00:38.811+0000] {conn.py:396} INFO - <BrokerConnection client_id=kafka-python-producer-1, node_id=3 host=broker3:19094 <connecting> [IPv4 ('172.18.0.4', 19094)]>: connecting to broker3:19094 [('172.18.0.4', 19094) IPv4]
[2025-12-15T06:00:38.812+0000] {conn.py:457} INFO - <BrokerConnection client_id=kafka-python-producer-1, node_id=3 host=broker3:19094 <connected> [IPv4 ('172.18.0.4', 19094)]>: Connection complete.
[2025-12-15T06:00:39.011+0000] {logging_mixin.py:190} INFO - ✅ Sale 3: Souris sans fil - 76.5€
[2025-12-15T06:00:39.213+0000] {logging_mixin.py:190} INFO - ✅ Sale 4: Livre Data Science - 19.99€
[2025-12-15T06:00:39.415+0000] {logging_mixin.py:190} INFO - ✅ Sale 5: Ordinateur portable - 1799.98€
[2025-12-15T06:00:39.617+0000] {logging_mixin.py:190} INFO - ✅ Sale 6: Livre Data Science - 39.98€
[2025-12-15T06:00:39.819+0000] {logging_mixin.py:190} INFO - ✅ Sale 7: Souris sans fil - 51.0€
[2025-12-15T06:00:40.022+0000] {logging_mixin.py:190} INFO - ✅ Sale 8: Casque audio - 119.98€
[2025-12-15T06:00:40.224+0000] {logging_mixin.py:190} INFO - ✅ Sale 9: Clavier mecanique - 225.0€
[2025-12-15T06:00:40.427+0000] {logging_mixin.py:190} INFO - ✅ Sale 10: Livre Data Science - 19.99€
[2025-12-15T06:00:40.429+0000] {conn.py:396} INFO - <BrokerConnection client_id=kafka-python-producer-1, node_id=2 host=broker2:19093 <connecting> [IPv4 ('172.18.0.5', 19093)]>: connecting to broker2:19093 [('172.18.0.5', 19093) IPv4]
[2025-12-15T06:00:40.430+0000] {conn.py:457} INFO - <BrokerConnection client_id=kafka-python-producer-1, node_id=2 host=broker2:19093 <connected> [IPv4 ('172.18.0.5', 19093)]>: Connection complete.
[2025-12-15T06:00:40.629+0000] {logging_mixin.py:190} INFO - ✅ Sale 11: Ordinateur portable - 1799.98€
[2025-12-15T06:00:40.832+0000] {logging_mixin.py:190} INFO - ✅ Sale 12: Souris sans fil - 76.5€
[2025-12-15T06:00:41.069+0000] {logging_mixin.py:190} INFO - ✅ Sale 13: Clavier mecanique - 75.0€
[2025-12-15T06:00:41.271+0000] {logging_mixin.py:190} INFO - ✅ Sale 14: Clavier mecanique - 225.0€
[2025-12-15T06:00:41.473+0000] {logging_mixin.py:190} INFO - ✅ Sale 15: Souris sans fil - 76.5€
[2025-12-15T06:00:41.675+0000] {logging_mixin.py:190} INFO - ✅ Sale 16: Ordinateur portable - 2699.97€
[2025-12-15T06:00:41.878+0000] {logging_mixin.py:190} INFO - ✅ Sale 17: Livre Data Science - 39.98€
[2025-12-15T06:00:42.079+0000] {logging_mixin.py:190} INFO - ✅ Sale 18: Clavier mecanique - 75.0€
[2025-12-15T06:00:42.282+0000] {logging_mixin.py:190} INFO - ✅ Sale 19: Livre Data Science - 19.99€
[2025-12-15T06:00:42.484+0000] {logging_mixin.py:190} INFO - ✅ Sale 20: Souris sans fil - 76.5€
[2025-12-15T06:00:42.686+0000] {logging_mixin.py:190} INFO - ✅ Sale 21: Livre Data Science - 59.97€
[2025-12-15T06:00:42.888+0000] {logging_mixin.py:190} INFO - ✅ Sale 22: Livre Data Science - 59.97€
[2025-12-15T06:00:43.090+0000] {logging_mixin.py:190} INFO - ✅ Sale 23: Livre Data Science - 59.97€
[2025-12-15T06:00:43.292+0000] {logging_mixin.py:190} INFO - ✅ Sale 24: Livre Data Science - 39.98€
[2025-12-15T06:00:43.494+0000] {logging_mixin.py:190} INFO - ✅ Sale 25: Souris sans fil - 51.0€
[2025-12-15T06:00:43.696+0000] {logging_mixin.py:190} INFO - ✅ Sale 26: Casque audio - 179.97€
[2025-12-15T06:00:43.898+0000] {logging_mixin.py:190} INFO - ✅ Sale 27: Souris sans fil - 51.0€
[2025-12-15T06:00:44.101+0000] {logging_mixin.py:190} INFO - ✅ Sale 28: Souris sans fil - 76.5€
[2025-12-15T06:00:44.303+0000] {logging_mixin.py:190} INFO - ✅ Sale 29: Souris sans fil - 76.5€
[2025-12-15T06:00:44.505+0000] {logging_mixin.py:190} INFO - ✅ Sale 30: Livre Data Science - 39.98€
[2025-12-15T06:00:44.709+0000] {logging_mixin.py:190} INFO - ✅ Sale 31: Livre Data Science - 19.99€
[2025-12-15T06:00:44.911+0000] {logging_mixin.py:190} INFO - ✅ Sale 32: Livre Data Science - 59.97€
[2025-12-15T06:00:45.114+0000] {logging_mixin.py:190} INFO - ✅ Sale 33: Ordinateur portable - 899.99€
[2025-12-15T06:00:45.316+0000] {logging_mixin.py:190} INFO - ✅ Sale 34: Casque audio - 179.97€
[2025-12-15T06:00:45.518+0000] {logging_mixin.py:190} INFO - ✅ Sale 35: Casque audio - 119.98€
[2025-12-15T06:00:45.720+0000] {logging_mixin.py:190} INFO - ✅ Sale 36: Ordinateur portable - 899.99€
[2025-12-15T06:00:45.923+0000] {logging_mixin.py:190} INFO - ✅ Sale 37: Ordinateur portable - 2699.97€
[2025-12-15T06:00:46.126+0000] {logging_mixin.py:190} INFO - ✅ Sale 38: Livre Data Science - 39.98€
[2025-12-15T06:00:46.328+0000] {logging_mixin.py:190} INFO - ✅ Sale 39: Livre Data Science - 19.99€
[2025-12-15T06:00:46.533+0000] {logging_mixin.py:190} INFO - ✅ Sale 40: Ordinateur portable - 2699.97€
[2025-12-15T06:00:46.735+0000] {logging_mixin.py:190} INFO - ✅ Sale 41: Souris sans fil - 76.5€
[2025-12-15T06:00:46.938+0000] {logging_mixin.py:190} INFO - ✅ Sale 42: Casque audio - 119.98€
[2025-12-15T06:00:47.140+0000] {logging_mixin.py:190} INFO - ✅ Sale 43: Livre Data Science - 59.97€
[2025-12-15T06:00:47.343+0000] {logging_mixin.py:190} INFO - ✅ Sale 44: Livre Data Science - 59.97€
[2025-12-15T06:00:47.546+0000] {logging_mixin.py:190} INFO - ✅ Sale 45: Livre Data Science - 39.98€
[2025-12-15T06:00:47.748+0000] {logging_mixin.py:190} INFO - ✅ Sale 46: Clavier mecanique - 150.0€
[2025-12-15T06:00:47.949+0000] {logging_mixin.py:190} INFO - ✅ Sale 47: Souris sans fil - 25.5€
[2025-12-15T06:00:48.151+0000] {logging_mixin.py:190} INFO - ✅ Sale 48: Souris sans fil - 25.5€
[2025-12-15T06:00:48.353+0000] {logging_mixin.py:190} INFO - ✅ Sale 49: Souris sans fil - 76.5€
[2025-12-15T06:00:48.556+0000] {logging_mixin.py:190} INFO - ✅ Sale 50: Ordinateur portable - 1799.98€
[2025-12-15T06:00:48.757+0000] {kafka.py:629} INFO - <KafkaProducer client_id=kafka-python-producer-1 transactional_id=None>: Closing the Kafka producer with 9223372036.0 secs timeout.
[2025-12-15T06:00:48.759+0000] {conn.py:945} INFO - <BrokerConnection client_id=kafka-python-producer-1, node_id=1 host=broker1:19092 <connected> [IPv4 ('172.18.0.8', 19092)]>: Closing connection. 
[2025-12-15T06:00:48.761+0000] {conn.py:945} INFO - <BrokerConnection client_id=kafka-python-producer-1, node_id=3 host=broker3:19094 <connected> [IPv4 ('172.18.0.4', 19094)]>: Closing connection. 
[2025-12-15T06:00:48.762+0000] {conn.py:945} INFO - <BrokerConnection client_id=kafka-python-producer-1, node_id=2 host=broker2:19093 <connected> [IPv4 ('172.18.0.5', 19093)]>: Closing connection. 
[2025-12-15T06:00:48.763+0000] {logging_mixin.py:190} INFO - ✅ Production completed: 50 sales sent to Kafka topic 'ventes_stream'
[2025-12-15T06:00:48.764+0000] {python.py:240} INFO - Done. Returned value was: None
[2025-12-15T06:00:48.775+0000] {taskinstance.py:341} INFO - ::group::Post task execution logs
[2025-12-15T06:00:48.776+0000] {taskinstance.py:353} INFO - Marking task as SUCCESS. dag_id=unified_sales_pipeline, task_id=produce_sales_data, run_id=manual__2025-12-06T00:25:40.675485+00:00, execution_date=20251206T002540, start_date=20251215T060038, end_date=20251215T060048
[2025-12-15T06:00:48.896+0000] {local_task_job_runner.py:266} INFO - Task exited with return code 0
[2025-12-15T06:00:48.939+0000] {taskinstance.py:3901} INFO - 1 downstream tasks scheduled from follow-on schedule check
[2025-12-15T06:00:48.943+0000] {local_task_job_runner.py:245} INFO - ::endgroup::
