[2025-12-06T00:25:45.054+0000] {local_task_job_runner.py:123} INFO - ::group::Pre task execution logs
[2025-12-06T00:25:45.078+0000] {taskinstance.py:2614} INFO - Dependencies all met for dep_context=non-requeueable deps ti=<TaskInstance: unified_sales_pipeline.produce_sales_data manual__2025-12-06T00:25:40.675485+00:00 [queued]>
[2025-12-06T00:25:45.088+0000] {taskinstance.py:2614} INFO - Dependencies all met for dep_context=requeueable deps ti=<TaskInstance: unified_sales_pipeline.produce_sales_data manual__2025-12-06T00:25:40.675485+00:00 [queued]>
[2025-12-06T00:25:45.089+0000] {taskinstance.py:2867} INFO - Starting attempt 1 of 2
[2025-12-06T00:25:45.102+0000] {taskinstance.py:2890} INFO - Executing <Task(PythonOperator): produce_sales_data> on 2025-12-06 00:25:40.675485+00:00
[2025-12-06T00:25:45.110+0000] {warnings.py:112} WARNING - /home/***/.local/lib/python3.12/site-packages/***/task/task_runner/standard_task_runner.py:70: DeprecationWarning: This process (pid=159) is multi-threaded, use of fork() may lead to deadlocks in the child.
  pid = os.fork()

[2025-12-06T00:25:45.112+0000] {standard_task_runner.py:72} INFO - Started process 160 to run task
[2025-12-06T00:25:45.112+0000] {standard_task_runner.py:104} INFO - Running: ['***', 'tasks', 'run', 'unified_sales_pipeline', 'produce_sales_data', 'manual__2025-12-06T00:25:40.675485+00:00', '--job-id', '3', '--raw', '--subdir', 'DAGS_FOLDER/unified_sales_pipeline_dag.py', '--cfg-path', '/tmp/tmpoj6250bl']
[2025-12-06T00:25:45.115+0000] {standard_task_runner.py:105} INFO - Job 3: Subtask produce_sales_data
[2025-12-06T00:25:45.162+0000] {task_command.py:467} INFO - Running <TaskInstance: unified_sales_pipeline.produce_sales_data manual__2025-12-06T00:25:40.675485+00:00 [running]> on host d0086c086325
[2025-12-06T00:25:45.233+0000] {taskinstance.py:3134} INFO - Exporting env vars: AIRFLOW_CTX_DAG_OWNER='***' AIRFLOW_CTX_DAG_ID='unified_sales_pipeline' AIRFLOW_CTX_TASK_ID='produce_sales_data' AIRFLOW_CTX_EXECUTION_DATE='2025-12-06T00:25:40.675485+00:00' AIRFLOW_CTX_TRY_NUMBER='1' AIRFLOW_CTX_DAG_RUN_ID='manual__2025-12-06T00:25:40.675485+00:00'
[2025-12-06T00:25:45.235+0000] {taskinstance.py:732} INFO - ::endgroup::
[2025-12-06T00:25:45.248+0000] {conn.py:396} INFO - <BrokerConnection client_id=kafka-python-producer-1, node_id=bootstrap-2 host=broker2:19093 <connecting> [IPv4 ('172.18.0.5', 19093)]>: connecting to broker2:19093 [('172.18.0.5', 19093) IPv4]
[2025-12-06T00:25:45.262+0000] {conn.py:618} INFO - <BrokerConnection client_id=kafka-python-producer-1, node_id=bootstrap-2 host=broker2:19093 <checking_api_versions_recv> [IPv4 ('172.18.0.5', 19093)]>: Broker version identified as 2.6
[2025-12-06T00:25:45.263+0000] {conn.py:457} INFO - <BrokerConnection client_id=kafka-python-producer-1, node_id=bootstrap-2 host=broker2:19093 <connected> [IPv4 ('172.18.0.5', 19093)]>: Connection complete.
[2025-12-06T00:25:45.266+0000] {logging_mixin.py:190} INFO - 🚀 Starting Kafka producer...
[2025-12-06T00:25:45.377+0000] {conn.py:396} INFO - <BrokerConnection client_id=kafka-python-producer-1, node_id=1 host=broker1:19092 <connecting> [IPv4 ('172.18.0.4', 19092)]>: connecting to broker1:19092 [('172.18.0.4', 19092) IPv4]
[2025-12-06T00:25:45.380+0000] {conn.py:457} INFO - <BrokerConnection client_id=kafka-python-producer-1, node_id=1 host=broker1:19092 <connected> [IPv4 ('172.18.0.4', 19092)]>: Connection complete.
[2025-12-06T00:25:45.383+0000] {conn.py:945} INFO - <BrokerConnection client_id=kafka-python-producer-1, node_id=bootstrap-2 host=broker2:19093 <connected> [IPv4 ('172.18.0.5', 19093)]>: Closing connection. 
[2025-12-06T00:25:45.422+0000] {cluster.py:316} ERROR - Topic ventes_stream not found in cluster metadata
[2025-12-06T00:25:45.541+0000] {logging_mixin.py:190} INFO - ✅ Sale 1: Livre Data Science - 59.97€
[2025-12-06T00:25:45.542+0000] {conn.py:396} INFO - <BrokerConnection client_id=kafka-python-producer-1, node_id=2 host=broker2:19093 <connecting> [IPv4 ('172.18.0.5', 19093)]>: connecting to broker2:19093 [('172.18.0.5', 19093) IPv4]
[2025-12-06T00:25:45.543+0000] {conn.py:457} INFO - <BrokerConnection client_id=kafka-python-producer-1, node_id=2 host=broker2:19093 <connected> [IPv4 ('172.18.0.5', 19093)]>: Connection complete.
[2025-12-06T00:25:45.631+0000] {sender.py:471} WARNING - <Sender client_id=kafka-python-producer-1 transactional_id=None>: Got error produce response on topic-partition ('ventes_stream', 2), retrying (inf attempts left). Error: <class 'kafka.errors.NotLeaderForPartitionError'>
[2025-12-06T00:25:45.744+0000] {logging_mixin.py:190} INFO - ✅ Sale 2: Casque audio - 119.98€
[2025-12-06T00:25:45.947+0000] {logging_mixin.py:190} INFO - ✅ Sale 3: Casque audio - 59.99€
[2025-12-06T00:25:45.950+0000] {conn.py:396} INFO - <BrokerConnection client_id=kafka-python-producer-1, node_id=3 host=broker3:19094 <connecting> [IPv4 ('172.18.0.7', 19094)]>: connecting to broker3:19094 [('172.18.0.7', 19094) IPv4]
[2025-12-06T00:25:45.951+0000] {conn.py:457} INFO - <BrokerConnection client_id=kafka-python-producer-1, node_id=3 host=broker3:19094 <connected> [IPv4 ('172.18.0.7', 19094)]>: Connection complete.
[2025-12-06T00:25:46.150+0000] {logging_mixin.py:190} INFO - ✅ Sale 4: Casque audio - 59.99€
[2025-12-06T00:25:46.353+0000] {logging_mixin.py:190} INFO - ✅ Sale 5: Livre Data Science - 39.98€
[2025-12-06T00:25:46.555+0000] {logging_mixin.py:190} INFO - ✅ Sale 6: Casque audio - 179.97€
[2025-12-06T00:25:46.757+0000] {logging_mixin.py:190} INFO - ✅ Sale 7: Ordinateur portable - 1799.98€
[2025-12-06T00:25:46.961+0000] {logging_mixin.py:190} INFO - ✅ Sale 8: Ordinateur portable - 2699.97€
[2025-12-06T00:25:47.163+0000] {logging_mixin.py:190} INFO - ✅ Sale 9: Livre Data Science - 39.98€
[2025-12-06T00:25:47.376+0000] {logging_mixin.py:190} INFO - ✅ Sale 10: Livre Data Science - 39.98€
[2025-12-06T00:25:47.579+0000] {logging_mixin.py:190} INFO - ✅ Sale 11: Ordinateur portable - 2699.97€
[2025-12-06T00:25:47.786+0000] {logging_mixin.py:190} INFO - ✅ Sale 12: Souris sans fil - 76.5€
[2025-12-06T00:25:47.988+0000] {logging_mixin.py:190} INFO - ✅ Sale 13: Souris sans fil - 25.5€
[2025-12-06T00:25:48.194+0000] {logging_mixin.py:190} INFO - ✅ Sale 14: Casque audio - 179.97€
[2025-12-06T00:25:48.396+0000] {logging_mixin.py:190} INFO - ✅ Sale 15: Livre Data Science - 59.97€
[2025-12-06T00:25:48.598+0000] {logging_mixin.py:190} INFO - ✅ Sale 16: Livre Data Science - 39.98€
[2025-12-06T00:25:48.806+0000] {logging_mixin.py:190} INFO - ✅ Sale 17: Ordinateur portable - 899.99€
[2025-12-06T00:25:49.015+0000] {logging_mixin.py:190} INFO - ✅ Sale 18: Clavier mecanique - 75.0€
[2025-12-06T00:25:49.219+0000] {logging_mixin.py:190} INFO - ✅ Sale 19: Clavier mecanique - 75.0€
[2025-12-06T00:25:49.421+0000] {logging_mixin.py:190} INFO - ✅ Sale 20: Casque audio - 59.99€
[2025-12-06T00:25:49.663+0000] {logging_mixin.py:190} INFO - ✅ Sale 21: Livre Data Science - 39.98€
[2025-12-06T00:25:49.914+0000] {logging_mixin.py:190} INFO - ✅ Sale 22: Clavier mecanique - 225.0€
[2025-12-06T00:25:50.116+0000] {logging_mixin.py:190} INFO - ✅ Sale 23: Livre Data Science - 59.97€
[2025-12-06T00:25:50.318+0000] {logging_mixin.py:190} INFO - ✅ Sale 24: Livre Data Science - 39.98€
[2025-12-06T00:25:50.531+0000] {logging_mixin.py:190} INFO - ✅ Sale 25: Clavier mecanique - 225.0€
[2025-12-06T00:25:50.734+0000] {logging_mixin.py:190} INFO - ✅ Sale 26: Casque audio - 179.97€
[2025-12-06T00:25:50.951+0000] {logging_mixin.py:190} INFO - ✅ Sale 27: Souris sans fil - 51.0€
[2025-12-06T00:25:51.214+0000] {logging_mixin.py:190} INFO - ✅ Sale 28: Ordinateur portable - 1799.98€
[2025-12-06T00:25:51.889+0000] {logging_mixin.py:190} INFO - ✅ Sale 29: Souris sans fil - 51.0€
[2025-12-06T00:25:52.181+0000] {logging_mixin.py:190} INFO - ✅ Sale 30: Livre Data Science - 59.97€
[2025-12-06T00:25:52.384+0000] {logging_mixin.py:190} INFO - ✅ Sale 31: Casque audio - 119.98€
[2025-12-06T00:25:52.585+0000] {logging_mixin.py:190} INFO - ✅ Sale 32: Livre Data Science - 39.98€
[2025-12-06T00:25:52.787+0000] {logging_mixin.py:190} INFO - ✅ Sale 33: Livre Data Science - 39.98€
[2025-12-06T00:25:52.989+0000] {logging_mixin.py:190} INFO - ✅ Sale 34: Souris sans fil - 51.0€
[2025-12-06T00:25:53.192+0000] {logging_mixin.py:190} INFO - ✅ Sale 35: Souris sans fil - 76.5€
[2025-12-06T00:25:53.395+0000] {logging_mixin.py:190} INFO - ✅ Sale 36: Ordinateur portable - 2699.97€
[2025-12-06T00:25:53.597+0000] {logging_mixin.py:190} INFO - ✅ Sale 37: Ordinateur portable - 2699.97€
[2025-12-06T00:25:53.800+0000] {logging_mixin.py:190} INFO - ✅ Sale 38: Clavier mecanique - 75.0€
[2025-12-06T00:25:54.003+0000] {logging_mixin.py:190} INFO - ✅ Sale 39: Ordinateur portable - 1799.98€
[2025-12-06T00:25:54.205+0000] {logging_mixin.py:190} INFO - ✅ Sale 40: Ordinateur portable - 899.99€
[2025-12-06T00:25:54.409+0000] {logging_mixin.py:190} INFO - ✅ Sale 41: Ordinateur portable - 899.99€
[2025-12-06T00:25:54.610+0000] {logging_mixin.py:190} INFO - ✅ Sale 42: Souris sans fil - 51.0€
[2025-12-06T00:25:54.814+0000] {logging_mixin.py:190} INFO - ✅ Sale 43: Clavier mecanique - 225.0€
[2025-12-06T00:25:55.017+0000] {logging_mixin.py:190} INFO - ✅ Sale 44: Livre Data Science - 39.98€
[2025-12-06T00:25:55.219+0000] {logging_mixin.py:190} INFO - ✅ Sale 45: Livre Data Science - 39.98€
[2025-12-06T00:25:55.424+0000] {logging_mixin.py:190} INFO - ✅ Sale 46: Ordinateur portable - 899.99€
[2025-12-06T00:25:55.628+0000] {logging_mixin.py:190} INFO - ✅ Sale 47: Livre Data Science - 39.98€
[2025-12-06T00:25:55.832+0000] {logging_mixin.py:190} INFO - ✅ Sale 48: Souris sans fil - 51.0€
[2025-12-06T00:25:56.036+0000] {logging_mixin.py:190} INFO - ✅ Sale 49: Souris sans fil - 51.0€
[2025-12-06T00:25:56.239+0000] {logging_mixin.py:190} INFO - ✅ Sale 50: Ordinateur portable - 2699.97€
[2025-12-06T00:25:56.444+0000] {kafka.py:629} INFO - <KafkaProducer client_id=kafka-python-producer-1 transactional_id=None>: Closing the Kafka producer with 9223372036.0 secs timeout.
[2025-12-06T00:25:56.445+0000] {conn.py:945} INFO - <BrokerConnection client_id=kafka-python-producer-1, node_id=1 host=broker1:19092 <connected> [IPv4 ('172.18.0.4', 19092)]>: Closing connection. 
[2025-12-06T00:25:56.446+0000] {conn.py:945} INFO - <BrokerConnection client_id=kafka-python-producer-1, node_id=2 host=broker2:19093 <connected> [IPv4 ('172.18.0.5', 19093)]>: Closing connection. 
[2025-12-06T00:25:56.447+0000] {conn.py:945} INFO - <BrokerConnection client_id=kafka-python-producer-1, node_id=3 host=broker3:19094 <connected> [IPv4 ('172.18.0.7', 19094)]>: Closing connection. 
[2025-12-06T00:25:56.448+0000] {logging_mixin.py:190} INFO - ✅ Production completed: 50 sales sent to Kafka topic 'ventes_stream'
[2025-12-06T00:25:56.449+0000] {python.py:240} INFO - Done. Returned value was: None
[2025-12-06T00:25:56.467+0000] {taskinstance.py:341} INFO - ::group::Post task execution logs
[2025-12-06T00:25:56.469+0000] {taskinstance.py:353} INFO - Marking task as SUCCESS. dag_id=unified_sales_pipeline, task_id=produce_sales_data, run_id=manual__2025-12-06T00:25:40.675485+00:00, execution_date=20251206T002540, start_date=20251206T002545, end_date=20251206T002556
[2025-12-06T00:25:56.588+0000] {local_task_job_runner.py:266} INFO - Task exited with return code 0
[2025-12-06T00:25:56.620+0000] {taskinstance.py:3901} INFO - 1 downstream tasks scheduled from follow-on schedule check
[2025-12-06T00:25:56.626+0000] {local_task_job_runner.py:245} INFO - ::endgroup::
