[2025-11-23T06:43:32.390+0000] {local_task_job_runner.py:123} INFO - ::group::Pre task execution logs
[2025-11-23T06:43:32.409+0000] {taskinstance.py:2614} INFO - Dependencies all met for dep_context=non-requeueable deps ti=<TaskInstance: silver_layer_processing.check_bronze_data_ready manual__2025-11-23T06:43:30.258783+00:00 [queued]>
[2025-11-23T06:43:32.419+0000] {taskinstance.py:2614} INFO - Dependencies all met for dep_context=requeueable deps ti=<TaskInstance: silver_layer_processing.check_bronze_data_ready manual__2025-11-23T06:43:30.258783+00:00 [queued]>
[2025-11-23T06:43:32.421+0000] {taskinstance.py:2867} INFO - Starting attempt 1 of 2
[2025-11-23T06:43:32.436+0000] {taskinstance.py:2890} INFO - Executing <Task(PythonSensor): check_bronze_data_ready> on 2025-11-23 06:43:30.258783+00:00
[2025-11-23T06:43:32.442+0000] {warnings.py:112} WARNING - /home/***/.local/lib/python3.12/site-packages/***/task/task_runner/standard_task_runner.py:70: DeprecationWarning: This process (pid=59) is multi-threaded, use of fork() may lead to deadlocks in the child.
  pid = os.fork()

[2025-11-23T06:43:32.444+0000] {standard_task_runner.py:72} INFO - Started process 60 to run task
[2025-11-23T06:43:32.444+0000] {standard_task_runner.py:104} INFO - Running: ['***', 'tasks', 'run', 'silver_layer_processing', 'check_bronze_data_ready', 'manual__2025-11-23T06:43:30.258783+00:00', '--job-id', '42', '--raw', '--subdir', 'DAGS_FOLDER/silver_layer_processing_dag.py', '--cfg-path', '/tmp/tmp9z8ymvmc']
[2025-11-23T06:43:32.445+0000] {standard_task_runner.py:105} INFO - Job 42: Subtask check_bronze_data_ready
[2025-11-23T06:43:32.488+0000] {task_command.py:467} INFO - Running <TaskInstance: silver_layer_processing.check_bronze_data_ready manual__2025-11-23T06:43:30.258783+00:00 [running]> on host a4fdedaef2ff
[2025-11-23T06:43:32.553+0000] {taskinstance.py:3134} INFO - Exporting env vars: AIRFLOW_CTX_DAG_OWNER='***' AIRFLOW_CTX_DAG_ID='silver_layer_processing' AIRFLOW_CTX_TASK_ID='check_bronze_data_ready' AIRFLOW_CTX_EXECUTION_DATE='2025-11-23T06:43:30.258783+00:00' AIRFLOW_CTX_TRY_NUMBER='1' AIRFLOW_CTX_DAG_RUN_ID='manual__2025-11-23T06:43:30.258783+00:00'
[2025-11-23T06:43:32.554+0000] {taskinstance.py:732} INFO - ::endgroup::
[2025-11-23T06:43:32.570+0000] {python.py:75} INFO - Poking callable: <function check_bronze_data_exists at 0x7fd88bec59e0>
[2025-11-23T06:43:32.577+0000] {logging_mixin.py:190} INFO - ✅ Bronze data available
[2025-11-23T06:43:32.577+0000] {base.py:339} INFO - Success criteria met. Exiting.
[2025-11-23T06:43:32.585+0000] {taskinstance.py:341} INFO - ::group::Post task execution logs
[2025-11-23T06:43:32.586+0000] {taskinstance.py:353} INFO - Marking task as SUCCESS. dag_id=silver_layer_processing, task_id=check_bronze_data_ready, run_id=manual__2025-11-23T06:43:30.258783+00:00, execution_date=20251123T064330, start_date=20251123T064332, end_date=20251123T064332
[2025-11-23T06:43:32.620+0000] {local_task_job_runner.py:266} INFO - Task exited with return code 0
[2025-11-23T06:43:32.647+0000] {taskinstance.py:3901} INFO - 1 downstream tasks scheduled from follow-on schedule check
[2025-11-23T06:43:32.650+0000] {local_task_job_runner.py:245} INFO - ::endgroup::
