[2025-12-14T09:22:53.756+0000] {local_task_job_runner.py:123} INFO - ::group::Pre task execution logs
[2025-12-14T09:22:53.775+0000] {taskinstance.py:2614} INFO - Dependencies all met for dep_context=non-requeueable deps ti=<TaskInstance: unified_sales_pipeline.verify_final_output manual__2025-12-14T09:21:29.402704+00:00 [queued]>
[2025-12-14T09:22:53.785+0000] {taskinstance.py:2614} INFO - Dependencies all met for dep_context=requeueable deps ti=<TaskInstance: unified_sales_pipeline.verify_final_output manual__2025-12-14T09:21:29.402704+00:00 [queued]>
[2025-12-14T09:22:53.786+0000] {taskinstance.py:2867} INFO - Starting attempt 1 of 2
[2025-12-14T09:22:53.799+0000] {taskinstance.py:2890} INFO - Executing <Task(PythonOperator): verify_final_output> on 2025-12-14 09:21:29.402704+00:00
[2025-12-14T09:22:53.806+0000] {warnings.py:112} WARNING - /home/***/.local/lib/python3.12/site-packages/***/task/task_runner/standard_task_runner.py:70: DeprecationWarning: This process (pid=489) is multi-threaded, use of fork() may lead to deadlocks in the child.
  pid = os.fork()

[2025-12-14T09:22:53.808+0000] {standard_task_runner.py:72} INFO - Started process 490 to run task
[2025-12-14T09:22:53.808+0000] {standard_task_runner.py:104} INFO - Running: ['***', 'tasks', 'run', 'unified_sales_pipeline', 'verify_final_output', 'manual__2025-12-14T09:21:29.402704+00:00', '--job-id', '115', '--raw', '--subdir', 'DAGS_FOLDER/unified_sales_pipeline_dag.py', '--cfg-path', '/tmp/tmpwm1lz5qj']
[2025-12-14T09:22:53.809+0000] {standard_task_runner.py:105} INFO - Job 115: Subtask verify_final_output
[2025-12-14T09:22:53.850+0000] {task_command.py:467} INFO - Running <TaskInstance: unified_sales_pipeline.verify_final_output manual__2025-12-14T09:21:29.402704+00:00 [running]> on host f7434449c2ca
[2025-12-14T09:22:53.919+0000] {taskinstance.py:3134} INFO - Exporting env vars: AIRFLOW_CTX_DAG_OWNER='***' AIRFLOW_CTX_DAG_ID='unified_sales_pipeline' AIRFLOW_CTX_TASK_ID='verify_final_output' AIRFLOW_CTX_EXECUTION_DATE='2025-12-14T09:21:29.402704+00:00' AIRFLOW_CTX_TRY_NUMBER='1' AIRFLOW_CTX_DAG_RUN_ID='manual__2025-12-14T09:21:29.402704+00:00'
[2025-12-14T09:22:53.921+0000] {taskinstance.py:732} INFO - ::endgroup::
[2025-12-14T09:22:53.943+0000] {logging_mixin.py:190} INFO - ✅ Bronze layer: 7 files/folders
[2025-12-14T09:22:53.947+0000] {logging_mixin.py:190} INFO - ✅ Silver layer: 3 files/folders
[2025-12-14T09:22:53.948+0000] {logging_mixin.py:190} INFO - 🎉 Pipeline completed successfully! All data layers created.
[2025-12-14T09:22:53.948+0000] {python.py:240} INFO - Done. Returned value was: True
[2025-12-14T09:22:53.968+0000] {taskinstance.py:341} INFO - ::group::Post task execution logs
[2025-12-14T09:22:53.969+0000] {taskinstance.py:353} INFO - Marking task as SUCCESS. dag_id=unified_sales_pipeline, task_id=verify_final_output, run_id=manual__2025-12-14T09:21:29.402704+00:00, execution_date=20251214T092129, start_date=20251214T092253, end_date=20251214T092253
[2025-12-14T09:22:54.023+0000] {local_task_job_runner.py:266} INFO - Task exited with return code 0
[2025-12-14T09:22:54.046+0000] {taskinstance.py:3901} INFO - 1 downstream tasks scheduled from follow-on schedule check
[2025-12-14T09:22:54.050+0000] {local_task_job_runner.py:245} INFO - ::endgroup::
