[2025-12-16T01:19:46.289+0000] {local_task_job_runner.py:123} INFO - ::group::Pre task execution logs
[2025-12-16T01:19:46.309+0000] {taskinstance.py:2614} INFO - Dependencies all met for dep_context=non-requeueable deps ti=<TaskInstance: unified_sales_pipeline.run_bronze_processing manual__2025-12-16T01:19:30.927718+00:00 [queued]>
[2025-12-16T01:19:46.318+0000] {taskinstance.py:2614} INFO - Dependencies all met for dep_context=requeueable deps ti=<TaskInstance: unified_sales_pipeline.run_bronze_processing manual__2025-12-16T01:19:30.927718+00:00 [queued]>
[2025-12-16T01:19:46.319+0000] {taskinstance.py:2867} INFO - Starting attempt 1 of 2
[2025-12-16T01:19:46.336+0000] {taskinstance.py:2890} INFO - Executing <Task(PythonOperator): run_bronze_processing> on 2025-12-16 01:19:30.927718+00:00
[2025-12-16T01:19:46.344+0000] {warnings.py:112} WARNING - /home/***/.local/lib/python3.12/site-packages/***/task/task_runner/standard_task_runner.py:70: DeprecationWarning: This process (pid=778) is multi-threaded, use of fork() may lead to deadlocks in the child.
  pid = os.fork()

[2025-12-16T01:19:46.348+0000] {standard_task_runner.py:72} INFO - Started process 779 to run task
[2025-12-16T01:19:46.348+0000] {standard_task_runner.py:104} INFO - Running: ['***', 'tasks', 'run', 'unified_sales_pipeline', 'run_bronze_processing', 'manual__2025-12-16T01:19:30.927718+00:00', '--job-id', '25', '--raw', '--subdir', 'DAGS_FOLDER/unified_sales_pipeline_dag.py', '--cfg-path', '/tmp/tmpxnhu1rcc']
[2025-12-16T01:19:46.350+0000] {standard_task_runner.py:105} INFO - Job 25: Subtask run_bronze_processing
[2025-12-16T01:19:46.399+0000] {task_command.py:467} INFO - Running <TaskInstance: unified_sales_pipeline.run_bronze_processing manual__2025-12-16T01:19:30.927718+00:00 [running]> on host d701d2d8b2a8
[2025-12-16T01:19:46.475+0000] {taskinstance.py:3134} INFO - Exporting env vars: AIRFLOW_CTX_DAG_OWNER='***' AIRFLOW_CTX_DAG_ID='unified_sales_pipeline' AIRFLOW_CTX_TASK_ID='run_bronze_processing' AIRFLOW_CTX_EXECUTION_DATE='2025-12-16T01:19:30.927718+00:00' AIRFLOW_CTX_TRY_NUMBER='1' AIRFLOW_CTX_DAG_RUN_ID='manual__2025-12-16T01:19:30.927718+00:00'
[2025-12-16T01:19:46.476+0000] {taskinstance.py:732} INFO - ::endgroup::
[2025-12-16T01:19:46.490+0000] {logging_mixin.py:190} INFO - 🚀 Submitting Bronze Spark job: docker exec spark-master spark-submit --master spark://spark-master:7077 --jars /opt/spark/jars/delta-spark_2.12-3.2.0.jar,/opt/spark/jars/delta-storage-3.2.0.jar,/opt/spark/jars/spark-sql-kafka-0-10_2.12-3.5.0.jar,/opt/spark/jars/spark-token-provider-kafka-0-10_2.12-3.5.0.jar,/opt/spark/jars/kafka-clients-3.4.1.jar,/opt/spark/jars/commons-pool2-2.11.1.jar --conf spark.sql.extensions=io.delta.sql.DeltaSparkSessionExtension --conf spark.sql.catalog.spark_catalog=org.apache.spark.sql.delta.catalog.DeltaCatalog --conf spark.driver.memory=1g --conf spark.executor.memory=1g /app/dags/spark_streaming_delta.py
[2025-12-16T01:20:08.807+0000] {logging_mixin.py:190} INFO - 🔍 Return code: 1
[2025-12-16T01:20:08.808+0000] {logging_mixin.py:190} INFO - ================================================================================
[2025-12-16T01:20:08.809+0000] {logging_mixin.py:190} INFO - STDOUT FULL (last 2000 chars):
[2025-12-16T01:20:08.810+0000] {logging_mixin.py:190} INFO - ================================================================================
[2025-12-16T01:20:08.811+0000] {logging_mixin.py:190} INFO - yWithSafeFinally(Utils.scala:94)
	at org.apache.spark.executor.Executor$TaskRunner.run(Executor.scala:623)
	at java.base/java.util.concurrent.ThreadPoolExecutor.runWorker(ThreadPoolExecutor.java:1136)
	at java.base/java.util.concurrent.ThreadPoolExecutor$Worker.run(ThreadPoolExecutor.java:635)
	... 1 more
Caused by: org.apache.hadoop.fs.ChecksumException: Checksum error: file:/tmp/delta/bronze/ventes_stream/_delta_log/00000000000000000001.json at 0 exp: -35421030 got: 103835484
	at org.apache.hadoop.fs.FSInputChecker.verifySums(FSInputChecker.java:347)
	at org.apache.hadoop.fs.FSInputChecker.readChecksumChunk(FSInputChecker.java:303)
	at org.apache.hadoop.fs.FSInputChecker.read1(FSInputChecker.java:252)
	at org.apache.hadoop.fs.FSInputChecker.read(FSInputChecker.java:197)
	at java.base/java.io.DataInputStream.read(DataInputStream.java:151)
	at org.apache.hadoop.mapreduce.lib.input.UncompressedSplitLineReader.fillBuffer(UncompressedSplitLineReader.java:62)
	at org.apache.hadoop.util.LineReader.readDefaultLine(LineReader.java:227)
	at org.apache.hadoop.util.LineReader.readLine(LineReader.java:185)
	at org.apache.hadoop.mapreduce.lib.input.UncompressedSplitLineReader.readLine(UncompressedSplitLineReader.java:94)
	at org.apache.hadoop.mapreduce.lib.input.LineRecordReader.skipUtfByteOrderMark(LineRecordReader.java:158)
	at org.apache.hadoop.mapreduce.lib.input.LineRecordReader.nextKeyValue(LineRecordReader.java:198)
	at org.apache.spark.sql.execution.datasources.RecordReaderIterator.hasNext(RecordReaderIterator.scala:39)
	at org.apache.spark.sql.execution.datasources.HadoopFileLinesReader.hasNext(HadoopFileLinesReader.scala:67)
	at scala.collection.Iterator$$anon$11.hasNext(Iterator.scala:491)
	at scala.collection.Iterator$$anon$10.hasNext(Iterator.scala:460)
	at org.apache.spark.sql.execution.datasources.FileScanRDD$$anon$1.hasNext(FileScanRDD.scala:131)
	at org.apache.spark.sql.execution.datasources.FileScanRDD$$anon$1.nextIterator(FileScanRDD.scala:286)
	... 22 more
[2025-12-16T01:20:08.812+0000] {logging_mixin.py:190} INFO - ================================================================================
[2025-12-16T01:20:08.813+0000] {logging_mixin.py:190} INFO - ❌ Bronze Spark job failed
[2025-12-16T01:20:08.816+0000] {logging_mixin.py:190} INFO - ❌ Error submitting Bronze Spark job: Bronze Spark job failed:
	at org.apache.hadoop.fs.FSInputChecker.readChecksumChunk(FSInputChecker.java:303)
	at org.apache.hadoop.fs.FSInputChecker.read1(FSInputChecker.java:252)
	at org.apache.hadoop.fs.FSInputChecker.read(FSInputChecker.java:197)
	at java.base/java.io.DataInputStream.read(DataInputStream.java:151)
...
	at org.apache.hadoop.util.LineReader.readDefaultLine(LineReader.java:227)
	at org.apache.hadoop.util.LineReader.readLine(LineReader.java:185)
	at org.apache.hadoop.mapreduce.lib.input.UncompressedSplitLineReader.readLine(UncompressedSplitLineReader.java:94)
	at org.apache.hadoop.mapreduce.lib.input.LineRecordReader.skipUtfByteOrderMark(LineRecordReader.java:158)
	at org.apache.hadoop.mapreduce.lib.input.LineRecordReader.nextKeyValue(LineRecordReader.java:198)
	at org.apache.spark.sql.execution.datasources.RecordReaderIterator.hasNext(RecordReaderIterator.scala:39)
	at org.apache.spark.sql.execution.datasources.HadoopFileLinesReader.hasNext(HadoopFileLinesReader.scala:67)
	at scala.collection.Iterator$$anon$11.hasNext(Iterator.scala:491)
	at scala.collection.Iterator$$anon$10.hasNext(Iterator.scala:460)
	at org.apache.spark.sql.execution.datasources.FileScanRDD$$anon$1.hasNext(FileScanRDD.scala:131)
	at org.apache.spark.sql.execution.datasources.FileScanRDD$$anon$1.nextIterator(FileScanRDD.scala:286)
...
	at org.apache.hadoop.util.LineReader.readLine(LineReader.java:185)
	at org.apache.hadoop.mapreduce.lib.input.UncompressedSplitLineReader.readLine(UncompressedSplitLineReader.java:94)
	at org.apache.hadoop.mapreduce.lib.input.LineRecordReader.skipUtfByteOrderMark(LineRecordReader.java:158)
	at org.apache.hadoop.mapreduce.lib.input.LineRecordReader.nextKeyValue(LineRecordReader.java:198)
	at org.apache.spark.sql.execution.datasources.RecordReaderIterator.hasNext(RecordReaderIterator.scala:39)
	at org.apache.spark.sql.execution.datasources.HadoopFileLinesReader.hasNext(HadoopFileLinesReader.scala:67)
	at scala.collection.Iterator$$anon$11.hasNext(Iterator.scala:491)
	at scala.collection.Iterator$$anon$10.hasNext(Iterator.scala:460)
	at org.apache.spark.sql.execution.datasources.FileScanRDD$$anon$1.hasNext(FileScanRDD.scala:131)
	at org.apache.spark.sql.execution.datasources.FileScanRDD$$anon$1.nextIterator(FileScanRDD.scala:286)
	... 22 more
...
	at org.apache.hadoop.mapreduce.lib.input.LineRecordReader.nextKeyValue(LineRecordReader.java:198)
	at org.apache.spark.sql.execution.datasources.RecordReaderIterator.hasNext(RecordReaderIterator.scala:39)
	at org.apache.spark.sql.execution.datasources.HadoopFileLinesReader.hasNext(HadoopFileLinesReader.scala:67)
	at scala.collection.Iterator$$anon$11.hasNext(Iterator.scala:491)
	at scala.collection.Iterator$$anon$10.hasNext(Iterator.scala:460)
	at org.apache.spark.sql.execution.datasources.FileScanRDD$$anon$1.hasNext(FileScanRDD.scala:131)
	at org.apache.spark.sql.execution.datasources.FileScanRDD$$anon$1.nextIterator(FileScanRDD.scala:286)
	... 22 more



	at org.apache.spark.sql.execution.datasources.RecordReaderIterator.hasNext(RecordReaderIterator.scala:39)
	at org.apache.spark.sql.execution.datasources.HadoopFileLinesReader.hasNext(HadoopFileLinesReader.scala:67)
	at scala.collection.Iterator$$anon$11.hasNext(Iterator.scala:491)
	at scala.collection.Iterator$$anon$10.hasNext(Iterator.scala:460)
	at org.apache.spark.sql.execution.datasources.FileScanRDD$$anon$1.hasNext(FileScanRDD.scala:131)
	at org.apache.spark.sql.execution.datasources.FileScanRDD$$anon$1.nextIterator(FileScanRDD.scala:286)
	... 22 more
[2025-12-16T01:20:08.818+0000] {taskinstance.py:3313} ERROR - Task failed with exception
Traceback (most recent call last):
  File "/home/airflow/.local/lib/python3.12/site-packages/airflow/models/taskinstance.py", line 768, in _execute_task
    result = _execute_callable(context=context, **execute_callable_kwargs)
             ^^^^^^^^^^^^^^^^^^^^^^^^^^^^^^^^^^^^^^^^^^^^^^^^^^^^^^^^^^^^^
  File "/home/airflow/.local/lib/python3.12/site-packages/airflow/models/taskinstance.py", line 734, in _execute_callable
    return ExecutionCallableRunner(
           ^^^^^^^^^^^^^^^^^^^^^^^^
  File "/home/airflow/.local/lib/python3.12/site-packages/airflow/utils/operator_helpers.py", line 252, in run
    return self.func(*args, **kwargs)
           ^^^^^^^^^^^^^^^^^^^^^^^^^^
  File "/home/airflow/.local/lib/python3.12/site-packages/airflow/models/baseoperator.py", line 424, in wrapper
    return func(self, *args, **kwargs)
           ^^^^^^^^^^^^^^^^^^^^^^^^^^^
  File "/home/airflow/.local/lib/python3.12/site-packages/airflow/operators/python.py", line 238, in execute
    return_value = self.execute_callable()
                   ^^^^^^^^^^^^^^^^^^^^^^^
  File "/home/airflow/.local/lib/python3.12/site-packages/airflow/operators/python.py", line 256, in execute_callable
    return runner.run(*self.op_args, **self.op_kwargs)
           ^^^^^^^^^^^^^^^^^^^^^^^^^^^^^^^^^^^^^^^^^^^
  File "/home/airflow/.local/lib/python3.12/site-packages/airflow/utils/operator_helpers.py", line 252, in run
    return self.func(*args, **kwargs)
           ^^^^^^^^^^^^^^^^^^^^^^^^^^
  File "/opt/airflow/dags/unified_sales_pipeline_dag.py", line 207, in run_spark_bronze_processing
    raise Exception(f"Bronze Spark job failed:\n{error_msg}")
Exception: Bronze Spark job failed:
	at org.apache.hadoop.fs.FSInputChecker.readChecksumChunk(FSInputChecker.java:303)
	at org.apache.hadoop.fs.FSInputChecker.read1(FSInputChecker.java:252)
	at org.apache.hadoop.fs.FSInputChecker.read(FSInputChecker.java:197)
	at java.base/java.io.DataInputStream.read(DataInputStream.java:151)
...
	at org.apache.hadoop.util.LineReader.readDefaultLine(LineReader.java:227)
	at org.apache.hadoop.util.LineReader.readLine(LineReader.java:185)
	at org.apache.hadoop.mapreduce.lib.input.UncompressedSplitLineReader.readLine(UncompressedSplitLineReader.java:94)
	at org.apache.hadoop.mapreduce.lib.input.LineRecordReader.skipUtfByteOrderMark(LineRecordReader.java:158)
	at org.apache.hadoop.mapreduce.lib.input.LineRecordReader.nextKeyValue(LineRecordReader.java:198)
	at org.apache.spark.sql.execution.datasources.RecordReaderIterator.hasNext(RecordReaderIterator.scala:39)
	at org.apache.spark.sql.execution.datasources.HadoopFileLinesReader.hasNext(HadoopFileLinesReader.scala:67)
	at scala.collection.Iterator$$anon$11.hasNext(Iterator.scala:491)
	at scala.collection.Iterator$$anon$10.hasNext(Iterator.scala:460)
	at org.apache.spark.sql.execution.datasources.FileScanRDD$$anon$1.hasNext(FileScanRDD.scala:131)
	at org.apache.spark.sql.execution.datasources.FileScanRDD$$anon$1.nextIterator(FileScanRDD.scala:286)
...
	at org.apache.hadoop.util.LineReader.readLine(LineReader.java:185)
	at org.apache.hadoop.mapreduce.lib.input.UncompressedSplitLineReader.readLine(UncompressedSplitLineReader.java:94)
	at org.apache.hadoop.mapreduce.lib.input.LineRecordReader.skipUtfByteOrderMark(LineRecordReader.java:158)
	at org.apache.hadoop.mapreduce.lib.input.LineRecordReader.nextKeyValue(LineRecordReader.java:198)
	at org.apache.spark.sql.execution.datasources.RecordReaderIterator.hasNext(RecordReaderIterator.scala:39)
	at org.apache.spark.sql.execution.datasources.HadoopFileLinesReader.hasNext(HadoopFileLinesReader.scala:67)
	at scala.collection.Iterator$$anon$11.hasNext(Iterator.scala:491)
	at scala.collection.Iterator$$anon$10.hasNext(Iterator.scala:460)
	at org.apache.spark.sql.execution.datasources.FileScanRDD$$anon$1.hasNext(FileScanRDD.scala:131)
	at org.apache.spark.sql.execution.datasources.FileScanRDD$$anon$1.nextIterator(FileScanRDD.scala:286)
	... 22 more
...
	at org.apache.hadoop.mapreduce.lib.input.LineRecordReader.nextKeyValue(LineRecordReader.java:198)
	at org.apache.spark.sql.execution.datasources.RecordReaderIterator.hasNext(RecordReaderIterator.scala:39)
	at org.apache.spark.sql.execution.datasources.HadoopFileLinesReader.hasNext(HadoopFileLinesReader.scala:67)
	at scala.collection.Iterator$$anon$11.hasNext(Iterator.scala:491)
	at scala.collection.Iterator$$anon$10.hasNext(Iterator.scala:460)
	at org.apache.spark.sql.execution.datasources.FileScanRDD$$anon$1.hasNext(FileScanRDD.scala:131)
	at org.apache.spark.sql.execution.datasources.FileScanRDD$$anon$1.nextIterator(FileScanRDD.scala:286)
	... 22 more



	at org.apache.spark.sql.execution.datasources.RecordReaderIterator.hasNext(RecordReaderIterator.scala:39)
	at org.apache.spark.sql.execution.datasources.HadoopFileLinesReader.hasNext(HadoopFileLinesReader.scala:67)
	at scala.collection.Iterator$$anon$11.hasNext(Iterator.scala:491)
	at scala.collection.Iterator$$anon$10.hasNext(Iterator.scala:460)
	at org.apache.spark.sql.execution.datasources.FileScanRDD$$anon$1.hasNext(FileScanRDD.scala:131)
	at org.apache.spark.sql.execution.datasources.FileScanRDD$$anon$1.nextIterator(FileScanRDD.scala:286)
	... 22 more



[2025-12-16T01:20:08.848+0000] {taskinstance.py:1226} INFO - Marking task as UP_FOR_RETRY. dag_id=unified_sales_pipeline, task_id=run_bronze_processing, run_id=manual__2025-12-16T01:19:30.927718+00:00, execution_date=20251216T011930, start_date=20251216T011946, end_date=20251216T012008
[2025-12-16T01:20:08.886+0000] {taskinstance.py:341} INFO - ::group::Post task execution logs
[2025-12-16T01:20:08.887+0000] {standard_task_runner.py:124} ERROR - Failed to execute job 25 for task run_bronze_processing (Bronze Spark job failed:
	at org.apache.hadoop.fs.FSInputChecker.readChecksumChunk(FSInputChecker.java:303)
	at org.apache.hadoop.fs.FSInputChecker.read1(FSInputChecker.java:252)
	at org.apache.hadoop.fs.FSInputChecker.read(FSInputChecker.java:197)
	at java.base/java.io.DataInputStream.read(DataInputStream.java:151)
...
	at org.apache.hadoop.util.LineReader.readDefaultLine(LineReader.java:227)
	at org.apache.hadoop.util.LineReader.readLine(LineReader.java:185)
	at org.apache.hadoop.mapreduce.lib.input.UncompressedSplitLineReader.readLine(UncompressedSplitLineReader.java:94)
	at org.apache.hadoop.mapreduce.lib.input.LineRecordReader.skipUtfByteOrderMark(LineRecordReader.java:158)
	at org.apache.hadoop.mapreduce.lib.input.LineRecordReader.nextKeyValue(LineRecordReader.java:198)
	at org.apache.spark.sql.execution.datasources.RecordReaderIterator.hasNext(RecordReaderIterator.scala:39)
	at org.apache.spark.sql.execution.datasources.HadoopFileLinesReader.hasNext(HadoopFileLinesReader.scala:67)
	at scala.collection.Iterator$$anon$11.hasNext(Iterator.scala:491)
	at scala.collection.Iterator$$anon$10.hasNext(Iterator.scala:460)
	at org.apache.spark.sql.execution.datasources.FileScanRDD$$anon$1.hasNext(FileScanRDD.scala:131)
	at org.apache.spark.sql.execution.datasources.FileScanRDD$$anon$1.nextIterator(FileScanRDD.scala:286)
...
	at org.apache.hadoop.util.LineReader.readLine(LineReader.java:185)
	at org.apache.hadoop.mapreduce.lib.input.UncompressedSplitLineReader.readLine(UncompressedSplitLineReader.java:94)
	at org.apache.hadoop.mapreduce.lib.input.LineRecordReader.skipUtfByteOrderMark(LineRecordReader.java:158)
	at org.apache.hadoop.mapreduce.lib.input.LineRecordReader.nextKeyValue(LineRecordReader.java:198)
	at org.apache.spark.sql.execution.datasources.RecordReaderIterator.hasNext(RecordReaderIterator.scala:39)
	at org.apache.spark.sql.execution.datasources.HadoopFileLinesReader.hasNext(HadoopFileLinesReader.scala:67)
	at scala.collection.Iterator$$anon$11.hasNext(Iterator.scala:491)
	at scala.collection.Iterator$$anon$10.hasNext(Iterator.scala:460)
	at org.apache.spark.sql.execution.datasources.FileScanRDD$$anon$1.hasNext(FileScanRDD.scala:131)
	at org.apache.spark.sql.execution.datasources.FileScanRDD$$anon$1.nextIterator(FileScanRDD.scala:286)
	... 22 more
...
	at org.apache.hadoop.mapreduce.lib.input.LineRecordReader.nextKeyValue(LineRecordReader.java:198)
	at org.apache.spark.sql.execution.datasources.RecordReaderIterator.hasNext(RecordReaderIterator.scala:39)
	at org.apache.spark.sql.execution.datasources.HadoopFileLinesReader.hasNext(HadoopFileLinesReader.scala:67)
	at scala.collection.Iterator$$anon$11.hasNext(Iterator.scala:491)
	at scala.collection.Iterator$$anon$10.hasNext(Iterator.scala:460)
	at org.apache.spark.sql.execution.datasources.FileScanRDD$$anon$1.hasNext(FileScanRDD.scala:131)
	at org.apache.spark.sql.execution.datasources.FileScanRDD$$anon$1.nextIterator(FileScanRDD.scala:286)
	... 22 more



	at org.apache.spark.sql.execution.datasources.RecordReaderIterator.hasNext(RecordReaderIterator.scala:39)
	at org.apache.spark.sql.execution.datasources.HadoopFileLinesReader.hasNext(HadoopFileLinesReader.scala:67)
	at scala.collection.Iterator$$anon$11.hasNext(Iterator.scala:491)
	at scala.collection.Iterator$$anon$10.hasNext(Iterator.scala:460)
	at org.apache.spark.sql.execution.datasources.FileScanRDD$$anon$1.hasNext(FileScanRDD.scala:131)
	at org.apache.spark.sql.execution.datasources.FileScanRDD$$anon$1.nextIterator(FileScanRDD.scala:286)
	... 22 more


; 779)
Traceback (most recent call last):
  File "/home/airflow/.local/lib/python3.12/site-packages/airflow/task/task_runner/standard_task_runner.py", line 117, in _start_by_fork
    ret = args.func(args, dag=self.dag)
          ^^^^^^^^^^^^^^^^^^^^^^^^^^^^^
  File "/home/airflow/.local/lib/python3.12/site-packages/airflow/cli/cli_config.py", line 49, in command
    return func(*args, **kwargs)
           ^^^^^^^^^^^^^^^^^^^^^
  File "/home/airflow/.local/lib/python3.12/site-packages/airflow/utils/cli.py", line 116, in wrapper
    return f(*args, **kwargs)
           ^^^^^^^^^^^^^^^^^^
  File "/home/airflow/.local/lib/python3.12/site-packages/airflow/cli/commands/task_command.py", line 483, in task_run
    task_return_code = _run_task_by_selected_method(args, _dag, ti)
                       ^^^^^^^^^^^^^^^^^^^^^^^^^^^^^^^^^^^^^^^^^^^^
  File "/home/airflow/.local/lib/python3.12/site-packages/airflow/cli/commands/task_command.py", line 256, in _run_task_by_selected_method
    return _run_raw_task(args, ti)
           ^^^^^^^^^^^^^^^^^^^^^^^
  File "/home/airflow/.local/lib/python3.12/site-packages/airflow/cli/commands/task_command.py", line 341, in _run_raw_task
    return ti._run_raw_task(
           ^^^^^^^^^^^^^^^^^
  File "/home/airflow/.local/lib/python3.12/site-packages/airflow/utils/session.py", line 97, in wrapper
    return func(*args, session=session, **kwargs)
           ^^^^^^^^^^^^^^^^^^^^^^^^^^^^^^^^^^^^^^
  File "/home/airflow/.local/lib/python3.12/site-packages/airflow/models/taskinstance.py", line 3006, in _run_raw_task
    return _run_raw_task(
           ^^^^^^^^^^^^^^
  File "/home/airflow/.local/lib/python3.12/site-packages/airflow/models/taskinstance.py", line 274, in _run_raw_task
    TaskInstance._execute_task_with_callbacks(
  File "/home/airflow/.local/lib/python3.12/site-packages/airflow/models/taskinstance.py", line 3161, in _execute_task_with_callbacks
    result = self._execute_task(context, task_orig)
             ^^^^^^^^^^^^^^^^^^^^^^^^^^^^^^^^^^^^^^
  File "/home/airflow/.local/lib/python3.12/site-packages/airflow/models/taskinstance.py", line 3185, in _execute_task
    return _execute_task(self, context, task_orig)
           ^^^^^^^^^^^^^^^^^^^^^^^^^^^^^^^^^^^^^^^
  File "/home/airflow/.local/lib/python3.12/site-packages/airflow/models/taskinstance.py", line 768, in _execute_task
    result = _execute_callable(context=context, **execute_callable_kwargs)
             ^^^^^^^^^^^^^^^^^^^^^^^^^^^^^^^^^^^^^^^^^^^^^^^^^^^^^^^^^^^^^
  File "/home/airflow/.local/lib/python3.12/site-packages/airflow/models/taskinstance.py", line 734, in _execute_callable
    return ExecutionCallableRunner(
           ^^^^^^^^^^^^^^^^^^^^^^^^
  File "/home/airflow/.local/lib/python3.12/site-packages/airflow/utils/operator_helpers.py", line 252, in run
    return self.func(*args, **kwargs)
           ^^^^^^^^^^^^^^^^^^^^^^^^^^
  File "/home/airflow/.local/lib/python3.12/site-packages/airflow/models/baseoperator.py", line 424, in wrapper
    return func(self, *args, **kwargs)
           ^^^^^^^^^^^^^^^^^^^^^^^^^^^
  File "/home/airflow/.local/lib/python3.12/site-packages/airflow/operators/python.py", line 238, in execute
    return_value = self.execute_callable()
                   ^^^^^^^^^^^^^^^^^^^^^^^
  File "/home/airflow/.local/lib/python3.12/site-packages/airflow/operators/python.py", line 256, in execute_callable
    return runner.run(*self.op_args, **self.op_kwargs)
           ^^^^^^^^^^^^^^^^^^^^^^^^^^^^^^^^^^^^^^^^^^^
  File "/home/airflow/.local/lib/python3.12/site-packages/airflow/utils/operator_helpers.py", line 252, in run
    return self.func(*args, **kwargs)
           ^^^^^^^^^^^^^^^^^^^^^^^^^^
  File "/opt/airflow/dags/unified_sales_pipeline_dag.py", line 207, in run_spark_bronze_processing
    raise Exception(f"Bronze Spark job failed:\n{error_msg}")
Exception: Bronze Spark job failed:
	at org.apache.hadoop.fs.FSInputChecker.readChecksumChunk(FSInputChecker.java:303)
	at org.apache.hadoop.fs.FSInputChecker.read1(FSInputChecker.java:252)
	at org.apache.hadoop.fs.FSInputChecker.read(FSInputChecker.java:197)
	at java.base/java.io.DataInputStream.read(DataInputStream.java:151)
...
	at org.apache.hadoop.util.LineReader.readDefaultLine(LineReader.java:227)
	at org.apache.hadoop.util.LineReader.readLine(LineReader.java:185)
	at org.apache.hadoop.mapreduce.lib.input.UncompressedSplitLineReader.readLine(UncompressedSplitLineReader.java:94)
	at org.apache.hadoop.mapreduce.lib.input.LineRecordReader.skipUtfByteOrderMark(LineRecordReader.java:158)
	at org.apache.hadoop.mapreduce.lib.input.LineRecordReader.nextKeyValue(LineRecordReader.java:198)
	at org.apache.spark.sql.execution.datasources.RecordReaderIterator.hasNext(RecordReaderIterator.scala:39)
	at org.apache.spark.sql.execution.datasources.HadoopFileLinesReader.hasNext(HadoopFileLinesReader.scala:67)
	at scala.collection.Iterator$$anon$11.hasNext(Iterator.scala:491)
	at scala.collection.Iterator$$anon$10.hasNext(Iterator.scala:460)
	at org.apache.spark.sql.execution.datasources.FileScanRDD$$anon$1.hasNext(FileScanRDD.scala:131)
	at org.apache.spark.sql.execution.datasources.FileScanRDD$$anon$1.nextIterator(FileScanRDD.scala:286)
...
	at org.apache.hadoop.util.LineReader.readLine(LineReader.java:185)
	at org.apache.hadoop.mapreduce.lib.input.UncompressedSplitLineReader.readLine(UncompressedSplitLineReader.java:94)
	at org.apache.hadoop.mapreduce.lib.input.LineRecordReader.skipUtfByteOrderMark(LineRecordReader.java:158)
	at org.apache.hadoop.mapreduce.lib.input.LineRecordReader.nextKeyValue(LineRecordReader.java:198)
	at org.apache.spark.sql.execution.datasources.RecordReaderIterator.hasNext(RecordReaderIterator.scala:39)
	at org.apache.spark.sql.execution.datasources.HadoopFileLinesReader.hasNext(HadoopFileLinesReader.scala:67)
	at scala.collection.Iterator$$anon$11.hasNext(Iterator.scala:491)
	at scala.collection.Iterator$$anon$10.hasNext(Iterator.scala:460)
	at org.apache.spark.sql.execution.datasources.FileScanRDD$$anon$1.hasNext(FileScanRDD.scala:131)
	at org.apache.spark.sql.execution.datasources.FileScanRDD$$anon$1.nextIterator(FileScanRDD.scala:286)
	... 22 more
...
	at org.apache.hadoop.mapreduce.lib.input.LineRecordReader.nextKeyValue(LineRecordReader.java:198)
	at org.apache.spark.sql.execution.datasources.RecordReaderIterator.hasNext(RecordReaderIterator.scala:39)
	at org.apache.spark.sql.execution.datasources.HadoopFileLinesReader.hasNext(HadoopFileLinesReader.scala:67)
	at scala.collection.Iterator$$anon$11.hasNext(Iterator.scala:491)
	at scala.collection.Iterator$$anon$10.hasNext(Iterator.scala:460)
	at org.apache.spark.sql.execution.datasources.FileScanRDD$$anon$1.hasNext(FileScanRDD.scala:131)
	at org.apache.spark.sql.execution.datasources.FileScanRDD$$anon$1.nextIterator(FileScanRDD.scala:286)
	... 22 more



	at org.apache.spark.sql.execution.datasources.RecordReaderIterator.hasNext(RecordReaderIterator.scala:39)
	at org.apache.spark.sql.execution.datasources.HadoopFileLinesReader.hasNext(HadoopFileLinesReader.scala:67)
	at scala.collection.Iterator$$anon$11.hasNext(Iterator.scala:491)
	at scala.collection.Iterator$$anon$10.hasNext(Iterator.scala:460)
	at org.apache.spark.sql.execution.datasources.FileScanRDD$$anon$1.hasNext(FileScanRDD.scala:131)
	at org.apache.spark.sql.execution.datasources.FileScanRDD$$anon$1.nextIterator(FileScanRDD.scala:286)
	... 22 more



[2025-12-16T01:20:08.913+0000] {local_task_job_runner.py:266} INFO - Task exited with return code 1
[2025-12-16T01:20:08.938+0000] {taskinstance.py:3901} INFO - 0 downstream tasks scheduled from follow-on schedule check
[2025-12-16T01:20:08.941+0000] {local_task_job_runner.py:245} INFO - ::endgroup::
