[2025-12-16T01:19:34.797+0000] {local_task_job_runner.py:123} INFO - ::group::Pre task execution logs
[2025-12-16T01:19:34.828+0000] {taskinstance.py:2614} INFO - Dependencies all met for dep_context=non-requeueable deps ti=<TaskInstance: unified_sales_pipeline.produce_sales_data manual__2025-12-16T01:19:30.927718+00:00 [queued]>
[2025-12-16T01:19:34.845+0000] {taskinstance.py:2614} INFO - Dependencies all met for dep_context=requeueable deps ti=<TaskInstance: unified_sales_pipeline.produce_sales_data manual__2025-12-16T01:19:30.927718+00:00 [queued]>
[2025-12-16T01:19:34.848+0000] {taskinstance.py:2867} INFO - Starting attempt 1 of 2
[2025-12-16T01:19:34.873+0000] {taskinstance.py:2890} INFO - Executing <Task(PythonOperator): produce_sales_data> on 2025-12-16 01:19:30.927718+00:00
[2025-12-16T01:19:34.885+0000] {warnings.py:112} WARNING - /home/***/.local/lib/python3.12/site-packages/***/task/task_runner/standard_task_runner.py:70: DeprecationWarning: This process (pid=774) is multi-threaded, use of fork() may lead to deadlocks in the child.
  pid = os.fork()

[2025-12-16T01:19:34.888+0000] {standard_task_runner.py:104} INFO - Running: ['***', 'tasks', 'run', 'unified_sales_pipeline', 'produce_sales_data', 'manual__2025-12-16T01:19:30.927718+00:00', '--job-id', '24', '--raw', '--subdir', 'DAGS_FOLDER/unified_sales_pipeline_dag.py', '--cfg-path', '/tmp/tmpaqc9s_v7']
[2025-12-16T01:19:34.891+0000] {standard_task_runner.py:72} INFO - Started process 775 to run task
[2025-12-16T01:19:34.891+0000] {standard_task_runner.py:105} INFO - Job 24: Subtask produce_sales_data
[2025-12-16T01:19:34.984+0000] {task_command.py:467} INFO - Running <TaskInstance: unified_sales_pipeline.produce_sales_data manual__2025-12-16T01:19:30.927718+00:00 [running]> on host d701d2d8b2a8
[2025-12-16T01:19:35.155+0000] {taskinstance.py:3134} INFO - Exporting env vars: AIRFLOW_CTX_DAG_OWNER='***' AIRFLOW_CTX_DAG_ID='unified_sales_pipeline' AIRFLOW_CTX_TASK_ID='produce_sales_data' AIRFLOW_CTX_EXECUTION_DATE='2025-12-16T01:19:30.927718+00:00' AIRFLOW_CTX_TRY_NUMBER='1' AIRFLOW_CTX_DAG_RUN_ID='manual__2025-12-16T01:19:30.927718+00:00'
[2025-12-16T01:19:35.157+0000] {taskinstance.py:732} INFO - ::endgroup::
[2025-12-16T01:19:35.183+0000] {conn.py:396} INFO - <BrokerConnection client_id=kafka-python-producer-1, node_id=bootstrap-2 host=broker2:19093 <connecting> [IPv4 ('172.18.0.8', 19093)]>: connecting to broker2:19093 [('172.18.0.8', 19093) IPv4]
[2025-12-16T01:19:35.188+0000] {conn.py:618} INFO - <BrokerConnection client_id=kafka-python-producer-1, node_id=bootstrap-2 host=broker2:19093 <checking_api_versions_recv> [IPv4 ('172.18.0.8', 19093)]>: Broker version identified as 2.6
[2025-12-16T01:19:35.189+0000] {conn.py:457} INFO - <BrokerConnection client_id=kafka-python-producer-1, node_id=bootstrap-2 host=broker2:19093 <connected> [IPv4 ('172.18.0.8', 19093)]>: Connection complete.
[2025-12-16T01:19:35.194+0000] {logging_mixin.py:190} INFO - 🚀 Starting Kafka producer...
[2025-12-16T01:19:35.297+0000] {conn.py:396} INFO - <BrokerConnection client_id=kafka-python-producer-1, node_id=3 host=broker3:19094 <connecting> [IPv4 ('172.18.0.4', 19094)]>: connecting to broker3:19094 [('172.18.0.4', 19094) IPv4]
[2025-12-16T01:19:35.299+0000] {conn.py:457} INFO - <BrokerConnection client_id=kafka-python-producer-1, node_id=3 host=broker3:19094 <connected> [IPv4 ('172.18.0.4', 19094)]>: Connection complete.
[2025-12-16T01:19:35.299+0000] {conn.py:945} INFO - <BrokerConnection client_id=kafka-python-producer-1, node_id=bootstrap-2 host=broker2:19093 <connected> [IPv4 ('172.18.0.8', 19093)]>: Closing connection. 
[2025-12-16T01:19:35.307+0000] {logging_mixin.py:190} INFO - ✅ Sale 1: Casque audio - 119.98€
[2025-12-16T01:19:35.307+0000] {conn.py:396} INFO - <BrokerConnection client_id=kafka-python-producer-1, node_id=1 host=broker1:19092 <connecting> [IPv4 ('172.18.0.13', 19092)]>: connecting to broker1:19092 [('172.18.0.13', 19092) IPv4]
[2025-12-16T01:19:35.310+0000] {conn.py:457} INFO - <BrokerConnection client_id=kafka-python-producer-1, node_id=1 host=broker1:19092 <connected> [IPv4 ('172.18.0.13', 19092)]>: Connection complete.
[2025-12-16T01:19:35.509+0000] {logging_mixin.py:190} INFO - ✅ Sale 2: Clavier mecanique - 75.0€
[2025-12-16T01:19:35.712+0000] {logging_mixin.py:190} INFO - ✅ Sale 3: Souris sans fil - 76.5€
[2025-12-16T01:19:35.913+0000] {logging_mixin.py:190} INFO - ✅ Sale 4: Clavier mecanique - 75.0€
[2025-12-16T01:19:35.915+0000] {conn.py:396} INFO - <BrokerConnection client_id=kafka-python-producer-1, node_id=2 host=broker2:19093 <connecting> [IPv4 ('172.18.0.8', 19093)]>: connecting to broker2:19093 [('172.18.0.8', 19093) IPv4]
[2025-12-16T01:19:35.917+0000] {conn.py:457} INFO - <BrokerConnection client_id=kafka-python-producer-1, node_id=2 host=broker2:19093 <connected> [IPv4 ('172.18.0.8', 19093)]>: Connection complete.
[2025-12-16T01:19:36.116+0000] {logging_mixin.py:190} INFO - ✅ Sale 5: Souris sans fil - 76.5€
[2025-12-16T01:19:36.319+0000] {logging_mixin.py:190} INFO - ✅ Sale 6: Casque audio - 179.97€
[2025-12-16T01:19:36.522+0000] {logging_mixin.py:190} INFO - ✅ Sale 7: Livre Data Science - 59.97€
[2025-12-16T01:19:36.723+0000] {logging_mixin.py:190} INFO - ✅ Sale 8: Livre Data Science - 39.98€
[2025-12-16T01:19:36.925+0000] {logging_mixin.py:190} INFO - ✅ Sale 9: Ordinateur portable - 1799.98€
[2025-12-16T01:19:37.126+0000] {logging_mixin.py:190} INFO - ✅ Sale 10: Casque audio - 119.98€
[2025-12-16T01:19:37.328+0000] {logging_mixin.py:190} INFO - ✅ Sale 11: Clavier mecanique - 75.0€
[2025-12-16T01:19:37.531+0000] {logging_mixin.py:190} INFO - ✅ Sale 12: Clavier mecanique - 75.0€
[2025-12-16T01:19:37.732+0000] {logging_mixin.py:190} INFO - ✅ Sale 13: Souris sans fil - 76.5€
[2025-12-16T01:19:37.934+0000] {logging_mixin.py:190} INFO - ✅ Sale 14: Livre Data Science - 59.97€
[2025-12-16T01:19:38.137+0000] {logging_mixin.py:190} INFO - ✅ Sale 15: Souris sans fil - 76.5€
[2025-12-16T01:19:38.338+0000] {logging_mixin.py:190} INFO - ✅ Sale 16: Souris sans fil - 76.5€
[2025-12-16T01:19:38.540+0000] {logging_mixin.py:190} INFO - ✅ Sale 17: Livre Data Science - 39.98€
[2025-12-16T01:19:38.742+0000] {logging_mixin.py:190} INFO - ✅ Sale 18: Souris sans fil - 25.5€
[2025-12-16T01:19:38.945+0000] {logging_mixin.py:190} INFO - ✅ Sale 19: Livre Data Science - 19.99€
[2025-12-16T01:19:39.147+0000] {logging_mixin.py:190} INFO - ✅ Sale 20: Casque audio - 179.97€
[2025-12-16T01:19:39.349+0000] {logging_mixin.py:190} INFO - ✅ Sale 21: Ordinateur portable - 1799.98€
[2025-12-16T01:19:39.551+0000] {logging_mixin.py:190} INFO - ✅ Sale 22: Casque audio - 59.99€
[2025-12-16T01:19:39.753+0000] {logging_mixin.py:190} INFO - ✅ Sale 23: Souris sans fil - 51.0€
[2025-12-16T01:19:39.956+0000] {logging_mixin.py:190} INFO - ✅ Sale 24: Casque audio - 59.99€
[2025-12-16T01:19:40.160+0000] {logging_mixin.py:190} INFO - ✅ Sale 25: Clavier mecanique - 150.0€
[2025-12-16T01:19:40.362+0000] {logging_mixin.py:190} INFO - ✅ Sale 26: Ordinateur portable - 1799.98€
[2025-12-16T01:19:40.564+0000] {logging_mixin.py:190} INFO - ✅ Sale 27: Livre Data Science - 59.97€
[2025-12-16T01:19:40.766+0000] {logging_mixin.py:190} INFO - ✅ Sale 28: Ordinateur portable - 2699.97€
[2025-12-16T01:19:40.968+0000] {logging_mixin.py:190} INFO - ✅ Sale 29: Souris sans fil - 51.0€
[2025-12-16T01:19:41.170+0000] {logging_mixin.py:190} INFO - ✅ Sale 30: Clavier mecanique - 150.0€
[2025-12-16T01:19:41.372+0000] {logging_mixin.py:190} INFO - ✅ Sale 31: Livre Data Science - 39.98€
[2025-12-16T01:19:41.575+0000] {logging_mixin.py:190} INFO - ✅ Sale 32: Casque audio - 119.98€
[2025-12-16T01:19:41.778+0000] {logging_mixin.py:190} INFO - ✅ Sale 33: Casque audio - 59.99€
[2025-12-16T01:19:41.980+0000] {logging_mixin.py:190} INFO - ✅ Sale 34: Clavier mecanique - 150.0€
[2025-12-16T01:19:42.183+0000] {logging_mixin.py:190} INFO - ✅ Sale 35: Clavier mecanique - 75.0€
[2025-12-16T01:19:42.384+0000] {logging_mixin.py:190} INFO - ✅ Sale 36: Ordinateur portable - 2699.97€
[2025-12-16T01:19:42.586+0000] {logging_mixin.py:190} INFO - ✅ Sale 37: Ordinateur portable - 899.99€
[2025-12-16T01:19:42.789+0000] {logging_mixin.py:190} INFO - ✅ Sale 38: Livre Data Science - 19.99€
[2025-12-16T01:19:42.990+0000] {logging_mixin.py:190} INFO - ✅ Sale 39: Souris sans fil - 76.5€
[2025-12-16T01:19:43.193+0000] {logging_mixin.py:190} INFO - ✅ Sale 40: Clavier mecanique - 75.0€
[2025-12-16T01:19:43.395+0000] {logging_mixin.py:190} INFO - ✅ Sale 41: Livre Data Science - 59.97€
[2025-12-16T01:19:43.597+0000] {logging_mixin.py:190} INFO - ✅ Sale 42: Ordinateur portable - 2699.97€
[2025-12-16T01:19:43.799+0000] {logging_mixin.py:190} INFO - ✅ Sale 43: Ordinateur portable - 899.99€
[2025-12-16T01:19:44.000+0000] {logging_mixin.py:190} INFO - ✅ Sale 44: Clavier mecanique - 150.0€
[2025-12-16T01:19:44.202+0000] {logging_mixin.py:190} INFO - ✅ Sale 45: Ordinateur portable - 1799.98€
[2025-12-16T01:19:44.404+0000] {logging_mixin.py:190} INFO - ✅ Sale 46: Casque audio - 59.99€
[2025-12-16T01:19:44.606+0000] {logging_mixin.py:190} INFO - ✅ Sale 47: Casque audio - 179.97€
[2025-12-16T01:19:44.808+0000] {logging_mixin.py:190} INFO - ✅ Sale 48: Souris sans fil - 25.5€
[2025-12-16T01:19:45.009+0000] {logging_mixin.py:190} INFO - ✅ Sale 49: Casque audio - 179.97€
[2025-12-16T01:19:45.222+0000] {logging_mixin.py:190} INFO - ✅ Sale 50: Livre Data Science - 19.99€
[2025-12-16T01:19:45.424+0000] {kafka.py:629} INFO - <KafkaProducer client_id=kafka-python-producer-1 transactional_id=None>: Closing the Kafka producer with 9223372036.0 secs timeout.
[2025-12-16T01:19:45.426+0000] {conn.py:945} INFO - <BrokerConnection client_id=kafka-python-producer-1, node_id=3 host=broker3:19094 <connected> [IPv4 ('172.18.0.4', 19094)]>: Closing connection. 
[2025-12-16T01:19:45.427+0000] {conn.py:945} INFO - <BrokerConnection client_id=kafka-python-producer-1, node_id=1 host=broker1:19092 <connected> [IPv4 ('172.18.0.13', 19092)]>: Closing connection. 
[2025-12-16T01:19:45.428+0000] {conn.py:945} INFO - <BrokerConnection client_id=kafka-python-producer-1, node_id=2 host=broker2:19093 <connected> [IPv4 ('172.18.0.8', 19093)]>: Closing connection. 
[2025-12-16T01:19:45.429+0000] {logging_mixin.py:190} INFO - ✅ Production completed: 50 sales sent to Kafka topic 'ventes_stream'
[2025-12-16T01:19:45.430+0000] {python.py:240} INFO - Done. Returned value was: None
[2025-12-16T01:19:45.439+0000] {taskinstance.py:341} INFO - ::group::Post task execution logs
[2025-12-16T01:19:45.440+0000] {taskinstance.py:353} INFO - Marking task as SUCCESS. dag_id=unified_sales_pipeline, task_id=produce_sales_data, run_id=manual__2025-12-16T01:19:30.927718+00:00, execution_date=20251216T011930, start_date=20251216T011934, end_date=20251216T011945
[2025-12-16T01:19:45.487+0000] {local_task_job_runner.py:266} INFO - Task exited with return code 0
[2025-12-16T01:19:45.519+0000] {taskinstance.py:3901} INFO - 1 downstream tasks scheduled from follow-on schedule check
[2025-12-16T01:19:45.523+0000] {local_task_job_runner.py:245} INFO - ::endgroup::
