[2025-12-14T09:24:57.867+0000] {local_task_job_runner.py:123} INFO - ::group::Pre task execution logs
[2025-12-14T09:24:57.884+0000] {taskinstance.py:2614} INFO - Dependencies all met for dep_context=non-requeueable deps ti=<TaskInstance: unified_sales_pipeline.check_bronze_data_ready manual__2025-12-14T09:24:19.366268+00:00 [queued]>
[2025-12-14T09:24:57.892+0000] {taskinstance.py:2614} INFO - Dependencies all met for dep_context=requeueable deps ti=<TaskInstance: unified_sales_pipeline.check_bronze_data_ready manual__2025-12-14T09:24:19.366268+00:00 [queued]>
[2025-12-14T09:24:57.892+0000] {taskinstance.py:2867} INFO - Starting attempt 1 of 2
[2025-12-14T09:24:57.903+0000] {taskinstance.py:2890} INFO - Executing <Task(PythonSensor): check_bronze_data_ready> on 2025-12-14 09:24:19.366268+00:00
[2025-12-14T09:24:57.909+0000] {warnings.py:112} WARNING - /home/***/.local/lib/python3.12/site-packages/***/task/task_runner/standard_task_runner.py:70: DeprecationWarning: This process (pid=550) is multi-threaded, use of fork() may lead to deadlocks in the child.
  pid = os.fork()

[2025-12-14T09:24:57.911+0000] {standard_task_runner.py:72} INFO - Started process 551 to run task
[2025-12-14T09:24:57.912+0000] {standard_task_runner.py:104} INFO - Running: ['***', 'tasks', 'run', 'unified_sales_pipeline', 'check_bronze_data_ready', 'manual__2025-12-14T09:24:19.366268+00:00', '--job-id', '120', '--raw', '--subdir', 'DAGS_FOLDER/unified_sales_pipeline_dag.py', '--cfg-path', '/tmp/tmpu6hidgui']
[2025-12-14T09:24:57.913+0000] {standard_task_runner.py:105} INFO - Job 120: Subtask check_bronze_data_ready
[2025-12-14T09:24:57.951+0000] {task_command.py:467} INFO - Running <TaskInstance: unified_sales_pipeline.check_bronze_data_ready manual__2025-12-14T09:24:19.366268+00:00 [running]> on host f7434449c2ca
[2025-12-14T09:24:58.029+0000] {taskinstance.py:3134} INFO - Exporting env vars: AIRFLOW_CTX_DAG_OWNER='***' AIRFLOW_CTX_DAG_ID='unified_sales_pipeline' AIRFLOW_CTX_TASK_ID='check_bronze_data_ready' AIRFLOW_CTX_EXECUTION_DATE='2025-12-14T09:24:19.366268+00:00' AIRFLOW_CTX_TRY_NUMBER='1' AIRFLOW_CTX_DAG_RUN_ID='manual__2025-12-14T09:24:19.366268+00:00'
[2025-12-14T09:24:58.030+0000] {taskinstance.py:732} INFO - ::endgroup::
[2025-12-14T09:24:58.047+0000] {python.py:75} INFO - Poking callable: <function check_bronze_data_exists at 0x7fc15c0059e0>
[2025-12-14T09:24:58.060+0000] {logging_mixin.py:190} INFO - ✅ Bronze data available
[2025-12-14T09:24:58.061+0000] {base.py:339} INFO - Success criteria met. Exiting.
[2025-12-14T09:24:58.069+0000] {taskinstance.py:341} INFO - ::group::Post task execution logs
[2025-12-14T09:24:58.070+0000] {taskinstance.py:353} INFO - Marking task as SUCCESS. dag_id=unified_sales_pipeline, task_id=check_bronze_data_ready, run_id=manual__2025-12-14T09:24:19.366268+00:00, execution_date=20251214T092419, start_date=20251214T092457, end_date=20251214T092458
[2025-12-14T09:24:58.126+0000] {local_task_job_runner.py:266} INFO - Task exited with return code 0
[2025-12-14T09:24:58.148+0000] {taskinstance.py:3901} INFO - 1 downstream tasks scheduled from follow-on schedule check
[2025-12-14T09:24:58.151+0000] {local_task_job_runner.py:245} INFO - ::endgroup::
