[2025-12-16T01:30:28.691+0000] {local_task_job_runner.py:123} INFO - ::group::Pre task execution logs
[2025-12-16T01:30:28.706+0000] {taskinstance.py:2614} INFO - Dependencies all met for dep_context=non-requeueable deps ti=<TaskInstance: unified_sales_pipeline.produce_sales_data manual__2025-12-16T01:30:24.589322+00:00 [queued]>
[2025-12-16T01:30:28.715+0000] {taskinstance.py:2614} INFO - Dependencies all met for dep_context=requeueable deps ti=<TaskInstance: unified_sales_pipeline.produce_sales_data manual__2025-12-16T01:30:24.589322+00:00 [queued]>
[2025-12-16T01:30:28.716+0000] {taskinstance.py:2867} INFO - Starting attempt 1 of 2
[2025-12-16T01:30:28.727+0000] {taskinstance.py:2890} INFO - Executing <Task(PythonOperator): produce_sales_data> on 2025-12-16 01:30:24.589322+00:00
[2025-12-16T01:30:28.733+0000] {warnings.py:112} WARNING - /home/***/.local/lib/python3.12/site-packages/***/task/task_runner/standard_task_runner.py:70: DeprecationWarning: This process (pid=933) is multi-threaded, use of fork() may lead to deadlocks in the child.
  pid = os.fork()

[2025-12-16T01:30:28.734+0000] {standard_task_runner.py:72} INFO - Started process 934 to run task
[2025-12-16T01:30:28.734+0000] {standard_task_runner.py:104} INFO - Running: ['***', 'tasks', 'run', 'unified_sales_pipeline', 'produce_sales_data', 'manual__2025-12-16T01:30:24.589322+00:00', '--job-id', '28', '--raw', '--subdir', 'DAGS_FOLDER/unified_sales_pipeline_dag.py', '--cfg-path', '/tmp/tmpe2wnktxq']
[2025-12-16T01:30:28.736+0000] {standard_task_runner.py:105} INFO - Job 28: Subtask produce_sales_data
[2025-12-16T01:30:28.772+0000] {task_command.py:467} INFO - Running <TaskInstance: unified_sales_pipeline.produce_sales_data manual__2025-12-16T01:30:24.589322+00:00 [running]> on host d701d2d8b2a8
[2025-12-16T01:30:28.835+0000] {taskinstance.py:3134} INFO - Exporting env vars: AIRFLOW_CTX_DAG_OWNER='***' AIRFLOW_CTX_DAG_ID='unified_sales_pipeline' AIRFLOW_CTX_TASK_ID='produce_sales_data' AIRFLOW_CTX_EXECUTION_DATE='2025-12-16T01:30:24.589322+00:00' AIRFLOW_CTX_TRY_NUMBER='1' AIRFLOW_CTX_DAG_RUN_ID='manual__2025-12-16T01:30:24.589322+00:00'
[2025-12-16T01:30:28.837+0000] {taskinstance.py:732} INFO - ::endgroup::
[2025-12-16T01:30:28.850+0000] {conn.py:396} INFO - <BrokerConnection client_id=kafka-python-producer-1, node_id=bootstrap-1 host=broker2:19093 <connecting> [IPv4 ('172.18.0.8', 19093)]>: connecting to broker2:19093 [('172.18.0.8', 19093) IPv4]
[2025-12-16T01:30:28.854+0000] {conn.py:618} INFO - <BrokerConnection client_id=kafka-python-producer-1, node_id=bootstrap-1 host=broker2:19093 <checking_api_versions_recv> [IPv4 ('172.18.0.8', 19093)]>: Broker version identified as 2.6
[2025-12-16T01:30:28.855+0000] {conn.py:457} INFO - <BrokerConnection client_id=kafka-python-producer-1, node_id=bootstrap-1 host=broker2:19093 <connected> [IPv4 ('172.18.0.8', 19093)]>: Connection complete.
[2025-12-16T01:30:28.857+0000] {logging_mixin.py:190} INFO - 🚀 Starting Kafka producer...
[2025-12-16T01:30:28.960+0000] {conn.py:396} INFO - <BrokerConnection client_id=kafka-python-producer-1, node_id=3 host=broker3:19094 <connecting> [IPv4 ('172.18.0.4', 19094)]>: connecting to broker3:19094 [('172.18.0.4', 19094) IPv4]
[2025-12-16T01:30:28.961+0000] {conn.py:457} INFO - <BrokerConnection client_id=kafka-python-producer-1, node_id=3 host=broker3:19094 <connected> [IPv4 ('172.18.0.4', 19094)]>: Connection complete.
[2025-12-16T01:30:28.961+0000] {conn.py:945} INFO - <BrokerConnection client_id=kafka-python-producer-1, node_id=bootstrap-1 host=broker2:19093 <connected> [IPv4 ('172.18.0.8', 19093)]>: Closing connection. 
[2025-12-16T01:30:28.963+0000] {logging_mixin.py:190} INFO - ✅ Sale 1: Ordinateur portable - 1799.98€
[2025-12-16T01:30:29.165+0000] {logging_mixin.py:190} INFO - ✅ Sale 2: Casque audio - 179.97€
[2025-12-16T01:30:29.367+0000] {logging_mixin.py:190} INFO - ✅ Sale 3: Ordinateur portable - 1799.98€
[2025-12-16T01:30:29.568+0000] {logging_mixin.py:190} INFO - ✅ Sale 4: Clavier mecanique - 225.0€
[2025-12-16T01:30:29.570+0000] {conn.py:396} INFO - <BrokerConnection client_id=kafka-python-producer-1, node_id=1 host=broker1:19092 <connecting> [IPv4 ('172.18.0.13', 19092)]>: connecting to broker1:19092 [('172.18.0.13', 19092) IPv4]
[2025-12-16T01:30:29.571+0000] {conn.py:457} INFO - <BrokerConnection client_id=kafka-python-producer-1, node_id=1 host=broker1:19092 <connected> [IPv4 ('172.18.0.13', 19092)]>: Connection complete.
[2025-12-16T01:30:29.770+0000] {logging_mixin.py:190} INFO - ✅ Sale 5: Livre Data Science - 19.99€
[2025-12-16T01:30:29.771+0000] {conn.py:396} INFO - <BrokerConnection client_id=kafka-python-producer-1, node_id=2 host=broker2:19093 <connecting> [IPv4 ('172.18.0.8', 19093)]>: connecting to broker2:19093 [('172.18.0.8', 19093) IPv4]
[2025-12-16T01:30:29.772+0000] {conn.py:457} INFO - <BrokerConnection client_id=kafka-python-producer-1, node_id=2 host=broker2:19093 <connected> [IPv4 ('172.18.0.8', 19093)]>: Connection complete.
[2025-12-16T01:30:29.972+0000] {logging_mixin.py:190} INFO - ✅ Sale 6: Casque audio - 59.99€
[2025-12-16T01:30:30.175+0000] {logging_mixin.py:190} INFO - ✅ Sale 7: Souris sans fil - 51.0€
[2025-12-16T01:30:30.376+0000] {logging_mixin.py:190} INFO - ✅ Sale 8: Souris sans fil - 25.5€
[2025-12-16T01:30:30.578+0000] {logging_mixin.py:190} INFO - ✅ Sale 9: Livre Data Science - 39.98€
[2025-12-16T01:30:30.779+0000] {logging_mixin.py:190} INFO - ✅ Sale 10: Souris sans fil - 76.5€
[2025-12-16T01:30:30.980+0000] {logging_mixin.py:190} INFO - ✅ Sale 11: Souris sans fil - 51.0€
[2025-12-16T01:30:31.182+0000] {logging_mixin.py:190} INFO - ✅ Sale 12: Souris sans fil - 25.5€
[2025-12-16T01:30:31.384+0000] {logging_mixin.py:190} INFO - ✅ Sale 13: Casque audio - 179.97€
[2025-12-16T01:30:31.585+0000] {logging_mixin.py:190} INFO - ✅ Sale 14: Casque audio - 59.99€
[2025-12-16T01:30:31.787+0000] {logging_mixin.py:190} INFO - ✅ Sale 15: Livre Data Science - 59.97€
[2025-12-16T01:30:31.988+0000] {logging_mixin.py:190} INFO - ✅ Sale 16: Casque audio - 119.98€
[2025-12-16T01:30:32.191+0000] {logging_mixin.py:190} INFO - ✅ Sale 17: Ordinateur portable - 899.99€
[2025-12-16T01:30:32.393+0000] {logging_mixin.py:190} INFO - ✅ Sale 18: Clavier mecanique - 225.0€
[2025-12-16T01:30:32.595+0000] {logging_mixin.py:190} INFO - ✅ Sale 19: Livre Data Science - 39.98€
[2025-12-16T01:30:32.796+0000] {logging_mixin.py:190} INFO - ✅ Sale 20: Casque audio - 119.98€
[2025-12-16T01:30:32.998+0000] {logging_mixin.py:190} INFO - ✅ Sale 21: Souris sans fil - 51.0€
[2025-12-16T01:30:33.200+0000] {logging_mixin.py:190} INFO - ✅ Sale 22: Clavier mecanique - 75.0€
[2025-12-16T01:30:33.401+0000] {logging_mixin.py:190} INFO - ✅ Sale 23: Souris sans fil - 76.5€
[2025-12-16T01:30:33.603+0000] {logging_mixin.py:190} INFO - ✅ Sale 24: Ordinateur portable - 1799.98€
[2025-12-16T01:30:33.805+0000] {logging_mixin.py:190} INFO - ✅ Sale 25: Clavier mecanique - 75.0€
[2025-12-16T01:30:34.007+0000] {logging_mixin.py:190} INFO - ✅ Sale 26: Casque audio - 119.98€
[2025-12-16T01:30:34.209+0000] {logging_mixin.py:190} INFO - ✅ Sale 27: Ordinateur portable - 1799.98€
[2025-12-16T01:30:34.411+0000] {logging_mixin.py:190} INFO - ✅ Sale 28: Casque audio - 119.98€
[2025-12-16T01:30:34.612+0000] {logging_mixin.py:190} INFO - ✅ Sale 29: Livre Data Science - 59.97€
[2025-12-16T01:30:34.814+0000] {logging_mixin.py:190} INFO - ✅ Sale 30: Ordinateur portable - 899.99€
[2025-12-16T01:30:35.016+0000] {logging_mixin.py:190} INFO - ✅ Sale 31: Livre Data Science - 59.97€
[2025-12-16T01:30:35.217+0000] {logging_mixin.py:190} INFO - ✅ Sale 32: Casque audio - 59.99€
[2025-12-16T01:30:35.419+0000] {logging_mixin.py:190} INFO - ✅ Sale 33: Ordinateur portable - 1799.98€
[2025-12-16T01:30:35.620+0000] {logging_mixin.py:190} INFO - ✅ Sale 34: Souris sans fil - 76.5€
[2025-12-16T01:30:35.821+0000] {logging_mixin.py:190} INFO - ✅ Sale 35: Casque audio - 179.97€
[2025-12-16T01:30:36.023+0000] {logging_mixin.py:190} INFO - ✅ Sale 36: Souris sans fil - 25.5€
[2025-12-16T01:30:36.225+0000] {logging_mixin.py:190} INFO - ✅ Sale 37: Clavier mecanique - 150.0€
[2025-12-16T01:30:36.426+0000] {logging_mixin.py:190} INFO - ✅ Sale 38: Souris sans fil - 51.0€
[2025-12-16T01:30:36.628+0000] {logging_mixin.py:190} INFO - ✅ Sale 39: Souris sans fil - 51.0€
[2025-12-16T01:30:36.830+0000] {logging_mixin.py:190} INFO - ✅ Sale 40: Ordinateur portable - 1799.98€
[2025-12-16T01:30:37.032+0000] {logging_mixin.py:190} INFO - ✅ Sale 41: Clavier mecanique - 150.0€
[2025-12-16T01:30:37.234+0000] {logging_mixin.py:190} INFO - ✅ Sale 42: Souris sans fil - 51.0€
[2025-12-16T01:30:37.437+0000] {logging_mixin.py:190} INFO - ✅ Sale 43: Clavier mecanique - 225.0€
[2025-12-16T01:30:37.638+0000] {logging_mixin.py:190} INFO - ✅ Sale 44: Souris sans fil - 25.5€
[2025-12-16T01:30:37.840+0000] {logging_mixin.py:190} INFO - ✅ Sale 45: Casque audio - 59.99€
[2025-12-16T01:30:38.041+0000] {logging_mixin.py:190} INFO - ✅ Sale 46: Ordinateur portable - 899.99€
[2025-12-16T01:30:38.243+0000] {logging_mixin.py:190} INFO - ✅ Sale 47: Clavier mecanique - 75.0€
[2025-12-16T01:30:38.445+0000] {logging_mixin.py:190} INFO - ✅ Sale 48: Ordinateur portable - 2699.97€
[2025-12-16T01:30:38.646+0000] {logging_mixin.py:190} INFO - ✅ Sale 49: Ordinateur portable - 1799.98€
[2025-12-16T01:30:38.848+0000] {logging_mixin.py:190} INFO - ✅ Sale 50: Souris sans fil - 51.0€
[2025-12-16T01:30:39.049+0000] {kafka.py:629} INFO - <KafkaProducer client_id=kafka-python-producer-1 transactional_id=None>: Closing the Kafka producer with 9223372036.0 secs timeout.
[2025-12-16T01:30:39.050+0000] {conn.py:945} INFO - <BrokerConnection client_id=kafka-python-producer-1, node_id=3 host=broker3:19094 <connected> [IPv4 ('172.18.0.4', 19094)]>: Closing connection. 
[2025-12-16T01:30:39.051+0000] {conn.py:945} INFO - <BrokerConnection client_id=kafka-python-producer-1, node_id=1 host=broker1:19092 <connected> [IPv4 ('172.18.0.13', 19092)]>: Closing connection. 
[2025-12-16T01:30:39.052+0000] {conn.py:945} INFO - <BrokerConnection client_id=kafka-python-producer-1, node_id=2 host=broker2:19093 <connected> [IPv4 ('172.18.0.8', 19093)]>: Closing connection. 
[2025-12-16T01:30:39.053+0000] {logging_mixin.py:190} INFO - ✅ Production completed: 50 sales sent to Kafka topic 'ventes_stream'
[2025-12-16T01:30:39.053+0000] {python.py:240} INFO - Done. Returned value was: None
[2025-12-16T01:30:39.060+0000] {taskinstance.py:341} INFO - ::group::Post task execution logs
[2025-12-16T01:30:39.061+0000] {taskinstance.py:353} INFO - Marking task as SUCCESS. dag_id=unified_sales_pipeline, task_id=produce_sales_data, run_id=manual__2025-12-16T01:30:24.589322+00:00, execution_date=20251216T013024, start_date=20251216T013028, end_date=20251216T013039
[2025-12-16T01:30:39.129+0000] {local_task_job_runner.py:266} INFO - Task exited with return code 0
[2025-12-16T01:30:39.155+0000] {taskinstance.py:3901} INFO - 1 downstream tasks scheduled from follow-on schedule check
[2025-12-16T01:30:39.158+0000] {local_task_job_runner.py:245} INFO - ::endgroup::
