[2025-12-14T09:24:22.236+0000] {local_task_job_runner.py:123} INFO - ::group::Pre task execution logs
[2025-12-14T09:24:22.252+0000] {taskinstance.py:2614} INFO - Dependencies all met for dep_context=non-requeueable deps ti=<TaskInstance: unified_sales_pipeline.produce_sales_data manual__2025-12-14T09:24:19.366268+00:00 [queued]>
[2025-12-14T09:24:22.260+0000] {taskinstance.py:2614} INFO - Dependencies all met for dep_context=requeueable deps ti=<TaskInstance: unified_sales_pipeline.produce_sales_data manual__2025-12-14T09:24:19.366268+00:00 [queued]>
[2025-12-14T09:24:22.261+0000] {taskinstance.py:2867} INFO - Starting attempt 1 of 2
[2025-12-14T09:24:22.272+0000] {taskinstance.py:2890} INFO - Executing <Task(PythonOperator): produce_sales_data> on 2025-12-14 09:24:19.366268+00:00
[2025-12-14T09:24:22.278+0000] {warnings.py:112} WARNING - /home/***/.local/lib/python3.12/site-packages/***/task/task_runner/standard_task_runner.py:70: DeprecationWarning: This process (pid=527) is multi-threaded, use of fork() may lead to deadlocks in the child.
  pid = os.fork()

[2025-12-14T09:24:22.280+0000] {standard_task_runner.py:72} INFO - Started process 528 to run task
[2025-12-14T09:24:22.280+0000] {standard_task_runner.py:104} INFO - Running: ['***', 'tasks', 'run', 'unified_sales_pipeline', 'produce_sales_data', 'manual__2025-12-14T09:24:19.366268+00:00', '--job-id', '118', '--raw', '--subdir', 'DAGS_FOLDER/unified_sales_pipeline_dag.py', '--cfg-path', '/tmp/tmpxjyk_x5r']
[2025-12-14T09:24:22.283+0000] {standard_task_runner.py:105} INFO - Job 118: Subtask produce_sales_data
[2025-12-14T09:24:22.320+0000] {task_command.py:467} INFO - Running <TaskInstance: unified_sales_pipeline.produce_sales_data manual__2025-12-14T09:24:19.366268+00:00 [running]> on host f7434449c2ca
[2025-12-14T09:24:22.392+0000] {taskinstance.py:3134} INFO - Exporting env vars: AIRFLOW_CTX_DAG_OWNER='***' AIRFLOW_CTX_DAG_ID='unified_sales_pipeline' AIRFLOW_CTX_TASK_ID='produce_sales_data' AIRFLOW_CTX_EXECUTION_DATE='2025-12-14T09:24:19.366268+00:00' AIRFLOW_CTX_TRY_NUMBER='1' AIRFLOW_CTX_DAG_RUN_ID='manual__2025-12-14T09:24:19.366268+00:00'
[2025-12-14T09:24:22.393+0000] {taskinstance.py:732} INFO - ::endgroup::
[2025-12-14T09:24:22.404+0000] {conn.py:396} INFO - <BrokerConnection client_id=kafka-python-producer-1, node_id=bootstrap-1 host=broker1:19092 <connecting> [IPv4 ('172.18.0.5', 19092)]>: connecting to broker1:19092 [('172.18.0.5', 19092) IPv4]
[2025-12-14T09:24:22.409+0000] {conn.py:618} INFO - <BrokerConnection client_id=kafka-python-producer-1, node_id=bootstrap-1 host=broker1:19092 <checking_api_versions_recv> [IPv4 ('172.18.0.5', 19092)]>: Broker version identified as 2.6
[2025-12-14T09:24:22.410+0000] {conn.py:457} INFO - <BrokerConnection client_id=kafka-python-producer-1, node_id=bootstrap-1 host=broker1:19092 <connected> [IPv4 ('172.18.0.5', 19092)]>: Connection complete.
[2025-12-14T09:24:22.412+0000] {logging_mixin.py:190} INFO - 🚀 Starting Kafka producer...
[2025-12-14T09:24:22.514+0000] {conn.py:396} INFO - <BrokerConnection client_id=kafka-python-producer-1, node_id=1 host=broker1:19092 <connecting> [IPv4 ('172.18.0.5', 19092)]>: connecting to broker1:19092 [('172.18.0.5', 19092) IPv4]
[2025-12-14T09:24:22.515+0000] {conn.py:457} INFO - <BrokerConnection client_id=kafka-python-producer-1, node_id=1 host=broker1:19092 <connected> [IPv4 ('172.18.0.5', 19092)]>: Connection complete.
[2025-12-14T09:24:22.517+0000] {conn.py:945} INFO - <BrokerConnection client_id=kafka-python-producer-1, node_id=bootstrap-1 host=broker1:19092 <connected> [IPv4 ('172.18.0.5', 19092)]>: Closing connection. 
[2025-12-14T09:24:22.520+0000] {logging_mixin.py:190} INFO - ✅ Sale 1: Livre Data Science - 19.99€
[2025-12-14T09:24:22.521+0000] {conn.py:396} INFO - <BrokerConnection client_id=kafka-python-producer-1, node_id=3 host=broker3:19094 <connecting> [IPv4 ('172.18.0.6', 19094)]>: connecting to broker3:19094 [('172.18.0.6', 19094) IPv4]
[2025-12-14T09:24:22.521+0000] {conn.py:457} INFO - <BrokerConnection client_id=kafka-python-producer-1, node_id=3 host=broker3:19094 <connected> [IPv4 ('172.18.0.6', 19094)]>: Connection complete.
[2025-12-14T09:24:22.721+0000] {logging_mixin.py:190} INFO - ✅ Sale 2: Casque audio - 179.97€
[2025-12-14T09:24:22.923+0000] {logging_mixin.py:190} INFO - ✅ Sale 3: Casque audio - 119.98€
[2025-12-14T09:24:22.925+0000] {conn.py:396} INFO - <BrokerConnection client_id=kafka-python-producer-1, node_id=2 host=broker2:19093 <connecting> [IPv4 ('172.18.0.8', 19093)]>: connecting to broker2:19093 [('172.18.0.8', 19093) IPv4]
[2025-12-14T09:24:22.927+0000] {conn.py:457} INFO - <BrokerConnection client_id=kafka-python-producer-1, node_id=2 host=broker2:19093 <connected> [IPv4 ('172.18.0.8', 19093)]>: Connection complete.
[2025-12-14T09:24:23.126+0000] {logging_mixin.py:190} INFO - ✅ Sale 4: Ordinateur portable - 1799.98€
[2025-12-14T09:24:23.327+0000] {logging_mixin.py:190} INFO - ✅ Sale 5: Livre Data Science - 59.97€
[2025-12-14T09:24:23.528+0000] {logging_mixin.py:190} INFO - ✅ Sale 6: Ordinateur portable - 1799.98€
[2025-12-14T09:24:23.730+0000] {logging_mixin.py:190} INFO - ✅ Sale 7: Souris sans fil - 51.0€
[2025-12-14T09:24:23.932+0000] {logging_mixin.py:190} INFO - ✅ Sale 8: Casque audio - 119.98€
[2025-12-14T09:24:24.135+0000] {logging_mixin.py:190} INFO - ✅ Sale 9: Clavier mecanique - 75.0€
[2025-12-14T09:24:24.336+0000] {logging_mixin.py:190} INFO - ✅ Sale 10: Livre Data Science - 19.99€
[2025-12-14T09:24:24.538+0000] {logging_mixin.py:190} INFO - ✅ Sale 11: Ordinateur portable - 1799.98€
[2025-12-14T09:24:24.740+0000] {logging_mixin.py:190} INFO - ✅ Sale 12: Livre Data Science - 19.99€
[2025-12-14T09:24:24.941+0000] {logging_mixin.py:190} INFO - ✅ Sale 13: Ordinateur portable - 899.99€
[2025-12-14T09:24:25.144+0000] {logging_mixin.py:190} INFO - ✅ Sale 14: Souris sans fil - 76.5€
[2025-12-14T09:24:25.345+0000] {logging_mixin.py:190} INFO - ✅ Sale 15: Clavier mecanique - 75.0€
[2025-12-14T09:24:25.547+0000] {logging_mixin.py:190} INFO - ✅ Sale 16: Clavier mecanique - 150.0€
[2025-12-14T09:24:25.749+0000] {logging_mixin.py:190} INFO - ✅ Sale 17: Casque audio - 179.97€
[2025-12-14T09:24:25.950+0000] {logging_mixin.py:190} INFO - ✅ Sale 18: Livre Data Science - 19.99€
[2025-12-14T09:24:26.152+0000] {logging_mixin.py:190} INFO - ✅ Sale 19: Casque audio - 59.99€
[2025-12-14T09:24:26.353+0000] {logging_mixin.py:190} INFO - ✅ Sale 20: Ordinateur portable - 899.99€
[2025-12-14T09:24:26.554+0000] {logging_mixin.py:190} INFO - ✅ Sale 21: Casque audio - 179.97€
[2025-12-14T09:24:26.756+0000] {logging_mixin.py:190} INFO - ✅ Sale 22: Clavier mecanique - 75.0€
[2025-12-14T09:24:26.958+0000] {logging_mixin.py:190} INFO - ✅ Sale 23: Clavier mecanique - 225.0€
[2025-12-14T09:24:27.159+0000] {logging_mixin.py:190} INFO - ✅ Sale 24: Livre Data Science - 39.98€
[2025-12-14T09:24:27.360+0000] {logging_mixin.py:190} INFO - ✅ Sale 25: Ordinateur portable - 2699.97€
[2025-12-14T09:24:27.562+0000] {logging_mixin.py:190} INFO - ✅ Sale 26: Ordinateur portable - 1799.98€
[2025-12-14T09:24:27.763+0000] {logging_mixin.py:190} INFO - ✅ Sale 27: Souris sans fil - 25.5€
[2025-12-14T09:24:27.965+0000] {logging_mixin.py:190} INFO - ✅ Sale 28: Casque audio - 59.99€
[2025-12-14T09:24:28.166+0000] {logging_mixin.py:190} INFO - ✅ Sale 29: Souris sans fil - 25.5€
[2025-12-14T09:24:28.368+0000] {logging_mixin.py:190} INFO - ✅ Sale 30: Livre Data Science - 39.98€
[2025-12-14T09:24:28.570+0000] {logging_mixin.py:190} INFO - ✅ Sale 31: Casque audio - 179.97€
[2025-12-14T09:24:28.772+0000] {logging_mixin.py:190} INFO - ✅ Sale 32: Clavier mecanique - 150.0€
[2025-12-14T09:24:28.974+0000] {logging_mixin.py:190} INFO - ✅ Sale 33: Livre Data Science - 39.98€
[2025-12-14T09:24:29.177+0000] {logging_mixin.py:190} INFO - ✅ Sale 34: Clavier mecanique - 150.0€
[2025-12-14T09:24:29.378+0000] {logging_mixin.py:190} INFO - ✅ Sale 35: Ordinateur portable - 1799.98€
[2025-12-14T09:24:29.580+0000] {logging_mixin.py:190} INFO - ✅ Sale 36: Clavier mecanique - 75.0€
[2025-12-14T09:24:29.782+0000] {logging_mixin.py:190} INFO - ✅ Sale 37: Souris sans fil - 76.5€
[2025-12-14T09:24:29.985+0000] {logging_mixin.py:190} INFO - ✅ Sale 38: Souris sans fil - 51.0€
[2025-12-14T09:24:30.187+0000] {logging_mixin.py:190} INFO - ✅ Sale 39: Souris sans fil - 25.5€
[2025-12-14T09:24:30.388+0000] {logging_mixin.py:190} INFO - ✅ Sale 40: Casque audio - 179.97€
[2025-12-14T09:24:30.590+0000] {logging_mixin.py:190} INFO - ✅ Sale 41: Souris sans fil - 76.5€
[2025-12-14T09:24:30.792+0000] {logging_mixin.py:190} INFO - ✅ Sale 42: Casque audio - 59.99€
[2025-12-14T09:24:30.995+0000] {logging_mixin.py:190} INFO - ✅ Sale 43: Ordinateur portable - 1799.98€
[2025-12-14T09:24:31.199+0000] {logging_mixin.py:190} INFO - ✅ Sale 44: Ordinateur portable - 1799.98€
[2025-12-14T09:24:31.401+0000] {logging_mixin.py:190} INFO - ✅ Sale 45: Casque audio - 119.98€
[2025-12-14T09:24:31.602+0000] {logging_mixin.py:190} INFO - ✅ Sale 46: Livre Data Science - 59.97€
[2025-12-14T09:24:31.804+0000] {logging_mixin.py:190} INFO - ✅ Sale 47: Ordinateur portable - 1799.98€
[2025-12-14T09:24:32.006+0000] {logging_mixin.py:190} INFO - ✅ Sale 48: Casque audio - 119.98€
[2025-12-14T09:24:32.209+0000] {logging_mixin.py:190} INFO - ✅ Sale 49: Souris sans fil - 76.5€
[2025-12-14T09:24:32.411+0000] {logging_mixin.py:190} INFO - ✅ Sale 50: Casque audio - 119.98€
[2025-12-14T09:24:32.613+0000] {kafka.py:629} INFO - <KafkaProducer client_id=kafka-python-producer-1 transactional_id=None>: Closing the Kafka producer with 9223372036.0 secs timeout.
[2025-12-14T09:24:32.614+0000] {conn.py:945} INFO - <BrokerConnection client_id=kafka-python-producer-1, node_id=1 host=broker1:19092 <connected> [IPv4 ('172.18.0.5', 19092)]>: Closing connection. 
[2025-12-14T09:24:32.614+0000] {conn.py:945} INFO - <BrokerConnection client_id=kafka-python-producer-1, node_id=3 host=broker3:19094 <connected> [IPv4 ('172.18.0.6', 19094)]>: Closing connection. 
[2025-12-14T09:24:32.615+0000] {conn.py:945} INFO - <BrokerConnection client_id=kafka-python-producer-1, node_id=2 host=broker2:19093 <connected> [IPv4 ('172.18.0.8', 19093)]>: Closing connection. 
[2025-12-14T09:24:32.616+0000] {logging_mixin.py:190} INFO - ✅ Production completed: 50 sales sent to Kafka topic 'ventes_stream'
[2025-12-14T09:24:32.616+0000] {python.py:240} INFO - Done. Returned value was: None
[2025-12-14T09:24:32.624+0000] {taskinstance.py:341} INFO - ::group::Post task execution logs
[2025-12-14T09:24:32.624+0000] {taskinstance.py:353} INFO - Marking task as SUCCESS. dag_id=unified_sales_pipeline, task_id=produce_sales_data, run_id=manual__2025-12-14T09:24:19.366268+00:00, execution_date=20251214T092419, start_date=20251214T092422, end_date=20251214T092432
[2025-12-14T09:24:32.677+0000] {local_task_job_runner.py:266} INFO - Task exited with return code 0
[2025-12-14T09:24:32.699+0000] {taskinstance.py:3901} INFO - 1 downstream tasks scheduled from follow-on schedule check
[2025-12-14T09:24:32.703+0000] {local_task_job_runner.py:245} INFO - ::endgroup::
