[2025-12-16T02:40:22.218+0000] {local_task_job_runner.py:123} INFO - ::group::Pre task execution logs
[2025-12-16T02:40:22.233+0000] {taskinstance.py:2614} INFO - Dependencies all met for dep_context=non-requeueable deps ti=<TaskInstance: unified_sales_pipeline.produce_sales_data manual__2025-12-16T02:40:18.361698+00:00 [queued]>
[2025-12-16T02:40:22.241+0000] {taskinstance.py:2614} INFO - Dependencies all met for dep_context=requeueable deps ti=<TaskInstance: unified_sales_pipeline.produce_sales_data manual__2025-12-16T02:40:18.361698+00:00 [queued]>
[2025-12-16T02:40:22.242+0000] {taskinstance.py:2867} INFO - Starting attempt 1 of 2
[2025-12-16T02:40:22.252+0000] {taskinstance.py:2890} INFO - Executing <Task(PythonOperator): produce_sales_data> on 2025-12-16 02:40:18.361698+00:00
[2025-12-16T02:40:22.259+0000] {warnings.py:112} WARNING - /home/***/.local/lib/python3.12/site-packages/***/task/task_runner/standard_task_runner.py:70: DeprecationWarning: This process (pid=759) is multi-threaded, use of fork() may lead to deadlocks in the child.
  pid = os.fork()

[2025-12-16T02:40:22.260+0000] {standard_task_runner.py:72} INFO - Started process 760 to run task
[2025-12-16T02:40:22.260+0000] {standard_task_runner.py:104} INFO - Running: ['***', 'tasks', 'run', 'unified_sales_pipeline', 'produce_sales_data', 'manual__2025-12-16T02:40:18.361698+00:00', '--job-id', '53', '--raw', '--subdir', 'DAGS_FOLDER/unified_sales_pipeline_dag.py', '--cfg-path', '/tmp/tmpusx4l6zz']
[2025-12-16T02:40:22.262+0000] {standard_task_runner.py:105} INFO - Job 53: Subtask produce_sales_data
[2025-12-16T02:40:22.303+0000] {task_command.py:467} INFO - Running <TaskInstance: unified_sales_pipeline.produce_sales_data manual__2025-12-16T02:40:18.361698+00:00 [running]> on host 4d0049057698
[2025-12-16T02:40:22.370+0000] {taskinstance.py:3134} INFO - Exporting env vars: AIRFLOW_CTX_DAG_OWNER='***' AIRFLOW_CTX_DAG_ID='unified_sales_pipeline' AIRFLOW_CTX_TASK_ID='produce_sales_data' AIRFLOW_CTX_EXECUTION_DATE='2025-12-16T02:40:18.361698+00:00' AIRFLOW_CTX_TRY_NUMBER='1' AIRFLOW_CTX_DAG_RUN_ID='manual__2025-12-16T02:40:18.361698+00:00'
[2025-12-16T02:40:22.371+0000] {taskinstance.py:732} INFO - ::endgroup::
[2025-12-16T02:40:22.385+0000] {conn.py:396} INFO - <BrokerConnection client_id=kafka-python-producer-1, node_id=bootstrap-2 host=broker1:19092 <connecting> [IPv4 ('172.18.0.4', 19092)]>: connecting to broker1:19092 [('172.18.0.4', 19092) IPv4]
[2025-12-16T02:40:22.394+0000] {conn.py:618} INFO - <BrokerConnection client_id=kafka-python-producer-1, node_id=bootstrap-2 host=broker1:19092 <checking_api_versions_recv> [IPv4 ('172.18.0.4', 19092)]>: Broker version identified as 2.6
[2025-12-16T02:40:22.395+0000] {conn.py:457} INFO - <BrokerConnection client_id=kafka-python-producer-1, node_id=bootstrap-2 host=broker1:19092 <connected> [IPv4 ('172.18.0.4', 19092)]>: Connection complete.
[2025-12-16T02:40:22.398+0000] {logging_mixin.py:190} INFO - 🚀 Starting Kafka producer...
[2025-12-16T02:40:22.501+0000] {conn.py:396} INFO - <BrokerConnection client_id=kafka-python-producer-1, node_id=3 host=broker3:19094 <connecting> [IPv4 ('172.18.0.7', 19094)]>: connecting to broker3:19094 [('172.18.0.7', 19094) IPv4]
[2025-12-16T02:40:22.502+0000] {conn.py:457} INFO - <BrokerConnection client_id=kafka-python-producer-1, node_id=3 host=broker3:19094 <connected> [IPv4 ('172.18.0.7', 19094)]>: Connection complete.
[2025-12-16T02:40:22.505+0000] {conn.py:945} INFO - <BrokerConnection client_id=kafka-python-producer-1, node_id=bootstrap-2 host=broker1:19092 <connected> [IPv4 ('172.18.0.4', 19092)]>: Closing connection. 
[2025-12-16T02:40:22.509+0000] {logging_mixin.py:190} INFO - ✅ Sale 1: Souris sans fil - 51.0€
[2025-12-16T02:40:22.510+0000] {conn.py:396} INFO - <BrokerConnection client_id=kafka-python-producer-1, node_id=1 host=broker1:19092 <connecting> [IPv4 ('172.18.0.4', 19092)]>: connecting to broker1:19092 [('172.18.0.4', 19092) IPv4]
[2025-12-16T02:40:22.511+0000] {conn.py:457} INFO - <BrokerConnection client_id=kafka-python-producer-1, node_id=1 host=broker1:19092 <connected> [IPv4 ('172.18.0.4', 19092)]>: Connection complete.
[2025-12-16T02:40:22.711+0000] {logging_mixin.py:190} INFO - ✅ Sale 2: Ordinateur portable - 1799.98€
[2025-12-16T02:40:22.713+0000] {conn.py:396} INFO - <BrokerConnection client_id=kafka-python-producer-1, node_id=2 host=broker2:19093 <connecting> [IPv4 ('172.18.0.5', 19093)]>: connecting to broker2:19093 [('172.18.0.5', 19093) IPv4]
[2025-12-16T02:40:22.715+0000] {conn.py:457} INFO - <BrokerConnection client_id=kafka-python-producer-1, node_id=2 host=broker2:19093 <connected> [IPv4 ('172.18.0.5', 19093)]>: Connection complete.
[2025-12-16T02:40:22.913+0000] {logging_mixin.py:190} INFO - ✅ Sale 3: Souris sans fil - 76.5€
[2025-12-16T02:40:23.114+0000] {logging_mixin.py:190} INFO - ✅ Sale 4: Souris sans fil - 25.5€
[2025-12-16T02:40:23.316+0000] {logging_mixin.py:190} INFO - ✅ Sale 5: Casque audio - 59.99€
[2025-12-16T02:40:23.518+0000] {logging_mixin.py:190} INFO - ✅ Sale 6: Souris sans fil - 51.0€
[2025-12-16T02:40:23.720+0000] {logging_mixin.py:190} INFO - ✅ Sale 7: Clavier mecanique - 225.0€
[2025-12-16T02:40:23.922+0000] {logging_mixin.py:190} INFO - ✅ Sale 8: Clavier mecanique - 150.0€
[2025-12-16T02:40:24.124+0000] {logging_mixin.py:190} INFO - ✅ Sale 9: Souris sans fil - 51.0€
[2025-12-16T02:40:24.325+0000] {logging_mixin.py:190} INFO - ✅ Sale 10: Casque audio - 119.98€
[2025-12-16T02:40:24.527+0000] {logging_mixin.py:190} INFO - ✅ Sale 11: Livre Data Science - 19.99€
[2025-12-16T02:40:24.729+0000] {logging_mixin.py:190} INFO - ✅ Sale 12: Ordinateur portable - 1799.98€
[2025-12-16T02:40:24.931+0000] {logging_mixin.py:190} INFO - ✅ Sale 13: Souris sans fil - 25.5€
[2025-12-16T02:40:25.133+0000] {logging_mixin.py:190} INFO - ✅ Sale 14: Casque audio - 179.97€
[2025-12-16T02:40:25.335+0000] {logging_mixin.py:190} INFO - ✅ Sale 15: Livre Data Science - 19.99€
[2025-12-16T02:40:25.537+0000] {logging_mixin.py:190} INFO - ✅ Sale 16: Clavier mecanique - 150.0€
[2025-12-16T02:40:25.739+0000] {logging_mixin.py:190} INFO - ✅ Sale 17: Livre Data Science - 39.98€
[2025-12-16T02:40:25.941+0000] {logging_mixin.py:190} INFO - ✅ Sale 18: Ordinateur portable - 1799.98€
[2025-12-16T02:40:26.142+0000] {logging_mixin.py:190} INFO - ✅ Sale 19: Souris sans fil - 76.5€
[2025-12-16T02:40:26.344+0000] {logging_mixin.py:190} INFO - ✅ Sale 20: Clavier mecanique - 150.0€
[2025-12-16T02:40:26.545+0000] {logging_mixin.py:190} INFO - ✅ Sale 21: Casque audio - 119.98€
[2025-12-16T02:40:26.747+0000] {logging_mixin.py:190} INFO - ✅ Sale 22: Souris sans fil - 51.0€
[2025-12-16T02:40:26.949+0000] {logging_mixin.py:190} INFO - ✅ Sale 23: Souris sans fil - 76.5€
[2025-12-16T02:40:27.150+0000] {logging_mixin.py:190} INFO - ✅ Sale 24: Clavier mecanique - 75.0€
[2025-12-16T02:40:27.351+0000] {logging_mixin.py:190} INFO - ✅ Sale 25: Souris sans fil - 76.5€
[2025-12-16T02:40:27.553+0000] {logging_mixin.py:190} INFO - ✅ Sale 26: Ordinateur portable - 899.99€
[2025-12-16T02:40:27.756+0000] {logging_mixin.py:190} INFO - ✅ Sale 27: Ordinateur portable - 1799.98€
[2025-12-16T02:40:27.959+0000] {logging_mixin.py:190} INFO - ✅ Sale 28: Souris sans fil - 51.0€
[2025-12-16T02:40:28.160+0000] {logging_mixin.py:190} INFO - ✅ Sale 29: Ordinateur portable - 1799.98€
[2025-12-16T02:40:28.361+0000] {logging_mixin.py:190} INFO - ✅ Sale 30: Casque audio - 59.99€
[2025-12-16T02:40:28.562+0000] {logging_mixin.py:190} INFO - ✅ Sale 31: Souris sans fil - 51.0€
[2025-12-16T02:40:28.764+0000] {logging_mixin.py:190} INFO - ✅ Sale 32: Casque audio - 119.98€
[2025-12-16T02:40:28.966+0000] {logging_mixin.py:190} INFO - ✅ Sale 33: Livre Data Science - 19.99€
[2025-12-16T02:40:29.169+0000] {logging_mixin.py:190} INFO - ✅ Sale 34: Clavier mecanique - 150.0€
[2025-12-16T02:40:29.370+0000] {logging_mixin.py:190} INFO - ✅ Sale 35: Livre Data Science - 59.97€
[2025-12-16T02:40:29.572+0000] {logging_mixin.py:190} INFO - ✅ Sale 36: Clavier mecanique - 150.0€
[2025-12-16T02:40:29.773+0000] {logging_mixin.py:190} INFO - ✅ Sale 37: Casque audio - 179.97€
[2025-12-16T02:40:29.976+0000] {logging_mixin.py:190} INFO - ✅ Sale 38: Livre Data Science - 19.99€
[2025-12-16T02:40:30.177+0000] {logging_mixin.py:190} INFO - ✅ Sale 39: Ordinateur portable - 899.99€
[2025-12-16T02:40:30.379+0000] {logging_mixin.py:190} INFO - ✅ Sale 40: Livre Data Science - 59.97€
[2025-12-16T02:40:30.584+0000] {logging_mixin.py:190} INFO - ✅ Sale 41: Clavier mecanique - 75.0€
[2025-12-16T02:40:30.785+0000] {logging_mixin.py:190} INFO - ✅ Sale 42: Clavier mecanique - 225.0€
[2025-12-16T02:40:30.987+0000] {logging_mixin.py:190} INFO - ✅ Sale 43: Livre Data Science - 59.97€
[2025-12-16T02:40:31.189+0000] {logging_mixin.py:190} INFO - ✅ Sale 44: Livre Data Science - 39.98€
[2025-12-16T02:40:31.392+0000] {logging_mixin.py:190} INFO - ✅ Sale 45: Casque audio - 59.99€
[2025-12-16T02:40:31.594+0000] {logging_mixin.py:190} INFO - ✅ Sale 46: Livre Data Science - 59.97€
[2025-12-16T02:40:31.795+0000] {logging_mixin.py:190} INFO - ✅ Sale 47: Ordinateur portable - 1799.98€
[2025-12-16T02:40:31.997+0000] {logging_mixin.py:190} INFO - ✅ Sale 48: Livre Data Science - 39.98€
[2025-12-16T02:40:32.199+0000] {logging_mixin.py:190} INFO - ✅ Sale 49: Ordinateur portable - 899.99€
[2025-12-16T02:40:32.401+0000] {logging_mixin.py:190} INFO - ✅ Sale 50: Ordinateur portable - 1799.98€
[2025-12-16T02:40:32.603+0000] {kafka.py:629} INFO - <KafkaProducer client_id=kafka-python-producer-1 transactional_id=None>: Closing the Kafka producer with 9223372036.0 secs timeout.
[2025-12-16T02:40:32.605+0000] {conn.py:945} INFO - <BrokerConnection client_id=kafka-python-producer-1, node_id=3 host=broker3:19094 <connected> [IPv4 ('172.18.0.7', 19094)]>: Closing connection. 
[2025-12-16T02:40:32.605+0000] {conn.py:945} INFO - <BrokerConnection client_id=kafka-python-producer-1, node_id=1 host=broker1:19092 <connected> [IPv4 ('172.18.0.4', 19092)]>: Closing connection. 
[2025-12-16T02:40:32.606+0000] {conn.py:945} INFO - <BrokerConnection client_id=kafka-python-producer-1, node_id=2 host=broker2:19093 <connected> [IPv4 ('172.18.0.5', 19093)]>: Closing connection. 
[2025-12-16T02:40:32.608+0000] {logging_mixin.py:190} INFO - ✅ Production completed: 50 sales sent to Kafka topic 'ventes_stream'
[2025-12-16T02:40:32.609+0000] {python.py:240} INFO - Done. Returned value was: None
[2025-12-16T02:40:32.618+0000] {taskinstance.py:341} INFO - ::group::Post task execution logs
[2025-12-16T02:40:32.619+0000] {taskinstance.py:353} INFO - Marking task as SUCCESS. dag_id=unified_sales_pipeline, task_id=produce_sales_data, run_id=manual__2025-12-16T02:40:18.361698+00:00, execution_date=20251216T024018, start_date=20251216T024022, end_date=20251216T024032
[2025-12-16T02:40:32.699+0000] {local_task_job_runner.py:266} INFO - Task exited with return code 0
[2025-12-16T02:40:32.731+0000] {taskinstance.py:3901} INFO - 1 downstream tasks scheduled from follow-on schedule check
[2025-12-16T02:40:32.734+0000] {local_task_job_runner.py:245} INFO - ::endgroup::
