[2025-12-16T01:59:13.365+0000] {local_task_job_runner.py:123} INFO - ::group::Pre task execution logs
[2025-12-16T01:59:13.381+0000] {taskinstance.py:2614} INFO - Dependencies all met for dep_context=non-requeueable deps ti=<TaskInstance: unified_sales_pipeline.produce_sales_data manual__2025-12-16T01:59:09.622325+00:00 [queued]>
[2025-12-16T01:59:13.389+0000] {taskinstance.py:2614} INFO - Dependencies all met for dep_context=requeueable deps ti=<TaskInstance: unified_sales_pipeline.produce_sales_data manual__2025-12-16T01:59:09.622325+00:00 [queued]>
[2025-12-16T01:59:13.390+0000] {taskinstance.py:2867} INFO - Starting attempt 1 of 2
[2025-12-16T01:59:13.402+0000] {taskinstance.py:2890} INFO - Executing <Task(PythonOperator): produce_sales_data> on 2025-12-16 01:59:09.622325+00:00
[2025-12-16T01:59:13.409+0000] {warnings.py:112} WARNING - /home/***/.local/lib/python3.12/site-packages/***/task/task_runner/standard_task_runner.py:70: DeprecationWarning: This process (pid=136) is multi-threaded, use of fork() may lead to deadlocks in the child.
  pid = os.fork()

[2025-12-16T01:59:13.410+0000] {standard_task_runner.py:72} INFO - Started process 137 to run task
[2025-12-16T01:59:13.410+0000] {standard_task_runner.py:104} INFO - Running: ['***', 'tasks', 'run', 'unified_sales_pipeline', 'produce_sales_data', 'manual__2025-12-16T01:59:09.622325+00:00', '--job-id', '35', '--raw', '--subdir', 'DAGS_FOLDER/unified_sales_pipeline_dag.py', '--cfg-path', '/tmp/tmp20efrcxs']
[2025-12-16T01:59:13.411+0000] {standard_task_runner.py:105} INFO - Job 35: Subtask produce_sales_data
[2025-12-16T01:59:13.451+0000] {task_command.py:467} INFO - Running <TaskInstance: unified_sales_pipeline.produce_sales_data manual__2025-12-16T01:59:09.622325+00:00 [running]> on host 4d0049057698
[2025-12-16T01:59:13.533+0000] {taskinstance.py:3134} INFO - Exporting env vars: AIRFLOW_CTX_DAG_OWNER='***' AIRFLOW_CTX_DAG_ID='unified_sales_pipeline' AIRFLOW_CTX_TASK_ID='produce_sales_data' AIRFLOW_CTX_EXECUTION_DATE='2025-12-16T01:59:09.622325+00:00' AIRFLOW_CTX_TRY_NUMBER='1' AIRFLOW_CTX_DAG_RUN_ID='manual__2025-12-16T01:59:09.622325+00:00'
[2025-12-16T01:59:13.535+0000] {taskinstance.py:732} INFO - ::endgroup::
[2025-12-16T01:59:13.558+0000] {conn.py:396} INFO - <BrokerConnection client_id=kafka-python-producer-1, node_id=bootstrap-0 host=broker1:19092 <connecting> [IPv4 ('172.18.0.4', 19092)]>: connecting to broker1:19092 [('172.18.0.4', 19092) IPv4]
[2025-12-16T01:59:13.565+0000] {conn.py:618} INFO - <BrokerConnection client_id=kafka-python-producer-1, node_id=bootstrap-0 host=broker1:19092 <checking_api_versions_recv> [IPv4 ('172.18.0.4', 19092)]>: Broker version identified as 2.6
[2025-12-16T01:59:13.566+0000] {conn.py:457} INFO - <BrokerConnection client_id=kafka-python-producer-1, node_id=bootstrap-0 host=broker1:19092 <connected> [IPv4 ('172.18.0.4', 19092)]>: Connection complete.
[2025-12-16T01:59:13.573+0000] {logging_mixin.py:190} INFO - 🚀 Starting Kafka producer...
[2025-12-16T01:59:13.675+0000] {conn.py:396} INFO - <BrokerConnection client_id=kafka-python-producer-1, node_id=2 host=broker2:19093 <connecting> [IPv4 ('172.18.0.5', 19093)]>: connecting to broker2:19093 [('172.18.0.5', 19093) IPv4]
[2025-12-16T01:59:13.676+0000] {conn.py:457} INFO - <BrokerConnection client_id=kafka-python-producer-1, node_id=2 host=broker2:19093 <connected> [IPv4 ('172.18.0.5', 19093)]>: Connection complete.
[2025-12-16T01:59:13.676+0000] {conn.py:945} INFO - <BrokerConnection client_id=kafka-python-producer-1, node_id=bootstrap-0 host=broker1:19092 <connected> [IPv4 ('172.18.0.4', 19092)]>: Closing connection. 
[2025-12-16T01:59:13.781+0000] {cluster.py:316} ERROR - Topic ventes_stream not found in cluster metadata
[2025-12-16T01:59:13.889+0000] {cluster.py:316} ERROR - Topic ventes_stream not found in cluster metadata
[2025-12-16T01:59:14.004+0000] {logging_mixin.py:190} INFO - ✅ Sale 1: Clavier mecanique - 225.0€
[2025-12-16T01:59:14.005+0000] {conn.py:396} INFO - <BrokerConnection client_id=kafka-python-producer-1, node_id=3 host=broker3:19094 <connecting> [IPv4 ('172.18.0.7', 19094)]>: connecting to broker3:19094 [('172.18.0.7', 19094) IPv4]
[2025-12-16T01:59:14.007+0000] {conn.py:457} INFO - <BrokerConnection client_id=kafka-python-producer-1, node_id=3 host=broker3:19094 <connected> [IPv4 ('172.18.0.7', 19094)]>: Connection complete.
[2025-12-16T01:59:14.206+0000] {logging_mixin.py:190} INFO - ✅ Sale 2: Livre Data Science - 59.97€
[2025-12-16T01:59:14.407+0000] {logging_mixin.py:190} INFO - ✅ Sale 3: Livre Data Science - 39.98€
[2025-12-16T01:59:14.409+0000] {conn.py:396} INFO - <BrokerConnection client_id=kafka-python-producer-1, node_id=1 host=broker1:19092 <connecting> [IPv4 ('172.18.0.4', 19092)]>: connecting to broker1:19092 [('172.18.0.4', 19092) IPv4]
[2025-12-16T01:59:14.411+0000] {conn.py:457} INFO - <BrokerConnection client_id=kafka-python-producer-1, node_id=1 host=broker1:19092 <connected> [IPv4 ('172.18.0.4', 19092)]>: Connection complete.
[2025-12-16T01:59:14.609+0000] {logging_mixin.py:190} INFO - ✅ Sale 4: Livre Data Science - 39.98€
[2025-12-16T01:59:14.811+0000] {logging_mixin.py:190} INFO - ✅ Sale 5: Casque audio - 59.99€
[2025-12-16T01:59:15.012+0000] {logging_mixin.py:190} INFO - ✅ Sale 6: Ordinateur portable - 2699.97€
[2025-12-16T01:59:15.214+0000] {logging_mixin.py:190} INFO - ✅ Sale 7: Clavier mecanique - 150.0€
[2025-12-16T01:59:15.416+0000] {logging_mixin.py:190} INFO - ✅ Sale 8: Casque audio - 119.98€
[2025-12-16T01:59:15.618+0000] {logging_mixin.py:190} INFO - ✅ Sale 9: Livre Data Science - 39.98€
[2025-12-16T01:59:15.821+0000] {logging_mixin.py:190} INFO - ✅ Sale 10: Souris sans fil - 76.5€
[2025-12-16T01:59:16.022+0000] {logging_mixin.py:190} INFO - ✅ Sale 11: Ordinateur portable - 899.99€
[2025-12-16T01:59:16.224+0000] {logging_mixin.py:190} INFO - ✅ Sale 12: Ordinateur portable - 1799.98€
[2025-12-16T01:59:16.427+0000] {logging_mixin.py:190} INFO - ✅ Sale 13: Livre Data Science - 59.97€
[2025-12-16T01:59:16.628+0000] {logging_mixin.py:190} INFO - ✅ Sale 14: Souris sans fil - 76.5€
[2025-12-16T01:59:16.830+0000] {logging_mixin.py:190} INFO - ✅ Sale 15: Ordinateur portable - 899.99€
[2025-12-16T01:59:17.030+0000] {logging_mixin.py:190} INFO - ✅ Sale 16: Livre Data Science - 39.98€
[2025-12-16T01:59:17.231+0000] {logging_mixin.py:190} INFO - ✅ Sale 17: Souris sans fil - 25.5€
[2025-12-16T01:59:17.433+0000] {logging_mixin.py:190} INFO - ✅ Sale 18: Ordinateur portable - 899.99€
[2025-12-16T01:59:17.634+0000] {logging_mixin.py:190} INFO - ✅ Sale 19: Souris sans fil - 51.0€
[2025-12-16T01:59:17.836+0000] {logging_mixin.py:190} INFO - ✅ Sale 20: Souris sans fil - 25.5€
[2025-12-16T01:59:18.038+0000] {logging_mixin.py:190} INFO - ✅ Sale 21: Ordinateur portable - 1799.98€
[2025-12-16T01:59:18.242+0000] {logging_mixin.py:190} INFO - ✅ Sale 22: Casque audio - 119.98€
[2025-12-16T01:59:18.443+0000] {logging_mixin.py:190} INFO - ✅ Sale 23: Casque audio - 179.97€
[2025-12-16T01:59:18.646+0000] {logging_mixin.py:190} INFO - ✅ Sale 24: Ordinateur portable - 1799.98€
[2025-12-16T01:59:18.849+0000] {logging_mixin.py:190} INFO - ✅ Sale 25: Souris sans fil - 51.0€
[2025-12-16T01:59:19.051+0000] {logging_mixin.py:190} INFO - ✅ Sale 26: Ordinateur portable - 899.99€
[2025-12-16T01:59:19.253+0000] {logging_mixin.py:190} INFO - ✅ Sale 27: Livre Data Science - 39.98€
[2025-12-16T01:59:19.454+0000] {logging_mixin.py:190} INFO - ✅ Sale 28: Clavier mecanique - 225.0€
[2025-12-16T01:59:19.656+0000] {logging_mixin.py:190} INFO - ✅ Sale 29: Clavier mecanique - 225.0€
[2025-12-16T01:59:19.858+0000] {logging_mixin.py:190} INFO - ✅ Sale 30: Ordinateur portable - 899.99€
[2025-12-16T01:59:20.060+0000] {logging_mixin.py:190} INFO - ✅ Sale 31: Casque audio - 59.99€
[2025-12-16T01:59:20.261+0000] {logging_mixin.py:190} INFO - ✅ Sale 32: Clavier mecanique - 150.0€
[2025-12-16T01:59:20.463+0000] {logging_mixin.py:190} INFO - ✅ Sale 33: Livre Data Science - 19.99€
[2025-12-16T01:59:20.665+0000] {logging_mixin.py:190} INFO - ✅ Sale 34: Clavier mecanique - 225.0€
[2025-12-16T01:59:20.867+0000] {logging_mixin.py:190} INFO - ✅ Sale 35: Souris sans fil - 25.5€
[2025-12-16T01:59:21.068+0000] {logging_mixin.py:190} INFO - ✅ Sale 36: Souris sans fil - 25.5€
[2025-12-16T01:59:21.270+0000] {logging_mixin.py:190} INFO - ✅ Sale 37: Livre Data Science - 19.99€
[2025-12-16T01:59:21.472+0000] {logging_mixin.py:190} INFO - ✅ Sale 38: Clavier mecanique - 225.0€
[2025-12-16T01:59:21.675+0000] {logging_mixin.py:190} INFO - ✅ Sale 39: Souris sans fil - 51.0€
[2025-12-16T01:59:21.878+0000] {logging_mixin.py:190} INFO - ✅ Sale 40: Clavier mecanique - 75.0€
[2025-12-16T01:59:22.079+0000] {logging_mixin.py:190} INFO - ✅ Sale 41: Clavier mecanique - 225.0€
[2025-12-16T01:59:22.282+0000] {logging_mixin.py:190} INFO - ✅ Sale 42: Ordinateur portable - 899.99€
[2025-12-16T01:59:22.485+0000] {logging_mixin.py:190} INFO - ✅ Sale 43: Casque audio - 59.99€
[2025-12-16T01:59:22.687+0000] {logging_mixin.py:190} INFO - ✅ Sale 44: Livre Data Science - 59.97€
[2025-12-16T01:59:22.889+0000] {logging_mixin.py:190} INFO - ✅ Sale 45: Ordinateur portable - 2699.97€
[2025-12-16T01:59:23.091+0000] {logging_mixin.py:190} INFO - ✅ Sale 46: Ordinateur portable - 899.99€
[2025-12-16T01:59:23.293+0000] {logging_mixin.py:190} INFO - ✅ Sale 47: Casque audio - 179.97€
[2025-12-16T01:59:23.495+0000] {logging_mixin.py:190} INFO - ✅ Sale 48: Clavier mecanique - 75.0€
[2025-12-16T01:59:23.696+0000] {logging_mixin.py:190} INFO - ✅ Sale 49: Casque audio - 59.99€
[2025-12-16T01:59:23.898+0000] {logging_mixin.py:190} INFO - ✅ Sale 50: Ordinateur portable - 899.99€
[2025-12-16T01:59:24.100+0000] {kafka.py:629} INFO - <KafkaProducer client_id=kafka-python-producer-1 transactional_id=None>: Closing the Kafka producer with 9223372036.0 secs timeout.
[2025-12-16T01:59:24.101+0000] {conn.py:945} INFO - <BrokerConnection client_id=kafka-python-producer-1, node_id=2 host=broker2:19093 <connected> [IPv4 ('172.18.0.5', 19093)]>: Closing connection. 
[2025-12-16T01:59:24.102+0000] {conn.py:945} INFO - <BrokerConnection client_id=kafka-python-producer-1, node_id=3 host=broker3:19094 <connected> [IPv4 ('172.18.0.7', 19094)]>: Closing connection. 
[2025-12-16T01:59:24.102+0000] {conn.py:945} INFO - <BrokerConnection client_id=kafka-python-producer-1, node_id=1 host=broker1:19092 <connected> [IPv4 ('172.18.0.4', 19092)]>: Closing connection. 
[2025-12-16T01:59:24.103+0000] {logging_mixin.py:190} INFO - ✅ Production completed: 50 sales sent to Kafka topic 'ventes_stream'
[2025-12-16T01:59:24.104+0000] {python.py:240} INFO - Done. Returned value was: None
[2025-12-16T01:59:24.112+0000] {taskinstance.py:341} INFO - ::group::Post task execution logs
[2025-12-16T01:59:24.113+0000] {taskinstance.py:353} INFO - Marking task as SUCCESS. dag_id=unified_sales_pipeline, task_id=produce_sales_data, run_id=manual__2025-12-16T01:59:09.622325+00:00, execution_date=20251216T015909, start_date=20251216T015913, end_date=20251216T015924
[2025-12-16T01:59:24.168+0000] {local_task_job_runner.py:266} INFO - Task exited with return code 0
[2025-12-16T01:59:24.197+0000] {taskinstance.py:3901} INFO - 1 downstream tasks scheduled from follow-on schedule check
[2025-12-16T01:59:24.199+0000] {local_task_job_runner.py:245} INFO - ::endgroup::
