[2025-11-23T08:08:22.126+0000] {local_task_job_runner.py:123} INFO - ::group::Pre task execution logs
[2025-11-23T08:08:22.144+0000] {taskinstance.py:2614} INFO - Dependencies all met for dep_context=non-requeueable deps ti=<TaskInstance: unified_sales_pipeline.run_bronze_processing manual__2025-11-23T08:08:04.307417+00:00 [queued]>
[2025-11-23T08:08:22.152+0000] {taskinstance.py:2614} INFO - Dependencies all met for dep_context=requeueable deps ti=<TaskInstance: unified_sales_pipeline.run_bronze_processing manual__2025-11-23T08:08:04.307417+00:00 [queued]>
[2025-11-23T08:08:22.153+0000] {taskinstance.py:2867} INFO - Starting attempt 1 of 2
[2025-11-23T08:08:22.164+0000] {taskinstance.py:2890} INFO - Executing <Task(PythonOperator): run_bronze_processing> on 2025-11-23 08:08:04.307417+00:00
[2025-11-23T08:08:22.172+0000] {warnings.py:112} WARNING - /home/***/.local/lib/python3.12/site-packages/***/task/task_runner/standard_task_runner.py:70: DeprecationWarning: This process (pid=84) is multi-threaded, use of fork() may lead to deadlocks in the child.
  pid = os.fork()

[2025-11-23T08:08:22.174+0000] {standard_task_runner.py:72} INFO - Started process 85 to run task
[2025-11-23T08:08:22.174+0000] {standard_task_runner.py:104} INFO - Running: ['***', 'tasks', 'run', 'unified_sales_pipeline', 'run_bronze_processing', 'manual__2025-11-23T08:08:04.307417+00:00', '--job-id', '72', '--raw', '--subdir', 'DAGS_FOLDER/unified_sales_pipeline_dag.py', '--cfg-path', '/tmp/tmpex12egrc']
[2025-11-23T08:08:22.175+0000] {standard_task_runner.py:105} INFO - Job 72: Subtask run_bronze_processing
[2025-11-23T08:08:22.211+0000] {task_command.py:467} INFO - Running <TaskInstance: unified_sales_pipeline.run_bronze_processing manual__2025-11-23T08:08:04.307417+00:00 [running]> on host 6fe813163240
[2025-11-23T08:08:22.267+0000] {taskinstance.py:3134} INFO - Exporting env vars: AIRFLOW_CTX_DAG_OWNER='***' AIRFLOW_CTX_DAG_ID='unified_sales_pipeline' AIRFLOW_CTX_TASK_ID='run_bronze_processing' AIRFLOW_CTX_EXECUTION_DATE='2025-11-23T08:08:04.307417+00:00' AIRFLOW_CTX_TRY_NUMBER='1' AIRFLOW_CTX_DAG_RUN_ID='manual__2025-11-23T08:08:04.307417+00:00'
[2025-11-23T08:08:22.268+0000] {taskinstance.py:732} INFO - ::endgroup::
[2025-11-23T08:08:22.278+0000] {logging_mixin.py:190} INFO - 🚀 Submitting Bronze Spark job: docker exec spark-master spark-submit --master spark://spark-master:7077 --packages io.delta:delta-spark_2.12:3.2.0,org.apache.spark:spark-sql-kafka-0-10_2.12:3.4.0 --conf spark.sql.extensions=io.delta.sql.DeltaSparkSessionExtension --conf spark.sql.catalog.spark_catalog=org.apache.spark.sql.delta.catalog.DeltaCatalog --conf spark.driver.memory=1g --conf spark.executor.memory=1g /app/dags/spark_streaming_delta.py
[2025-11-23T08:09:52.956+0000] {logging_mixin.py:190} INFO - ✅ Bronze Spark job completed successfully
[2025-11-23T08:09:52.958+0000] {logging_mixin.py:190} INFO - STDOUT: :: loading settings :: url = jar:file:/opt/spark/jars/ivy-2.5.1.jar!/org/apache/ivy/core/settings/ivysettings.xml
25/11/23 08:09:30 WARN NativeCodeLoader: Unable to load native-hadoop library for your platform... using builtin-java classes where applicable
25/11/23 08:09:32 INFO SparkContext: Running Spark version 3.5.5
25/11/23 08:09:32 INFO SparkContext: OS info Linux, 5.15.167.4-microsoft-standard-WSL2, amd64
25/11/23 08:09:32 INFO SparkContext: Java version 17.0.14
25/11/23 08:09:32 INFO ResourceUtils: ==============================================================
25/11/23 08:09:32 INFO ResourceUtils: No custom resources configured for spark.driver.
25/11/23 08:09:32 INFO ResourceUtils: ==============================================================
25/11/23 08:09:32 INFO SparkContext: Submitted application: KafkaToDeltaBatch
25/11/23 08:09:32 INFO ResourceProfile: Default ResourceProfile created, executor resources: Map(memory -> name: memory, amount: 1024, script: , vendor: , offHeap -> name: offHeap, amount: 0, script: , vendor: ), task resources: Map(cpus -> name: cpus, amount: 1.0)
25/11/23 08:09:32 INFO ResourceProfile: Limiting resource is cpu
25/11/23 08:09:32 INFO ResourceProfileManager: Added ResourceProfile id: 0
25/11/23 08:09:32 INFO SecurityManager: Changing view acls to: spark
25/11/23 08:09:32 INFO SecurityManager: Changing modify acls to: spark
25/11/23 08:09:32 INFO SecurityManager: Changing view acls groups to: 
25/11/23 08:09:32 INFO SecurityManager: Changing modify acls groups to: 
25/11/23 08:09:32 INFO SecurityManager: SecurityManager: authentication disabled; ui acls disabled; users with view permissions: spark; groups with view permissions: EMPTY; users with modify permissions: spark; groups with modify permissions: EMPTY
25/11/23 08:09:32 INFO Utils: Successfully started service 'sparkDriver' on port 42875.
25/11/23 08:09:33 INFO SparkEnv: Registering MapOutputTracker
25/11/23 08:09:33 INFO SparkEnv: Registering BlockManagerMaster
25/11/23 08:09:33 INFO BlockManagerMasterEndpoint: Using org.apache.spark.storage.DefaultTopologyMapper for getting topology information
25/11/23 08:09:33 INFO BlockManagerMasterEndpoint: BlockManagerMasterEndpoint up
25/11/23 08:09:33 INFO SparkEnv: Registering BlockManagerMasterHeartbeat
25/11/23 08:09:33 INFO DiskBlockManager: Created local directory at /tmp/blockmgr-9a1dd802-694c-41dc-be2b-d68eda0ab544
25/11/23 08:09:33 INFO MemoryStore: MemoryStore started with capacity 434.4 MiB
25/11/23 08:09:33 INFO SparkEnv: Registering OutputCommitCoordinator
25/11/23 08:09:33 INFO log: Logging initialized @70413ms to org.sparkproject.jetty.util.log.Slf4jLog
25/11/23 08:09:33 INFO JettyUtils: Start Jetty 0.0.0.0:4040 for SparkUI
25/11/23 08:09:33 INFO Server: jetty-9.4.56.v20240826; built: 2024-08-26T17:15:05.868Z; git: ec6782ff5ead824dabdcf47fa98f90a4aedff401; jvm 17.0.14+7
25/11/23 08:09:33 INFO Server: Started @70605ms
25/11/23 08:09:33 INFO AbstractConnector: Started ServerConnector@41ed9b08{HTTP/1.1, (http/1.1)}{0.0.0.0:4040}
25/11/23 08:09:33 INFO Utils: Successfully started service 'SparkUI' on port 4040.
25/11/23 08:09:33 INFO ContextHandler: Started o.s.j.s.ServletContextHandler@6d7b0673{/,null,AVAILABLE,@Spark}
25/11/23 08:09:33 INFO SparkContext: Added JAR file:///opt/spark/jars/delta-spark_2.12-3.2.0.jar at spark://spark-master:42875/jars/delta-spark_2.12-3.2.0.jar with timestamp 1763885372366
25/11/23 08:09:33 INFO SparkContext: Added JAR file:///opt/spark/jars/delta-storage-3.2.0.jar at spark://spark-master:42875/jars/delta-storage-3.2.0.jar with timestamp 1763885372366
25/11/23 08:09:33 INFO SparkContext: Added JAR file:///opt/spark/jars/spark-sql-kafka-0-10_2.12-3.5.5.jar at spark://spark-master:42875/jars/spark-sql-kafka-0-10_2.12-3.5.5.jar with timestamp 1763885372366
25/11/23 08:09:33 INFO SparkContext: Added JAR file:///opt/spark/jars/spark-token-provider-kafka-0-10_2.12-3.5.5.jar at spark://spark-master:42875/jars/spark-token-provider-kafka-0-10_2.12-3.5.5.jar with timestamp 1763885372366
25/11/23 08:09:33 INFO SparkContext: Added JAR file:///opt/spark/jars/kafka-clients-3.4.1.jar at spark://spark-master:42875/jars/kafka-clients-3.4.1.jar with timestamp 1763885372366
25/11/23 08:09:33 INFO SparkContext: Added JAR file:///opt/spark/jars/commons-pool2-2.11.1.jar at spark://spark-master:42875/jars/commons-pool2-2.11.1.jar with timestamp 1763885372366
25/11/23 08:09:33 INFO SparkContext: Added JAR file:///home/spark/.ivy2/jars/io.delta_delta-spark_2.12-3.2.0.jar at spark://spark-master:42875/jars/io.delta_delta-spark_2.12-3.2.0.jar with timestamp 1763885372366
25/11/23 08:09:33 INFO SparkContext: Added JAR file:///home/spark/.ivy2/jars/org.apache.spark_spark-sql-kafka-0-10_2.12-3.4.0.jar at spark://spark-master:42875/jars/org.apache.spark_spark-sql-kafka-0-10_2.12-3.4.0.jar with timestamp 1763885372366
25/11/23 08:09:33 INFO SparkContext: Added JAR file:///home/spark/.ivy2/jars/io.delta_delta-storage-3.2.0.jar at spark://spark-master:42875/jars/io.delta_delta-storage-3.2.0.jar with timestamp 1763885372366
25/11/23 08:09:33 INFO SparkContext: Added JAR file:///home/spark/.ivy2/jars/org.antlr_antlr4-runtime-4.9.3.jar at spark://spark-master:42875/jars/org.antlr_antlr4-runtime-4.9.3.jar with timestamp 1763885372366
25/11/23 08:09:33 INFO SparkContext: Added JAR file:///home/spark/.ivy2/jars/org.apache.spark_spark-token-provider-kafka-0-10_2.12-3.4.0.jar at spark://spark-master:42875/jars/org.apache.spark_spark-token-provider-kafka-0-10_2.12-3.4.0.jar with timestamp 1763885372366
25/11/23 08:09:33 INFO SparkContext: Added JAR file:///home/spark/.ivy2/jars/org.apache.kafka_kafka-clients-3.3.2.jar at spark://spark-master:42875/jars/org.apache.kafka_kafka-clients-3.3.2.jar with timestamp 1763885372366
25/11/23 08:09:33 INFO SparkContext: Added JAR file:///home/spark/.ivy2/jars/com.google.code.findbugs_jsr305-3.0.0.jar at spark://spark-master:42875/jars/com.google.code.findbugs_jsr305-3.0.0.jar with timestamp 1763885372366
25/11/23 08:09:33 INFO SparkContext: Added JAR file:///home/spark/.ivy2/jars/org.apache.commons_commons-pool2-2.11.1.jar at spark://spark-master:42875/jars/org.apache.commons_commons-pool2-2.11.1.jar with timestamp 1763885372366
25/11/23 08:09:33 INFO SparkContext: Added JAR file:///home/spark/.ivy2/jars/org.apache.hadoop_hadoop-client-runtime-3.3.4.jar at spark://spark-master:42875/jars/org.apache.hadoop_hadoop-client-runtime-3.3.4.jar with timestamp 1763885372366
25/11/23 08:09:33 INFO SparkContext: Added JAR file:///home/spark/.ivy2/jars/org.lz4_lz4-java-1.8.0.jar at spark://spark-master:42875/jars/org.lz4_lz4-java-1.8.0.jar with timestamp 1763885372366
25/11/23 08:09:33 INFO SparkContext: Added JAR file:///home/spark/.ivy2/jars/org.xerial.snappy_snappy-java-1.1.9.1.jar at spark://spark-master:42875/jars/org.xerial.snappy_snappy-java-1.1.9.1.jar with timestamp 1763885372366
25/11/23 08:09:33 INFO SparkContext: Added JAR file:///home/spark/.ivy2/jars/org.slf4j_slf4j-api-2.0.6.jar at spark://spark-master:42875/jars/org.slf4j_slf4j-api-2.0.6.jar with timestamp 1763885372366
25/11/23 08:09:33 INFO SparkContext: Added JAR file:///home/spark/.ivy2/jars/org.apache.hadoop_hadoop-client-api-3.3.4.jar at spark://spark-master:42875/jars/org.apache.hadoop_hadoop-client-api-3.3.4.jar with timestamp 1763885372366
25/11/23 08:09:33 INFO SparkContext: Added JAR file:///home/spark/.ivy2/jars/commons-logging_commons-logging-1.1.3.jar at spark://spark-master:42875/jars/commons-logging_commons-logging-1.1.3.jar with timestamp 1763885372366
25/11/23 08:09:33 INFO SparkContext: Added file file:///home/spark/.ivy2/jars/io.delta_delta-spark_2.12-3.2.0.jar at spark://spark-master:42875/files/io.delta_delta-spark_2.12-3.2.0.jar with timestamp 1763885372366
25/11/23 08:09:33 INFO Utils: Copying /home/spark/.ivy2/jars/io.delta_delta-spark_2.12-3.2.0.jar to /tmp/spark-05471ddf-8fd1-4493-b480-af8cd9f7b50f/userFiles-55f7f2b7-dd7a-480e-8932-0156208a9991/io.delta_delta-spark_2.12-3.2.0.jar
25/11/23 08:09:33 INFO SparkContext: Added file file:///home/spark/.ivy2/jars/org.apache.spark_spark-sql-kafka-0-10_2.12-3.4.0.jar at spark://spark-master:42875/files/org.apache.spark_spark-sql-kafka-0-10_2.12-3.4.0.jar with timestamp 1763885372366
25/11/23 08:09:33 INFO Utils: Copying /home/spark/.ivy2/jars/org.apache.spark_spark-sql-kafka-0-10_2.12-3.4.0.jar to /tmp/spark-05471ddf-8fd1-4493-b480-af8cd9f7b50f/userFiles-55f7f2b7-dd7a-480e-8932-0156208a9991/org.apache.spark_spark-sql-kafka-0-10_2.12-3.4.0.jar
25/11/23 08:09:33 INFO SparkContext: Added file file:///home/spark/.ivy2/jars/io.delta_delta-storage-3.2.0.jar at spark://spark-master:42875/files/io.delta_delta-storage-3.2.0.jar with timestamp 1763885372366
25/11/23 08:09:33 INFO Utils: Copying /home/spark/.ivy2/jars/io.delta_delta-storage-3.2.0.jar to /tmp/spark-05471ddf-8fd1-4493-b480-af8cd9f7b50f/userFiles-55f7f2b7-dd7a-480e-8932-0156208a9991/io.delta_delta-storage-3.2.0.jar
25/11/23 08:09:33 INFO SparkContext: Added file file:///home/spark/.ivy2/jars/org.antlr_antlr4-runtime-4.9.3.jar at spark://spark-master:42875/files/org.antlr_antlr4-runtime-4.9.3.jar with timestamp 1763885372366
25/11/23 08:09:33 INFO Utils: Copying /home/spark/.ivy2/jars/org.antlr_antlr4-runtime-4.9.3.jar to /tmp/spark-05471ddf-8fd1-4493-b480-af8cd9f7b50f/userFiles-55f7f2b7-dd7a-480e-8932-0156208a9991/org.antlr_antlr4-runtime-4.9.3.jar
25/11/23 08:09:33 INFO SparkContext: Added file file:///home/spark/.ivy2/jars/org.apache.spark_spark-token-provider-kafka-0-10_2.12-3.4.0.jar at spark://spark-master:42875/files/org.apache.spark_spark-token-provider-kafka-0-10_2.12-3.4.0.jar with timestamp 1763885372366
25/11/23 08:09:33 INFO Utils: Copying /home/spark/.ivy2/jars/org.apache.spark_spark-token-provider-kafka-0-10_2.12-3.4.0.jar to /tmp/spark-05471ddf-8fd1-4493-b480-af8cd9f7b50f/userFiles-55f7f2b7-dd7a-480e-8932-0156208a9991/org.apache.spark_spark-token-provider-kafka-0-10_2.12-3.4.0.jar
25/11/23 08:09:33 INFO SparkContext: Added file file:///home/spark/.ivy2/jars/org.apache.kafka_kafka-clients-3.3.2.jar at spark://spark-master:42875/files/org.apache.kafka_kafka-clients-3.3.2.jar with timestamp 1763885372366
25/11/23 08:09:33 INFO Utils: Copying /home/spark/.ivy2/jars/org.apache.kafka_kafka-clients-3.3.2.jar to /tmp/spark-05471ddf-8fd1-4493-b480-af8cd9f7b50f/userFiles-55f7f2b7-dd7a-480e-8932-0156208a9991/org.apache.kafka_kafka-clients-3.3.2.jar
25/11/23 08:09:33 INFO SparkContext: Added file file:///home/spark/.ivy2/jars/com.google.code.findbugs_jsr305-3.0.0.jar at spark://spark-master:42875/files/com.google.code.findbugs_jsr305-3.0.0.jar with timestamp 1763885372366
25/11/23 08:09:33 INFO Utils: Copying /home/spark/.ivy2/jars/com.google.code.findbugs_jsr305-3.0.0.jar to /tmp/spark-05471ddf-8fd1-4493-b480-af8cd9f7b50f/userFiles-55f7f2b7-dd7a-480e-8932-0156208a9991/com.google.code.findbugs_jsr305-3.0.0.jar
25/11/23 08:09:33 INFO SparkContext: Added file file:///home/spark/.ivy2/jars/org.apache.commons_commons-pool2-2.11.1.jar at spark://spark-master:42875/files/org.apache.commons_commons-pool2-2.11.1.jar with timestamp 1763885372366
25/11/23 08:09:33 INFO Utils: Copying /home/spark/.ivy2/jars/org.apache.commons_commons-pool2-2.11.1.jar to /tmp/spark-05471ddf-8fd1-4493-b480-af8cd9f7b50f/userFiles-55f7f2b7-dd7a-480e-8932-0156208a9991/org.apache.commons_commons-pool2-2.11.1.jar
25/11/23 08:09:33 INFO SparkContext: Added file file:///home/spark/.ivy2/jars/org.apache.hadoop_hadoop-client-runtime-3.3.4.jar at spark://spark-master:42875/files/org.apache.hadoop_hadoop-client-runtime-3.3.4.jar with timestamp 1763885372366
25/11/23 08:09:33 INFO Utils: Copying /home/spark/.ivy2/jars/org.apache.hadoop_hadoop-client-runtime-3.3.4.jar to /tmp/spark-05471ddf-8fd1-4493-b480-af8cd9f7b50f/userFiles-55f7f2b7-dd7a-480e-8932-0156208a9991/org.apache.hadoop_hadoop-client-runtime-3.3.4.jar
25/11/23 08:09:33 INFO SparkContext: Added file file:///home/spark/.ivy2/jars/org.lz4_lz4-java-1.8.0.jar at spark://spark-master:42875/files/org.lz4_lz4-java-1.8.0.jar with timestamp 1763885372366
25/11/23 08:09:33 INFO Utils: Copying /home/spark/.ivy2/jars/org.lz4_lz4-java-1.8.0.jar to /tmp/spark-05471ddf-8fd1-4493-b480-af8cd9f7b50f/userFiles-55f7f2b7-dd7a-480e-8932-0156208a9991/org.lz4_lz4-java-1.8.0.jar
25/11/23 08:09:33 INFO SparkContext: Added file file:///home/spark/.ivy2/jars/org.xerial.snappy_snappy-java-1.1.9.1.jar at spark://spark-master:42875/files/org.xerial.snappy_snappy-java-1.1.9.1.jar with timestamp 1763885372366
25/11/23 08:09:33 INFO Utils: Copying /home/spark/.ivy2/jars/org.xerial.snappy_snappy-java-1.1.9.1.jar to /tmp/spark-05471ddf-8fd1-4493-b480-af8cd9f7b50f/userFiles-55f7f2b7-dd7a-480e-8932-0156208a9991/org.xerial.snappy_snappy-java-1.1.9.1.jar
25/11/23 08:09:33 INFO SparkContext: Added file file:///home/spark/.ivy2/jars/org.slf4j_slf4j-api-2.0.6.jar at spark://spark-master:42875/files/org.slf4j_slf4j-api-2.0.6.jar with timestamp 1763885372366
25/11/23 08:09:33 INFO Utils: Copying /home/spark/.ivy2/jars/org.slf4j_slf4j-api-2.0.6.jar to /tmp/spark-05471ddf-8fd1-4493-b480-af8cd9f7b50f/userFiles-55f7f2b7-dd7a-480e-8932-0156208a9991/org.slf4j_slf4j-api-2.0.6.jar
25/11/23 08:09:33 INFO SparkContext: Added file file:///home/spark/.ivy2/jars/org.apache.hadoop_hadoop-client-api-3.3.4.jar at spark://spark-master:42875/files/org.apache.hadoop_hadoop-client-api-3.3.4.jar with timestamp 1763885372366
25/11/23 08:09:33 INFO Utils: Copying /home/spark/.ivy2/jars/org.apache.hadoop_hadoop-client-api-3.3.4.jar to /tmp/spark-05471ddf-8fd1-4493-b480-af8cd9f7b50f/userFiles-55f7f2b7-dd7a-480e-8932-0156208a9991/org.apache.hadoop_hadoop-client-api-3.3.4.jar
25/11/23 08:09:34 INFO SparkContext: Added file file:///home/spark/.ivy2/jars/commons-logging_commons-logging-1.1.3.jar at spark://spark-master:42875/files/commons-logging_commons-logging-1.1.3.jar with timestamp 1763885372366
25/11/23 08:09:34 INFO Utils: Copying /home/spark/.ivy2/jars/commons-logging_commons-logging-1.1.3.jar to /tmp/spark-05471ddf-8fd1-4493-b480-af8cd9f7b50f/userFiles-55f7f2b7-dd7a-480e-8932-0156208a9991/commons-logging_commons-logging-1.1.3.jar
25/11/23 08:09:34 INFO StandaloneAppClient$ClientEndpoint: Connecting to master spark://spark-master:7077...
25/11/23 08:09:34 INFO TransportClientFactory: Successfully created connection to spark-master/172.18.0.2:7077 after 39 ms (0 ms spent in bootstraps)
25/11/23 08:09:34 INFO StandaloneSchedulerBackend: Connected to Spark cluster with app ID app-20251123080934-0000
25/11/23 08:09:34 INFO Utils: Successfully started service 'org.apache.spark.network.netty.NettyBlockTransferService' on port 39367.
25/11/23 08:09:34 INFO NettyBlockTransferService: Server created on spark-master:39367
25/11/23 08:09:34 INFO BlockManager: Using org.apache.spark.storage.RandomBlockReplicationPolicy for block replication policy
25/11/23 08:09:34 INFO BlockManagerMaster: Registering BlockManager BlockManagerId(driver, spark-master, 39367, None)
25/11/23 08:09:34 INFO BlockManagerMasterEndpoint: Registering block manager spark-master:39367 with 434.4 MiB RAM, BlockManagerId(driver, spark-master, 39367, None)
25/11/23 08:09:34 INFO BlockManagerMaster: Registered BlockManager BlockManagerId(driver, spark-master, 39367, None)
25/11/23 08:09:34 INFO BlockManager: Initialized BlockManager: BlockManagerId(driver, spark-master, 39367, None)
25/11/23 08:09:35 INFO StandaloneAppClient$ClientEndpoint: Executor added: app-20251123080934-0000/0 on worker-20251123072116-172.18.0.7-8881 (172.18.0.7:8881) with 2 core(s)
25/11/23 08:09:35 INFO StandaloneSchedulerBackend: Granted executor ID app-20251123080934-0000/0 on hostPort 172.18.0.7:8881 with 2 core(s), 1024.0 MiB RAM
25/11/23 08:09:35 INFO ContextHandler: Stopped o.s.j.s.ServletContextHandler@6d7b0673{/,null,STOPPED,@Spark}
25/11/23 08:09:35 INFO ContextHandler: Started o.s.j.s.ServletContextHandler@2618cedb{/jobs,null,AVAILABLE,@Spark}
25/11/23 08:09:35 INFO ContextHandler: Started o.s.j.s.ServletContextHandler@336d8e3e{/jobs/json,null,AVAILABLE,@Spark}
25/11/23 08:09:35 INFO ContextHandler: Started o.s.j.s.ServletContextHandler@dfd16e8{/jobs/job,null,AVAILABLE,@Spark}
25/11/23 08:09:35 INFO ContextHandler: Started o.s.j.s.ServletContextHandler@1e8ee1ac{/jobs/job/json,null,AVAILABLE,@Spark}
25/11/23 08:09:35 INFO ContextHandler: Started o.s.j.s.ServletContextHandler@5ac92656{/stages,null,AVAILABLE,@Spark}
25/11/23 08:09:35 INFO ContextHandler: Started o.s.j.s.ServletContextHandler@43316d3f{/stages/json,null,AVAILABLE,@Spark}
25/11/23 08:09:35 INFO ContextHandler: Started o.s.j.s.ServletContextHandler@372aedb2{/stages/stage,null,AVAILABLE,@Spark}
25/11/23 08:09:35 INFO ContextHandler: Started o.s.j.s.ServletContextHandler@79360316{/stages/stage/json,null,AVAILABLE,@Spark}
25/11/23 08:09:35 INFO ContextHandler: Started o.s.j.s.ServletContextHandler@3858063b{/stages/pool,null,AVAILABLE,@Spark}
25/11/23 08:09:35 INFO ContextHandler: Started o.s.j.s.ServletContextHandler@2a9baf69{/stages/pool/json,null,AVAILABLE,@Spark}
25/11/23 08:09:35 INFO ContextHandler: Started o.s.j.s.ServletContextHandler@73eba324{/storage,null,AVAILABLE,@Spark}
25/11/23 08:09:35 INFO ContextHandler: Started o.s.j.s.ServletContextHandler@6f79bfe{/storage/json,null,AVAILABLE,@Spark}
25/11/23 08:09:35 INFO ContextHandler: Started o.s.j.s.ServletContextHandler@7327c3e3{/storage/rdd,null,AVAILABLE,@Spark}
25/11/23 08:09:35 INFO ContextHandler: Started o.s.j.s.ServletContextHandler@3c320ee8{/storage/rdd/json,null,AVAILABLE,@Spark}
25/11/23 08:09:35 INFO ContextHandler: Started o.s.j.s.ServletContextHandler@71f3a85c{/environment,null,AVAILABLE,@Spark}
25/11/23 08:09:35 INFO ContextHandler: Started o.s.j.s.ServletContextHandler@59536bcf{/environment/json,null,AVAILABLE,@Spark}
25/11/23 08:09:35 INFO ContextHandler: Started o.s.j.s.ServletContextHandler@3be19e1e{/executors,null,AVAILABLE,@Spark}
25/11/23 08:09:35 INFO ContextHandler: Started o.s.j.s.ServletContextHandler@5fc4c6cf{/executors/json,null,AVAILABLE,@Spark}
25/11/23 08:09:35 INFO ContextHandler: Started o.s.j.s.ServletContextHandler@5c05f94b{/executors/threadDump,null,AVAILABLE,@Spark}
25/11/23 08:09:35 INFO ContextHandler: Started o.s.j.s.ServletContextHandler@669b20b1{/executors/threadDump/json,null,AVAILABLE,@Spark}
25/11/23 08:09:35 INFO ContextHandler: Started o.s.j.s.ServletContextHandler@62294a16{/executors/heapHistogram,null,AVAILABLE,@Spark}
25/11/23 08:09:35 INFO ContextHandler: Started o.s.j.s.ServletContextHandler@417df95c{/executors/heapHistogram/json,null,AVAILABLE,@Spark}
25/11/23 08:09:35 INFO ContextHandler: Started o.s.j.s.ServletContextHandler@513798ab{/static,null,AVAILABLE,@Spark}
25/11/23 08:09:35 INFO ContextHandler: Started o.s.j.s.ServletContextHandler@4222320d{/,null,AVAILABLE,@Spark}
25/11/23 08:09:35 INFO ContextHandler: Started o.s.j.s.ServletContextHandler@7b619292{/api,null,AVAILABLE,@Spark}
25/11/23 08:09:35 INFO ContextHandler: Started o.s.j.s.ServletContextHandler@7fc94e3e{/jobs/job/kill,null,AVAILABLE,@Spark}
25/11/23 08:09:35 INFO ContextHandler: Started o.s.j.s.ServletContextHandler@3a58b013{/stages/stage/kill,null,AVAILABLE,@Spark}
25/11/23 08:09:35 INFO ContextHandler: Started o.s.j.s.ServletContextHandler@347b0a82{/metrics/json,null,AVAILABLE,@Spark}
25/11/23 08:09:35 INFO StandaloneSchedulerBackend: SchedulerBackend is ready for scheduling beginning after reached minRegisteredResourcesRatio: 0.0
🚀 Starting Kafka to Delta Lake (BATCH mode)...
✅ Connected to Kafka - reading all messages...
25/11/23 08:09:39 WARN AdminClientConfig: These configurations '[key.deserializer, value.deserializer, enable.auto.commit, max.poll.records, auto.offset.reset]' were supplied but are not used yet.
📊 Found 190 messages in Kafka
25/11/23 08:09:48 WARN AdminClientConfig: These configurations '[key.deserializer, value.deserializer, enable.auto.commit, max.poll.records, auto.offset.reset]' were supplied but are not used yet.
✅ Successfully wrote 190 records to Delta Lake!

📋 Sample of first 5 records:
25/11/23 08:09:51 WARN AdminClientConfig: These configurations '[key.deserializer, value.deserializer, enable.auto.commit, max.poll.records, auto.offset.reset]' were supplied but are not used yet.
+--------+-----------+-------------------+-------+------+
|vente_id|client_nom |produit_nom        |montant|pays  |
+--------+-----------+-------------------+-------+------+
|1       |Paolo Rossi|Ordinateur portable|2699.97|Italie|
|1       |Paolo Rossi|Clavier mecanique  |75.0   |Italie|
|1       |Paolo Rossi|Clavier mecanique  |75.0   |Italie|
|2       |Paolo Rossi|Casque audio       |179.97 |Italie|
|2       |John Smith |Clavier mecanique  |75.0   |UK    |
+--------+-----------+-------------------+-------+------+
only showing top 5 rows

✅ Batch processing completed!
[2025-11-23T08:09:52.959+0000] {python.py:240} INFO - Done. Returned value was: True
[2025-11-23T08:09:52.987+0000] {taskinstance.py:341} INFO - ::group::Post task execution logs
[2025-11-23T08:09:52.988+0000] {taskinstance.py:353} INFO - Marking task as SUCCESS. dag_id=unified_sales_pipeline, task_id=run_bronze_processing, run_id=manual__2025-11-23T08:08:04.307417+00:00, execution_date=20251123T080804, start_date=20251123T080822, end_date=20251123T080952
[2025-11-23T08:09:53.055+0000] {local_task_job_runner.py:266} INFO - Task exited with return code 0
[2025-11-23T08:09:53.097+0000] {taskinstance.py:3901} INFO - 1 downstream tasks scheduled from follow-on schedule check
[2025-11-23T08:09:53.100+0000] {local_task_job_runner.py:245} INFO - ::endgroup::
