[2025-12-14T07:13:19.246+0000] {local_task_job_runner.py:123} INFO - ::group::Pre task execution logs
[2025-12-14T07:13:19.266+0000] {taskinstance.py:2614} INFO - Dependencies all met for dep_context=non-requeueable deps ti=<TaskInstance: unified_sales_pipeline.produce_sales_data manual__2025-12-14T07:12:07.917761+00:00 [queued]>
[2025-12-14T07:13:19.276+0000] {taskinstance.py:2614} INFO - Dependencies all met for dep_context=requeueable deps ti=<TaskInstance: unified_sales_pipeline.produce_sales_data manual__2025-12-14T07:12:07.917761+00:00 [queued]>
[2025-12-14T07:13:19.276+0000] {taskinstance.py:2867} INFO - Starting attempt 1 of 2
[2025-12-14T07:13:19.290+0000] {taskinstance.py:2890} INFO - Executing <Task(PythonOperator): produce_sales_data> on 2025-12-14 07:12:07.917761+00:00
[2025-12-14T07:13:19.296+0000] {warnings.py:112} WARNING - /home/***/.local/lib/python3.12/site-packages/***/task/task_runner/standard_task_runner.py:70: DeprecationWarning: This process (pid=168) is multi-threaded, use of fork() may lead to deadlocks in the child.
  pid = os.fork()

[2025-12-14T07:13:19.298+0000] {standard_task_runner.py:72} INFO - Started process 169 to run task
[2025-12-14T07:13:19.299+0000] {standard_task_runner.py:104} INFO - Running: ['***', 'tasks', 'run', 'unified_sales_pipeline', 'produce_sales_data', 'manual__2025-12-14T07:12:07.917761+00:00', '--job-id', '68', '--raw', '--subdir', 'DAGS_FOLDER/unified_sales_pipeline_dag.py', '--cfg-path', '/tmp/tmpf8ijpliu']
[2025-12-14T07:13:19.300+0000] {standard_task_runner.py:105} INFO - Job 68: Subtask produce_sales_data
[2025-12-14T07:13:19.339+0000] {task_command.py:467} INFO - Running <TaskInstance: unified_sales_pipeline.produce_sales_data manual__2025-12-14T07:12:07.917761+00:00 [running]> on host ac4bc61bdcd0
[2025-12-14T07:13:19.426+0000] {taskinstance.py:3134} INFO - Exporting env vars: AIRFLOW_CTX_DAG_OWNER='***' AIRFLOW_CTX_DAG_ID='unified_sales_pipeline' AIRFLOW_CTX_TASK_ID='produce_sales_data' AIRFLOW_CTX_EXECUTION_DATE='2025-12-14T07:12:07.917761+00:00' AIRFLOW_CTX_TRY_NUMBER='1' AIRFLOW_CTX_DAG_RUN_ID='manual__2025-12-14T07:12:07.917761+00:00'
[2025-12-14T07:13:19.428+0000] {taskinstance.py:732} INFO - ::endgroup::
[2025-12-14T07:13:19.443+0000] {conn.py:396} INFO - <BrokerConnection client_id=kafka-python-producer-1, node_id=bootstrap-2 host=broker1:19092 <connecting> [IPv4 ('172.18.0.9', 19092)]>: connecting to broker1:19092 [('172.18.0.9', 19092) IPv4]
[2025-12-14T07:13:19.447+0000] {conn.py:618} INFO - <BrokerConnection client_id=kafka-python-producer-1, node_id=bootstrap-2 host=broker1:19092 <checking_api_versions_recv> [IPv4 ('172.18.0.9', 19092)]>: Broker version identified as 2.6
[2025-12-14T07:13:19.448+0000] {conn.py:457} INFO - <BrokerConnection client_id=kafka-python-producer-1, node_id=bootstrap-2 host=broker1:19092 <connected> [IPv4 ('172.18.0.9', 19092)]>: Connection complete.
[2025-12-14T07:13:19.452+0000] {logging_mixin.py:190} INFO - 🚀 Starting Kafka producer...
[2025-12-14T07:13:19.554+0000] {conn.py:396} INFO - <BrokerConnection client_id=kafka-python-producer-1, node_id=2 host=broker2:19093 <connecting> [IPv4 ('172.18.0.8', 19093)]>: connecting to broker2:19093 [('172.18.0.8', 19093) IPv4]
[2025-12-14T07:13:19.555+0000] {conn.py:457} INFO - <BrokerConnection client_id=kafka-python-producer-1, node_id=2 host=broker2:19093 <connected> [IPv4 ('172.18.0.8', 19093)]>: Connection complete.
[2025-12-14T07:13:19.556+0000] {conn.py:945} INFO - <BrokerConnection client_id=kafka-python-producer-1, node_id=bootstrap-2 host=broker1:19092 <connected> [IPv4 ('172.18.0.9', 19092)]>: Closing connection. 
[2025-12-14T07:13:19.559+0000] {logging_mixin.py:190} INFO - ✅ Sale 1: Livre Data Science - 39.98€
[2025-12-14T07:13:19.761+0000] {logging_mixin.py:190} INFO - ✅ Sale 2: Souris sans fil - 51.0€
[2025-12-14T07:13:19.963+0000] {logging_mixin.py:190} INFO - ✅ Sale 3: Ordinateur portable - 2699.97€
[2025-12-14T07:13:20.164+0000] {logging_mixin.py:190} INFO - ✅ Sale 4: Souris sans fil - 76.5€
[2025-12-14T07:13:20.366+0000] {logging_mixin.py:190} INFO - ✅ Sale 5: Souris sans fil - 51.0€
[2025-12-14T07:13:20.569+0000] {logging_mixin.py:190} INFO - ✅ Sale 6: Casque audio - 119.98€
[2025-12-14T07:13:20.771+0000] {logging_mixin.py:190} INFO - ✅ Sale 7: Casque audio - 179.97€
[2025-12-14T07:13:20.973+0000] {logging_mixin.py:190} INFO - ✅ Sale 8: Ordinateur portable - 899.99€
[2025-12-14T07:13:21.174+0000] {logging_mixin.py:190} INFO - ✅ Sale 9: Livre Data Science - 39.98€
[2025-12-14T07:13:21.376+0000] {logging_mixin.py:190} INFO - ✅ Sale 10: Casque audio - 59.99€
[2025-12-14T07:13:21.578+0000] {logging_mixin.py:190} INFO - ✅ Sale 11: Clavier mecanique - 225.0€
[2025-12-14T07:13:21.780+0000] {logging_mixin.py:190} INFO - ✅ Sale 12: Ordinateur portable - 899.99€
[2025-12-14T07:13:21.983+0000] {logging_mixin.py:190} INFO - ✅ Sale 13: Souris sans fil - 25.5€
[2025-12-14T07:13:22.184+0000] {logging_mixin.py:190} INFO - ✅ Sale 14: Casque audio - 119.98€
[2025-12-14T07:13:22.386+0000] {logging_mixin.py:190} INFO - ✅ Sale 15: Casque audio - 59.99€
[2025-12-14T07:13:22.588+0000] {logging_mixin.py:190} INFO - ✅ Sale 16: Livre Data Science - 59.97€
[2025-12-14T07:13:22.790+0000] {logging_mixin.py:190} INFO - ✅ Sale 17: Souris sans fil - 51.0€
[2025-12-14T07:13:22.991+0000] {logging_mixin.py:190} INFO - ✅ Sale 18: Livre Data Science - 59.97€
[2025-12-14T07:13:23.193+0000] {logging_mixin.py:190} INFO - ✅ Sale 19: Souris sans fil - 51.0€
[2025-12-14T07:13:23.395+0000] {logging_mixin.py:190} INFO - ✅ Sale 20: Souris sans fil - 51.0€
[2025-12-14T07:13:23.597+0000] {logging_mixin.py:190} INFO - ✅ Sale 21: Livre Data Science - 19.99€
[2025-12-14T07:13:23.798+0000] {logging_mixin.py:190} INFO - ✅ Sale 22: Ordinateur portable - 2699.97€
[2025-12-14T07:13:24.000+0000] {logging_mixin.py:190} INFO - ✅ Sale 23: Casque audio - 179.97€
[2025-12-14T07:13:24.202+0000] {logging_mixin.py:190} INFO - ✅ Sale 24: Livre Data Science - 39.98€
[2025-12-14T07:13:24.403+0000] {logging_mixin.py:190} INFO - ✅ Sale 25: Clavier mecanique - 75.0€
[2025-12-14T07:13:24.605+0000] {logging_mixin.py:190} INFO - ✅ Sale 26: Clavier mecanique - 75.0€
[2025-12-14T07:13:24.806+0000] {logging_mixin.py:190} INFO - ✅ Sale 27: Ordinateur portable - 899.99€
[2025-12-14T07:13:25.009+0000] {logging_mixin.py:190} INFO - ✅ Sale 28: Clavier mecanique - 75.0€
[2025-12-14T07:13:25.211+0000] {logging_mixin.py:190} INFO - ✅ Sale 29: Souris sans fil - 25.5€
[2025-12-14T07:13:25.415+0000] {logging_mixin.py:190} INFO - ✅ Sale 30: Ordinateur portable - 899.99€
[2025-12-14T07:13:25.618+0000] {logging_mixin.py:190} INFO - ✅ Sale 31: Clavier mecanique - 150.0€
[2025-12-14T07:13:25.821+0000] {logging_mixin.py:190} INFO - ✅ Sale 32: Casque audio - 179.97€
[2025-12-14T07:13:26.023+0000] {logging_mixin.py:190} INFO - ✅ Sale 33: Souris sans fil - 51.0€
[2025-12-14T07:13:26.225+0000] {logging_mixin.py:190} INFO - ✅ Sale 34: Clavier mecanique - 75.0€
[2025-12-14T07:13:26.428+0000] {logging_mixin.py:190} INFO - ✅ Sale 35: Ordinateur portable - 2699.97€
[2025-12-14T07:13:26.630+0000] {logging_mixin.py:190} INFO - ✅ Sale 36: Souris sans fil - 25.5€
[2025-12-14T07:13:26.833+0000] {logging_mixin.py:190} INFO - ✅ Sale 37: Clavier mecanique - 225.0€
[2025-12-14T07:13:27.034+0000] {logging_mixin.py:190} INFO - ✅ Sale 38: Livre Data Science - 39.98€
[2025-12-14T07:13:27.237+0000] {logging_mixin.py:190} INFO - ✅ Sale 39: Ordinateur portable - 1799.98€
[2025-12-14T07:13:27.439+0000] {logging_mixin.py:190} INFO - ✅ Sale 40: Ordinateur portable - 899.99€
[2025-12-14T07:13:27.641+0000] {logging_mixin.py:190} INFO - ✅ Sale 41: Clavier mecanique - 150.0€
[2025-12-14T07:13:27.842+0000] {logging_mixin.py:190} INFO - ✅ Sale 42: Livre Data Science - 39.98€
[2025-12-14T07:13:28.046+0000] {logging_mixin.py:190} INFO - ✅ Sale 43: Casque audio - 59.99€
[2025-12-14T07:13:28.248+0000] {logging_mixin.py:190} INFO - ✅ Sale 44: Clavier mecanique - 75.0€
[2025-12-14T07:13:28.449+0000] {logging_mixin.py:190} INFO - ✅ Sale 45: Souris sans fil - 51.0€
[2025-12-14T07:13:28.651+0000] {logging_mixin.py:190} INFO - ✅ Sale 46: Clavier mecanique - 150.0€
[2025-12-14T07:13:28.853+0000] {logging_mixin.py:190} INFO - ✅ Sale 47: Souris sans fil - 25.5€
[2025-12-14T07:13:29.054+0000] {logging_mixin.py:190} INFO - ✅ Sale 48: Souris sans fil - 51.0€
[2025-12-14T07:13:29.256+0000] {logging_mixin.py:190} INFO - ✅ Sale 49: Livre Data Science - 59.97€
[2025-12-14T07:13:29.457+0000] {logging_mixin.py:190} INFO - ✅ Sale 50: Ordinateur portable - 2699.97€
[2025-12-14T07:13:29.659+0000] {kafka.py:629} INFO - <KafkaProducer client_id=kafka-python-producer-1 transactional_id=None>: Closing the Kafka producer with 9223372036.0 secs timeout.
[2025-12-14T07:13:29.660+0000] {conn.py:945} INFO - <BrokerConnection client_id=kafka-python-producer-1, node_id=2 host=broker2:19093 <connected> [IPv4 ('172.18.0.8', 19093)]>: Closing connection. 
[2025-12-14T07:13:29.662+0000] {logging_mixin.py:190} INFO - ✅ Production completed: 50 sales sent to Kafka topic 'ventes_stream'
[2025-12-14T07:13:29.663+0000] {python.py:240} INFO - Done. Returned value was: None
[2025-12-14T07:13:29.673+0000] {taskinstance.py:341} INFO - ::group::Post task execution logs
[2025-12-14T07:13:29.675+0000] {taskinstance.py:353} INFO - Marking task as SUCCESS. dag_id=unified_sales_pipeline, task_id=produce_sales_data, run_id=manual__2025-12-14T07:12:07.917761+00:00, execution_date=20251214T071207, start_date=20251214T071319, end_date=20251214T071329
[2025-12-14T07:13:29.744+0000] {local_task_job_runner.py:266} INFO - Task exited with return code 0
[2025-12-14T07:13:29.782+0000] {taskinstance.py:3901} INFO - 1 downstream tasks scheduled from follow-on schedule check
[2025-12-14T07:13:29.785+0000] {local_task_job_runner.py:245} INFO - ::endgroup::
