[2025-11-23T04:30:50.030+0000] {processor.py:186} INFO - Started process (PID=447) to work on /opt/airflow/dags/fixed_master_orchestrator.py
[2025-11-23T04:30:50.031+0000] {processor.py:914} INFO - Processing file /opt/airflow/dags/fixed_master_orchestrator.py for tasks to queue
[2025-11-23T04:30:50.032+0000] {logging_mixin.py:190} INFO - [2025-11-23T04:30:50.032+0000] {dagbag.py:588} INFO - Filling up the DagBag from /opt/airflow/dags/fixed_master_orchestrator.py
[2025-11-23T04:30:50.053+0000] {processor.py:925} INFO - DAG(s) 'sales_streaming_pipeline' retrieved from /opt/airflow/dags/fixed_master_orchestrator.py
[2025-11-23T04:30:50.166+0000] {logging_mixin.py:190} INFO - [2025-11-23T04:30:50.166+0000] {dag.py:3239} INFO - Sync 1 DAGs
[2025-11-23T04:30:50.196+0000] {logging_mixin.py:190} INFO - [2025-11-23T04:30:50.196+0000] {dag.py:4180} INFO - Setting next_dagrun for sales_streaming_pipeline to None, run_after=None
[2025-11-23T04:30:50.231+0000] {processor.py:208} INFO - Processing /opt/airflow/dags/fixed_master_orchestrator.py took 0.205 seconds
[2025-11-23T04:31:20.625+0000] {processor.py:186} INFO - Started process (PID=449) to work on /opt/airflow/dags/fixed_master_orchestrator.py
[2025-11-23T04:31:20.626+0000] {processor.py:914} INFO - Processing file /opt/airflow/dags/fixed_master_orchestrator.py for tasks to queue
[2025-11-23T04:31:20.627+0000] {logging_mixin.py:190} INFO - [2025-11-23T04:31:20.627+0000] {dagbag.py:588} INFO - Filling up the DagBag from /opt/airflow/dags/fixed_master_orchestrator.py
[2025-11-23T04:31:20.652+0000] {processor.py:925} INFO - DAG(s) 'sales_streaming_pipeline' retrieved from /opt/airflow/dags/fixed_master_orchestrator.py
[2025-11-23T04:31:20.675+0000] {logging_mixin.py:190} INFO - [2025-11-23T04:31:20.675+0000] {dag.py:3239} INFO - Sync 1 DAGs
[2025-11-23T04:31:20.687+0000] {logging_mixin.py:190} INFO - [2025-11-23T04:31:20.687+0000] {dag.py:4180} INFO - Setting next_dagrun for sales_streaming_pipeline to None, run_after=None
[2025-11-23T04:31:20.706+0000] {processor.py:208} INFO - Processing /opt/airflow/dags/fixed_master_orchestrator.py took 0.088 seconds
[2025-11-23T04:31:51.111+0000] {processor.py:186} INFO - Started process (PID=451) to work on /opt/airflow/dags/fixed_master_orchestrator.py
[2025-11-23T04:31:51.111+0000] {processor.py:914} INFO - Processing file /opt/airflow/dags/fixed_master_orchestrator.py for tasks to queue
[2025-11-23T04:31:51.113+0000] {logging_mixin.py:190} INFO - [2025-11-23T04:31:51.113+0000] {dagbag.py:588} INFO - Filling up the DagBag from /opt/airflow/dags/fixed_master_orchestrator.py
[2025-11-23T04:31:51.129+0000] {processor.py:925} INFO - DAG(s) 'sales_streaming_pipeline' retrieved from /opt/airflow/dags/fixed_master_orchestrator.py
[2025-11-23T04:31:51.148+0000] {logging_mixin.py:190} INFO - [2025-11-23T04:31:51.147+0000] {dag.py:3239} INFO - Sync 1 DAGs
[2025-11-23T04:31:51.160+0000] {logging_mixin.py:190} INFO - [2025-11-23T04:31:51.160+0000] {dag.py:4180} INFO - Setting next_dagrun for sales_streaming_pipeline to None, run_after=None
[2025-11-23T04:31:51.182+0000] {processor.py:208} INFO - Processing /opt/airflow/dags/fixed_master_orchestrator.py took 0.076 seconds
[2025-11-23T04:32:21.542+0000] {processor.py:186} INFO - Started process (PID=453) to work on /opt/airflow/dags/fixed_master_orchestrator.py
[2025-11-23T04:32:21.543+0000] {processor.py:914} INFO - Processing file /opt/airflow/dags/fixed_master_orchestrator.py for tasks to queue
[2025-11-23T04:32:21.546+0000] {logging_mixin.py:190} INFO - [2025-11-23T04:32:21.544+0000] {dagbag.py:588} INFO - Filling up the DagBag from /opt/airflow/dags/fixed_master_orchestrator.py
[2025-11-23T04:32:21.564+0000] {processor.py:925} INFO - DAG(s) 'sales_streaming_pipeline' retrieved from /opt/airflow/dags/fixed_master_orchestrator.py
[2025-11-23T04:32:21.584+0000] {logging_mixin.py:190} INFO - [2025-11-23T04:32:21.583+0000] {dag.py:3239} INFO - Sync 1 DAGs
[2025-11-23T04:32:21.596+0000] {logging_mixin.py:190} INFO - [2025-11-23T04:32:21.595+0000] {dag.py:4180} INFO - Setting next_dagrun for sales_streaming_pipeline to None, run_after=None
[2025-11-23T04:32:21.618+0000] {processor.py:208} INFO - Processing /opt/airflow/dags/fixed_master_orchestrator.py took 0.083 seconds
[2025-11-23T04:32:52.120+0000] {processor.py:186} INFO - Started process (PID=455) to work on /opt/airflow/dags/fixed_master_orchestrator.py
[2025-11-23T04:32:52.121+0000] {processor.py:914} INFO - Processing file /opt/airflow/dags/fixed_master_orchestrator.py for tasks to queue
[2025-11-23T04:32:52.123+0000] {logging_mixin.py:190} INFO - [2025-11-23T04:32:52.123+0000] {dagbag.py:588} INFO - Filling up the DagBag from /opt/airflow/dags/fixed_master_orchestrator.py
[2025-11-23T04:32:52.138+0000] {processor.py:925} INFO - DAG(s) 'sales_streaming_pipeline' retrieved from /opt/airflow/dags/fixed_master_orchestrator.py
[2025-11-23T04:32:52.158+0000] {logging_mixin.py:190} INFO - [2025-11-23T04:32:52.158+0000] {dag.py:3239} INFO - Sync 1 DAGs
[2025-11-23T04:32:52.169+0000] {logging_mixin.py:190} INFO - [2025-11-23T04:32:52.169+0000] {dag.py:4180} INFO - Setting next_dagrun for sales_streaming_pipeline to None, run_after=None
[2025-11-23T04:32:52.194+0000] {processor.py:208} INFO - Processing /opt/airflow/dags/fixed_master_orchestrator.py took 0.087 seconds
[2025-11-23T04:33:22.640+0000] {processor.py:186} INFO - Started process (PID=457) to work on /opt/airflow/dags/fixed_master_orchestrator.py
[2025-11-23T04:33:22.641+0000] {processor.py:914} INFO - Processing file /opt/airflow/dags/fixed_master_orchestrator.py for tasks to queue
[2025-11-23T04:33:22.643+0000] {logging_mixin.py:190} INFO - [2025-11-23T04:33:22.642+0000] {dagbag.py:588} INFO - Filling up the DagBag from /opt/airflow/dags/fixed_master_orchestrator.py
[2025-11-23T04:33:22.668+0000] {processor.py:925} INFO - DAG(s) 'sales_streaming_pipeline' retrieved from /opt/airflow/dags/fixed_master_orchestrator.py
[2025-11-23T04:33:22.686+0000] {logging_mixin.py:190} INFO - [2025-11-23T04:33:22.686+0000] {dag.py:3239} INFO - Sync 1 DAGs
[2025-11-23T04:33:22.698+0000] {logging_mixin.py:190} INFO - [2025-11-23T04:33:22.698+0000] {dag.py:4180} INFO - Setting next_dagrun for sales_streaming_pipeline to None, run_after=None
[2025-11-23T04:33:22.713+0000] {processor.py:208} INFO - Processing /opt/airflow/dags/fixed_master_orchestrator.py took 0.080 seconds
[2025-11-23T04:33:53.089+0000] {processor.py:186} INFO - Started process (PID=459) to work on /opt/airflow/dags/fixed_master_orchestrator.py
[2025-11-23T04:33:53.090+0000] {processor.py:914} INFO - Processing file /opt/airflow/dags/fixed_master_orchestrator.py for tasks to queue
[2025-11-23T04:33:53.092+0000] {logging_mixin.py:190} INFO - [2025-11-23T04:33:53.091+0000] {dagbag.py:588} INFO - Filling up the DagBag from /opt/airflow/dags/fixed_master_orchestrator.py
[2025-11-23T04:33:53.110+0000] {processor.py:925} INFO - DAG(s) 'sales_streaming_pipeline' retrieved from /opt/airflow/dags/fixed_master_orchestrator.py
[2025-11-23T04:33:53.130+0000] {logging_mixin.py:190} INFO - [2025-11-23T04:33:53.130+0000] {dag.py:3239} INFO - Sync 1 DAGs
[2025-11-23T04:33:53.151+0000] {logging_mixin.py:190} INFO - [2025-11-23T04:33:53.151+0000] {dag.py:4180} INFO - Setting next_dagrun for sales_streaming_pipeline to None, run_after=None
[2025-11-23T04:33:53.174+0000] {processor.py:208} INFO - Processing /opt/airflow/dags/fixed_master_orchestrator.py took 0.090 seconds
[2025-11-23T04:34:23.579+0000] {processor.py:186} INFO - Started process (PID=461) to work on /opt/airflow/dags/fixed_master_orchestrator.py
[2025-11-23T04:34:23.580+0000] {processor.py:914} INFO - Processing file /opt/airflow/dags/fixed_master_orchestrator.py for tasks to queue
[2025-11-23T04:34:23.582+0000] {logging_mixin.py:190} INFO - [2025-11-23T04:34:23.582+0000] {dagbag.py:588} INFO - Filling up the DagBag from /opt/airflow/dags/fixed_master_orchestrator.py
[2025-11-23T04:34:23.601+0000] {processor.py:925} INFO - DAG(s) 'sales_streaming_pipeline' retrieved from /opt/airflow/dags/fixed_master_orchestrator.py
[2025-11-23T04:34:23.621+0000] {logging_mixin.py:190} INFO - [2025-11-23T04:34:23.621+0000] {dag.py:3239} INFO - Sync 1 DAGs
[2025-11-23T04:34:23.633+0000] {logging_mixin.py:190} INFO - [2025-11-23T04:34:23.633+0000] {dag.py:4180} INFO - Setting next_dagrun for sales_streaming_pipeline to None, run_after=None
[2025-11-23T04:34:23.654+0000] {processor.py:208} INFO - Processing /opt/airflow/dags/fixed_master_orchestrator.py took 0.082 seconds
[2025-11-23T04:34:54.105+0000] {processor.py:186} INFO - Started process (PID=463) to work on /opt/airflow/dags/fixed_master_orchestrator.py
[2025-11-23T04:34:54.106+0000] {processor.py:914} INFO - Processing file /opt/airflow/dags/fixed_master_orchestrator.py for tasks to queue
[2025-11-23T04:34:54.107+0000] {logging_mixin.py:190} INFO - [2025-11-23T04:34:54.107+0000] {dagbag.py:588} INFO - Filling up the DagBag from /opt/airflow/dags/fixed_master_orchestrator.py
[2025-11-23T04:34:54.123+0000] {processor.py:925} INFO - DAG(s) 'sales_streaming_pipeline' retrieved from /opt/airflow/dags/fixed_master_orchestrator.py
[2025-11-23T04:34:54.140+0000] {logging_mixin.py:190} INFO - [2025-11-23T04:34:54.140+0000] {dag.py:3239} INFO - Sync 1 DAGs
[2025-11-23T04:34:54.152+0000] {logging_mixin.py:190} INFO - [2025-11-23T04:34:54.151+0000] {dag.py:4180} INFO - Setting next_dagrun for sales_streaming_pipeline to None, run_after=None
[2025-11-23T04:34:54.178+0000] {processor.py:208} INFO - Processing /opt/airflow/dags/fixed_master_orchestrator.py took 0.086 seconds
[2025-11-23T04:36:09.909+0000] {processor.py:186} INFO - Started process (PID=25) to work on /opt/airflow/dags/fixed_master_orchestrator.py
[2025-11-23T04:36:09.912+0000] {processor.py:914} INFO - Processing file /opt/airflow/dags/fixed_master_orchestrator.py for tasks to queue
[2025-11-23T04:36:09.915+0000] {logging_mixin.py:190} INFO - [2025-11-23T04:36:09.915+0000] {dagbag.py:588} INFO - Filling up the DagBag from /opt/airflow/dags/fixed_master_orchestrator.py
[2025-11-23T04:36:10.013+0000] {processor.py:925} INFO - DAG(s) 'sales_streaming_pipeline' retrieved from /opt/airflow/dags/fixed_master_orchestrator.py
[2025-11-23T04:36:10.281+0000] {logging_mixin.py:190} INFO - [2025-11-23T04:36:10.280+0000] {override.py:1912} INFO - Created Permission View: can edit on DAG:sales_streaming_pipeline
[2025-11-23T04:36:10.293+0000] {logging_mixin.py:190} INFO - [2025-11-23T04:36:10.292+0000] {override.py:1912} INFO - Created Permission View: can read on DAG:sales_streaming_pipeline
[2025-11-23T04:36:10.303+0000] {logging_mixin.py:190} INFO - [2025-11-23T04:36:10.303+0000] {override.py:1912} INFO - Created Permission View: can delete on DAG:sales_streaming_pipeline
[2025-11-23T04:36:10.310+0000] {logging_mixin.py:190} INFO - [2025-11-23T04:36:10.310+0000] {override.py:1912} INFO - Created Permission View: can read on DAG Run:sales_streaming_pipeline
[2025-11-23T04:36:10.318+0000] {logging_mixin.py:190} INFO - [2025-11-23T04:36:10.317+0000] {override.py:1912} INFO - Created Permission View: menu access on DAG Run:sales_streaming_pipeline
[2025-11-23T04:36:10.328+0000] {logging_mixin.py:190} INFO - [2025-11-23T04:36:10.327+0000] {override.py:1912} INFO - Created Permission View: can create on DAG Run:sales_streaming_pipeline
[2025-11-23T04:36:10.338+0000] {logging_mixin.py:190} INFO - [2025-11-23T04:36:10.337+0000] {override.py:1912} INFO - Created Permission View: can delete on DAG Run:sales_streaming_pipeline
[2025-11-23T04:36:10.338+0000] {logging_mixin.py:190} INFO - [2025-11-23T04:36:10.338+0000] {dag.py:3239} INFO - Sync 1 DAGs
[2025-11-23T04:36:10.356+0000] {logging_mixin.py:190} INFO - [2025-11-23T04:36:10.356+0000] {dag.py:3262} INFO - Creating ORM DAG for sales_streaming_pipeline
[2025-11-23T04:36:10.357+0000] {logging_mixin.py:190} INFO - [2025-11-23T04:36:10.357+0000] {dag.py:4180} INFO - Setting next_dagrun for sales_streaming_pipeline to None, run_after=None
[2025-11-23T04:36:10.385+0000] {processor.py:208} INFO - Processing /opt/airflow/dags/fixed_master_orchestrator.py took 0.484 seconds
[2025-11-23T04:36:41.211+0000] {processor.py:186} INFO - Started process (PID=29) to work on /opt/airflow/dags/fixed_master_orchestrator.py
[2025-11-23T04:36:41.212+0000] {processor.py:914} INFO - Processing file /opt/airflow/dags/fixed_master_orchestrator.py for tasks to queue
[2025-11-23T04:36:41.215+0000] {logging_mixin.py:190} INFO - [2025-11-23T04:36:41.214+0000] {dagbag.py:588} INFO - Filling up the DagBag from /opt/airflow/dags/fixed_master_orchestrator.py
[2025-11-23T04:36:41.248+0000] {processor.py:925} INFO - DAG(s) 'sales_streaming_pipeline' retrieved from /opt/airflow/dags/fixed_master_orchestrator.py
[2025-11-23T04:36:41.270+0000] {logging_mixin.py:190} INFO - [2025-11-23T04:36:41.270+0000] {dag.py:3239} INFO - Sync 1 DAGs
[2025-11-23T04:36:41.283+0000] {logging_mixin.py:190} INFO - [2025-11-23T04:36:41.283+0000] {dag.py:4180} INFO - Setting next_dagrun for sales_streaming_pipeline to None, run_after=None
[2025-11-23T04:36:41.305+0000] {processor.py:208} INFO - Processing /opt/airflow/dags/fixed_master_orchestrator.py took 0.101 seconds
[2025-11-23T04:37:11.982+0000] {processor.py:186} INFO - Started process (PID=41) to work on /opt/airflow/dags/fixed_master_orchestrator.py
[2025-11-23T04:37:11.984+0000] {processor.py:914} INFO - Processing file /opt/airflow/dags/fixed_master_orchestrator.py for tasks to queue
[2025-11-23T04:37:11.986+0000] {logging_mixin.py:190} INFO - [2025-11-23T04:37:11.986+0000] {dagbag.py:588} INFO - Filling up the DagBag from /opt/airflow/dags/fixed_master_orchestrator.py
[2025-11-23T04:37:12.011+0000] {processor.py:925} INFO - DAG(s) 'sales_streaming_pipeline' retrieved from /opt/airflow/dags/fixed_master_orchestrator.py
[2025-11-23T04:37:12.151+0000] {logging_mixin.py:190} INFO - [2025-11-23T04:37:12.151+0000] {dag.py:3239} INFO - Sync 1 DAGs
[2025-11-23T04:37:12.165+0000] {logging_mixin.py:190} INFO - [2025-11-23T04:37:12.165+0000] {dag.py:4180} INFO - Setting next_dagrun for sales_streaming_pipeline to None, run_after=None
[2025-11-23T04:37:12.191+0000] {processor.py:208} INFO - Processing /opt/airflow/dags/fixed_master_orchestrator.py took 0.221 seconds
[2025-11-23T04:37:42.997+0000] {processor.py:186} INFO - Started process (PID=45) to work on /opt/airflow/dags/fixed_master_orchestrator.py
[2025-11-23T04:37:42.998+0000] {processor.py:914} INFO - Processing file /opt/airflow/dags/fixed_master_orchestrator.py for tasks to queue
[2025-11-23T04:37:43.000+0000] {logging_mixin.py:190} INFO - [2025-11-23T04:37:43.000+0000] {dagbag.py:588} INFO - Filling up the DagBag from /opt/airflow/dags/fixed_master_orchestrator.py
[2025-11-23T04:37:43.017+0000] {processor.py:925} INFO - DAG(s) 'sales_streaming_pipeline' retrieved from /opt/airflow/dags/fixed_master_orchestrator.py
[2025-11-23T04:37:43.035+0000] {logging_mixin.py:190} INFO - [2025-11-23T04:37:43.035+0000] {dag.py:3239} INFO - Sync 1 DAGs
[2025-11-23T04:37:43.047+0000] {logging_mixin.py:190} INFO - [2025-11-23T04:37:43.046+0000] {dag.py:4180} INFO - Setting next_dagrun for sales_streaming_pipeline to None, run_after=None
[2025-11-23T04:37:43.068+0000] {processor.py:208} INFO - Processing /opt/airflow/dags/fixed_master_orchestrator.py took 0.076 seconds
[2025-11-23T04:38:13.861+0000] {processor.py:186} INFO - Started process (PID=49) to work on /opt/airflow/dags/fixed_master_orchestrator.py
[2025-11-23T04:38:13.862+0000] {processor.py:914} INFO - Processing file /opt/airflow/dags/fixed_master_orchestrator.py for tasks to queue
[2025-11-23T04:38:13.864+0000] {logging_mixin.py:190} INFO - [2025-11-23T04:38:13.864+0000] {dagbag.py:588} INFO - Filling up the DagBag from /opt/airflow/dags/fixed_master_orchestrator.py
[2025-11-23T04:38:13.882+0000] {processor.py:925} INFO - DAG(s) 'sales_streaming_pipeline' retrieved from /opt/airflow/dags/fixed_master_orchestrator.py
[2025-11-23T04:38:13.966+0000] {logging_mixin.py:190} INFO - [2025-11-23T04:38:13.966+0000] {dag.py:3239} INFO - Sync 1 DAGs
[2025-11-23T04:38:13.975+0000] {logging_mixin.py:190} INFO - [2025-11-23T04:38:13.975+0000] {dag.py:4180} INFO - Setting next_dagrun for sales_streaming_pipeline to None, run_after=None
[2025-11-23T04:38:14.004+0000] {processor.py:208} INFO - Processing /opt/airflow/dags/fixed_master_orchestrator.py took 0.146 seconds
[2025-11-23T04:38:44.935+0000] {processor.py:186} INFO - Started process (PID=53) to work on /opt/airflow/dags/fixed_master_orchestrator.py
[2025-11-23T04:38:44.936+0000] {processor.py:914} INFO - Processing file /opt/airflow/dags/fixed_master_orchestrator.py for tasks to queue
[2025-11-23T04:38:44.940+0000] {logging_mixin.py:190} INFO - [2025-11-23T04:38:44.939+0000] {dagbag.py:588} INFO - Filling up the DagBag from /opt/airflow/dags/fixed_master_orchestrator.py
[2025-11-23T04:38:44.963+0000] {processor.py:925} INFO - DAG(s) 'sales_streaming_pipeline' retrieved from /opt/airflow/dags/fixed_master_orchestrator.py
[2025-11-23T04:38:44.981+0000] {logging_mixin.py:190} INFO - [2025-11-23T04:38:44.981+0000] {dag.py:3239} INFO - Sync 1 DAGs
[2025-11-23T04:38:44.993+0000] {logging_mixin.py:190} INFO - [2025-11-23T04:38:44.993+0000] {dag.py:4180} INFO - Setting next_dagrun for sales_streaming_pipeline to None, run_after=None
[2025-11-23T04:38:45.016+0000] {processor.py:208} INFO - Processing /opt/airflow/dags/fixed_master_orchestrator.py took 0.088 seconds
[2025-11-23T04:39:15.676+0000] {processor.py:186} INFO - Started process (PID=57) to work on /opt/airflow/dags/fixed_master_orchestrator.py
[2025-11-23T04:39:15.677+0000] {processor.py:914} INFO - Processing file /opt/airflow/dags/fixed_master_orchestrator.py for tasks to queue
[2025-11-23T04:39:15.680+0000] {logging_mixin.py:190} INFO - [2025-11-23T04:39:15.680+0000] {dagbag.py:588} INFO - Filling up the DagBag from /opt/airflow/dags/fixed_master_orchestrator.py
[2025-11-23T04:39:15.706+0000] {processor.py:925} INFO - DAG(s) 'sales_streaming_pipeline' retrieved from /opt/airflow/dags/fixed_master_orchestrator.py
[2025-11-23T04:39:15.800+0000] {logging_mixin.py:190} INFO - [2025-11-23T04:39:15.800+0000] {dag.py:3239} INFO - Sync 1 DAGs
[2025-11-23T04:39:15.810+0000] {logging_mixin.py:190} INFO - [2025-11-23T04:39:15.809+0000] {dag.py:4180} INFO - Setting next_dagrun for sales_streaming_pipeline to None, run_after=None
[2025-11-23T04:39:15.828+0000] {processor.py:208} INFO - Processing /opt/airflow/dags/fixed_master_orchestrator.py took 0.159 seconds
[2025-11-23T04:39:46.527+0000] {processor.py:186} INFO - Started process (PID=61) to work on /opt/airflow/dags/fixed_master_orchestrator.py
[2025-11-23T04:39:46.528+0000] {processor.py:914} INFO - Processing file /opt/airflow/dags/fixed_master_orchestrator.py for tasks to queue
[2025-11-23T04:39:46.531+0000] {logging_mixin.py:190} INFO - [2025-11-23T04:39:46.530+0000] {dagbag.py:588} INFO - Filling up the DagBag from /opt/airflow/dags/fixed_master_orchestrator.py
[2025-11-23T04:39:46.551+0000] {processor.py:925} INFO - DAG(s) 'sales_streaming_pipeline' retrieved from /opt/airflow/dags/fixed_master_orchestrator.py
[2025-11-23T04:39:46.571+0000] {logging_mixin.py:190} INFO - [2025-11-23T04:39:46.571+0000] {dag.py:3239} INFO - Sync 1 DAGs
[2025-11-23T04:39:46.582+0000] {logging_mixin.py:190} INFO - [2025-11-23T04:39:46.582+0000] {dag.py:4180} INFO - Setting next_dagrun for sales_streaming_pipeline to None, run_after=None
[2025-11-23T04:39:46.602+0000] {processor.py:208} INFO - Processing /opt/airflow/dags/fixed_master_orchestrator.py took 0.081 seconds
[2025-11-23T04:40:17.488+0000] {processor.py:186} INFO - Started process (PID=65) to work on /opt/airflow/dags/fixed_master_orchestrator.py
[2025-11-23T04:40:17.489+0000] {processor.py:914} INFO - Processing file /opt/airflow/dags/fixed_master_orchestrator.py for tasks to queue
[2025-11-23T04:40:17.491+0000] {logging_mixin.py:190} INFO - [2025-11-23T04:40:17.491+0000] {dagbag.py:588} INFO - Filling up the DagBag from /opt/airflow/dags/fixed_master_orchestrator.py
[2025-11-23T04:40:17.512+0000] {processor.py:925} INFO - DAG(s) 'sales_streaming_pipeline' retrieved from /opt/airflow/dags/fixed_master_orchestrator.py
[2025-11-23T04:40:17.601+0000] {logging_mixin.py:190} INFO - [2025-11-23T04:40:17.600+0000] {dag.py:3239} INFO - Sync 1 DAGs
[2025-11-23T04:40:17.610+0000] {logging_mixin.py:190} INFO - [2025-11-23T04:40:17.610+0000] {dag.py:4180} INFO - Setting next_dagrun for sales_streaming_pipeline to None, run_after=None
[2025-11-23T04:40:17.630+0000] {processor.py:208} INFO - Processing /opt/airflow/dags/fixed_master_orchestrator.py took 0.149 seconds
[2025-11-23T04:40:48.342+0000] {processor.py:186} INFO - Started process (PID=69) to work on /opt/airflow/dags/fixed_master_orchestrator.py
[2025-11-23T04:40:48.343+0000] {processor.py:914} INFO - Processing file /opt/airflow/dags/fixed_master_orchestrator.py for tasks to queue
[2025-11-23T04:40:48.345+0000] {logging_mixin.py:190} INFO - [2025-11-23T04:40:48.345+0000] {dagbag.py:588} INFO - Filling up the DagBag from /opt/airflow/dags/fixed_master_orchestrator.py
[2025-11-23T04:40:48.363+0000] {processor.py:925} INFO - DAG(s) 'sales_streaming_pipeline' retrieved from /opt/airflow/dags/fixed_master_orchestrator.py
[2025-11-23T04:40:48.380+0000] {logging_mixin.py:190} INFO - [2025-11-23T04:40:48.380+0000] {dag.py:3239} INFO - Sync 1 DAGs
[2025-11-23T04:40:48.392+0000] {logging_mixin.py:190} INFO - [2025-11-23T04:40:48.392+0000] {dag.py:4180} INFO - Setting next_dagrun for sales_streaming_pipeline to None, run_after=None
[2025-11-23T04:40:48.408+0000] {processor.py:208} INFO - Processing /opt/airflow/dags/fixed_master_orchestrator.py took 0.076 seconds
[2025-11-23T04:41:19.230+0000] {processor.py:186} INFO - Started process (PID=73) to work on /opt/airflow/dags/fixed_master_orchestrator.py
[2025-11-23T04:41:19.231+0000] {processor.py:914} INFO - Processing file /opt/airflow/dags/fixed_master_orchestrator.py for tasks to queue
[2025-11-23T04:41:19.234+0000] {logging_mixin.py:190} INFO - [2025-11-23T04:41:19.234+0000] {dagbag.py:588} INFO - Filling up the DagBag from /opt/airflow/dags/fixed_master_orchestrator.py
[2025-11-23T04:41:19.250+0000] {processor.py:925} INFO - DAG(s) 'sales_streaming_pipeline' retrieved from /opt/airflow/dags/fixed_master_orchestrator.py
[2025-11-23T04:41:19.340+0000] {logging_mixin.py:190} INFO - [2025-11-23T04:41:19.339+0000] {dag.py:3239} INFO - Sync 1 DAGs
[2025-11-23T04:41:19.352+0000] {logging_mixin.py:190} INFO - [2025-11-23T04:41:19.352+0000] {dag.py:4180} INFO - Setting next_dagrun for sales_streaming_pipeline to None, run_after=None
[2025-11-23T04:41:19.388+0000] {processor.py:208} INFO - Processing /opt/airflow/dags/fixed_master_orchestrator.py took 0.164 seconds
[2025-11-23T04:41:50.017+0000] {processor.py:186} INFO - Started process (PID=77) to work on /opt/airflow/dags/fixed_master_orchestrator.py
[2025-11-23T04:41:50.018+0000] {processor.py:914} INFO - Processing file /opt/airflow/dags/fixed_master_orchestrator.py for tasks to queue
[2025-11-23T04:41:50.020+0000] {logging_mixin.py:190} INFO - [2025-11-23T04:41:50.020+0000] {dagbag.py:588} INFO - Filling up the DagBag from /opt/airflow/dags/fixed_master_orchestrator.py
[2025-11-23T04:41:50.039+0000] {processor.py:925} INFO - DAG(s) 'sales_streaming_pipeline' retrieved from /opt/airflow/dags/fixed_master_orchestrator.py
[2025-11-23T04:41:50.060+0000] {logging_mixin.py:190} INFO - [2025-11-23T04:41:50.060+0000] {dag.py:3239} INFO - Sync 1 DAGs
[2025-11-23T04:41:50.073+0000] {logging_mixin.py:190} INFO - [2025-11-23T04:41:50.073+0000] {dag.py:4180} INFO - Setting next_dagrun for sales_streaming_pipeline to None, run_after=None
[2025-11-23T04:41:50.093+0000] {processor.py:208} INFO - Processing /opt/airflow/dags/fixed_master_orchestrator.py took 0.081 seconds
[2025-11-23T04:42:20.846+0000] {processor.py:186} INFO - Started process (PID=81) to work on /opt/airflow/dags/fixed_master_orchestrator.py
[2025-11-23T04:42:20.847+0000] {processor.py:914} INFO - Processing file /opt/airflow/dags/fixed_master_orchestrator.py for tasks to queue
[2025-11-23T04:42:20.849+0000] {logging_mixin.py:190} INFO - [2025-11-23T04:42:20.848+0000] {dagbag.py:588} INFO - Filling up the DagBag from /opt/airflow/dags/fixed_master_orchestrator.py
[2025-11-23T04:42:20.865+0000] {processor.py:925} INFO - DAG(s) 'sales_streaming_pipeline' retrieved from /opt/airflow/dags/fixed_master_orchestrator.py
[2025-11-23T04:42:20.962+0000] {logging_mixin.py:190} INFO - [2025-11-23T04:42:20.961+0000] {dag.py:3239} INFO - Sync 1 DAGs
[2025-11-23T04:42:20.972+0000] {logging_mixin.py:190} INFO - [2025-11-23T04:42:20.971+0000] {dag.py:4180} INFO - Setting next_dagrun for sales_streaming_pipeline to None, run_after=None
[2025-11-23T04:42:21.003+0000] {processor.py:208} INFO - Processing /opt/airflow/dags/fixed_master_orchestrator.py took 0.162 seconds
[2025-11-23T04:42:51.595+0000] {processor.py:186} INFO - Started process (PID=89) to work on /opt/airflow/dags/fixed_master_orchestrator.py
[2025-11-23T04:42:51.596+0000] {processor.py:914} INFO - Processing file /opt/airflow/dags/fixed_master_orchestrator.py for tasks to queue
[2025-11-23T04:42:51.599+0000] {logging_mixin.py:190} INFO - [2025-11-23T04:42:51.598+0000] {dagbag.py:588} INFO - Filling up the DagBag from /opt/airflow/dags/fixed_master_orchestrator.py
[2025-11-23T04:42:51.625+0000] {processor.py:925} INFO - DAG(s) 'sales_streaming_pipeline' retrieved from /opt/airflow/dags/fixed_master_orchestrator.py
[2025-11-23T04:42:51.652+0000] {logging_mixin.py:190} INFO - [2025-11-23T04:42:51.652+0000] {dag.py:3239} INFO - Sync 1 DAGs
[2025-11-23T04:42:51.664+0000] {logging_mixin.py:190} INFO - [2025-11-23T04:42:51.664+0000] {dag.py:4180} INFO - Setting next_dagrun for sales_streaming_pipeline to None, run_after=None
[2025-11-23T04:42:51.691+0000] {processor.py:208} INFO - Processing /opt/airflow/dags/fixed_master_orchestrator.py took 0.101 seconds
[2025-11-23T04:43:22.411+0000] {processor.py:186} INFO - Started process (PID=93) to work on /opt/airflow/dags/fixed_master_orchestrator.py
[2025-11-23T04:43:22.412+0000] {processor.py:914} INFO - Processing file /opt/airflow/dags/fixed_master_orchestrator.py for tasks to queue
[2025-11-23T04:43:22.414+0000] {logging_mixin.py:190} INFO - [2025-11-23T04:43:22.414+0000] {dagbag.py:588} INFO - Filling up the DagBag from /opt/airflow/dags/fixed_master_orchestrator.py
[2025-11-23T04:43:22.427+0000] {processor.py:925} INFO - DAG(s) 'sales_streaming_pipeline' retrieved from /opt/airflow/dags/fixed_master_orchestrator.py
[2025-11-23T04:43:22.510+0000] {logging_mixin.py:190} INFO - [2025-11-23T04:43:22.510+0000] {dag.py:3239} INFO - Sync 1 DAGs
[2025-11-23T04:43:22.522+0000] {logging_mixin.py:190} INFO - [2025-11-23T04:43:22.522+0000] {dag.py:4180} INFO - Setting next_dagrun for sales_streaming_pipeline to None, run_after=None
[2025-11-23T04:43:22.544+0000] {processor.py:208} INFO - Processing /opt/airflow/dags/fixed_master_orchestrator.py took 0.138 seconds
[2025-11-23T04:43:53.130+0000] {processor.py:186} INFO - Started process (PID=97) to work on /opt/airflow/dags/fixed_master_orchestrator.py
[2025-11-23T04:43:53.132+0000] {processor.py:914} INFO - Processing file /opt/airflow/dags/fixed_master_orchestrator.py for tasks to queue
[2025-11-23T04:43:53.134+0000] {logging_mixin.py:190} INFO - [2025-11-23T04:43:53.133+0000] {dagbag.py:588} INFO - Filling up the DagBag from /opt/airflow/dags/fixed_master_orchestrator.py
[2025-11-23T04:43:53.149+0000] {processor.py:925} INFO - DAG(s) 'sales_streaming_pipeline' retrieved from /opt/airflow/dags/fixed_master_orchestrator.py
[2025-11-23T04:43:53.169+0000] {logging_mixin.py:190} INFO - [2025-11-23T04:43:53.169+0000] {dag.py:3239} INFO - Sync 1 DAGs
[2025-11-23T04:43:53.182+0000] {logging_mixin.py:190} INFO - [2025-11-23T04:43:53.182+0000] {dag.py:4180} INFO - Setting next_dagrun for sales_streaming_pipeline to None, run_after=None
[2025-11-23T04:43:53.204+0000] {processor.py:208} INFO - Processing /opt/airflow/dags/fixed_master_orchestrator.py took 0.079 seconds
[2025-11-23T04:44:23.913+0000] {processor.py:186} INFO - Started process (PID=105) to work on /opt/airflow/dags/fixed_master_orchestrator.py
[2025-11-23T04:44:23.914+0000] {processor.py:914} INFO - Processing file /opt/airflow/dags/fixed_master_orchestrator.py for tasks to queue
[2025-11-23T04:44:23.917+0000] {logging_mixin.py:190} INFO - [2025-11-23T04:44:23.917+0000] {dagbag.py:588} INFO - Filling up the DagBag from /opt/airflow/dags/fixed_master_orchestrator.py
[2025-11-23T04:44:23.936+0000] {processor.py:925} INFO - DAG(s) 'sales_streaming_pipeline' retrieved from /opt/airflow/dags/fixed_master_orchestrator.py
[2025-11-23T04:44:24.033+0000] {logging_mixin.py:190} INFO - [2025-11-23T04:44:24.033+0000] {dag.py:3239} INFO - Sync 1 DAGs
[2025-11-23T04:44:24.043+0000] {logging_mixin.py:190} INFO - [2025-11-23T04:44:24.043+0000] {dag.py:4180} INFO - Setting next_dagrun for sales_streaming_pipeline to None, run_after=None
[2025-11-23T04:44:24.077+0000] {processor.py:208} INFO - Processing /opt/airflow/dags/fixed_master_orchestrator.py took 0.170 seconds
[2025-11-23T04:44:54.719+0000] {processor.py:186} INFO - Started process (PID=109) to work on /opt/airflow/dags/fixed_master_orchestrator.py
[2025-11-23T04:44:54.720+0000] {processor.py:914} INFO - Processing file /opt/airflow/dags/fixed_master_orchestrator.py for tasks to queue
[2025-11-23T04:44:54.723+0000] {logging_mixin.py:190} INFO - [2025-11-23T04:44:54.722+0000] {dagbag.py:588} INFO - Filling up the DagBag from /opt/airflow/dags/fixed_master_orchestrator.py
[2025-11-23T04:44:54.742+0000] {processor.py:925} INFO - DAG(s) 'sales_streaming_pipeline' retrieved from /opt/airflow/dags/fixed_master_orchestrator.py
[2025-11-23T04:44:54.761+0000] {logging_mixin.py:190} INFO - [2025-11-23T04:44:54.761+0000] {dag.py:3239} INFO - Sync 1 DAGs
[2025-11-23T04:44:54.773+0000] {logging_mixin.py:190} INFO - [2025-11-23T04:44:54.773+0000] {dag.py:4180} INFO - Setting next_dagrun for sales_streaming_pipeline to None, run_after=None
[2025-11-23T04:44:54.793+0000] {processor.py:208} INFO - Processing /opt/airflow/dags/fixed_master_orchestrator.py took 0.080 seconds
[2025-11-23T04:45:25.503+0000] {processor.py:186} INFO - Started process (PID=113) to work on /opt/airflow/dags/fixed_master_orchestrator.py
[2025-11-23T04:45:25.504+0000] {processor.py:914} INFO - Processing file /opt/airflow/dags/fixed_master_orchestrator.py for tasks to queue
[2025-11-23T04:45:25.506+0000] {logging_mixin.py:190} INFO - [2025-11-23T04:45:25.506+0000] {dagbag.py:588} INFO - Filling up the DagBag from /opt/airflow/dags/fixed_master_orchestrator.py
[2025-11-23T04:45:25.519+0000] {processor.py:925} INFO - DAG(s) 'sales_streaming_pipeline' retrieved from /opt/airflow/dags/fixed_master_orchestrator.py
[2025-11-23T04:45:25.601+0000] {logging_mixin.py:190} INFO - [2025-11-23T04:45:25.601+0000] {dag.py:3239} INFO - Sync 1 DAGs
[2025-11-23T04:45:25.612+0000] {logging_mixin.py:190} INFO - [2025-11-23T04:45:25.612+0000] {dag.py:4180} INFO - Setting next_dagrun for sales_streaming_pipeline to None, run_after=None
[2025-11-23T04:45:25.631+0000] {processor.py:208} INFO - Processing /opt/airflow/dags/fixed_master_orchestrator.py took 0.133 seconds
[2025-11-23T04:45:56.279+0000] {processor.py:186} INFO - Started process (PID=117) to work on /opt/airflow/dags/fixed_master_orchestrator.py
[2025-11-23T04:45:56.280+0000] {processor.py:914} INFO - Processing file /opt/airflow/dags/fixed_master_orchestrator.py for tasks to queue
[2025-11-23T04:45:56.283+0000] {logging_mixin.py:190} INFO - [2025-11-23T04:45:56.283+0000] {dagbag.py:588} INFO - Filling up the DagBag from /opt/airflow/dags/fixed_master_orchestrator.py
[2025-11-23T04:45:56.306+0000] {processor.py:925} INFO - DAG(s) 'sales_streaming_pipeline' retrieved from /opt/airflow/dags/fixed_master_orchestrator.py
[2025-11-23T04:45:56.332+0000] {logging_mixin.py:190} INFO - [2025-11-23T04:45:56.331+0000] {dag.py:3239} INFO - Sync 1 DAGs
[2025-11-23T04:45:56.347+0000] {logging_mixin.py:190} INFO - [2025-11-23T04:45:56.347+0000] {dag.py:4180} INFO - Setting next_dagrun for sales_streaming_pipeline to None, run_after=None
[2025-11-23T04:45:56.365+0000] {processor.py:208} INFO - Processing /opt/airflow/dags/fixed_master_orchestrator.py took 0.091 seconds
[2025-11-23T04:46:27.159+0000] {processor.py:186} INFO - Started process (PID=125) to work on /opt/airflow/dags/fixed_master_orchestrator.py
[2025-11-23T04:46:27.160+0000] {processor.py:914} INFO - Processing file /opt/airflow/dags/fixed_master_orchestrator.py for tasks to queue
[2025-11-23T04:46:27.163+0000] {logging_mixin.py:190} INFO - [2025-11-23T04:46:27.163+0000] {dagbag.py:588} INFO - Filling up the DagBag from /opt/airflow/dags/fixed_master_orchestrator.py
[2025-11-23T04:46:27.182+0000] {processor.py:925} INFO - DAG(s) 'sales_streaming_pipeline' retrieved from /opt/airflow/dags/fixed_master_orchestrator.py
[2025-11-23T04:46:27.276+0000] {logging_mixin.py:190} INFO - [2025-11-23T04:46:27.275+0000] {dag.py:3239} INFO - Sync 1 DAGs
[2025-11-23T04:46:27.288+0000] {logging_mixin.py:190} INFO - [2025-11-23T04:46:27.288+0000] {dag.py:4180} INFO - Setting next_dagrun for sales_streaming_pipeline to None, run_after=None
[2025-11-23T04:46:27.313+0000] {processor.py:208} INFO - Processing /opt/airflow/dags/fixed_master_orchestrator.py took 0.161 seconds
[2025-11-23T04:46:57.996+0000] {processor.py:186} INFO - Started process (PID=135) to work on /opt/airflow/dags/fixed_master_orchestrator.py
[2025-11-23T04:46:57.998+0000] {processor.py:914} INFO - Processing file /opt/airflow/dags/fixed_master_orchestrator.py for tasks to queue
[2025-11-23T04:46:58.001+0000] {logging_mixin.py:190} INFO - [2025-11-23T04:46:58.000+0000] {dagbag.py:588} INFO - Filling up the DagBag from /opt/airflow/dags/fixed_master_orchestrator.py
[2025-11-23T04:46:58.022+0000] {processor.py:925} INFO - DAG(s) 'sales_streaming_pipeline' retrieved from /opt/airflow/dags/fixed_master_orchestrator.py
[2025-11-23T04:46:58.042+0000] {logging_mixin.py:190} INFO - [2025-11-23T04:46:58.042+0000] {dag.py:3239} INFO - Sync 1 DAGs
[2025-11-23T04:46:58.055+0000] {logging_mixin.py:190} INFO - [2025-11-23T04:46:58.055+0000] {dag.py:4180} INFO - Setting next_dagrun for sales_streaming_pipeline to None, run_after=None
[2025-11-23T04:46:58.076+0000] {processor.py:208} INFO - Processing /opt/airflow/dags/fixed_master_orchestrator.py took 0.086 seconds
[2025-11-23T04:47:28.790+0000] {processor.py:186} INFO - Started process (PID=139) to work on /opt/airflow/dags/fixed_master_orchestrator.py
[2025-11-23T04:47:28.791+0000] {processor.py:914} INFO - Processing file /opt/airflow/dags/fixed_master_orchestrator.py for tasks to queue
[2025-11-23T04:47:28.793+0000] {logging_mixin.py:190} INFO - [2025-11-23T04:47:28.792+0000] {dagbag.py:588} INFO - Filling up the DagBag from /opt/airflow/dags/fixed_master_orchestrator.py
[2025-11-23T04:47:28.812+0000] {processor.py:925} INFO - DAG(s) 'sales_streaming_pipeline' retrieved from /opt/airflow/dags/fixed_master_orchestrator.py
[2025-11-23T04:47:28.907+0000] {logging_mixin.py:190} INFO - [2025-11-23T04:47:28.906+0000] {dag.py:3239} INFO - Sync 1 DAGs
[2025-11-23T04:47:28.918+0000] {logging_mixin.py:190} INFO - [2025-11-23T04:47:28.918+0000] {dag.py:4180} INFO - Setting next_dagrun for sales_streaming_pipeline to None, run_after=None
[2025-11-23T04:47:28.944+0000] {processor.py:208} INFO - Processing /opt/airflow/dags/fixed_master_orchestrator.py took 0.160 seconds
[2025-11-23T04:47:59.566+0000] {processor.py:186} INFO - Started process (PID=143) to work on /opt/airflow/dags/fixed_master_orchestrator.py
[2025-11-23T04:47:59.566+0000] {processor.py:914} INFO - Processing file /opt/airflow/dags/fixed_master_orchestrator.py for tasks to queue
[2025-11-23T04:47:59.568+0000] {logging_mixin.py:190} INFO - [2025-11-23T04:47:59.568+0000] {dagbag.py:588} INFO - Filling up the DagBag from /opt/airflow/dags/fixed_master_orchestrator.py
[2025-11-23T04:47:59.586+0000] {processor.py:925} INFO - DAG(s) 'sales_streaming_pipeline' retrieved from /opt/airflow/dags/fixed_master_orchestrator.py
[2025-11-23T04:47:59.604+0000] {logging_mixin.py:190} INFO - [2025-11-23T04:47:59.603+0000] {dag.py:3239} INFO - Sync 1 DAGs
[2025-11-23T04:47:59.616+0000] {logging_mixin.py:190} INFO - [2025-11-23T04:47:59.616+0000] {dag.py:4180} INFO - Setting next_dagrun for sales_streaming_pipeline to None, run_after=None
[2025-11-23T04:47:59.637+0000] {processor.py:208} INFO - Processing /opt/airflow/dags/fixed_master_orchestrator.py took 0.077 seconds
[2025-11-23T04:48:30.403+0000] {processor.py:186} INFO - Started process (PID=154) to work on /opt/airflow/dags/fixed_master_orchestrator.py
[2025-11-23T04:48:30.404+0000] {processor.py:914} INFO - Processing file /opt/airflow/dags/fixed_master_orchestrator.py for tasks to queue
[2025-11-23T04:48:30.406+0000] {logging_mixin.py:190} INFO - [2025-11-23T04:48:30.406+0000] {dagbag.py:588} INFO - Filling up the DagBag from /opt/airflow/dags/fixed_master_orchestrator.py
[2025-11-23T04:48:30.430+0000] {processor.py:925} INFO - DAG(s) 'sales_streaming_pipeline' retrieved from /opt/airflow/dags/fixed_master_orchestrator.py
[2025-11-23T04:48:30.566+0000] {logging_mixin.py:190} INFO - [2025-11-23T04:48:30.566+0000] {dag.py:3239} INFO - Sync 1 DAGs
[2025-11-23T04:48:30.580+0000] {logging_mixin.py:190} INFO - [2025-11-23T04:48:30.580+0000] {dag.py:4180} INFO - Setting next_dagrun for sales_streaming_pipeline to None, run_after=None
[2025-11-23T04:48:30.608+0000] {processor.py:208} INFO - Processing /opt/airflow/dags/fixed_master_orchestrator.py took 0.216 seconds
[2025-11-23T04:49:01.376+0000] {processor.py:186} INFO - Started process (PID=165) to work on /opt/airflow/dags/fixed_master_orchestrator.py
[2025-11-23T04:49:01.377+0000] {processor.py:914} INFO - Processing file /opt/airflow/dags/fixed_master_orchestrator.py for tasks to queue
[2025-11-23T04:49:01.379+0000] {logging_mixin.py:190} INFO - [2025-11-23T04:49:01.379+0000] {dagbag.py:588} INFO - Filling up the DagBag from /opt/airflow/dags/fixed_master_orchestrator.py
[2025-11-23T04:49:01.404+0000] {processor.py:925} INFO - DAG(s) 'sales_streaming_pipeline' retrieved from /opt/airflow/dags/fixed_master_orchestrator.py
[2025-11-23T04:49:01.423+0000] {logging_mixin.py:190} INFO - [2025-11-23T04:49:01.423+0000] {dag.py:3239} INFO - Sync 1 DAGs
[2025-11-23T04:49:01.434+0000] {logging_mixin.py:190} INFO - [2025-11-23T04:49:01.434+0000] {dag.py:4180} INFO - Setting next_dagrun for sales_streaming_pipeline to None, run_after=None
[2025-11-23T04:49:01.457+0000] {processor.py:208} INFO - Processing /opt/airflow/dags/fixed_master_orchestrator.py took 0.089 seconds
[2025-11-23T04:49:32.178+0000] {processor.py:186} INFO - Started process (PID=169) to work on /opt/airflow/dags/fixed_master_orchestrator.py
[2025-11-23T04:49:32.179+0000] {processor.py:914} INFO - Processing file /opt/airflow/dags/fixed_master_orchestrator.py for tasks to queue
[2025-11-23T04:49:32.182+0000] {logging_mixin.py:190} INFO - [2025-11-23T04:49:32.181+0000] {dagbag.py:588} INFO - Filling up the DagBag from /opt/airflow/dags/fixed_master_orchestrator.py
[2025-11-23T04:49:32.200+0000] {processor.py:925} INFO - DAG(s) 'sales_streaming_pipeline' retrieved from /opt/airflow/dags/fixed_master_orchestrator.py
[2025-11-23T04:49:32.293+0000] {logging_mixin.py:190} INFO - [2025-11-23T04:49:32.292+0000] {dag.py:3239} INFO - Sync 1 DAGs
[2025-11-23T04:49:32.303+0000] {logging_mixin.py:190} INFO - [2025-11-23T04:49:32.303+0000] {dag.py:4180} INFO - Setting next_dagrun for sales_streaming_pipeline to None, run_after=None
[2025-11-23T04:49:32.330+0000] {processor.py:208} INFO - Processing /opt/airflow/dags/fixed_master_orchestrator.py took 0.156 seconds
[2025-11-23T04:50:02.999+0000] {processor.py:186} INFO - Started process (PID=173) to work on /opt/airflow/dags/fixed_master_orchestrator.py
[2025-11-23T04:50:03.000+0000] {processor.py:914} INFO - Processing file /opt/airflow/dags/fixed_master_orchestrator.py for tasks to queue
[2025-11-23T04:50:03.002+0000] {logging_mixin.py:190} INFO - [2025-11-23T04:50:03.002+0000] {dagbag.py:588} INFO - Filling up the DagBag from /opt/airflow/dags/fixed_master_orchestrator.py
[2025-11-23T04:50:03.025+0000] {processor.py:925} INFO - DAG(s) 'sales_streaming_pipeline' retrieved from /opt/airflow/dags/fixed_master_orchestrator.py
[2025-11-23T04:50:03.046+0000] {logging_mixin.py:190} INFO - [2025-11-23T04:50:03.046+0000] {dag.py:3239} INFO - Sync 1 DAGs
[2025-11-23T04:50:03.057+0000] {logging_mixin.py:190} INFO - [2025-11-23T04:50:03.057+0000] {dag.py:4180} INFO - Setting next_dagrun for sales_streaming_pipeline to None, run_after=None
[2025-11-23T04:50:03.079+0000] {processor.py:208} INFO - Processing /opt/airflow/dags/fixed_master_orchestrator.py took 0.087 seconds
[2025-11-23T04:50:33.642+0000] {processor.py:186} INFO - Started process (PID=176) to work on /opt/airflow/dags/fixed_master_orchestrator.py
[2025-11-23T04:50:33.643+0000] {processor.py:914} INFO - Processing file /opt/airflow/dags/fixed_master_orchestrator.py for tasks to queue
[2025-11-23T04:50:33.644+0000] {logging_mixin.py:190} INFO - [2025-11-23T04:50:33.644+0000] {dagbag.py:588} INFO - Filling up the DagBag from /opt/airflow/dags/fixed_master_orchestrator.py
[2025-11-23T04:50:33.658+0000] {processor.py:925} INFO - DAG(s) 'sales_streaming_pipeline' retrieved from /opt/airflow/dags/fixed_master_orchestrator.py
[2025-11-23T04:50:33.674+0000] {logging_mixin.py:190} INFO - [2025-11-23T04:50:33.674+0000] {dag.py:3239} INFO - Sync 1 DAGs
[2025-11-23T04:50:33.685+0000] {logging_mixin.py:190} INFO - [2025-11-23T04:50:33.685+0000] {dag.py:4180} INFO - Setting next_dagrun for sales_streaming_pipeline to None, run_after=None
[2025-11-23T04:50:33.700+0000] {processor.py:208} INFO - Processing /opt/airflow/dags/fixed_master_orchestrator.py took 0.063 seconds
[2025-11-23T04:51:04.360+0000] {processor.py:186} INFO - Started process (PID=179) to work on /opt/airflow/dags/fixed_master_orchestrator.py
[2025-11-23T04:51:04.360+0000] {processor.py:914} INFO - Processing file /opt/airflow/dags/fixed_master_orchestrator.py for tasks to queue
[2025-11-23T04:51:04.361+0000] {logging_mixin.py:190} INFO - [2025-11-23T04:51:04.361+0000] {dagbag.py:588} INFO - Filling up the DagBag from /opt/airflow/dags/fixed_master_orchestrator.py
[2025-11-23T04:51:04.375+0000] {processor.py:925} INFO - DAG(s) 'sales_streaming_pipeline' retrieved from /opt/airflow/dags/fixed_master_orchestrator.py
[2025-11-23T04:51:04.391+0000] {logging_mixin.py:190} INFO - [2025-11-23T04:51:04.391+0000] {dag.py:3239} INFO - Sync 1 DAGs
[2025-11-23T04:51:04.402+0000] {logging_mixin.py:190} INFO - [2025-11-23T04:51:04.402+0000] {dag.py:4180} INFO - Setting next_dagrun for sales_streaming_pipeline to None, run_after=None
[2025-11-23T04:51:04.420+0000] {processor.py:208} INFO - Processing /opt/airflow/dags/fixed_master_orchestrator.py took 0.065 seconds
