[2025-11-23T04:30:50.037+0000] {processor.py:186} INFO - Started process (PID=448) to work on /opt/airflow/dags/fixed_producer_dag.py
[2025-11-23T04:30:50.038+0000] {processor.py:914} INFO - Processing file /opt/airflow/dags/fixed_producer_dag.py for tasks to queue
[2025-11-23T04:30:50.039+0000] {logging_mixin.py:190} INFO - [2025-11-23T04:30:50.038+0000] {dagbag.py:588} INFO - Filling up the DagBag from /opt/airflow/dags/fixed_producer_dag.py
[2025-11-23T04:30:50.344+0000] {processor.py:925} INFO - DAG(s) 'kafka_sales_producer' retrieved from /opt/airflow/dags/fixed_producer_dag.py
[2025-11-23T04:30:50.423+0000] {logging_mixin.py:190} INFO - [2025-11-23T04:30:50.423+0000] {dag.py:3239} INFO - Sync 1 DAGs
[2025-11-23T04:30:50.432+0000] {logging_mixin.py:190} INFO - [2025-11-23T04:30:50.432+0000] {dag.py:4180} INFO - Setting next_dagrun for kafka_sales_producer to None, run_after=None
[2025-11-23T04:30:50.454+0000] {processor.py:208} INFO - Processing /opt/airflow/dags/fixed_producer_dag.py took 0.422 seconds
[2025-11-23T04:31:20.632+0000] {processor.py:186} INFO - Started process (PID=450) to work on /opt/airflow/dags/fixed_producer_dag.py
[2025-11-23T04:31:20.633+0000] {processor.py:914} INFO - Processing file /opt/airflow/dags/fixed_producer_dag.py for tasks to queue
[2025-11-23T04:31:20.635+0000] {logging_mixin.py:190} INFO - [2025-11-23T04:31:20.634+0000] {dagbag.py:588} INFO - Filling up the DagBag from /opt/airflow/dags/fixed_producer_dag.py
[2025-11-23T04:31:20.861+0000] {processor.py:925} INFO - DAG(s) 'kafka_sales_producer' retrieved from /opt/airflow/dags/fixed_producer_dag.py
[2025-11-23T04:31:20.877+0000] {logging_mixin.py:190} INFO - [2025-11-23T04:31:20.876+0000] {dag.py:3239} INFO - Sync 1 DAGs
[2025-11-23T04:31:20.886+0000] {logging_mixin.py:190} INFO - [2025-11-23T04:31:20.886+0000] {dag.py:4180} INFO - Setting next_dagrun for kafka_sales_producer to None, run_after=None
[2025-11-23T04:31:20.901+0000] {processor.py:208} INFO - Processing /opt/airflow/dags/fixed_producer_dag.py took 0.276 seconds
[2025-11-23T04:31:51.116+0000] {processor.py:186} INFO - Started process (PID=452) to work on /opt/airflow/dags/fixed_producer_dag.py
[2025-11-23T04:31:51.117+0000] {processor.py:914} INFO - Processing file /opt/airflow/dags/fixed_producer_dag.py for tasks to queue
[2025-11-23T04:31:51.118+0000] {logging_mixin.py:190} INFO - [2025-11-23T04:31:51.118+0000] {dagbag.py:588} INFO - Filling up the DagBag from /opt/airflow/dags/fixed_producer_dag.py
[2025-11-23T04:31:51.337+0000] {processor.py:925} INFO - DAG(s) 'kafka_sales_producer' retrieved from /opt/airflow/dags/fixed_producer_dag.py
[2025-11-23T04:31:51.356+0000] {logging_mixin.py:190} INFO - [2025-11-23T04:31:51.356+0000] {dag.py:3239} INFO - Sync 1 DAGs
[2025-11-23T04:31:51.367+0000] {logging_mixin.py:190} INFO - [2025-11-23T04:31:51.367+0000] {dag.py:4180} INFO - Setting next_dagrun for kafka_sales_producer to None, run_after=None
[2025-11-23T04:31:51.384+0000] {processor.py:208} INFO - Processing /opt/airflow/dags/fixed_producer_dag.py took 0.273 seconds
[2025-11-23T04:32:21.556+0000] {processor.py:186} INFO - Started process (PID=454) to work on /opt/airflow/dags/fixed_producer_dag.py
[2025-11-23T04:32:21.557+0000] {processor.py:914} INFO - Processing file /opt/airflow/dags/fixed_producer_dag.py for tasks to queue
[2025-11-23T04:32:21.559+0000] {logging_mixin.py:190} INFO - [2025-11-23T04:32:21.558+0000] {dagbag.py:588} INFO - Filling up the DagBag from /opt/airflow/dags/fixed_producer_dag.py
[2025-11-23T04:32:21.767+0000] {processor.py:925} INFO - DAG(s) 'kafka_sales_producer' retrieved from /opt/airflow/dags/fixed_producer_dag.py
[2025-11-23T04:32:21.781+0000] {logging_mixin.py:190} INFO - [2025-11-23T04:32:21.780+0000] {dag.py:3239} INFO - Sync 1 DAGs
[2025-11-23T04:32:21.790+0000] {logging_mixin.py:190} INFO - [2025-11-23T04:32:21.790+0000] {dag.py:4180} INFO - Setting next_dagrun for kafka_sales_producer to None, run_after=None
[2025-11-23T04:32:21.808+0000] {processor.py:208} INFO - Processing /opt/airflow/dags/fixed_producer_dag.py took 0.262 seconds
[2025-11-23T04:32:52.122+0000] {processor.py:186} INFO - Started process (PID=456) to work on /opt/airflow/dags/fixed_producer_dag.py
[2025-11-23T04:32:52.123+0000] {processor.py:914} INFO - Processing file /opt/airflow/dags/fixed_producer_dag.py for tasks to queue
[2025-11-23T04:32:52.124+0000] {logging_mixin.py:190} INFO - [2025-11-23T04:32:52.124+0000] {dagbag.py:588} INFO - Filling up the DagBag from /opt/airflow/dags/fixed_producer_dag.py
[2025-11-23T04:32:52.338+0000] {processor.py:925} INFO - DAG(s) 'kafka_sales_producer' retrieved from /opt/airflow/dags/fixed_producer_dag.py
[2025-11-23T04:32:52.352+0000] {logging_mixin.py:190} INFO - [2025-11-23T04:32:52.352+0000] {dag.py:3239} INFO - Sync 1 DAGs
[2025-11-23T04:32:52.361+0000] {logging_mixin.py:190} INFO - [2025-11-23T04:32:52.361+0000] {dag.py:4180} INFO - Setting next_dagrun for kafka_sales_producer to None, run_after=None
[2025-11-23T04:32:52.375+0000] {processor.py:208} INFO - Processing /opt/airflow/dags/fixed_producer_dag.py took 0.260 seconds
[2025-11-23T04:33:22.647+0000] {processor.py:186} INFO - Started process (PID=458) to work on /opt/airflow/dags/fixed_producer_dag.py
[2025-11-23T04:33:22.648+0000] {processor.py:914} INFO - Processing file /opt/airflow/dags/fixed_producer_dag.py for tasks to queue
[2025-11-23T04:33:22.650+0000] {logging_mixin.py:190} INFO - [2025-11-23T04:33:22.650+0000] {dagbag.py:588} INFO - Filling up the DagBag from /opt/airflow/dags/fixed_producer_dag.py
[2025-11-23T04:33:22.864+0000] {processor.py:925} INFO - DAG(s) 'kafka_sales_producer' retrieved from /opt/airflow/dags/fixed_producer_dag.py
[2025-11-23T04:33:22.876+0000] {logging_mixin.py:190} INFO - [2025-11-23T04:33:22.876+0000] {dag.py:3239} INFO - Sync 1 DAGs
[2025-11-23T04:33:22.886+0000] {logging_mixin.py:190} INFO - [2025-11-23T04:33:22.886+0000] {dag.py:4180} INFO - Setting next_dagrun for kafka_sales_producer to None, run_after=None
[2025-11-23T04:33:22.900+0000] {processor.py:208} INFO - Processing /opt/airflow/dags/fixed_producer_dag.py took 0.260 seconds
[2025-11-23T04:33:53.095+0000] {processor.py:186} INFO - Started process (PID=460) to work on /opt/airflow/dags/fixed_producer_dag.py
[2025-11-23T04:33:53.096+0000] {processor.py:914} INFO - Processing file /opt/airflow/dags/fixed_producer_dag.py for tasks to queue
[2025-11-23T04:33:53.098+0000] {logging_mixin.py:190} INFO - [2025-11-23T04:33:53.098+0000] {dagbag.py:588} INFO - Filling up the DagBag from /opt/airflow/dags/fixed_producer_dag.py
[2025-11-23T04:33:53.358+0000] {processor.py:925} INFO - DAG(s) 'kafka_sales_producer' retrieved from /opt/airflow/dags/fixed_producer_dag.py
[2025-11-23T04:33:53.378+0000] {logging_mixin.py:190} INFO - [2025-11-23T04:33:53.378+0000] {dag.py:3239} INFO - Sync 1 DAGs
[2025-11-23T04:33:53.389+0000] {logging_mixin.py:190} INFO - [2025-11-23T04:33:53.389+0000] {dag.py:4180} INFO - Setting next_dagrun for kafka_sales_producer to None, run_after=None
[2025-11-23T04:33:53.406+0000] {processor.py:208} INFO - Processing /opt/airflow/dags/fixed_producer_dag.py took 0.316 seconds
[2025-11-23T04:34:23.596+0000] {processor.py:186} INFO - Started process (PID=462) to work on /opt/airflow/dags/fixed_producer_dag.py
[2025-11-23T04:34:23.597+0000] {processor.py:914} INFO - Processing file /opt/airflow/dags/fixed_producer_dag.py for tasks to queue
[2025-11-23T04:34:23.598+0000] {logging_mixin.py:190} INFO - [2025-11-23T04:34:23.598+0000] {dagbag.py:588} INFO - Filling up the DagBag from /opt/airflow/dags/fixed_producer_dag.py
[2025-11-23T04:34:23.802+0000] {processor.py:925} INFO - DAG(s) 'kafka_sales_producer' retrieved from /opt/airflow/dags/fixed_producer_dag.py
[2025-11-23T04:34:23.817+0000] {logging_mixin.py:190} INFO - [2025-11-23T04:34:23.817+0000] {dag.py:3239} INFO - Sync 1 DAGs
[2025-11-23T04:34:23.826+0000] {logging_mixin.py:190} INFO - [2025-11-23T04:34:23.826+0000] {dag.py:4180} INFO - Setting next_dagrun for kafka_sales_producer to None, run_after=None
[2025-11-23T04:34:23.838+0000] {processor.py:208} INFO - Processing /opt/airflow/dags/fixed_producer_dag.py took 0.257 seconds
[2025-11-23T04:34:54.106+0000] {processor.py:186} INFO - Started process (PID=464) to work on /opt/airflow/dags/fixed_producer_dag.py
[2025-11-23T04:34:54.107+0000] {processor.py:914} INFO - Processing file /opt/airflow/dags/fixed_producer_dag.py for tasks to queue
[2025-11-23T04:34:54.108+0000] {logging_mixin.py:190} INFO - [2025-11-23T04:34:54.108+0000] {dagbag.py:588} INFO - Filling up the DagBag from /opt/airflow/dags/fixed_producer_dag.py
[2025-11-23T04:34:54.318+0000] {processor.py:925} INFO - DAG(s) 'kafka_sales_producer' retrieved from /opt/airflow/dags/fixed_producer_dag.py
[2025-11-23T04:34:54.332+0000] {logging_mixin.py:190} INFO - [2025-11-23T04:34:54.332+0000] {dag.py:3239} INFO - Sync 1 DAGs
[2025-11-23T04:34:54.341+0000] {logging_mixin.py:190} INFO - [2025-11-23T04:34:54.341+0000] {dag.py:4180} INFO - Setting next_dagrun for kafka_sales_producer to None, run_after=None
[2025-11-23T04:34:54.354+0000] {processor.py:208} INFO - Processing /opt/airflow/dags/fixed_producer_dag.py took 0.254 seconds
[2025-11-23T04:36:09.918+0000] {processor.py:186} INFO - Started process (PID=26) to work on /opt/airflow/dags/fixed_producer_dag.py
[2025-11-23T04:36:09.919+0000] {processor.py:914} INFO - Processing file /opt/airflow/dags/fixed_producer_dag.py for tasks to queue
[2025-11-23T04:36:09.923+0000] {logging_mixin.py:190} INFO - [2025-11-23T04:36:09.923+0000] {dagbag.py:588} INFO - Filling up the DagBag from /opt/airflow/dags/fixed_producer_dag.py
[2025-11-23T04:36:10.403+0000] {processor.py:925} INFO - DAG(s) 'kafka_sales_producer' retrieved from /opt/airflow/dags/fixed_producer_dag.py
[2025-11-23T04:36:10.668+0000] {logging_mixin.py:190} INFO - [2025-11-23T04:36:10.667+0000] {override.py:1912} INFO - Created Permission View: can edit on DAG:kafka_sales_producer
[2025-11-23T04:36:10.681+0000] {logging_mixin.py:190} INFO - [2025-11-23T04:36:10.680+0000] {override.py:1912} INFO - Created Permission View: can read on DAG:kafka_sales_producer
[2025-11-23T04:36:10.690+0000] {logging_mixin.py:190} INFO - [2025-11-23T04:36:10.690+0000] {override.py:1912} INFO - Created Permission View: can delete on DAG:kafka_sales_producer
[2025-11-23T04:36:10.700+0000] {logging_mixin.py:190} INFO - [2025-11-23T04:36:10.699+0000] {override.py:1912} INFO - Created Permission View: can read on DAG Run:kafka_sales_producer
[2025-11-23T04:36:10.707+0000] {logging_mixin.py:190} INFO - [2025-11-23T04:36:10.707+0000] {override.py:1912} INFO - Created Permission View: menu access on DAG Run:kafka_sales_producer
[2025-11-23T04:36:10.717+0000] {logging_mixin.py:190} INFO - [2025-11-23T04:36:10.716+0000] {override.py:1912} INFO - Created Permission View: can create on DAG Run:kafka_sales_producer
[2025-11-23T04:36:10.727+0000] {logging_mixin.py:190} INFO - [2025-11-23T04:36:10.727+0000] {override.py:1912} INFO - Created Permission View: can delete on DAG Run:kafka_sales_producer
[2025-11-23T04:36:10.728+0000] {logging_mixin.py:190} INFO - [2025-11-23T04:36:10.728+0000] {dag.py:3239} INFO - Sync 1 DAGs
[2025-11-23T04:36:10.744+0000] {logging_mixin.py:190} INFO - [2025-11-23T04:36:10.743+0000] {dag.py:3262} INFO - Creating ORM DAG for kafka_sales_producer
[2025-11-23T04:36:10.745+0000] {logging_mixin.py:190} INFO - [2025-11-23T04:36:10.744+0000] {dag.py:4180} INFO - Setting next_dagrun for kafka_sales_producer to None, run_after=None
[2025-11-23T04:36:10.772+0000] {processor.py:208} INFO - Processing /opt/airflow/dags/fixed_producer_dag.py took 0.864 seconds
[2025-11-23T04:36:41.221+0000] {processor.py:186} INFO - Started process (PID=30) to work on /opt/airflow/dags/fixed_producer_dag.py
[2025-11-23T04:36:41.222+0000] {processor.py:914} INFO - Processing file /opt/airflow/dags/fixed_producer_dag.py for tasks to queue
[2025-11-23T04:36:41.229+0000] {logging_mixin.py:190} INFO - [2025-11-23T04:36:41.228+0000] {dagbag.py:588} INFO - Filling up the DagBag from /opt/airflow/dags/fixed_producer_dag.py
[2025-11-23T04:36:41.337+0000] {processor.py:925} INFO - DAG(s) 'kafka_sales_producer' retrieved from /opt/airflow/dags/fixed_producer_dag.py
[2025-11-23T04:36:41.353+0000] {logging_mixin.py:190} INFO - [2025-11-23T04:36:41.352+0000] {dag.py:3239} INFO - Sync 1 DAGs
[2025-11-23T04:36:41.484+0000] {logging_mixin.py:190} INFO - [2025-11-23T04:36:41.484+0000] {dag.py:4180} INFO - Setting next_dagrun for kafka_sales_producer to None, run_after=None
[2025-11-23T04:36:41.498+0000] {processor.py:208} INFO - Processing /opt/airflow/dags/fixed_producer_dag.py took 0.284 seconds
[2025-11-23T04:37:11.986+0000] {processor.py:186} INFO - Started process (PID=42) to work on /opt/airflow/dags/fixed_producer_dag.py
[2025-11-23T04:37:11.987+0000] {processor.py:914} INFO - Processing file /opt/airflow/dags/fixed_producer_dag.py for tasks to queue
[2025-11-23T04:37:11.989+0000] {logging_mixin.py:190} INFO - [2025-11-23T04:37:11.989+0000] {dagbag.py:588} INFO - Filling up the DagBag from /opt/airflow/dags/fixed_producer_dag.py
[2025-11-23T04:37:12.159+0000] {processor.py:925} INFO - DAG(s) 'kafka_sales_producer' retrieved from /opt/airflow/dags/fixed_producer_dag.py
[2025-11-23T04:37:12.425+0000] {logging_mixin.py:190} INFO - [2025-11-23T04:37:12.425+0000] {dag.py:3239} INFO - Sync 1 DAGs
[2025-11-23T04:37:12.442+0000] {logging_mixin.py:190} INFO - [2025-11-23T04:37:12.442+0000] {dag.py:4180} INFO - Setting next_dagrun for kafka_sales_producer to None, run_after=None
[2025-11-23T04:37:12.463+0000] {processor.py:208} INFO - Processing /opt/airflow/dags/fixed_producer_dag.py took 0.483 seconds
[2025-11-23T04:37:43.002+0000] {processor.py:186} INFO - Started process (PID=46) to work on /opt/airflow/dags/fixed_producer_dag.py
[2025-11-23T04:37:43.002+0000] {processor.py:914} INFO - Processing file /opt/airflow/dags/fixed_producer_dag.py for tasks to queue
[2025-11-23T04:37:43.004+0000] {logging_mixin.py:190} INFO - [2025-11-23T04:37:43.004+0000] {dagbag.py:588} INFO - Filling up the DagBag from /opt/airflow/dags/fixed_producer_dag.py
[2025-11-23T04:37:43.282+0000] {processor.py:925} INFO - DAG(s) 'kafka_sales_producer' retrieved from /opt/airflow/dags/fixed_producer_dag.py
[2025-11-23T04:37:43.298+0000] {logging_mixin.py:190} INFO - [2025-11-23T04:37:43.298+0000] {dag.py:3239} INFO - Sync 1 DAGs
[2025-11-23T04:37:43.307+0000] {logging_mixin.py:190} INFO - [2025-11-23T04:37:43.307+0000] {dag.py:4180} INFO - Setting next_dagrun for kafka_sales_producer to None, run_after=None
[2025-11-23T04:37:43.325+0000] {processor.py:208} INFO - Processing /opt/airflow/dags/fixed_producer_dag.py took 0.328 seconds
[2025-11-23T04:38:13.868+0000] {processor.py:186} INFO - Started process (PID=50) to work on /opt/airflow/dags/fixed_producer_dag.py
[2025-11-23T04:38:13.870+0000] {processor.py:914} INFO - Processing file /opt/airflow/dags/fixed_producer_dag.py for tasks to queue
[2025-11-23T04:38:13.871+0000] {logging_mixin.py:190} INFO - [2025-11-23T04:38:13.871+0000] {dagbag.py:588} INFO - Filling up the DagBag from /opt/airflow/dags/fixed_producer_dag.py
[2025-11-23T04:38:14.129+0000] {processor.py:925} INFO - DAG(s) 'kafka_sales_producer' retrieved from /opt/airflow/dags/fixed_producer_dag.py
[2025-11-23T04:38:14.147+0000] {logging_mixin.py:190} INFO - [2025-11-23T04:38:14.146+0000] {dag.py:3239} INFO - Sync 1 DAGs
[2025-11-23T04:38:14.156+0000] {logging_mixin.py:190} INFO - [2025-11-23T04:38:14.156+0000] {dag.py:4180} INFO - Setting next_dagrun for kafka_sales_producer to None, run_after=None
[2025-11-23T04:38:14.172+0000] {processor.py:208} INFO - Processing /opt/airflow/dags/fixed_producer_dag.py took 0.308 seconds
[2025-11-23T04:38:44.943+0000] {processor.py:186} INFO - Started process (PID=54) to work on /opt/airflow/dags/fixed_producer_dag.py
[2025-11-23T04:38:44.945+0000] {processor.py:914} INFO - Processing file /opt/airflow/dags/fixed_producer_dag.py for tasks to queue
[2025-11-23T04:38:44.947+0000] {logging_mixin.py:190} INFO - [2025-11-23T04:38:44.947+0000] {dagbag.py:588} INFO - Filling up the DagBag from /opt/airflow/dags/fixed_producer_dag.py
[2025-11-23T04:38:45.170+0000] {processor.py:925} INFO - DAG(s) 'kafka_sales_producer' retrieved from /opt/airflow/dags/fixed_producer_dag.py
[2025-11-23T04:38:45.185+0000] {logging_mixin.py:190} INFO - [2025-11-23T04:38:45.185+0000] {dag.py:3239} INFO - Sync 1 DAGs
[2025-11-23T04:38:45.194+0000] {logging_mixin.py:190} INFO - [2025-11-23T04:38:45.194+0000] {dag.py:4180} INFO - Setting next_dagrun for kafka_sales_producer to None, run_after=None
[2025-11-23T04:38:45.213+0000] {processor.py:208} INFO - Processing /opt/airflow/dags/fixed_producer_dag.py took 0.277 seconds
[2025-11-23T04:39:15.683+0000] {processor.py:186} INFO - Started process (PID=58) to work on /opt/airflow/dags/fixed_producer_dag.py
[2025-11-23T04:39:15.684+0000] {processor.py:914} INFO - Processing file /opt/airflow/dags/fixed_producer_dag.py for tasks to queue
[2025-11-23T04:39:15.687+0000] {logging_mixin.py:190} INFO - [2025-11-23T04:39:15.687+0000] {dagbag.py:588} INFO - Filling up the DagBag from /opt/airflow/dags/fixed_producer_dag.py
[2025-11-23T04:39:15.930+0000] {processor.py:925} INFO - DAG(s) 'kafka_sales_producer' retrieved from /opt/airflow/dags/fixed_producer_dag.py
[2025-11-23T04:39:15.943+0000] {logging_mixin.py:190} INFO - [2025-11-23T04:39:15.943+0000] {dag.py:3239} INFO - Sync 1 DAGs
[2025-11-23T04:39:15.952+0000] {logging_mixin.py:190} INFO - [2025-11-23T04:39:15.952+0000] {dag.py:4180} INFO - Setting next_dagrun for kafka_sales_producer to None, run_after=None
[2025-11-23T04:39:15.965+0000] {processor.py:208} INFO - Processing /opt/airflow/dags/fixed_producer_dag.py took 0.289 seconds
[2025-11-23T04:39:46.544+0000] {processor.py:186} INFO - Started process (PID=62) to work on /opt/airflow/dags/fixed_producer_dag.py
[2025-11-23T04:39:46.545+0000] {processor.py:914} INFO - Processing file /opt/airflow/dags/fixed_producer_dag.py for tasks to queue
[2025-11-23T04:39:46.548+0000] {logging_mixin.py:190} INFO - [2025-11-23T04:39:46.547+0000] {dagbag.py:588} INFO - Filling up the DagBag from /opt/airflow/dags/fixed_producer_dag.py
[2025-11-23T04:39:46.807+0000] {processor.py:925} INFO - DAG(s) 'kafka_sales_producer' retrieved from /opt/airflow/dags/fixed_producer_dag.py
[2025-11-23T04:39:46.826+0000] {logging_mixin.py:190} INFO - [2025-11-23T04:39:46.825+0000] {dag.py:3239} INFO - Sync 1 DAGs
[2025-11-23T04:39:46.843+0000] {logging_mixin.py:190} INFO - [2025-11-23T04:39:46.843+0000] {dag.py:4180} INFO - Setting next_dagrun for kafka_sales_producer to None, run_after=None
[2025-11-23T04:39:46.868+0000] {processor.py:208} INFO - Processing /opt/airflow/dags/fixed_producer_dag.py took 0.338 seconds
[2025-11-23T04:40:17.504+0000] {processor.py:186} INFO - Started process (PID=66) to work on /opt/airflow/dags/fixed_producer_dag.py
[2025-11-23T04:40:17.509+0000] {processor.py:914} INFO - Processing file /opt/airflow/dags/fixed_producer_dag.py for tasks to queue
[2025-11-23T04:40:17.512+0000] {logging_mixin.py:190} INFO - [2025-11-23T04:40:17.511+0000] {dagbag.py:588} INFO - Filling up the DagBag from /opt/airflow/dags/fixed_producer_dag.py
[2025-11-23T04:40:17.774+0000] {processor.py:925} INFO - DAG(s) 'kafka_sales_producer' retrieved from /opt/airflow/dags/fixed_producer_dag.py
[2025-11-23T04:40:17.789+0000] {logging_mixin.py:190} INFO - [2025-11-23T04:40:17.789+0000] {dag.py:3239} INFO - Sync 1 DAGs
[2025-11-23T04:40:17.798+0000] {logging_mixin.py:190} INFO - [2025-11-23T04:40:17.798+0000] {dag.py:4180} INFO - Setting next_dagrun for kafka_sales_producer to None, run_after=None
[2025-11-23T04:40:17.816+0000] {processor.py:208} INFO - Processing /opt/airflow/dags/fixed_producer_dag.py took 0.325 seconds
[2025-11-23T04:40:48.351+0000] {processor.py:186} INFO - Started process (PID=70) to work on /opt/airflow/dags/fixed_producer_dag.py
[2025-11-23T04:40:48.351+0000] {processor.py:914} INFO - Processing file /opt/airflow/dags/fixed_producer_dag.py for tasks to queue
[2025-11-23T04:40:48.353+0000] {logging_mixin.py:190} INFO - [2025-11-23T04:40:48.353+0000] {dagbag.py:588} INFO - Filling up the DagBag from /opt/airflow/dags/fixed_producer_dag.py
[2025-11-23T04:40:48.567+0000] {processor.py:925} INFO - DAG(s) 'kafka_sales_producer' retrieved from /opt/airflow/dags/fixed_producer_dag.py
[2025-11-23T04:40:48.590+0000] {logging_mixin.py:190} INFO - [2025-11-23T04:40:48.590+0000] {dag.py:3239} INFO - Sync 1 DAGs
[2025-11-23T04:40:48.599+0000] {logging_mixin.py:190} INFO - [2025-11-23T04:40:48.599+0000] {dag.py:4180} INFO - Setting next_dagrun for kafka_sales_producer to None, run_after=None
[2025-11-23T04:40:48.619+0000] {processor.py:208} INFO - Processing /opt/airflow/dags/fixed_producer_dag.py took 0.273 seconds
[2025-11-23T04:41:19.235+0000] {processor.py:186} INFO - Started process (PID=74) to work on /opt/airflow/dags/fixed_producer_dag.py
[2025-11-23T04:41:19.236+0000] {processor.py:914} INFO - Processing file /opt/airflow/dags/fixed_producer_dag.py for tasks to queue
[2025-11-23T04:41:19.238+0000] {logging_mixin.py:190} INFO - [2025-11-23T04:41:19.237+0000] {dagbag.py:588} INFO - Filling up the DagBag from /opt/airflow/dags/fixed_producer_dag.py
[2025-11-23T04:41:19.500+0000] {processor.py:925} INFO - DAG(s) 'kafka_sales_producer' retrieved from /opt/airflow/dags/fixed_producer_dag.py
[2025-11-23T04:41:19.516+0000] {logging_mixin.py:190} INFO - [2025-11-23T04:41:19.515+0000] {dag.py:3239} INFO - Sync 1 DAGs
[2025-11-23T04:41:19.526+0000] {logging_mixin.py:190} INFO - [2025-11-23T04:41:19.526+0000] {dag.py:4180} INFO - Setting next_dagrun for kafka_sales_producer to None, run_after=None
[2025-11-23T04:41:19.544+0000] {processor.py:208} INFO - Processing /opt/airflow/dags/fixed_producer_dag.py took 0.313 seconds
[2025-11-23T04:41:50.024+0000] {processor.py:186} INFO - Started process (PID=78) to work on /opt/airflow/dags/fixed_producer_dag.py
[2025-11-23T04:41:50.025+0000] {processor.py:914} INFO - Processing file /opt/airflow/dags/fixed_producer_dag.py for tasks to queue
[2025-11-23T04:41:50.027+0000] {logging_mixin.py:190} INFO - [2025-11-23T04:41:50.026+0000] {dagbag.py:588} INFO - Filling up the DagBag from /opt/airflow/dags/fixed_producer_dag.py
[2025-11-23T04:41:50.280+0000] {processor.py:925} INFO - DAG(s) 'kafka_sales_producer' retrieved from /opt/airflow/dags/fixed_producer_dag.py
[2025-11-23T04:41:50.299+0000] {logging_mixin.py:190} INFO - [2025-11-23T04:41:50.299+0000] {dag.py:3239} INFO - Sync 1 DAGs
[2025-11-23T04:41:50.312+0000] {logging_mixin.py:190} INFO - [2025-11-23T04:41:50.312+0000] {dag.py:4180} INFO - Setting next_dagrun for kafka_sales_producer to None, run_after=None
[2025-11-23T04:41:50.332+0000] {processor.py:208} INFO - Processing /opt/airflow/dags/fixed_producer_dag.py took 0.312 seconds
[2025-11-23T04:42:20.852+0000] {processor.py:186} INFO - Started process (PID=82) to work on /opt/airflow/dags/fixed_producer_dag.py
[2025-11-23T04:42:20.853+0000] {processor.py:914} INFO - Processing file /opt/airflow/dags/fixed_producer_dag.py for tasks to queue
[2025-11-23T04:42:20.854+0000] {logging_mixin.py:190} INFO - [2025-11-23T04:42:20.854+0000] {dagbag.py:588} INFO - Filling up the DagBag from /opt/airflow/dags/fixed_producer_dag.py
[2025-11-23T04:42:21.049+0000] {processor.py:925} INFO - DAG(s) 'kafka_sales_producer' retrieved from /opt/airflow/dags/fixed_producer_dag.py
[2025-11-23T04:42:21.062+0000] {logging_mixin.py:190} INFO - [2025-11-23T04:42:21.062+0000] {dag.py:3239} INFO - Sync 1 DAGs
[2025-11-23T04:42:21.071+0000] {logging_mixin.py:190} INFO - [2025-11-23T04:42:21.071+0000] {dag.py:4180} INFO - Setting next_dagrun for kafka_sales_producer to None, run_after=None
[2025-11-23T04:42:21.094+0000] {processor.py:208} INFO - Processing /opt/airflow/dags/fixed_producer_dag.py took 0.247 seconds
[2025-11-23T04:42:51.600+0000] {processor.py:186} INFO - Started process (PID=90) to work on /opt/airflow/dags/fixed_producer_dag.py
[2025-11-23T04:42:51.601+0000] {processor.py:914} INFO - Processing file /opt/airflow/dags/fixed_producer_dag.py for tasks to queue
[2025-11-23T04:42:51.603+0000] {logging_mixin.py:190} INFO - [2025-11-23T04:42:51.603+0000] {dagbag.py:588} INFO - Filling up the DagBag from /opt/airflow/dags/fixed_producer_dag.py
[2025-11-23T04:42:51.954+0000] {processor.py:925} INFO - DAG(s) 'kafka_sales_producer' retrieved from /opt/airflow/dags/fixed_producer_dag.py
[2025-11-23T04:42:51.967+0000] {logging_mixin.py:190} INFO - [2025-11-23T04:42:51.967+0000] {dag.py:3239} INFO - Sync 1 DAGs
[2025-11-23T04:42:51.978+0000] {logging_mixin.py:190} INFO - [2025-11-23T04:42:51.977+0000] {dag.py:4180} INFO - Setting next_dagrun for kafka_sales_producer to None, run_after=None
[2025-11-23T04:42:51.995+0000] {processor.py:208} INFO - Processing /opt/airflow/dags/fixed_producer_dag.py took 0.401 seconds
[2025-11-23T04:43:22.416+0000] {processor.py:186} INFO - Started process (PID=94) to work on /opt/airflow/dags/fixed_producer_dag.py
[2025-11-23T04:43:22.416+0000] {processor.py:914} INFO - Processing file /opt/airflow/dags/fixed_producer_dag.py for tasks to queue
[2025-11-23T04:43:22.418+0000] {logging_mixin.py:190} INFO - [2025-11-23T04:43:22.418+0000] {dagbag.py:588} INFO - Filling up the DagBag from /opt/airflow/dags/fixed_producer_dag.py
[2025-11-23T04:43:22.623+0000] {processor.py:925} INFO - DAG(s) 'kafka_sales_producer' retrieved from /opt/airflow/dags/fixed_producer_dag.py
[2025-11-23T04:43:22.640+0000] {logging_mixin.py:190} INFO - [2025-11-23T04:43:22.640+0000] {dag.py:3239} INFO - Sync 1 DAGs
[2025-11-23T04:43:22.650+0000] {logging_mixin.py:190} INFO - [2025-11-23T04:43:22.649+0000] {dag.py:4180} INFO - Setting next_dagrun for kafka_sales_producer to None, run_after=None
[2025-11-23T04:43:22.669+0000] {processor.py:208} INFO - Processing /opt/airflow/dags/fixed_producer_dag.py took 0.258 seconds
[2025-11-23T04:43:53.137+0000] {processor.py:186} INFO - Started process (PID=98) to work on /opt/airflow/dags/fixed_producer_dag.py
[2025-11-23T04:43:53.137+0000] {processor.py:914} INFO - Processing file /opt/airflow/dags/fixed_producer_dag.py for tasks to queue
[2025-11-23T04:43:53.139+0000] {logging_mixin.py:190} INFO - [2025-11-23T04:43:53.139+0000] {dagbag.py:588} INFO - Filling up the DagBag from /opt/airflow/dags/fixed_producer_dag.py
[2025-11-23T04:43:53.376+0000] {processor.py:925} INFO - DAG(s) 'kafka_sales_producer' retrieved from /opt/airflow/dags/fixed_producer_dag.py
[2025-11-23T04:43:53.390+0000] {logging_mixin.py:190} INFO - [2025-11-23T04:43:53.390+0000] {dag.py:3239} INFO - Sync 1 DAGs
[2025-11-23T04:43:53.400+0000] {logging_mixin.py:190} INFO - [2025-11-23T04:43:53.400+0000] {dag.py:4180} INFO - Setting next_dagrun for kafka_sales_producer to None, run_after=None
[2025-11-23T04:43:53.414+0000] {processor.py:208} INFO - Processing /opt/airflow/dags/fixed_producer_dag.py took 0.282 seconds
[2025-11-23T04:44:23.925+0000] {processor.py:186} INFO - Started process (PID=106) to work on /opt/airflow/dags/fixed_producer_dag.py
[2025-11-23T04:44:23.926+0000] {processor.py:914} INFO - Processing file /opt/airflow/dags/fixed_producer_dag.py for tasks to queue
[2025-11-23T04:44:23.928+0000] {logging_mixin.py:190} INFO - [2025-11-23T04:44:23.927+0000] {dagbag.py:588} INFO - Filling up the DagBag from /opt/airflow/dags/fixed_producer_dag.py
[2025-11-23T04:44:24.132+0000] {processor.py:925} INFO - DAG(s) 'kafka_sales_producer' retrieved from /opt/airflow/dags/fixed_producer_dag.py
[2025-11-23T04:44:24.146+0000] {logging_mixin.py:190} INFO - [2025-11-23T04:44:24.145+0000] {dag.py:3239} INFO - Sync 1 DAGs
[2025-11-23T04:44:24.155+0000] {logging_mixin.py:190} INFO - [2025-11-23T04:44:24.155+0000] {dag.py:4180} INFO - Setting next_dagrun for kafka_sales_producer to None, run_after=None
[2025-11-23T04:44:24.175+0000] {processor.py:208} INFO - Processing /opt/airflow/dags/fixed_producer_dag.py took 0.260 seconds
[2025-11-23T04:44:54.735+0000] {processor.py:186} INFO - Started process (PID=110) to work on /opt/airflow/dags/fixed_producer_dag.py
[2025-11-23T04:44:54.736+0000] {processor.py:914} INFO - Processing file /opt/airflow/dags/fixed_producer_dag.py for tasks to queue
[2025-11-23T04:44:54.738+0000] {logging_mixin.py:190} INFO - [2025-11-23T04:44:54.738+0000] {dagbag.py:588} INFO - Filling up the DagBag from /opt/airflow/dags/fixed_producer_dag.py
[2025-11-23T04:44:54.943+0000] {processor.py:925} INFO - DAG(s) 'kafka_sales_producer' retrieved from /opt/airflow/dags/fixed_producer_dag.py
[2025-11-23T04:44:54.958+0000] {logging_mixin.py:190} INFO - [2025-11-23T04:44:54.957+0000] {dag.py:3239} INFO - Sync 1 DAGs
[2025-11-23T04:44:54.967+0000] {logging_mixin.py:190} INFO - [2025-11-23T04:44:54.967+0000] {dag.py:4180} INFO - Setting next_dagrun for kafka_sales_producer to None, run_after=None
[2025-11-23T04:44:54.979+0000] {processor.py:208} INFO - Processing /opt/airflow/dags/fixed_producer_dag.py took 0.259 seconds
[2025-11-23T04:45:25.511+0000] {processor.py:186} INFO - Started process (PID=114) to work on /opt/airflow/dags/fixed_producer_dag.py
[2025-11-23T04:45:25.512+0000] {processor.py:914} INFO - Processing file /opt/airflow/dags/fixed_producer_dag.py for tasks to queue
[2025-11-23T04:45:25.513+0000] {logging_mixin.py:190} INFO - [2025-11-23T04:45:25.513+0000] {dagbag.py:588} INFO - Filling up the DagBag from /opt/airflow/dags/fixed_producer_dag.py
[2025-11-23T04:45:25.735+0000] {processor.py:925} INFO - DAG(s) 'kafka_sales_producer' retrieved from /opt/airflow/dags/fixed_producer_dag.py
[2025-11-23T04:45:25.750+0000] {logging_mixin.py:190} INFO - [2025-11-23T04:45:25.750+0000] {dag.py:3239} INFO - Sync 1 DAGs
[2025-11-23T04:45:25.759+0000] {logging_mixin.py:190} INFO - [2025-11-23T04:45:25.759+0000] {dag.py:4180} INFO - Setting next_dagrun for kafka_sales_producer to None, run_after=None
[2025-11-23T04:45:25.774+0000] {processor.py:208} INFO - Processing /opt/airflow/dags/fixed_producer_dag.py took 0.267 seconds
[2025-11-23T04:45:56.286+0000] {processor.py:186} INFO - Started process (PID=118) to work on /opt/airflow/dags/fixed_producer_dag.py
[2025-11-23T04:45:56.287+0000] {processor.py:914} INFO - Processing file /opt/airflow/dags/fixed_producer_dag.py for tasks to queue
[2025-11-23T04:45:56.289+0000] {logging_mixin.py:190} INFO - [2025-11-23T04:45:56.289+0000] {dagbag.py:588} INFO - Filling up the DagBag from /opt/airflow/dags/fixed_producer_dag.py
[2025-11-23T04:45:56.514+0000] {processor.py:925} INFO - DAG(s) 'kafka_sales_producer' retrieved from /opt/airflow/dags/fixed_producer_dag.py
[2025-11-23T04:45:56.527+0000] {logging_mixin.py:190} INFO - [2025-11-23T04:45:56.527+0000] {dag.py:3239} INFO - Sync 1 DAGs
[2025-11-23T04:45:56.536+0000] {logging_mixin.py:190} INFO - [2025-11-23T04:45:56.536+0000] {dag.py:4180} INFO - Setting next_dagrun for kafka_sales_producer to None, run_after=None
[2025-11-23T04:45:56.556+0000] {processor.py:208} INFO - Processing /opt/airflow/dags/fixed_producer_dag.py took 0.275 seconds
[2025-11-23T04:46:27.170+0000] {processor.py:186} INFO - Started process (PID=126) to work on /opt/airflow/dags/fixed_producer_dag.py
[2025-11-23T04:46:27.171+0000] {processor.py:914} INFO - Processing file /opt/airflow/dags/fixed_producer_dag.py for tasks to queue
[2025-11-23T04:46:27.172+0000] {logging_mixin.py:190} INFO - [2025-11-23T04:46:27.172+0000] {dagbag.py:588} INFO - Filling up the DagBag from /opt/airflow/dags/fixed_producer_dag.py
[2025-11-23T04:46:27.403+0000] {processor.py:925} INFO - DAG(s) 'kafka_sales_producer' retrieved from /opt/airflow/dags/fixed_producer_dag.py
[2025-11-23T04:46:27.419+0000] {logging_mixin.py:190} INFO - [2025-11-23T04:46:27.419+0000] {dag.py:3239} INFO - Sync 1 DAGs
[2025-11-23T04:46:27.432+0000] {logging_mixin.py:190} INFO - [2025-11-23T04:46:27.431+0000] {dag.py:4180} INFO - Setting next_dagrun for kafka_sales_producer to None, run_after=None
[2025-11-23T04:46:27.451+0000] {processor.py:208} INFO - Processing /opt/airflow/dags/fixed_producer_dag.py took 0.285 seconds
[2025-11-23T04:46:58.006+0000] {processor.py:186} INFO - Started process (PID=136) to work on /opt/airflow/dags/fixed_producer_dag.py
[2025-11-23T04:46:58.007+0000] {processor.py:914} INFO - Processing file /opt/airflow/dags/fixed_producer_dag.py for tasks to queue
[2025-11-23T04:46:58.009+0000] {logging_mixin.py:190} INFO - [2025-11-23T04:46:58.009+0000] {dagbag.py:588} INFO - Filling up the DagBag from /opt/airflow/dags/fixed_producer_dag.py
[2025-11-23T04:46:58.231+0000] {processor.py:925} INFO - DAG(s) 'kafka_sales_producer' retrieved from /opt/airflow/dags/fixed_producer_dag.py
[2025-11-23T04:46:58.243+0000] {logging_mixin.py:190} INFO - [2025-11-23T04:46:58.243+0000] {dag.py:3239} INFO - Sync 1 DAGs
[2025-11-23T04:46:58.253+0000] {logging_mixin.py:190} INFO - [2025-11-23T04:46:58.252+0000] {dag.py:4180} INFO - Setting next_dagrun for kafka_sales_producer to None, run_after=None
[2025-11-23T04:46:58.267+0000] {processor.py:208} INFO - Processing /opt/airflow/dags/fixed_producer_dag.py took 0.269 seconds
[2025-11-23T04:47:28.794+0000] {processor.py:186} INFO - Started process (PID=140) to work on /opt/airflow/dags/fixed_producer_dag.py
[2025-11-23T04:47:28.795+0000] {processor.py:914} INFO - Processing file /opt/airflow/dags/fixed_producer_dag.py for tasks to queue
[2025-11-23T04:47:28.797+0000] {logging_mixin.py:190} INFO - [2025-11-23T04:47:28.797+0000] {dagbag.py:588} INFO - Filling up the DagBag from /opt/airflow/dags/fixed_producer_dag.py
[2025-11-23T04:47:29.030+0000] {processor.py:925} INFO - DAG(s) 'kafka_sales_producer' retrieved from /opt/airflow/dags/fixed_producer_dag.py
[2025-11-23T04:47:29.045+0000] {logging_mixin.py:190} INFO - [2025-11-23T04:47:29.044+0000] {dag.py:3239} INFO - Sync 1 DAGs
[2025-11-23T04:47:29.055+0000] {logging_mixin.py:190} INFO - [2025-11-23T04:47:29.055+0000] {dag.py:4180} INFO - Setting next_dagrun for kafka_sales_producer to None, run_after=None
[2025-11-23T04:47:29.073+0000] {processor.py:208} INFO - Processing /opt/airflow/dags/fixed_producer_dag.py took 0.283 seconds
[2025-11-23T04:47:59.574+0000] {processor.py:186} INFO - Started process (PID=144) to work on /opt/airflow/dags/fixed_producer_dag.py
[2025-11-23T04:47:59.575+0000] {processor.py:914} INFO - Processing file /opt/airflow/dags/fixed_producer_dag.py for tasks to queue
[2025-11-23T04:47:59.576+0000] {logging_mixin.py:190} INFO - [2025-11-23T04:47:59.576+0000] {dagbag.py:588} INFO - Filling up the DagBag from /opt/airflow/dags/fixed_producer_dag.py
[2025-11-23T04:47:59.780+0000] {processor.py:925} INFO - DAG(s) 'kafka_sales_producer' retrieved from /opt/airflow/dags/fixed_producer_dag.py
[2025-11-23T04:47:59.793+0000] {logging_mixin.py:190} INFO - [2025-11-23T04:47:59.793+0000] {dag.py:3239} INFO - Sync 1 DAGs
[2025-11-23T04:47:59.804+0000] {logging_mixin.py:190} INFO - [2025-11-23T04:47:59.803+0000] {dag.py:4180} INFO - Setting next_dagrun for kafka_sales_producer to None, run_after=None
[2025-11-23T04:47:59.819+0000] {processor.py:208} INFO - Processing /opt/airflow/dags/fixed_producer_dag.py took 0.250 seconds
[2025-11-23T04:48:30.406+0000] {processor.py:186} INFO - Started process (PID=155) to work on /opt/airflow/dags/fixed_producer_dag.py
[2025-11-23T04:48:30.407+0000] {processor.py:914} INFO - Processing file /opt/airflow/dags/fixed_producer_dag.py for tasks to queue
[2025-11-23T04:48:30.410+0000] {logging_mixin.py:190} INFO - [2025-11-23T04:48:30.410+0000] {dagbag.py:588} INFO - Filling up the DagBag from /opt/airflow/dags/fixed_producer_dag.py
[2025-11-23T04:48:30.732+0000] {processor.py:925} INFO - DAG(s) 'kafka_sales_producer' retrieved from /opt/airflow/dags/fixed_producer_dag.py
[2025-11-23T04:48:30.753+0000] {logging_mixin.py:190} INFO - [2025-11-23T04:48:30.753+0000] {dag.py:3239} INFO - Sync 1 DAGs
[2025-11-23T04:48:30.766+0000] {logging_mixin.py:190} INFO - [2025-11-23T04:48:30.766+0000] {dag.py:4180} INFO - Setting next_dagrun for kafka_sales_producer to None, run_after=None
[2025-11-23T04:48:30.785+0000] {processor.py:208} INFO - Processing /opt/airflow/dags/fixed_producer_dag.py took 0.383 seconds
[2025-11-23T04:49:01.388+0000] {processor.py:186} INFO - Started process (PID=166) to work on /opt/airflow/dags/fixed_producer_dag.py
[2025-11-23T04:49:01.389+0000] {processor.py:914} INFO - Processing file /opt/airflow/dags/fixed_producer_dag.py for tasks to queue
[2025-11-23T04:49:01.392+0000] {logging_mixin.py:190} INFO - [2025-11-23T04:49:01.392+0000] {dagbag.py:588} INFO - Filling up the DagBag from /opt/airflow/dags/fixed_producer_dag.py
[2025-11-23T04:49:01.589+0000] {processor.py:925} INFO - DAG(s) 'kafka_sales_producer' retrieved from /opt/airflow/dags/fixed_producer_dag.py
[2025-11-23T04:49:01.607+0000] {logging_mixin.py:190} INFO - [2025-11-23T04:49:01.607+0000] {dag.py:3239} INFO - Sync 1 DAGs
[2025-11-23T04:49:01.618+0000] {logging_mixin.py:190} INFO - [2025-11-23T04:49:01.618+0000] {dag.py:4180} INFO - Setting next_dagrun for kafka_sales_producer to None, run_after=None
[2025-11-23T04:49:01.636+0000] {processor.py:208} INFO - Processing /opt/airflow/dags/fixed_producer_dag.py took 0.258 seconds
[2025-11-23T04:49:32.184+0000] {processor.py:186} INFO - Started process (PID=170) to work on /opt/airflow/dags/fixed_producer_dag.py
[2025-11-23T04:49:32.184+0000] {processor.py:914} INFO - Processing file /opt/airflow/dags/fixed_producer_dag.py for tasks to queue
[2025-11-23T04:49:32.186+0000] {logging_mixin.py:190} INFO - [2025-11-23T04:49:32.186+0000] {dagbag.py:588} INFO - Filling up the DagBag from /opt/airflow/dags/fixed_producer_dag.py
[2025-11-23T04:49:32.386+0000] {processor.py:925} INFO - DAG(s) 'kafka_sales_producer' retrieved from /opt/airflow/dags/fixed_producer_dag.py
[2025-11-23T04:49:32.401+0000] {logging_mixin.py:190} INFO - [2025-11-23T04:49:32.401+0000] {dag.py:3239} INFO - Sync 1 DAGs
[2025-11-23T04:49:32.411+0000] {logging_mixin.py:190} INFO - [2025-11-23T04:49:32.411+0000] {dag.py:4180} INFO - Setting next_dagrun for kafka_sales_producer to None, run_after=None
[2025-11-23T04:49:32.425+0000] {processor.py:208} INFO - Processing /opt/airflow/dags/fixed_producer_dag.py took 0.246 seconds
[2025-11-23T04:50:03.009+0000] {processor.py:186} INFO - Started process (PID=174) to work on /opt/airflow/dags/fixed_producer_dag.py
[2025-11-23T04:50:03.011+0000] {processor.py:914} INFO - Processing file /opt/airflow/dags/fixed_producer_dag.py for tasks to queue
[2025-11-23T04:50:03.013+0000] {logging_mixin.py:190} INFO - [2025-11-23T04:50:03.012+0000] {dagbag.py:588} INFO - Filling up the DagBag from /opt/airflow/dags/fixed_producer_dag.py
[2025-11-23T04:50:03.214+0000] {processor.py:925} INFO - DAG(s) 'kafka_sales_producer' retrieved from /opt/airflow/dags/fixed_producer_dag.py
[2025-11-23T04:50:03.227+0000] {logging_mixin.py:190} INFO - [2025-11-23T04:50:03.227+0000] {dag.py:3239} INFO - Sync 1 DAGs
[2025-11-23T04:50:03.235+0000] {logging_mixin.py:190} INFO - [2025-11-23T04:50:03.235+0000] {dag.py:4180} INFO - Setting next_dagrun for kafka_sales_producer to None, run_after=None
[2025-11-23T04:50:03.250+0000] {processor.py:208} INFO - Processing /opt/airflow/dags/fixed_producer_dag.py took 0.250 seconds
[2025-11-23T04:50:33.647+0000] {processor.py:186} INFO - Started process (PID=177) to work on /opt/airflow/dags/fixed_producer_dag.py
[2025-11-23T04:50:33.648+0000] {processor.py:914} INFO - Processing file /opt/airflow/dags/fixed_producer_dag.py for tasks to queue
[2025-11-23T04:50:33.648+0000] {logging_mixin.py:190} INFO - [2025-11-23T04:50:33.648+0000] {dagbag.py:588} INFO - Filling up the DagBag from /opt/airflow/dags/fixed_producer_dag.py
[2025-11-23T04:50:33.849+0000] {processor.py:925} INFO - DAG(s) 'kafka_sales_producer' retrieved from /opt/airflow/dags/fixed_producer_dag.py
[2025-11-23T04:50:33.861+0000] {logging_mixin.py:190} INFO - [2025-11-23T04:50:33.861+0000] {dag.py:3239} INFO - Sync 1 DAGs
[2025-11-23T04:50:33.870+0000] {logging_mixin.py:190} INFO - [2025-11-23T04:50:33.870+0000] {dag.py:4180} INFO - Setting next_dagrun for kafka_sales_producer to None, run_after=None
[2025-11-23T04:50:33.884+0000] {processor.py:208} INFO - Processing /opt/airflow/dags/fixed_producer_dag.py took 0.241 seconds
[2025-11-23T04:51:04.364+0000] {processor.py:186} INFO - Started process (PID=180) to work on /opt/airflow/dags/fixed_producer_dag.py
[2025-11-23T04:51:04.365+0000] {processor.py:914} INFO - Processing file /opt/airflow/dags/fixed_producer_dag.py for tasks to queue
[2025-11-23T04:51:04.366+0000] {logging_mixin.py:190} INFO - [2025-11-23T04:51:04.366+0000] {dagbag.py:588} INFO - Filling up the DagBag from /opt/airflow/dags/fixed_producer_dag.py
[2025-11-23T04:51:04.562+0000] {processor.py:925} INFO - DAG(s) 'kafka_sales_producer' retrieved from /opt/airflow/dags/fixed_producer_dag.py
[2025-11-23T04:51:04.575+0000] {logging_mixin.py:190} INFO - [2025-11-23T04:51:04.575+0000] {dag.py:3239} INFO - Sync 1 DAGs
[2025-11-23T04:51:04.585+0000] {logging_mixin.py:190} INFO - [2025-11-23T04:51:04.585+0000] {dag.py:4180} INFO - Setting next_dagrun for kafka_sales_producer to None, run_after=None
[2025-11-23T04:51:04.600+0000] {processor.py:208} INFO - Processing /opt/airflow/dags/fixed_producer_dag.py took 0.240 seconds
