[2025-11-23T06:43:56.688+0000] {local_task_job_runner.py:123} INFO - ::group::Pre task execution logs
[2025-11-23T06:43:56.706+0000] {taskinstance.py:2614} INFO - Dependencies all met for dep_context=non-requeueable deps ti=<TaskInstance: silver_layer_processing.verify_silver_output manual__2025-11-23T06:43:30.258783+00:00 [queued]>
[2025-11-23T06:43:56.714+0000] {taskinstance.py:2614} INFO - Dependencies all met for dep_context=requeueable deps ti=<TaskInstance: silver_layer_processing.verify_silver_output manual__2025-11-23T06:43:30.258783+00:00 [queued]>
[2025-11-23T06:43:56.715+0000] {taskinstance.py:2867} INFO - Starting attempt 1 of 2
[2025-11-23T06:43:56.726+0000] {taskinstance.py:2890} INFO - Executing <Task(PythonOperator): verify_silver_output> on 2025-11-23 06:43:30.258783+00:00
[2025-11-23T06:43:56.732+0000] {warnings.py:112} WARNING - /home/***/.local/lib/python3.12/site-packages/***/task/task_runner/standard_task_runner.py:70: DeprecationWarning: This process (pid=74) is multi-threaded, use of fork() may lead to deadlocks in the child.
  pid = os.fork()

[2025-11-23T06:43:56.733+0000] {standard_task_runner.py:104} INFO - Running: ['***', 'tasks', 'run', 'silver_layer_processing', 'verify_silver_output', 'manual__2025-11-23T06:43:30.258783+00:00', '--job-id', '44', '--raw', '--subdir', 'DAGS_FOLDER/silver_layer_processing_dag.py', '--cfg-path', '/tmp/tmp8tqzywv3']
[2025-11-23T06:43:56.734+0000] {standard_task_runner.py:72} INFO - Started process 75 to run task
[2025-11-23T06:43:56.735+0000] {standard_task_runner.py:105} INFO - Job 44: Subtask verify_silver_output
[2025-11-23T06:43:56.772+0000] {task_command.py:467} INFO - Running <TaskInstance: silver_layer_processing.verify_silver_output manual__2025-11-23T06:43:30.258783+00:00 [running]> on host a4fdedaef2ff
[2025-11-23T06:43:56.828+0000] {taskinstance.py:3134} INFO - Exporting env vars: AIRFLOW_CTX_DAG_OWNER='***' AIRFLOW_CTX_DAG_ID='silver_layer_processing' AIRFLOW_CTX_TASK_ID='verify_silver_output' AIRFLOW_CTX_EXECUTION_DATE='2025-11-23T06:43:30.258783+00:00' AIRFLOW_CTX_TRY_NUMBER='1' AIRFLOW_CTX_DAG_RUN_ID='manual__2025-11-23T06:43:30.258783+00:00'
[2025-11-23T06:43:56.830+0000] {taskinstance.py:732} INFO - ::endgroup::
[2025-11-23T06:43:56.851+0000] {logging_mixin.py:190} INFO - ✅ Silver layer created successfully with 3 files
[2025-11-23T06:43:56.851+0000] {python.py:240} INFO - Done. Returned value was: True
[2025-11-23T06:43:56.877+0000] {taskinstance.py:341} INFO - ::group::Post task execution logs
[2025-11-23T06:43:56.877+0000] {taskinstance.py:353} INFO - Marking task as SUCCESS. dag_id=silver_layer_processing, task_id=verify_silver_output, run_id=manual__2025-11-23T06:43:30.258783+00:00, execution_date=20251123T064330, start_date=20251123T064356, end_date=20251123T064356
[2025-11-23T06:43:56.911+0000] {local_task_job_runner.py:266} INFO - Task exited with return code 0
[2025-11-23T06:43:56.926+0000] {taskinstance.py:3901} INFO - 0 downstream tasks scheduled from follow-on schedule check
[2025-11-23T06:43:56.928+0000] {local_task_job_runner.py:245} INFO - ::endgroup::
