[2025-12-21T10:20:17.895+0000] {manager.py:483} INFO - Processing files using up to 2 processes at a time 
[2025-12-21T10:20:17.896+0000] {manager.py:484} INFO - Process each file at most once every 30 seconds
[2025-12-21T10:20:17.896+0000] {manager.py:485} INFO - Checking for new files in /opt/airflow/dags every 300 seconds
[2025-12-21T10:20:17.897+0000] {manager.py:821} INFO - Searching for files in /opt/airflow/dags
[2025-12-21T10:20:17.999+0000] {manager.py:824} INFO - There are 1 files in /opt/airflow/dags
[2025-12-21T10:20:18.110+0000] {manager.py:1146} ERROR - Processor for /opt/airflow/dags/unified_sales_pipeline_dag.py exited with return code 1.
[2025-12-21T10:20:18.116+0000] {manager.py:997} INFO - 
================================================================================
DAG File Processing Stats

File Path                                        PID    Runtime      # DAGs    # Errors  Last Runtime    Last Run               Last # of DB Queries
-----------------------------------------------  -----  ---------  --------  ----------  --------------  -------------------  ----------------------
/opt/airflow/dags/unified_sales_pipeline_dag.py                           0          -1  0.03s           2025-12-21T10:20:18                       0
================================================================================
[2025-12-21T10:20:48.302+0000] {manager.py:997} INFO - 
================================================================================
DAG File Processing Stats

File Path                                          PID  Runtime      # DAGs    # Errors  Last Runtime    Last Run               Last # of DB Queries
-----------------------------------------------  -----  ---------  --------  ----------  --------------  -------------------  ----------------------
/opt/airflow/dags/unified_sales_pipeline_dag.py     65  0.00s             0          -1  0.03s           2025-12-21T10:20:18                       0
================================================================================
[2025-12-21T10:20:48.313+0000] {manager.py:1146} ERROR - Processor for /opt/airflow/dags/unified_sales_pipeline_dag.py exited with return code 1.
[2025-12-21T10:21:18.559+0000] {manager.py:997} INFO - 
================================================================================
DAG File Processing Stats

File Path                                          PID  Runtime      # DAGs    # Errors  Last Runtime    Last Run               Last # of DB Queries
-----------------------------------------------  -----  ---------  --------  ----------  --------------  -------------------  ----------------------
/opt/airflow/dags/unified_sales_pipeline_dag.py     73  0.00s             0          -1  0.01s           2025-12-21T10:20:48                       0
================================================================================
[2025-12-21T10:21:18.567+0000] {manager.py:1146} ERROR - Processor for /opt/airflow/dags/unified_sales_pipeline_dag.py exited with return code 1.
[2025-12-21T10:21:48.798+0000] {manager.py:997} INFO - 
================================================================================
DAG File Processing Stats

File Path                                          PID  Runtime      # DAGs    # Errors  Last Runtime    Last Run               Last # of DB Queries
-----------------------------------------------  -----  ---------  --------  ----------  --------------  -------------------  ----------------------
/opt/airflow/dags/unified_sales_pipeline_dag.py     81  0.00s             0          -1  0.01s           2025-12-21T10:21:18                       0
================================================================================
[2025-12-21T10:21:48.808+0000] {manager.py:1146} ERROR - Processor for /opt/airflow/dags/unified_sales_pipeline_dag.py exited with return code 1.
[2025-12-21T10:22:19.046+0000] {manager.py:997} INFO - 
================================================================================
DAG File Processing Stats

File Path                                          PID  Runtime      # DAGs    # Errors  Last Runtime    Last Run               Last # of DB Queries
-----------------------------------------------  -----  ---------  --------  ----------  --------------  -------------------  ----------------------
/opt/airflow/dags/unified_sales_pipeline_dag.py     89  0.00s             0          -1  0.02s           2025-12-21T10:21:48                       0
================================================================================
[2025-12-21T10:22:19.058+0000] {manager.py:1146} ERROR - Processor for /opt/airflow/dags/unified_sales_pipeline_dag.py exited with return code 1.
[2025-12-21T10:22:49.287+0000] {manager.py:997} INFO - 
================================================================================
DAG File Processing Stats

File Path                                          PID  Runtime      # DAGs    # Errors  Last Runtime    Last Run               Last # of DB Queries
-----------------------------------------------  -----  ---------  --------  ----------  --------------  -------------------  ----------------------
/opt/airflow/dags/unified_sales_pipeline_dag.py     98  0.00s             0          -1  0.02s           2025-12-21T10:22:19                       0
================================================================================
[2025-12-21T10:22:49.300+0000] {manager.py:1146} ERROR - Processor for /opt/airflow/dags/unified_sales_pipeline_dag.py exited with return code 1.
[2025-12-21T10:23:19.528+0000] {manager.py:997} INFO - 
================================================================================
DAG File Processing Stats

File Path                                          PID  Runtime      # DAGs    # Errors  Last Runtime    Last Run               Last # of DB Queries
-----------------------------------------------  -----  ---------  --------  ----------  --------------  -------------------  ----------------------
/opt/airflow/dags/unified_sales_pipeline_dag.py    106  0.00s             0          -1  0.02s           2025-12-21T10:22:49                       0
================================================================================
[2025-12-21T10:23:19.552+0000] {manager.py:1146} ERROR - Processor for /opt/airflow/dags/unified_sales_pipeline_dag.py exited with return code 1.
[2025-12-21T10:23:49.779+0000] {manager.py:997} INFO - 
================================================================================
DAG File Processing Stats

File Path                                          PID  Runtime      # DAGs    # Errors  Last Runtime    Last Run               Last # of DB Queries
-----------------------------------------------  -----  ---------  --------  ----------  --------------  -------------------  ----------------------
/opt/airflow/dags/unified_sales_pipeline_dag.py    114  0.00s             0          -1  0.03s           2025-12-21T10:23:19                       0
================================================================================
[2025-12-21T10:23:49.791+0000] {manager.py:1146} ERROR - Processor for /opt/airflow/dags/unified_sales_pipeline_dag.py exited with return code 1.
[2025-12-21T10:24:20.042+0000] {manager.py:997} INFO - 
================================================================================
DAG File Processing Stats

File Path                                          PID  Runtime      # DAGs    # Errors  Last Runtime    Last Run               Last # of DB Queries
-----------------------------------------------  -----  ---------  --------  ----------  --------------  -------------------  ----------------------
/opt/airflow/dags/unified_sales_pipeline_dag.py    122  0.00s             0          -1  0.02s           2025-12-21T10:23:49                       0
================================================================================
[2025-12-21T10:24:20.052+0000] {manager.py:1146} ERROR - Processor for /opt/airflow/dags/unified_sales_pipeline_dag.py exited with return code 1.
[2025-12-21T10:24:50.298+0000] {manager.py:997} INFO - 
================================================================================
DAG File Processing Stats

File Path                                          PID  Runtime      # DAGs    # Errors  Last Runtime    Last Run               Last # of DB Queries
-----------------------------------------------  -----  ---------  --------  ----------  --------------  -------------------  ----------------------
/opt/airflow/dags/unified_sales_pipeline_dag.py    131  0.00s             0          -1  0.01s           2025-12-21T10:24:20                       0
================================================================================
[2025-12-21T10:24:50.314+0000] {manager.py:1146} ERROR - Processor for /opt/airflow/dags/unified_sales_pipeline_dag.py exited with return code 1.
[2025-12-21T10:25:18.512+0000] {manager.py:821} INFO - Searching for files in /opt/airflow/dags
[2025-12-21T10:25:18.602+0000] {manager.py:824} INFO - There are 1 files in /opt/airflow/dags
[2025-12-21T10:25:20.645+0000] {manager.py:997} INFO - 
================================================================================
DAG File Processing Stats

File Path                                          PID  Runtime      # DAGs    # Errors  Last Runtime    Last Run               Last # of DB Queries
-----------------------------------------------  -----  ---------  --------  ----------  --------------  -------------------  ----------------------
/opt/airflow/dags/unified_sales_pipeline_dag.py    139  0.00s             0          -1  0.02s           2025-12-21T10:24:50                       0
================================================================================
[2025-12-21T10:25:20.657+0000] {manager.py:1146} ERROR - Processor for /opt/airflow/dags/unified_sales_pipeline_dag.py exited with return code 1.
[2025-12-21T10:25:50.907+0000] {manager.py:997} INFO - 
================================================================================
DAG File Processing Stats

File Path                                          PID  Runtime      # DAGs    # Errors  Last Runtime    Last Run               Last # of DB Queries
-----------------------------------------------  -----  ---------  --------  ----------  --------------  -------------------  ----------------------
/opt/airflow/dags/unified_sales_pipeline_dag.py    147  0.00s             0          -1  0.02s           2025-12-21T10:25:20                       0
================================================================================
[2025-12-21T10:25:50.924+0000] {manager.py:1146} ERROR - Processor for /opt/airflow/dags/unified_sales_pipeline_dag.py exited with return code 1.
[2025-12-21T10:26:21.174+0000] {manager.py:997} INFO - 
================================================================================
DAG File Processing Stats

File Path                                          PID  Runtime      # DAGs    # Errors  Last Runtime    Last Run               Last # of DB Queries
-----------------------------------------------  -----  ---------  --------  ----------  --------------  -------------------  ----------------------
/opt/airflow/dags/unified_sales_pipeline_dag.py    155  0.00s             0          -1  0.02s           2025-12-21T10:25:50                       0
================================================================================
[2025-12-21T10:26:21.191+0000] {manager.py:1146} ERROR - Processor for /opt/airflow/dags/unified_sales_pipeline_dag.py exited with return code 1.
[2025-12-21T10:26:51.422+0000] {manager.py:997} INFO - 
================================================================================
DAG File Processing Stats

File Path                                          PID  Runtime      # DAGs    # Errors  Last Runtime    Last Run               Last # of DB Queries
-----------------------------------------------  -----  ---------  --------  ----------  --------------  -------------------  ----------------------
/opt/airflow/dags/unified_sales_pipeline_dag.py    162  0.00s             0          -1  0.02s           2025-12-21T10:26:21                       0
================================================================================
[2025-12-21T10:26:51.434+0000] {manager.py:1146} ERROR - Processor for /opt/airflow/dags/unified_sales_pipeline_dag.py exited with return code 1.
[2025-12-21T10:27:21.660+0000] {manager.py:997} INFO - 
================================================================================
DAG File Processing Stats

File Path                                          PID  Runtime      # DAGs    # Errors  Last Runtime    Last Run               Last # of DB Queries
-----------------------------------------------  -----  ---------  --------  ----------  --------------  -------------------  ----------------------
/opt/airflow/dags/unified_sales_pipeline_dag.py    164  0.00s             0          -1  0.02s           2025-12-21T10:26:51                       0
================================================================================
[2025-12-21T10:27:21.676+0000] {manager.py:1146} ERROR - Processor for /opt/airflow/dags/unified_sales_pipeline_dag.py exited with return code 1.
[2025-12-21T10:27:51.938+0000] {manager.py:997} INFO - 
================================================================================
DAG File Processing Stats

File Path                                          PID  Runtime      # DAGs    # Errors  Last Runtime    Last Run               Last # of DB Queries
-----------------------------------------------  -----  ---------  --------  ----------  --------------  -------------------  ----------------------
/opt/airflow/dags/unified_sales_pipeline_dag.py    172  0.00s             0          -1  0.02s           2025-12-21T10:27:21                       0
================================================================================
[2025-12-21T10:27:51.953+0000] {manager.py:1146} ERROR - Processor for /opt/airflow/dags/unified_sales_pipeline_dag.py exited with return code 1.
[2025-12-21T10:28:22.186+0000] {manager.py:997} INFO - 
================================================================================
DAG File Processing Stats

File Path                                          PID  Runtime      # DAGs    # Errors  Last Runtime    Last Run               Last # of DB Queries
-----------------------------------------------  -----  ---------  --------  ----------  --------------  -------------------  ----------------------
/opt/airflow/dags/unified_sales_pipeline_dag.py    180  0.00s             0          -1  0.02s           2025-12-21T10:27:51                       0
================================================================================
[2025-12-21T10:28:22.199+0000] {manager.py:1146} ERROR - Processor for /opt/airflow/dags/unified_sales_pipeline_dag.py exited with return code 1.
[2025-12-21T10:28:52.417+0000] {manager.py:997} INFO - 
================================================================================
DAG File Processing Stats

File Path                                          PID  Runtime      # DAGs    # Errors  Last Runtime    Last Run               Last # of DB Queries
-----------------------------------------------  -----  ---------  --------  ----------  --------------  -------------------  ----------------------
/opt/airflow/dags/unified_sales_pipeline_dag.py    188  0.00s             0          -1  0.02s           2025-12-21T10:28:22                       0
================================================================================
[2025-12-21T10:28:52.434+0000] {manager.py:1146} ERROR - Processor for /opt/airflow/dags/unified_sales_pipeline_dag.py exited with return code 1.
[2025-12-21T10:29:22.646+0000] {manager.py:997} INFO - 
================================================================================
DAG File Processing Stats

File Path                                          PID  Runtime      # DAGs    # Errors  Last Runtime    Last Run               Last # of DB Queries
-----------------------------------------------  -----  ---------  --------  ----------  --------------  -------------------  ----------------------
/opt/airflow/dags/unified_sales_pipeline_dag.py    196  0.00s             0          -1  0.02s           2025-12-21T10:28:52                       0
================================================================================
[2025-12-21T10:29:22.656+0000] {manager.py:1146} ERROR - Processor for /opt/airflow/dags/unified_sales_pipeline_dag.py exited with return code 1.
[2025-12-21T10:29:52.903+0000] {manager.py:997} INFO - 
================================================================================
DAG File Processing Stats

File Path                                          PID  Runtime      # DAGs    # Errors  Last Runtime    Last Run               Last # of DB Queries
-----------------------------------------------  -----  ---------  --------  ----------  --------------  -------------------  ----------------------
/opt/airflow/dags/unified_sales_pipeline_dag.py    204  0.00s             0          -1  0.01s           2025-12-21T10:29:22                       0
================================================================================
[2025-12-21T10:29:52.918+0000] {manager.py:1146} ERROR - Processor for /opt/airflow/dags/unified_sales_pipeline_dag.py exited with return code 1.
[2025-12-21T10:30:19.097+0000] {manager.py:821} INFO - Searching for files in /opt/airflow/dags
[2025-12-21T10:30:19.160+0000] {manager.py:824} INFO - There are 1 files in /opt/airflow/dags
[2025-12-21T10:30:23.216+0000] {manager.py:997} INFO - 
================================================================================
DAG File Processing Stats

File Path                                          PID  Runtime      # DAGs    # Errors  Last Runtime    Last Run               Last # of DB Queries
-----------------------------------------------  -----  ---------  --------  ----------  --------------  -------------------  ----------------------
/opt/airflow/dags/unified_sales_pipeline_dag.py    212  0.00s             0          -1  0.02s           2025-12-21T10:29:52                       0
================================================================================
[2025-12-21T10:30:23.228+0000] {manager.py:1146} ERROR - Processor for /opt/airflow/dags/unified_sales_pipeline_dag.py exited with return code 1.
[2025-12-21T10:30:47.223+0000] {manager.py:465} INFO - Exiting gracefully upon receiving signal 15
[2025-12-21T10:31:55.861+0000] {manager.py:483} INFO - Processing files using up to 2 processes at a time 
[2025-12-21T10:31:55.862+0000] {manager.py:484} INFO - Process each file at most once every 30 seconds
[2025-12-21T10:31:55.862+0000] {manager.py:485} INFO - Checking for new files in /opt/airflow/dags every 300 seconds
[2025-12-21T10:31:55.863+0000] {manager.py:821} INFO - Searching for files in /opt/airflow/dags
[2025-12-21T10:31:55.960+0000] {manager.py:824} INFO - There are 1 files in /opt/airflow/dags
[2025-12-21T10:31:56.056+0000] {manager.py:997} INFO - 
================================================================================
DAG File Processing Stats

File Path                                          PID  Runtime      # DAGs    # Errors  Last Runtime    Last Run      Last # of DB Queries
-----------------------------------------------  -----  ---------  --------  ----------  --------------  ----------  ----------------------
/opt/airflow/dags/unified_sales_pipeline_dag.py     57  0.03s             0           0                                                   0
================================================================================
[2025-12-21T10:32:26.285+0000] {manager.py:997} INFO - 
================================================================================
DAG File Processing Stats

File Path                                        PID    Runtime      # DAGs    # Errors  Last Runtime    Last Run               Last # of DB Queries
-----------------------------------------------  -----  ---------  --------  ----------  --------------  -------------------  ----------------------
/opt/airflow/dags/unified_sales_pipeline_dag.py                           1           0  1.05s           2025-12-21T10:31:57                      34
================================================================================
[2025-12-21T10:32:56.496+0000] {manager.py:997} INFO - 
================================================================================
DAG File Processing Stats

File Path                                        PID    Runtime      # DAGs    # Errors  Last Runtime    Last Run               Last # of DB Queries
-----------------------------------------------  -----  ---------  --------  ----------  --------------  -------------------  ----------------------
/opt/airflow/dags/unified_sales_pipeline_dag.py                           1           0  0.65s           2025-12-21T10:32:27                      12
================================================================================
[2025-12-21T10:32:56.799+0000] {manager.py:465} INFO - Exiting gracefully upon receiving signal 15
[2025-12-21T10:34:38.117+0000] {manager.py:483} INFO - Processing files using up to 2 processes at a time 
[2025-12-21T10:34:38.119+0000] {manager.py:484} INFO - Process each file at most once every 30 seconds
[2025-12-21T10:34:38.120+0000] {manager.py:485} INFO - Checking for new files in /opt/airflow/dags every 300 seconds
[2025-12-21T10:34:38.121+0000] {manager.py:821} INFO - Searching for files in /opt/airflow/dags
[2025-12-21T10:34:38.231+0000] {manager.py:824} INFO - There are 1 files in /opt/airflow/dags
[2025-12-21T10:34:38.318+0000] {manager.py:997} INFO - 
================================================================================
DAG File Processing Stats

File Path                                          PID  Runtime      # DAGs    # Errors  Last Runtime    Last Run      Last # of DB Queries
-----------------------------------------------  -----  ---------  --------  ----------  --------------  ----------  ----------------------
/opt/airflow/dags/unified_sales_pipeline_dag.py     56  0.02s             0           0                                                   0
================================================================================
[2025-12-21T10:35:08.517+0000] {manager.py:997} INFO - 
================================================================================
DAG File Processing Stats

File Path                                        PID    Runtime      # DAGs    # Errors  Last Runtime    Last Run               Last # of DB Queries
-----------------------------------------------  -----  ---------  --------  ----------  --------------  -------------------  ----------------------
/opt/airflow/dags/unified_sales_pipeline_dag.py                           1           0  0.57s           2025-12-21T10:34:38                      12
================================================================================
[2025-12-21T10:35:38.692+0000] {manager.py:997} INFO - 
================================================================================
DAG File Processing Stats

File Path                                        PID    Runtime      # DAGs    # Errors  Last Runtime    Last Run               Last # of DB Queries
-----------------------------------------------  -----  ---------  --------  ----------  --------------  -------------------  ----------------------
/opt/airflow/dags/unified_sales_pipeline_dag.py                           1           0  0.39s           2025-12-21T10:35:09                      12
================================================================================
[2025-12-21T10:36:08.936+0000] {manager.py:997} INFO - 
================================================================================
DAG File Processing Stats

File Path                                        PID    Runtime      # DAGs    # Errors  Last Runtime    Last Run               Last # of DB Queries
-----------------------------------------------  -----  ---------  --------  ----------  --------------  -------------------  ----------------------
/opt/airflow/dags/unified_sales_pipeline_dag.py                           1           0  0.35s           2025-12-21T10:35:40                      12
================================================================================
[2025-12-21T10:36:39.471+0000] {manager.py:997} INFO - 
================================================================================
DAG File Processing Stats

File Path                                        PID    Runtime      # DAGs    # Errors  Last Runtime    Last Run               Last # of DB Queries
-----------------------------------------------  -----  ---------  --------  ----------  --------------  -------------------  ----------------------
/opt/airflow/dags/unified_sales_pipeline_dag.py                           1           0  0.37s           2025-12-21T10:36:10                      12
================================================================================
[2025-12-21T10:37:10.101+0000] {manager.py:997} INFO - 
================================================================================
DAG File Processing Stats

File Path                                        PID    Runtime      # DAGs    # Errors  Last Runtime    Last Run               Last # of DB Queries
-----------------------------------------------  -----  ---------  --------  ----------  --------------  -------------------  ----------------------
/opt/airflow/dags/unified_sales_pipeline_dag.py                           1           0  2.05s           2025-12-21T10:36:42                      12
================================================================================
[2025-12-21T10:37:40.384+0000] {manager.py:997} INFO - 
================================================================================
DAG File Processing Stats

File Path                                        PID    Runtime      # DAGs    # Errors  Last Runtime    Last Run               Last # of DB Queries
-----------------------------------------------  -----  ---------  --------  ----------  --------------  -------------------  ----------------------
/opt/airflow/dags/unified_sales_pipeline_dag.py                           1           0  1.09s           2025-12-21T10:37:14                      12
================================================================================
[2025-12-21T10:38:10.526+0000] {manager.py:997} INFO - 
================================================================================
DAG File Processing Stats

File Path                                        PID    Runtime      # DAGs    # Errors  Last Runtime    Last Run               Last # of DB Queries
-----------------------------------------------  -----  ---------  --------  ----------  --------------  -------------------  ----------------------
/opt/airflow/dags/unified_sales_pipeline_dag.py                           1           0  1.89s           2025-12-21T10:37:46                      12
================================================================================
[2025-12-21T10:38:40.857+0000] {manager.py:997} INFO - 
================================================================================
DAG File Processing Stats

File Path                                        PID    Runtime      # DAGs    # Errors  Last Runtime    Last Run               Last # of DB Queries
-----------------------------------------------  -----  ---------  --------  ----------  --------------  -------------------  ----------------------
/opt/airflow/dags/unified_sales_pipeline_dag.py                           1           0  5.61s           2025-12-21T10:38:22                      12
================================================================================
[2025-12-21T10:39:10.904+0000] {manager.py:997} INFO - 
================================================================================
DAG File Processing Stats

File Path                                        PID    Runtime      # DAGs    # Errors  Last Runtime    Last Run               Last # of DB Queries
-----------------------------------------------  -----  ---------  --------  ----------  --------------  -------------------  ----------------------
/opt/airflow/dags/unified_sales_pipeline_dag.py                           1           0  0.39s           2025-12-21T10:38:52                      12
================================================================================
[2025-12-21T10:39:38.686+0000] {manager.py:821} INFO - Searching for files in /opt/airflow/dags
[2025-12-21T10:39:38.803+0000] {manager.py:824} INFO - There are 1 files in /opt/airflow/dags
[2025-12-21T10:39:41.137+0000] {manager.py:997} INFO - 
================================================================================
DAG File Processing Stats

File Path                                        PID    Runtime      # DAGs    # Errors  Last Runtime    Last Run               Last # of DB Queries
-----------------------------------------------  -----  ---------  --------  ----------  --------------  -------------------  ----------------------
/opt/airflow/dags/unified_sales_pipeline_dag.py                           1           0  0.57s           2025-12-21T10:39:23                      12
================================================================================
[2025-12-21T10:40:11.369+0000] {manager.py:997} INFO - 
================================================================================
DAG File Processing Stats

File Path                                        PID    Runtime      # DAGs    # Errors  Last Runtime    Last Run               Last # of DB Queries
-----------------------------------------------  -----  ---------  --------  ----------  --------------  -------------------  ----------------------
/opt/airflow/dags/unified_sales_pipeline_dag.py                           1           0  0.50s           2025-12-21T10:39:54                      12
================================================================================
[2025-12-21T10:40:42.125+0000] {manager.py:997} INFO - 
================================================================================
DAG File Processing Stats

File Path                                        PID    Runtime      # DAGs    # Errors  Last Runtime    Last Run               Last # of DB Queries
-----------------------------------------------  -----  ---------  --------  ----------  --------------  -------------------  ----------------------
/opt/airflow/dags/unified_sales_pipeline_dag.py                           1           0  2.45s           2025-12-21T10:40:27                      12
================================================================================
[2025-12-21T10:41:12.524+0000] {manager.py:997} INFO - 
================================================================================
DAG File Processing Stats

File Path                                        PID    Runtime      # DAGs    # Errors  Last Runtime    Last Run               Last # of DB Queries
-----------------------------------------------  -----  ---------  --------  ----------  --------------  -------------------  ----------------------
/opt/airflow/dags/unified_sales_pipeline_dag.py                           1           0  1.28s           2025-12-21T10:40:58                      12
================================================================================
[2025-12-21T10:41:42.911+0000] {manager.py:997} INFO - 
================================================================================
DAG File Processing Stats

File Path                                        PID    Runtime      # DAGs    # Errors  Last Runtime    Last Run               Last # of DB Queries
-----------------------------------------------  -----  ---------  --------  ----------  --------------  -------------------  ----------------------
/opt/airflow/dags/unified_sales_pipeline_dag.py                           1           0  0.54s           2025-12-21T10:41:29                      12
================================================================================
[2025-12-21T10:42:13.130+0000] {manager.py:997} INFO - 
================================================================================
DAG File Processing Stats

File Path                                        PID    Runtime      # DAGs    # Errors  Last Runtime    Last Run               Last # of DB Queries
-----------------------------------------------  -----  ---------  --------  ----------  --------------  -------------------  ----------------------
/opt/airflow/dags/unified_sales_pipeline_dag.py                           1           0  0.66s           2025-12-21T10:42:00                      12
================================================================================
[2025-12-21T10:42:43.403+0000] {manager.py:997} INFO - 
================================================================================
DAG File Processing Stats

File Path                                        PID    Runtime      # DAGs    # Errors  Last Runtime    Last Run               Last # of DB Queries
-----------------------------------------------  -----  ---------  --------  ----------  --------------  -------------------  ----------------------
/opt/airflow/dags/unified_sales_pipeline_dag.py                           1           0  0.71s           2025-12-21T10:42:30                      12
================================================================================
[2025-12-21T10:43:14.686+0000] {manager.py:997} INFO - 
================================================================================
DAG File Processing Stats

File Path                                          PID  Runtime      # DAGs    # Errors  Last Runtime    Last Run               Last # of DB Queries
-----------------------------------------------  -----  ---------  --------  ----------  --------------  -------------------  ----------------------
/opt/airflow/dags/unified_sales_pipeline_dag.py    177  0.19s             1           0  0.71s           2025-12-21T10:42:30                      12
================================================================================
[2025-12-21T10:46:20.646+0000] {manager.py:821} INFO - Searching for files in /opt/airflow/dags
[2025-12-21T10:46:52.435+0000] {manager.py:824} INFO - There are 1 files in /opt/airflow/dags
[2025-12-21T10:46:54.220+0000] {manager.py:1366} ERROR - Processor for /opt/airflow/dags/unified_sales_pipeline_dag.py with PID 177 started at 2025-12-21T10:43:14.274502+00:00 has timed out, killing it.
[2025-12-21T10:46:54.354+0000] {manager.py:997} INFO - 
================================================================================
DAG File Processing Stats

File Path                                        PID    Runtime      # DAGs    # Errors  Last Runtime    Last Run               Last # of DB Queries
-----------------------------------------------  -----  ---------  --------  ----------  --------------  -------------------  ----------------------
/opt/airflow/dags/unified_sales_pipeline_dag.py                           0           1  219.94s         2025-12-21T10:46:54                       0
================================================================================
[2025-12-21T10:46:56.969+0000] {manager.py:465} INFO - Exiting gracefully upon receiving signal 15
[2025-12-21T23:10:40.760+0000] {manager.py:483} INFO - Processing files using up to 2 processes at a time 
[2025-12-21T23:10:40.762+0000] {manager.py:484} INFO - Process each file at most once every 30 seconds
[2025-12-21T23:10:40.763+0000] {manager.py:485} INFO - Checking for new files in /opt/airflow/dags every 300 seconds
[2025-12-21T23:10:40.764+0000] {manager.py:821} INFO - Searching for files in /opt/airflow/dags
[2025-12-21T23:10:40.831+0000] {manager.py:824} INFO - There are 1 files in /opt/airflow/dags
[2025-12-21T23:10:40.927+0000] {manager.py:997} INFO - 
================================================================================
DAG File Processing Stats

File Path                                          PID  Runtime      # DAGs    # Errors  Last Runtime    Last Run      Last # of DB Queries
-----------------------------------------------  -----  ---------  --------  ----------  --------------  ----------  ----------------------
/opt/airflow/dags/unified_sales_pipeline_dag.py     56  0.03s             0           0                                                   0
================================================================================
[2025-12-21T23:11:11.210+0000] {manager.py:997} INFO - 
================================================================================
DAG File Processing Stats

File Path                                        PID    Runtime      # DAGs    # Errors  Last Runtime    Last Run               Last # of DB Queries
-----------------------------------------------  -----  ---------  --------  ----------  --------------  -------------------  ----------------------
/opt/airflow/dags/unified_sales_pipeline_dag.py                           1           0  2.66s           2025-12-21T23:10:43                      45
================================================================================
[2025-12-21T23:11:41.422+0000] {manager.py:997} INFO - 
================================================================================
DAG File Processing Stats

File Path                                        PID    Runtime      # DAGs    # Errors  Last Runtime    Last Run               Last # of DB Queries
-----------------------------------------------  -----  ---------  --------  ----------  --------------  -------------------  ----------------------
/opt/airflow/dags/unified_sales_pipeline_dag.py                           1           0  0.95s           2025-12-21T23:11:14                      12
================================================================================
[2025-12-21T23:12:11.432+0000] {manager.py:997} INFO - 
================================================================================
DAG File Processing Stats

File Path                                        PID    Runtime      # DAGs    # Errors  Last Runtime    Last Run               Last # of DB Queries
-----------------------------------------------  -----  ---------  --------  ----------  --------------  -------------------  ----------------------
/opt/airflow/dags/unified_sales_pipeline_dag.py                           1           0  1.16s           2025-12-21T23:11:46                      12
================================================================================
[2025-12-21T23:12:41.441+0000] {manager.py:997} INFO - 
================================================================================
DAG File Processing Stats

File Path                                        PID    Runtime      # DAGs    # Errors  Last Runtime    Last Run               Last # of DB Queries
-----------------------------------------------  -----  ---------  --------  ----------  --------------  -------------------  ----------------------
/opt/airflow/dags/unified_sales_pipeline_dag.py                           1           0  0.90s           2025-12-21T23:12:17                      12
================================================================================
[2025-12-21T23:13:11.595+0000] {manager.py:997} INFO - 
================================================================================
DAG File Processing Stats

File Path                                        PID    Runtime      # DAGs    # Errors  Last Runtime    Last Run               Last # of DB Queries
-----------------------------------------------  -----  ---------  --------  ----------  --------------  -------------------  ----------------------
/opt/airflow/dags/unified_sales_pipeline_dag.py                           1           0  0.91s           2025-12-21T23:12:48                      12
================================================================================
[2025-12-21T23:13:41.783+0000] {manager.py:997} INFO - 
================================================================================
DAG File Processing Stats

File Path                                        PID    Runtime      # DAGs    # Errors  Last Runtime    Last Run               Last # of DB Queries
-----------------------------------------------  -----  ---------  --------  ----------  --------------  -------------------  ----------------------
/opt/airflow/dags/unified_sales_pipeline_dag.py                           1           0  0.91s           2025-12-21T23:13:19                      12
================================================================================
[2025-12-21T23:14:11.855+0000] {manager.py:997} INFO - 
================================================================================
DAG File Processing Stats

File Path                                        PID    Runtime      # DAGs    # Errors  Last Runtime    Last Run               Last # of DB Queries
-----------------------------------------------  -----  ---------  --------  ----------  --------------  -------------------  ----------------------
/opt/airflow/dags/unified_sales_pipeline_dag.py                           1           0  0.75s           2025-12-21T23:13:50                      12
================================================================================
[2025-12-21T23:14:42.259+0000] {manager.py:997} INFO - 
================================================================================
DAG File Processing Stats

File Path                                        PID    Runtime      # DAGs    # Errors  Last Runtime    Last Run               Last # of DB Queries
-----------------------------------------------  -----  ---------  --------  ----------  --------------  -------------------  ----------------------
/opt/airflow/dags/unified_sales_pipeline_dag.py                           1           0  2.50s           2025-12-21T23:14:23                      12
================================================================================
[2025-12-21T23:15:12.996+0000] {manager.py:997} INFO - 
================================================================================
DAG File Processing Stats

File Path                                        PID    Runtime      # DAGs    # Errors  Last Runtime    Last Run               Last # of DB Queries
-----------------------------------------------  -----  ---------  --------  ----------  --------------  -------------------  ----------------------
/opt/airflow/dags/unified_sales_pipeline_dag.py                           1           0  1.05s           2025-12-21T23:14:54                      12
================================================================================
[2025-12-21T23:15:41.386+0000] {manager.py:821} INFO - Searching for files in /opt/airflow/dags
[2025-12-21T23:15:41.491+0000] {manager.py:824} INFO - There are 1 files in /opt/airflow/dags
[2025-12-21T23:15:43.524+0000] {manager.py:997} INFO - 
================================================================================
DAG File Processing Stats

File Path                                        PID    Runtime      # DAGs    # Errors  Last Runtime    Last Run               Last # of DB Queries
-----------------------------------------------  -----  ---------  --------  ----------  --------------  -------------------  ----------------------
/opt/airflow/dags/unified_sales_pipeline_dag.py                           1           0  1.19s           2025-12-21T23:15:26                      12
================================================================================
[2025-12-21T23:16:13.784+0000] {manager.py:997} INFO - 
================================================================================
DAG File Processing Stats

File Path                                        PID    Runtime      # DAGs    # Errors  Last Runtime    Last Run               Last # of DB Queries
-----------------------------------------------  -----  ---------  --------  ----------  --------------  -------------------  ----------------------
/opt/airflow/dags/unified_sales_pipeline_dag.py                           1           0  0.53s           2025-12-21T23:15:57                      12
================================================================================
[2025-12-21T23:16:44.016+0000] {manager.py:997} INFO - 
================================================================================
DAG File Processing Stats

File Path                                        PID    Runtime      # DAGs    # Errors  Last Runtime    Last Run               Last # of DB Queries
-----------------------------------------------  -----  ---------  --------  ----------  --------------  -------------------  ----------------------
/opt/airflow/dags/unified_sales_pipeline_dag.py                           1           0  0.56s           2025-12-21T23:16:27                      12
================================================================================
[2025-12-21T23:17:14.377+0000] {manager.py:997} INFO - 
================================================================================
DAG File Processing Stats

File Path                                        PID    Runtime      # DAGs    # Errors  Last Runtime    Last Run               Last # of DB Queries
-----------------------------------------------  -----  ---------  --------  ----------  --------------  -------------------  ----------------------
/opt/airflow/dags/unified_sales_pipeline_dag.py                           1           0  0.62s           2025-12-21T23:16:58                      12
================================================================================
[2025-12-21T23:17:44.610+0000] {manager.py:997} INFO - 
================================================================================
DAG File Processing Stats

File Path                                        PID    Runtime      # DAGs    # Errors  Last Runtime    Last Run               Last # of DB Queries
-----------------------------------------------  -----  ---------  --------  ----------  --------------  -------------------  ----------------------
/opt/airflow/dags/unified_sales_pipeline_dag.py                           1           0  0.47s           2025-12-21T23:17:29                      12
================================================================================
[2025-12-21T23:18:14.678+0000] {manager.py:997} INFO - 
================================================================================
DAG File Processing Stats

File Path                                        PID    Runtime      # DAGs    # Errors  Last Runtime    Last Run               Last # of DB Queries
-----------------------------------------------  -----  ---------  --------  ----------  --------------  -------------------  ----------------------
/opt/airflow/dags/unified_sales_pipeline_dag.py                           1           0  0.80s           2025-12-21T23:18:00                      12
================================================================================
[2025-12-21T23:18:45.147+0000] {manager.py:997} INFO - 
================================================================================
DAG File Processing Stats

File Path                                        PID    Runtime      # DAGs    # Errors  Last Runtime    Last Run               Last # of DB Queries
-----------------------------------------------  -----  ---------  --------  ----------  --------------  -------------------  ----------------------
/opt/airflow/dags/unified_sales_pipeline_dag.py                           1           0  0.61s           2025-12-21T23:18:31                      12
================================================================================
[2025-12-21T23:19:16.071+0000] {manager.py:997} INFO - 
================================================================================
DAG File Processing Stats

File Path                                        PID    Runtime      # DAGs    # Errors  Last Runtime    Last Run               Last # of DB Queries
-----------------------------------------------  -----  ---------  --------  ----------  --------------  -------------------  ----------------------
/opt/airflow/dags/unified_sales_pipeline_dag.py                           1           0  1.05s           2025-12-21T23:19:02                      12
================================================================================
[2025-12-21T23:19:46.372+0000] {manager.py:997} INFO - 
================================================================================
DAG File Processing Stats

File Path                                        PID    Runtime      # DAGs    # Errors  Last Runtime    Last Run               Last # of DB Queries
-----------------------------------------------  -----  ---------  --------  ----------  --------------  -------------------  ----------------------
/opt/airflow/dags/unified_sales_pipeline_dag.py                           1           0  0.93s           2025-12-21T23:19:34                      12
================================================================================
[2025-12-21T23:20:16.896+0000] {manager.py:997} INFO - 
================================================================================
DAG File Processing Stats

File Path                                        PID    Runtime      # DAGs    # Errors  Last Runtime    Last Run               Last # of DB Queries
-----------------------------------------------  -----  ---------  --------  ----------  --------------  -------------------  ----------------------
/opt/airflow/dags/unified_sales_pipeline_dag.py                           1           0  1.44s           2025-12-21T23:20:06                      12
================================================================================
[2025-12-21T23:20:41.519+0000] {manager.py:821} INFO - Searching for files in /opt/airflow/dags
[2025-12-21T23:20:41.601+0000] {manager.py:824} INFO - There are 1 files in /opt/airflow/dags
[2025-12-21T23:20:47.155+0000] {manager.py:997} INFO - 
================================================================================
DAG File Processing Stats

File Path                                        PID    Runtime      # DAGs    # Errors  Last Runtime    Last Run               Last # of DB Queries
-----------------------------------------------  -----  ---------  --------  ----------  --------------  -------------------  ----------------------
/opt/airflow/dags/unified_sales_pipeline_dag.py                           1           0  1.00s           2025-12-21T23:20:37                      12
================================================================================
[2025-12-21T23:21:17.398+0000] {manager.py:997} INFO - 
================================================================================
DAG File Processing Stats

File Path                                        PID    Runtime      # DAGs    # Errors  Last Runtime    Last Run               Last # of DB Queries
-----------------------------------------------  -----  ---------  --------  ----------  --------------  -------------------  ----------------------
/opt/airflow/dags/unified_sales_pipeline_dag.py                           1           0  0.50s           2025-12-21T23:21:08                      12
================================================================================
[2025-12-21T23:21:47.670+0000] {manager.py:997} INFO - 
================================================================================
DAG File Processing Stats

File Path                                        PID    Runtime      # DAGs    # Errors  Last Runtime    Last Run               Last # of DB Queries
-----------------------------------------------  -----  ---------  --------  ----------  --------------  -------------------  ----------------------
/opt/airflow/dags/unified_sales_pipeline_dag.py                           1           0  0.50s           2025-12-21T23:21:39                      12
================================================================================
[2025-12-21T23:22:17.940+0000] {manager.py:997} INFO - 
================================================================================
DAG File Processing Stats

File Path                                        PID    Runtime      # DAGs    # Errors  Last Runtime    Last Run               Last # of DB Queries
-----------------------------------------------  -----  ---------  --------  ----------  --------------  -------------------  ----------------------
/opt/airflow/dags/unified_sales_pipeline_dag.py                           1           0  0.52s           2025-12-21T23:22:09                      12
================================================================================
