[2025-12-15T06:10:45.445+0000] {local_task_job_runner.py:123} INFO - ::group::Pre task execution logs
[2025-12-15T06:10:45.464+0000] {taskinstance.py:2614} INFO - Dependencies all met for dep_context=non-requeueable deps ti=<TaskInstance: unified_sales_pipeline.produce_sales_data manual__2025-12-14T01:32:21.136624+00:00 [queued]>
[2025-12-15T06:10:45.473+0000] {taskinstance.py:2614} INFO - Dependencies all met for dep_context=requeueable deps ti=<TaskInstance: unified_sales_pipeline.produce_sales_data manual__2025-12-14T01:32:21.136624+00:00 [queued]>
[2025-12-15T06:10:45.474+0000] {taskinstance.py:2867} INFO - Starting attempt 2 of 3
[2025-12-15T06:10:45.489+0000] {taskinstance.py:2890} INFO - Executing <Task(PythonOperator): produce_sales_data> on 2025-12-14 01:32:21.136624+00:00
[2025-12-15T06:10:45.496+0000] {warnings.py:112} WARNING - /home/***/.local/lib/python3.12/site-packages/***/task/task_runner/standard_task_runner.py:70: DeprecationWarning: This process (pid=771) is multi-threaded, use of fork() may lead to deadlocks in the child.
  pid = os.fork()

[2025-12-15T06:10:45.498+0000] {standard_task_runner.py:72} INFO - Started process 772 to run task
[2025-12-15T06:10:45.498+0000] {standard_task_runner.py:104} INFO - Running: ['***', 'tasks', 'run', 'unified_sales_pipeline', 'produce_sales_data', 'manual__2025-12-14T01:32:21.136624+00:00', '--job-id', '155', '--raw', '--subdir', 'DAGS_FOLDER/unified_sales_pipeline_dag.py', '--cfg-path', '/tmp/tmpcej0voqd']
[2025-12-15T06:10:45.500+0000] {standard_task_runner.py:105} INFO - Job 155: Subtask produce_sales_data
[2025-12-15T06:10:45.576+0000] {task_command.py:467} INFO - Running <TaskInstance: unified_sales_pipeline.produce_sales_data manual__2025-12-14T01:32:21.136624+00:00 [running]> on host f7434449c2ca
[2025-12-15T06:10:45.726+0000] {taskinstance.py:3134} INFO - Exporting env vars: AIRFLOW_CTX_DAG_OWNER='***' AIRFLOW_CTX_DAG_ID='unified_sales_pipeline' AIRFLOW_CTX_TASK_ID='produce_sales_data' AIRFLOW_CTX_EXECUTION_DATE='2025-12-14T01:32:21.136624+00:00' AIRFLOW_CTX_TRY_NUMBER='2' AIRFLOW_CTX_DAG_RUN_ID='manual__2025-12-14T01:32:21.136624+00:00'
[2025-12-15T06:10:45.728+0000] {taskinstance.py:732} INFO - ::endgroup::
[2025-12-15T06:10:45.756+0000] {conn.py:396} INFO - <BrokerConnection client_id=kafka-python-producer-1, node_id=bootstrap-1 host=broker1:19092 <connecting> [IPv4 ('172.18.0.8', 19092)]>: connecting to broker1:19092 [('172.18.0.8', 19092) IPv4]
[2025-12-15T06:10:45.761+0000] {conn.py:618} INFO - <BrokerConnection client_id=kafka-python-producer-1, node_id=bootstrap-1 host=broker1:19092 <checking_api_versions_recv> [IPv4 ('172.18.0.8', 19092)]>: Broker version identified as 2.6
[2025-12-15T06:10:45.762+0000] {conn.py:457} INFO - <BrokerConnection client_id=kafka-python-producer-1, node_id=bootstrap-1 host=broker1:19092 <connected> [IPv4 ('172.18.0.8', 19092)]>: Connection complete.
[2025-12-15T06:10:45.767+0000] {logging_mixin.py:190} INFO - 🚀 Starting Kafka producer...
[2025-12-15T06:10:45.870+0000] {conn.py:396} INFO - <BrokerConnection client_id=kafka-python-producer-1, node_id=1 host=broker1:19092 <connecting> [IPv4 ('172.18.0.8', 19092)]>: connecting to broker1:19092 [('172.18.0.8', 19092) IPv4]
[2025-12-15T06:10:45.872+0000] {conn.py:457} INFO - <BrokerConnection client_id=kafka-python-producer-1, node_id=1 host=broker1:19092 <connected> [IPv4 ('172.18.0.8', 19092)]>: Connection complete.
[2025-12-15T06:10:45.873+0000] {conn.py:945} INFO - <BrokerConnection client_id=kafka-python-producer-1, node_id=bootstrap-1 host=broker1:19092 <connected> [IPv4 ('172.18.0.8', 19092)]>: Closing connection. 
[2025-12-15T06:10:45.877+0000] {logging_mixin.py:190} INFO - ✅ Sale 1: Livre Data Science - 39.98€
[2025-12-15T06:10:46.080+0000] {logging_mixin.py:190} INFO - ✅ Sale 2: Clavier mecanique - 150.0€
[2025-12-15T06:10:46.282+0000] {logging_mixin.py:190} INFO - ✅ Sale 3: Livre Data Science - 39.98€
[2025-12-15T06:10:46.484+0000] {logging_mixin.py:190} INFO - ✅ Sale 4: Livre Data Science - 19.99€
[2025-12-15T06:10:46.686+0000] {logging_mixin.py:190} INFO - ✅ Sale 5: Ordinateur portable - 899.99€
[2025-12-15T06:10:46.889+0000] {logging_mixin.py:190} INFO - ✅ Sale 6: Clavier mecanique - 75.0€
[2025-12-15T06:10:47.091+0000] {logging_mixin.py:190} INFO - ✅ Sale 7: Livre Data Science - 19.99€
[2025-12-15T06:10:47.293+0000] {logging_mixin.py:190} INFO - ✅ Sale 8: Livre Data Science - 19.99€
[2025-12-15T06:10:47.496+0000] {logging_mixin.py:190} INFO - ✅ Sale 9: Souris sans fil - 76.5€
[2025-12-15T06:10:47.699+0000] {logging_mixin.py:190} INFO - ✅ Sale 10: Ordinateur portable - 899.99€
[2025-12-15T06:10:47.904+0000] {logging_mixin.py:190} INFO - ✅ Sale 11: Livre Data Science - 39.98€
[2025-12-15T06:10:48.106+0000] {logging_mixin.py:190} INFO - ✅ Sale 12: Casque audio - 179.97€
[2025-12-15T06:10:48.308+0000] {logging_mixin.py:190} INFO - ✅ Sale 13: Clavier mecanique - 150.0€
[2025-12-15T06:10:48.513+0000] {logging_mixin.py:190} INFO - ✅ Sale 14: Casque audio - 59.99€
[2025-12-15T06:10:48.716+0000] {logging_mixin.py:190} INFO - ✅ Sale 15: Livre Data Science - 59.97€
[2025-12-15T06:10:48.919+0000] {logging_mixin.py:190} INFO - ✅ Sale 16: Ordinateur portable - 899.99€
[2025-12-15T06:10:49.122+0000] {logging_mixin.py:190} INFO - ✅ Sale 17: Livre Data Science - 59.97€
[2025-12-15T06:10:49.324+0000] {logging_mixin.py:190} INFO - ✅ Sale 18: Clavier mecanique - 150.0€
[2025-12-15T06:10:49.526+0000] {logging_mixin.py:190} INFO - ✅ Sale 19: Livre Data Science - 39.98€
[2025-12-15T06:10:49.728+0000] {logging_mixin.py:190} INFO - ✅ Sale 20: Ordinateur portable - 2699.97€
[2025-12-15T06:10:49.931+0000] {logging_mixin.py:190} INFO - ✅ Sale 21: Casque audio - 119.98€
[2025-12-15T06:10:50.133+0000] {logging_mixin.py:190} INFO - ✅ Sale 22: Souris sans fil - 51.0€
[2025-12-15T06:10:50.334+0000] {logging_mixin.py:190} INFO - ✅ Sale 23: Clavier mecanique - 150.0€
[2025-12-15T06:10:50.536+0000] {logging_mixin.py:190} INFO - ✅ Sale 24: Souris sans fil - 51.0€
[2025-12-15T06:10:50.738+0000] {logging_mixin.py:190} INFO - ✅ Sale 25: Ordinateur portable - 2699.97€
[2025-12-15T06:10:50.939+0000] {logging_mixin.py:190} INFO - ✅ Sale 26: Livre Data Science - 59.97€
[2025-12-15T06:10:51.143+0000] {logging_mixin.py:190} INFO - ✅ Sale 27: Ordinateur portable - 899.99€
[2025-12-15T06:10:51.345+0000] {logging_mixin.py:190} INFO - ✅ Sale 28: Clavier mecanique - 75.0€
[2025-12-15T06:10:51.547+0000] {logging_mixin.py:190} INFO - ✅ Sale 29: Casque audio - 179.97€
[2025-12-15T06:10:51.750+0000] {logging_mixin.py:190} INFO - ✅ Sale 30: Clavier mecanique - 75.0€
[2025-12-15T06:10:51.952+0000] {logging_mixin.py:190} INFO - ✅ Sale 31: Souris sans fil - 51.0€
[2025-12-15T06:10:52.154+0000] {logging_mixin.py:190} INFO - ✅ Sale 32: Ordinateur portable - 899.99€
[2025-12-15T06:10:52.358+0000] {logging_mixin.py:190} INFO - ✅ Sale 33: Ordinateur portable - 1799.98€
[2025-12-15T06:10:52.559+0000] {logging_mixin.py:190} INFO - ✅ Sale 34: Ordinateur portable - 899.99€
[2025-12-15T06:10:52.761+0000] {logging_mixin.py:190} INFO - ✅ Sale 35: Souris sans fil - 51.0€
[2025-12-15T06:10:52.963+0000] {logging_mixin.py:190} INFO - ✅ Sale 36: Clavier mecanique - 150.0€
[2025-12-15T06:10:53.166+0000] {logging_mixin.py:190} INFO - ✅ Sale 37: Livre Data Science - 59.97€
[2025-12-15T06:10:53.368+0000] {logging_mixin.py:190} INFO - ✅ Sale 38: Clavier mecanique - 75.0€
[2025-12-15T06:10:53.571+0000] {logging_mixin.py:190} INFO - ✅ Sale 39: Ordinateur portable - 2699.97€
[2025-12-15T06:10:53.773+0000] {logging_mixin.py:190} INFO - ✅ Sale 40: Casque audio - 179.97€
[2025-12-15T06:10:53.975+0000] {logging_mixin.py:190} INFO - ✅ Sale 41: Clavier mecanique - 150.0€
[2025-12-15T06:10:54.177+0000] {logging_mixin.py:190} INFO - ✅ Sale 42: Livre Data Science - 19.99€
[2025-12-15T06:10:54.379+0000] {logging_mixin.py:190} INFO - ✅ Sale 43: Ordinateur portable - 899.99€
[2025-12-15T06:10:54.583+0000] {logging_mixin.py:190} INFO - ✅ Sale 44: Ordinateur portable - 1799.98€
[2025-12-15T06:10:54.785+0000] {logging_mixin.py:190} INFO - ✅ Sale 45: Souris sans fil - 25.5€
[2025-12-15T06:10:54.988+0000] {logging_mixin.py:190} INFO - ✅ Sale 46: Clavier mecanique - 75.0€
[2025-12-15T06:10:55.191+0000] {logging_mixin.py:190} INFO - ✅ Sale 47: Ordinateur portable - 899.99€
[2025-12-15T06:10:55.395+0000] {logging_mixin.py:190} INFO - ✅ Sale 48: Souris sans fil - 51.0€
[2025-12-15T06:10:55.597+0000] {logging_mixin.py:190} INFO - ✅ Sale 49: Souris sans fil - 76.5€
[2025-12-15T06:10:55.800+0000] {logging_mixin.py:190} INFO - ✅ Sale 50: Souris sans fil - 25.5€
[2025-12-15T06:10:56.003+0000] {kafka.py:629} INFO - <KafkaProducer client_id=kafka-python-producer-1 transactional_id=None>: Closing the Kafka producer with 9223372036.0 secs timeout.
[2025-12-15T06:10:56.005+0000] {conn.py:945} INFO - <BrokerConnection client_id=kafka-python-producer-1, node_id=1 host=broker1:19092 <connected> [IPv4 ('172.18.0.8', 19092)]>: Closing connection. 
[2025-12-15T06:10:56.006+0000] {logging_mixin.py:190} INFO - ✅ Production completed: 50 sales sent to Kafka topic 'ventes_stream'
[2025-12-15T06:10:56.007+0000] {python.py:240} INFO - Done. Returned value was: None
[2025-12-15T06:10:56.024+0000] {taskinstance.py:341} INFO - ::group::Post task execution logs
[2025-12-15T06:10:56.025+0000] {taskinstance.py:353} INFO - Marking task as SUCCESS. dag_id=unified_sales_pipeline, task_id=produce_sales_data, run_id=manual__2025-12-14T01:32:21.136624+00:00, execution_date=20251214T013221, start_date=20251215T061045, end_date=20251215T061056
[2025-12-15T06:10:56.120+0000] {local_task_job_runner.py:266} INFO - Task exited with return code 0
[2025-12-15T06:10:56.200+0000] {taskinstance.py:3901} INFO - 1 downstream tasks scheduled from follow-on schedule check
[2025-12-15T06:10:56.204+0000] {local_task_job_runner.py:245} INFO - ::endgroup::
