[2025-12-14T07:33:53.470+0000] {local_task_job_runner.py:123} INFO - ::group::Pre task execution logs
[2025-12-14T07:33:53.496+0000] {taskinstance.py:2614} INFO - Dependencies all met for dep_context=non-requeueable deps ti=<TaskInstance: unified_sales_pipeline.run_silver_processing manual__2025-12-14T07:33:07.683145+00:00 [queued]>
[2025-12-14T07:33:53.507+0000] {taskinstance.py:2614} INFO - Dependencies all met for dep_context=requeueable deps ti=<TaskInstance: unified_sales_pipeline.run_silver_processing manual__2025-12-14T07:33:07.683145+00:00 [queued]>
[2025-12-14T07:33:53.508+0000] {taskinstance.py:2867} INFO - Starting attempt 1 of 2
[2025-12-14T07:33:53.523+0000] {taskinstance.py:2890} INFO - Executing <Task(PythonOperator): run_silver_processing> on 2025-12-14 07:33:07.683145+00:00
[2025-12-14T07:33:53.530+0000] {warnings.py:112} WARNING - /home/***/.local/lib/python3.12/site-packages/***/task/task_runner/standard_task_runner.py:70: DeprecationWarning: This process (pid=163) is multi-threaded, use of fork() may lead to deadlocks in the child.
  pid = os.fork()

[2025-12-14T07:33:53.532+0000] {standard_task_runner.py:72} INFO - Started process 164 to run task
[2025-12-14T07:33:53.533+0000] {standard_task_runner.py:104} INFO - Running: ['***', 'tasks', 'run', 'unified_sales_pipeline', 'run_silver_processing', 'manual__2025-12-14T07:33:07.683145+00:00', '--job-id', '79', '--raw', '--subdir', 'DAGS_FOLDER/unified_sales_pipeline_dag.py', '--cfg-path', '/tmp/tmp9aatu4rm']
[2025-12-14T07:33:53.534+0000] {standard_task_runner.py:105} INFO - Job 79: Subtask run_silver_processing
[2025-12-14T07:33:53.581+0000] {task_command.py:467} INFO - Running <TaskInstance: unified_sales_pipeline.run_silver_processing manual__2025-12-14T07:33:07.683145+00:00 [running]> on host 8010d11e18c5
[2025-12-14T07:33:53.675+0000] {taskinstance.py:3134} INFO - Exporting env vars: AIRFLOW_CTX_DAG_OWNER='***' AIRFLOW_CTX_DAG_ID='unified_sales_pipeline' AIRFLOW_CTX_TASK_ID='run_silver_processing' AIRFLOW_CTX_EXECUTION_DATE='2025-12-14T07:33:07.683145+00:00' AIRFLOW_CTX_TRY_NUMBER='1' AIRFLOW_CTX_DAG_RUN_ID='manual__2025-12-14T07:33:07.683145+00:00'
[2025-12-14T07:33:53.676+0000] {taskinstance.py:732} INFO - ::endgroup::
[2025-12-14T07:33:53.689+0000] {logging_mixin.py:190} INFO - 🚀 Submitting Silver Spark job: docker exec spark-master spark-submit --master spark://spark-master:7077 --jars /opt/spark/jars/delta-spark_2.12-3.2.0.jar,/opt/spark/jars/delta-storage-3.2.0.jar,/opt/spark/jars/spark-sql-kafka-0-10_2.12-3.5.0.jar,/opt/spark/jars/spark-token-provider-kafka-0-10_2.12-3.5.0.jar,/opt/spark/jars/kafka-clients-3.4.1.jar,/opt/spark/jars/commons-pool2-2.11.1.jar --conf spark.sql.extensions=io.delta.sql.DeltaSparkSessionExtension --conf spark.sql.catalog.spark_catalog=org.apache.spark.sql.delta.catalog.DeltaCatalog --conf spark.driver.memory=1g --conf spark.executor.memory=1g /app/dags/streaming_silver.py
[2025-12-14T07:34:13.194+0000] {logging_mixin.py:190} INFO - ✅ Silver Spark job completed successfully
[2025-12-14T07:34:13.195+0000] {logging_mixin.py:190} INFO - STDOUT: 25/12/14 07:33:55 WARN NativeCodeLoader: Unable to load native-hadoop library for your platform... using builtin-java classes where applicable
25/12/14 07:33:56 INFO SparkContext: Running Spark version 3.5.5
25/12/14 07:33:56 INFO SparkContext: OS info Linux, 5.15.167.4-microsoft-standard-WSL2, amd64
25/12/14 07:33:56 INFO SparkContext: Java version 17.0.14
25/12/14 07:33:56 INFO ResourceUtils: ==============================================================
25/12/14 07:33:56 INFO ResourceUtils: No custom resources configured for spark.driver.
25/12/14 07:33:56 INFO ResourceUtils: ==============================================================
25/12/14 07:33:56 INFO SparkContext: Submitted application: KafkaToDeltaBronze
25/12/14 07:33:56 INFO ResourceProfile: Default ResourceProfile created, executor resources: Map(memory -> name: memory, amount: 1024, script: , vendor: , offHeap -> name: offHeap, amount: 0, script: , vendor: ), task resources: Map(cpus -> name: cpus, amount: 1.0)
25/12/14 07:33:56 INFO ResourceProfile: Limiting resource is cpu
25/12/14 07:33:56 INFO ResourceProfileManager: Added ResourceProfile id: 0
25/12/14 07:33:56 INFO SecurityManager: Changing view acls to: spark
25/12/14 07:33:56 INFO SecurityManager: Changing modify acls to: spark
25/12/14 07:33:56 INFO SecurityManager: Changing view acls groups to: 
25/12/14 07:33:56 INFO SecurityManager: Changing modify acls groups to: 
25/12/14 07:33:56 INFO SecurityManager: SecurityManager: authentication disabled; ui acls disabled; users with view permissions: spark; groups with view permissions: EMPTY; users with modify permissions: spark; groups with modify permissions: EMPTY
25/12/14 07:33:56 INFO Utils: Successfully started service 'sparkDriver' on port 45233.
25/12/14 07:33:56 INFO SparkEnv: Registering MapOutputTracker
25/12/14 07:33:56 INFO SparkEnv: Registering BlockManagerMaster
25/12/14 07:33:56 INFO BlockManagerMasterEndpoint: Using org.apache.spark.storage.DefaultTopologyMapper for getting topology information
25/12/14 07:33:56 INFO BlockManagerMasterEndpoint: BlockManagerMasterEndpoint up
25/12/14 07:33:56 INFO SparkEnv: Registering BlockManagerMasterHeartbeat
25/12/14 07:33:56 INFO DiskBlockManager: Created local directory at /tmp/blockmgr-dba8fac6-849a-486a-ae87-8b5b1a165941
25/12/14 07:33:56 INFO MemoryStore: MemoryStore started with capacity 434.4 MiB
25/12/14 07:33:56 INFO SparkEnv: Registering OutputCommitCoordinator
25/12/14 07:33:57 INFO log: Logging initialized @2921ms to org.sparkproject.jetty.util.log.Slf4jLog
25/12/14 07:33:57 INFO JettyUtils: Start Jetty 0.0.0.0:4040 for SparkUI
25/12/14 07:33:57 INFO Server: jetty-9.4.56.v20240826; built: 2024-08-26T17:15:05.868Z; git: ec6782ff5ead824dabdcf47fa98f90a4aedff401; jvm 17.0.14+7
25/12/14 07:33:57 INFO Server: Started @3014ms
25/12/14 07:33:57 INFO AbstractConnector: Started ServerConnector@dbf1de1{HTTP/1.1, (http/1.1)}{0.0.0.0:4040}
25/12/14 07:33:57 INFO Utils: Successfully started service 'SparkUI' on port 4040.
25/12/14 07:33:57 INFO ContextHandler: Started o.s.j.s.ServletContextHandler@39d1d8f0{/,null,AVAILABLE,@Spark}
25/12/14 07:33:57 INFO SparkContext: Added JAR file:///opt/spark/jars/delta-spark_2.12-3.2.0.jar at spark://spark-master:45233/jars/delta-spark_2.12-3.2.0.jar with timestamp 1765697636551
25/12/14 07:33:57 INFO SparkContext: Added JAR file:///opt/spark/jars/delta-storage-3.2.0.jar at spark://spark-master:45233/jars/delta-storage-3.2.0.jar with timestamp 1765697636551
25/12/14 07:33:57 INFO SparkContext: Added JAR file:///opt/spark/jars/spark-sql-kafka-0-10_2.12-3.5.0.jar at spark://spark-master:45233/jars/spark-sql-kafka-0-10_2.12-3.5.0.jar with timestamp 1765697636551
25/12/14 07:33:57 INFO SparkContext: Added JAR file:///opt/spark/jars/spark-token-provider-kafka-0-10_2.12-3.5.0.jar at spark://spark-master:45233/jars/spark-token-provider-kafka-0-10_2.12-3.5.0.jar with timestamp 1765697636551
25/12/14 07:33:57 INFO SparkContext: Added JAR file:///opt/spark/jars/kafka-clients-3.4.1.jar at spark://spark-master:45233/jars/kafka-clients-3.4.1.jar with timestamp 1765697636551
25/12/14 07:33:57 INFO SparkContext: Added JAR file:///opt/spark/jars/commons-pool2-2.11.1.jar at spark://spark-master:45233/jars/commons-pool2-2.11.1.jar with timestamp 1765697636551
25/12/14 07:33:57 INFO StandaloneAppClient$ClientEndpoint: Connecting to master spark://spark-master:7077...
25/12/14 07:33:57 INFO TransportClientFactory: Successfully created connection to spark-master/172.18.0.6:7077 after 18 ms (0 ms spent in bootstraps)
25/12/14 07:33:57 INFO StandaloneSchedulerBackend: Connected to Spark cluster with app ID app-20251214073357-0001
25/12/14 07:33:57 INFO StandaloneAppClient$ClientEndpoint: Executor added: app-20251214073357-0001/0 on worker-20251214072954-172.18.0.11-8881 (172.18.0.11:8881) with 2 core(s)
25/12/14 07:33:57 INFO StandaloneSchedulerBackend: Granted executor ID app-20251214073357-0001/0 on hostPort 172.18.0.11:8881 with 2 core(s), 1024.0 MiB RAM
25/12/14 07:33:57 INFO Utils: Successfully started service 'org.apache.spark.network.netty.NettyBlockTransferService' on port 41563.
25/12/14 07:33:57 INFO NettyBlockTransferService: Server created on spark-master:41563
25/12/14 07:33:57 INFO BlockManager: Using org.apache.spark.storage.RandomBlockReplicationPolicy for block replication policy
25/12/14 07:33:57 INFO BlockManagerMaster: Registering BlockManager BlockManagerId(driver, spark-master, 41563, None)
25/12/14 07:33:57 INFO BlockManagerMasterEndpoint: Registering block manager spark-master:41563 with 434.4 MiB RAM, BlockManagerId(driver, spark-master, 41563, None)
25/12/14 07:33:57 INFO BlockManagerMaster: Registered BlockManager BlockManagerId(driver, spark-master, 41563, None)
25/12/14 07:33:57 INFO BlockManager: Initialized BlockManager: BlockManagerId(driver, spark-master, 41563, None)
25/12/14 07:33:57 INFO StandaloneAppClient$ClientEndpoint: Executor updated: app-20251214073357-0001/0 is now RUNNING
25/12/14 07:33:57 INFO ContextHandler: Stopped o.s.j.s.ServletContextHandler@39d1d8f0{/,null,STOPPED,@Spark}
25/12/14 07:33:57 INFO ContextHandler: Started o.s.j.s.ServletContextHandler@1d0b3de3{/jobs,null,AVAILABLE,@Spark}
25/12/14 07:33:57 INFO ContextHandler: Started o.s.j.s.ServletContextHandler@686afe39{/jobs/json,null,AVAILABLE,@Spark}
25/12/14 07:33:57 INFO ContextHandler: Started o.s.j.s.ServletContextHandler@682adcb3{/jobs/job,null,AVAILABLE,@Spark}
25/12/14 07:33:57 INFO ContextHandler: Started o.s.j.s.ServletContextHandler@2aad4c53{/jobs/job/json,null,AVAILABLE,@Spark}
25/12/14 07:33:57 INFO ContextHandler: Started o.s.j.s.ServletContextHandler@30ac04e4{/stages,null,AVAILABLE,@Spark}
25/12/14 07:33:57 INFO ContextHandler: Started o.s.j.s.ServletContextHandler@186387f3{/stages/json,null,AVAILABLE,@Spark}
25/12/14 07:33:57 INFO ContextHandler: Started o.s.j.s.ServletContextHandler@1f104f97{/stages/stage,null,AVAILABLE,@Spark}
25/12/14 07:33:57 INFO ContextHandler: Started o.s.j.s.ServletContextHandler@5987bf86{/stages/stage/json,null,AVAILABLE,@Spark}
25/12/14 07:33:57 INFO ContextHandler: Started o.s.j.s.ServletContextHandler@b4e453d{/stages/pool,null,AVAILABLE,@Spark}
25/12/14 07:33:57 INFO ContextHandler: Started o.s.j.s.ServletContextHandler@6606d8a5{/stages/pool/json,null,AVAILABLE,@Spark}
25/12/14 07:33:57 INFO ContextHandler: Started o.s.j.s.ServletContextHandler@77ab58b5{/storage,null,AVAILABLE,@Spark}
25/12/14 07:33:57 INFO ContextHandler: Started o.s.j.s.ServletContextHandler@6c0dd83d{/storage/json,null,AVAILABLE,@Spark}
25/12/14 07:33:57 INFO ContextHandler: Started o.s.j.s.ServletContextHandler@6346f341{/storage/rdd,null,AVAILABLE,@Spark}
25/12/14 07:33:57 INFO ContextHandler: Started o.s.j.s.ServletContextHandler@2abadb65{/storage/rdd/json,null,AVAILABLE,@Spark}
25/12/14 07:33:57 INFO ContextHandler: Started o.s.j.s.ServletContextHandler@1bf417e7{/environment,null,AVAILABLE,@Spark}
25/12/14 07:33:57 INFO ContextHandler: Started o.s.j.s.ServletContextHandler@6e87e1b8{/environment/json,null,AVAILABLE,@Spark}
25/12/14 07:33:57 INFO ContextHandler: Started o.s.j.s.ServletContextHandler@7b688828{/executors,null,AVAILABLE,@Spark}
25/12/14 07:33:57 INFO ContextHandler: Started o.s.j.s.ServletContextHandler@6b63b36f{/executors/json,null,AVAILABLE,@Spark}
25/12/14 07:33:57 INFO ContextHandler: Started o.s.j.s.ServletContextHandler@534d0177{/executors/threadDump,null,AVAILABLE,@Spark}
25/12/14 07:33:57 INFO ContextHandler: Started o.s.j.s.ServletContextHandler@5f7c7f32{/executors/threadDump/json,null,AVAILABLE,@Spark}
25/12/14 07:33:57 INFO ContextHandler: Started o.s.j.s.ServletContextHandler@5781a81d{/executors/heapHistogram,null,AVAILABLE,@Spark}
25/12/14 07:33:57 INFO ContextHandler: Started o.s.j.s.ServletContextHandler@50bc6301{/executors/heapHistogram/json,null,AVAILABLE,@Spark}
25/12/14 07:33:57 INFO ContextHandler: Started o.s.j.s.ServletContextHandler@407676e{/static,null,AVAILABLE,@Spark}
25/12/14 07:33:57 INFO ContextHandler: Started o.s.j.s.ServletContextHandler@29af57e{/,null,AVAILABLE,@Spark}
25/12/14 07:33:57 INFO ContextHandler: Started o.s.j.s.ServletContextHandler@3970a8d7{/api,null,AVAILABLE,@Spark}
25/12/14 07:33:57 INFO ContextHandler: Started o.s.j.s.ServletContextHandler@64b0cdab{/jobs/job/kill,null,AVAILABLE,@Spark}
25/12/14 07:33:57 INFO ContextHandler: Started o.s.j.s.ServletContextHandler@5414123b{/stages/stage/kill,null,AVAILABLE,@Spark}
25/12/14 07:33:57 INFO ContextHandler: Started o.s.j.s.ServletContextHandler@53cfe2ce{/metrics/json,null,AVAILABLE,@Spark}
25/12/14 07:33:57 INFO StandaloneSchedulerBackend: SchedulerBackend is ready for scheduling beginning after reached minRegisteredResourcesRatio: 0.0
🚀 Starting Kafka to Delta Lake (Bronze Layer)...
✅ Connected to Kafka
25/12/14 07:34:00 WARN AdminClientConfig: These configurations '[key.deserializer, value.deserializer, enable.auto.commit, max.poll.records, auto.offset.reset]' were supplied but are not used yet.
📊 Found 50 messages in Kafka
25/12/14 07:34:08 WARN AdminClientConfig: These configurations '[key.deserializer, value.deserializer, enable.auto.commit, max.poll.records, auto.offset.reset]' were supplied but are not used yet.
✅ Successfully wrote 50 records to Bronze layer!

📋 Sample of first 5 records:
25/12/14 07:34:11 WARN AdminClientConfig: These configurations '[key.deserializer, value.deserializer, enable.auto.commit, max.poll.records, auto.offset.reset]' were supplied but are not used yet.
+--------+-----------+-------------------+-------+------+
|vente_id|client_nom |produit_nom        |montant|pays  |
+--------+-----------+-------------------+-------+------+
|2       |John Smith |Ordinateur portable|899.99 |UK    |
|5       |John Smith |Livre Data Science |59.97  |UK    |
|8       |Jean Dupont|Casque audio       |59.99  |France|
|9       |Paolo Rossi|Livre Data Science |19.99  |Italie|
|17      |Jean Dupont|Ordinateur portable|899.99 |France|
+--------+-----------+-------------------+-------+------+
only showing top 5 rows

✅ Bronze processing completed successfully!
[2025-12-14T07:34:13.195+0000] {python.py:240} INFO - Done. Returned value was: True
[2025-12-14T07:34:13.217+0000] {taskinstance.py:341} INFO - ::group::Post task execution logs
[2025-12-14T07:34:13.217+0000] {taskinstance.py:353} INFO - Marking task as SUCCESS. dag_id=unified_sales_pipeline, task_id=run_silver_processing, run_id=manual__2025-12-14T07:33:07.683145+00:00, execution_date=20251214T073307, start_date=20251214T073353, end_date=20251214T073413
[2025-12-14T07:34:13.260+0000] {local_task_job_runner.py:266} INFO - Task exited with return code 0
[2025-12-14T07:34:13.285+0000] {taskinstance.py:3901} INFO - 1 downstream tasks scheduled from follow-on schedule check
[2025-12-14T07:34:13.288+0000] {local_task_job_runner.py:245} INFO - ::endgroup::
