[2025-12-14T07:57:44.006+0000] {local_task_job_runner.py:123} INFO - ::group::Pre task execution logs
[2025-12-14T07:57:44.026+0000] {taskinstance.py:2614} INFO - Dependencies all met for dep_context=non-requeueable deps ti=<TaskInstance: unified_sales_pipeline.run_bronze_processing manual__2025-12-14T07:57:29.789465+00:00 [queued]>
[2025-12-14T07:57:44.037+0000] {taskinstance.py:2614} INFO - Dependencies all met for dep_context=requeueable deps ti=<TaskInstance: unified_sales_pipeline.run_bronze_processing manual__2025-12-14T07:57:29.789465+00:00 [queued]>
[2025-12-14T07:57:44.038+0000] {taskinstance.py:2867} INFO - Starting attempt 1 of 2
[2025-12-14T07:57:44.054+0000] {taskinstance.py:2890} INFO - Executing <Task(PythonOperator): run_bronze_processing> on 2025-12-14 07:57:29.789465+00:00
[2025-12-14T07:57:44.061+0000] {warnings.py:112} WARNING - /home/***/.local/lib/python3.12/site-packages/***/task/task_runner/standard_task_runner.py:70: DeprecationWarning: This process (pid=518) is multi-threaded, use of fork() may lead to deadlocks in the child.
  pid = os.fork()

[2025-12-14T07:57:44.063+0000] {standard_task_runner.py:72} INFO - Started process 519 to run task
[2025-12-14T07:57:44.063+0000] {standard_task_runner.py:104} INFO - Running: ['***', 'tasks', 'run', 'unified_sales_pipeline', 'run_bronze_processing', 'manual__2025-12-14T07:57:29.789465+00:00', '--job-id', '91', '--raw', '--subdir', 'DAGS_FOLDER/unified_sales_pipeline_dag.py', '--cfg-path', '/tmp/tmpukqwhsa4']
[2025-12-14T07:57:44.064+0000] {standard_task_runner.py:105} INFO - Job 91: Subtask run_bronze_processing
[2025-12-14T07:57:44.106+0000] {task_command.py:467} INFO - Running <TaskInstance: unified_sales_pipeline.run_bronze_processing manual__2025-12-14T07:57:29.789465+00:00 [running]> on host 8010d11e18c5
[2025-12-14T07:57:44.182+0000] {taskinstance.py:3134} INFO - Exporting env vars: AIRFLOW_CTX_DAG_OWNER='***' AIRFLOW_CTX_DAG_ID='unified_sales_pipeline' AIRFLOW_CTX_TASK_ID='run_bronze_processing' AIRFLOW_CTX_EXECUTION_DATE='2025-12-14T07:57:29.789465+00:00' AIRFLOW_CTX_TRY_NUMBER='1' AIRFLOW_CTX_DAG_RUN_ID='manual__2025-12-14T07:57:29.789465+00:00'
[2025-12-14T07:57:44.183+0000] {taskinstance.py:732} INFO - ::endgroup::
[2025-12-14T07:57:44.193+0000] {logging_mixin.py:190} INFO - ðŸš€ Submitting Bronze Spark job: docker exec spark-master spark-submit --master spark://spark-master:7077 --jars /opt/spark/jars/delta-spark_2.12-3.2.0.jar,/opt/spark/jars/delta-storage-3.2.0.jar,/opt/spark/jars/spark-sql-kafka-0-10_2.12-3.5.0.jar,/opt/spark/jars/spark-token-provider-kafka-0-10_2.12-3.5.0.jar,/opt/spark/jars/kafka-clients-3.4.1.jar,/opt/spark/jars/commons-pool2-2.11.1.jar --conf spark.sql.extensions=io.delta.sql.DeltaSparkSessionExtension --conf spark.sql.catalog.spark_catalog=org.apache.spark.sql.delta.catalog.DeltaCatalog --conf spark.driver.memory=1g --conf spark.executor.memory=1g /app/dags/spark_streaming_delta.py
[2025-12-14T07:58:06.816+0000] {logging_mixin.py:190} INFO - ðŸ” Return code: 0
[2025-12-14T07:58:06.817+0000] {logging_mixin.py:190} INFO - STDOUT (first 1000 chars):
25/12/14 07:57:45 WARN NativeCodeLoader: Unable to load native-hadoop library for your platform... using builtin-java classes where applicable
25/12/14 07:57:46 INFO SparkContext: Running Spark version 3.5.5
25/12/14 07:57:46 INFO SparkContext: OS info Linux, 5.15.167.4-microsoft-standard-WSL2, amd64
25/12/14 07:57:46 INFO SparkContext: Java version 17.0.14
25/12/14 07:57:46 INFO ResourceUtils: ==============================================================
25/12/14 07:57:46 INFO ResourceUtils: No custom resources configured for spark.driver.
25/12/14 07:57:46 INFO ResourceUtils: ==============================================================
25/12/14 07:57:46 INFO SparkContext: Submitted application: KafkaToDeltaBronze
25/12/14 07:57:46 INFO ResourceProfile: Default ResourceProfile created, executor resources: Map(memory -> name: memory, amount: 1024, script: , vendor: , offHeap -> name: offHeap, amount: 0, script: , vendor: ), task resources: Map(cpus -> name: cpus, amount: 1.0)
25/12/
[2025-12-14T07:58:06.817+0000] {logging_mixin.py:190} INFO - âœ… Bronze Spark job completed successfully
[2025-12-14T07:58:06.818+0000] {python.py:240} INFO - Done. Returned value was: True
[2025-12-14T07:58:06.835+0000] {taskinstance.py:341} INFO - ::group::Post task execution logs
[2025-12-14T07:58:06.836+0000] {taskinstance.py:353} INFO - Marking task as SUCCESS. dag_id=unified_sales_pipeline, task_id=run_bronze_processing, run_id=manual__2025-12-14T07:57:29.789465+00:00, execution_date=20251214T075729, start_date=20251214T075744, end_date=20251214T075806
[2025-12-14T07:58:06.876+0000] {local_task_job_runner.py:266} INFO - Task exited with return code 0
[2025-12-14T07:58:06.901+0000] {taskinstance.py:3901} INFO - 1 downstream tasks scheduled from follow-on schedule check
[2025-12-14T07:58:06.904+0000] {local_task_job_runner.py:245} INFO - ::endgroup::
