[2025-12-16T02:12:26.710+0000] {local_task_job_runner.py:123} INFO - ::group::Pre task execution logs
[2025-12-16T02:12:26.729+0000] {taskinstance.py:2614} INFO - Dependencies all met for dep_context=non-requeueable deps ti=<TaskInstance: unified_sales_pipeline.produce_sales_data manual__2025-12-16T02:12:22.635382+00:00 [queued]>
[2025-12-16T02:12:26.737+0000] {taskinstance.py:2614} INFO - Dependencies all met for dep_context=requeueable deps ti=<TaskInstance: unified_sales_pipeline.produce_sales_data manual__2025-12-16T02:12:22.635382+00:00 [queued]>
[2025-12-16T02:12:26.738+0000] {taskinstance.py:2867} INFO - Starting attempt 1 of 2
[2025-12-16T02:12:26.750+0000] {taskinstance.py:2890} INFO - Executing <Task(PythonOperator): produce_sales_data> on 2025-12-16 02:12:22.635382+00:00
[2025-12-16T02:12:26.757+0000] {warnings.py:112} WARNING - /home/***/.local/lib/python3.12/site-packages/***/task/task_runner/standard_task_runner.py:70: DeprecationWarning: This process (pid=342) is multi-threaded, use of fork() may lead to deadlocks in the child.
  pid = os.fork()

[2025-12-16T02:12:26.758+0000] {standard_task_runner.py:72} INFO - Started process 343 to run task
[2025-12-16T02:12:26.758+0000] {standard_task_runner.py:104} INFO - Running: ['***', 'tasks', 'run', 'unified_sales_pipeline', 'produce_sales_data', 'manual__2025-12-16T02:12:22.635382+00:00', '--job-id', '41', '--raw', '--subdir', 'DAGS_FOLDER/unified_sales_pipeline_dag.py', '--cfg-path', '/tmp/tmp0k49qg92']
[2025-12-16T02:12:26.760+0000] {standard_task_runner.py:105} INFO - Job 41: Subtask produce_sales_data
[2025-12-16T02:12:26.798+0000] {task_command.py:467} INFO - Running <TaskInstance: unified_sales_pipeline.produce_sales_data manual__2025-12-16T02:12:22.635382+00:00 [running]> on host 4d0049057698
[2025-12-16T02:12:26.859+0000] {taskinstance.py:3134} INFO - Exporting env vars: AIRFLOW_CTX_DAG_OWNER='***' AIRFLOW_CTX_DAG_ID='unified_sales_pipeline' AIRFLOW_CTX_TASK_ID='produce_sales_data' AIRFLOW_CTX_EXECUTION_DATE='2025-12-16T02:12:22.635382+00:00' AIRFLOW_CTX_TRY_NUMBER='1' AIRFLOW_CTX_DAG_RUN_ID='manual__2025-12-16T02:12:22.635382+00:00'
[2025-12-16T02:12:26.860+0000] {taskinstance.py:732} INFO - ::endgroup::
[2025-12-16T02:12:26.873+0000] {conn.py:396} INFO - <BrokerConnection client_id=kafka-python-producer-1, node_id=bootstrap-1 host=broker3:19094 <connecting> [IPv4 ('172.18.0.7', 19094)]>: connecting to broker3:19094 [('172.18.0.7', 19094) IPv4]
[2025-12-16T02:12:26.876+0000] {conn.py:618} INFO - <BrokerConnection client_id=kafka-python-producer-1, node_id=bootstrap-1 host=broker3:19094 <checking_api_versions_recv> [IPv4 ('172.18.0.7', 19094)]>: Broker version identified as 2.6
[2025-12-16T02:12:26.877+0000] {conn.py:457} INFO - <BrokerConnection client_id=kafka-python-producer-1, node_id=bootstrap-1 host=broker3:19094 <connected> [IPv4 ('172.18.0.7', 19094)]>: Connection complete.
[2025-12-16T02:12:26.880+0000] {logging_mixin.py:190} INFO - 🚀 Starting Kafka producer...
[2025-12-16T02:12:26.983+0000] {conn.py:396} INFO - <BrokerConnection client_id=kafka-python-producer-1, node_id=1 host=broker1:19092 <connecting> [IPv4 ('172.18.0.4', 19092)]>: connecting to broker1:19092 [('172.18.0.4', 19092) IPv4]
[2025-12-16T02:12:26.984+0000] {conn.py:457} INFO - <BrokerConnection client_id=kafka-python-producer-1, node_id=1 host=broker1:19092 <connected> [IPv4 ('172.18.0.4', 19092)]>: Connection complete.
[2025-12-16T02:12:26.984+0000] {conn.py:945} INFO - <BrokerConnection client_id=kafka-python-producer-1, node_id=bootstrap-1 host=broker3:19094 <connected> [IPv4 ('172.18.0.7', 19094)]>: Closing connection. 
[2025-12-16T02:12:26.987+0000] {logging_mixin.py:190} INFO - ✅ Sale 1: Casque audio - 59.99€
[2025-12-16T02:12:27.189+0000] {logging_mixin.py:190} INFO - ✅ Sale 2: Souris sans fil - 51.0€
[2025-12-16T02:12:27.191+0000] {conn.py:396} INFO - <BrokerConnection client_id=kafka-python-producer-1, node_id=3 host=broker3:19094 <connecting> [IPv4 ('172.18.0.7', 19094)]>: connecting to broker3:19094 [('172.18.0.7', 19094) IPv4]
[2025-12-16T02:12:27.192+0000] {conn.py:457} INFO - <BrokerConnection client_id=kafka-python-producer-1, node_id=3 host=broker3:19094 <connected> [IPv4 ('172.18.0.7', 19094)]>: Connection complete.
[2025-12-16T02:12:27.390+0000] {logging_mixin.py:190} INFO - ✅ Sale 3: Souris sans fil - 51.0€
[2025-12-16T02:12:27.392+0000] {conn.py:396} INFO - <BrokerConnection client_id=kafka-python-producer-1, node_id=2 host=broker2:19093 <connecting> [IPv4 ('172.18.0.5', 19093)]>: connecting to broker2:19093 [('172.18.0.5', 19093) IPv4]
[2025-12-16T02:12:27.392+0000] {conn.py:457} INFO - <BrokerConnection client_id=kafka-python-producer-1, node_id=2 host=broker2:19093 <connected> [IPv4 ('172.18.0.5', 19093)]>: Connection complete.
[2025-12-16T02:12:27.592+0000] {logging_mixin.py:190} INFO - ✅ Sale 4: Ordinateur portable - 899.99€
[2025-12-16T02:12:27.793+0000] {logging_mixin.py:190} INFO - ✅ Sale 5: Casque audio - 59.99€
[2025-12-16T02:12:27.994+0000] {logging_mixin.py:190} INFO - ✅ Sale 6: Clavier mecanique - 75.0€
[2025-12-16T02:12:28.196+0000] {logging_mixin.py:190} INFO - ✅ Sale 7: Livre Data Science - 19.99€
[2025-12-16T02:12:28.397+0000] {logging_mixin.py:190} INFO - ✅ Sale 8: Clavier mecanique - 150.0€
[2025-12-16T02:12:28.599+0000] {logging_mixin.py:190} INFO - ✅ Sale 9: Casque audio - 179.97€
[2025-12-16T02:12:28.801+0000] {logging_mixin.py:190} INFO - ✅ Sale 10: Souris sans fil - 76.5€
[2025-12-16T02:12:29.002+0000] {logging_mixin.py:190} INFO - ✅ Sale 11: Souris sans fil - 25.5€
[2025-12-16T02:12:29.204+0000] {logging_mixin.py:190} INFO - ✅ Sale 12: Ordinateur portable - 1799.98€
[2025-12-16T02:12:29.405+0000] {logging_mixin.py:190} INFO - ✅ Sale 13: Clavier mecanique - 225.0€
[2025-12-16T02:12:29.607+0000] {logging_mixin.py:190} INFO - ✅ Sale 14: Ordinateur portable - 1799.98€
[2025-12-16T02:12:29.809+0000] {logging_mixin.py:190} INFO - ✅ Sale 15: Souris sans fil - 51.0€
[2025-12-16T02:12:30.011+0000] {logging_mixin.py:190} INFO - ✅ Sale 16: Clavier mecanique - 150.0€
[2025-12-16T02:12:30.212+0000] {logging_mixin.py:190} INFO - ✅ Sale 17: Casque audio - 179.97€
[2025-12-16T02:12:30.414+0000] {logging_mixin.py:190} INFO - ✅ Sale 18: Souris sans fil - 51.0€
[2025-12-16T02:12:30.616+0000] {logging_mixin.py:190} INFO - ✅ Sale 19: Ordinateur portable - 1799.98€
[2025-12-16T02:12:30.818+0000] {logging_mixin.py:190} INFO - ✅ Sale 20: Souris sans fil - 25.5€
[2025-12-16T02:12:31.020+0000] {logging_mixin.py:190} INFO - ✅ Sale 21: Souris sans fil - 51.0€
[2025-12-16T02:12:31.222+0000] {logging_mixin.py:190} INFO - ✅ Sale 22: Ordinateur portable - 1799.98€
[2025-12-16T02:12:31.423+0000] {logging_mixin.py:190} INFO - ✅ Sale 23: Souris sans fil - 51.0€
[2025-12-16T02:12:31.625+0000] {logging_mixin.py:190} INFO - ✅ Sale 24: Casque audio - 59.99€
[2025-12-16T02:12:31.826+0000] {logging_mixin.py:190} INFO - ✅ Sale 25: Livre Data Science - 39.98€
[2025-12-16T02:12:32.028+0000] {logging_mixin.py:190} INFO - ✅ Sale 26: Souris sans fil - 76.5€
[2025-12-16T02:12:32.230+0000] {logging_mixin.py:190} INFO - ✅ Sale 27: Souris sans fil - 25.5€
[2025-12-16T02:12:32.432+0000] {logging_mixin.py:190} INFO - ✅ Sale 28: Clavier mecanique - 150.0€
[2025-12-16T02:12:32.634+0000] {logging_mixin.py:190} INFO - ✅ Sale 29: Clavier mecanique - 150.0€
[2025-12-16T02:12:32.836+0000] {logging_mixin.py:190} INFO - ✅ Sale 30: Souris sans fil - 76.5€
[2025-12-16T02:12:33.037+0000] {logging_mixin.py:190} INFO - ✅ Sale 31: Casque audio - 59.99€
[2025-12-16T02:12:33.239+0000] {logging_mixin.py:190} INFO - ✅ Sale 32: Ordinateur portable - 1799.98€
[2025-12-16T02:12:33.441+0000] {logging_mixin.py:190} INFO - ✅ Sale 33: Ordinateur portable - 2699.97€
[2025-12-16T02:12:33.642+0000] {logging_mixin.py:190} INFO - ✅ Sale 34: Clavier mecanique - 75.0€
[2025-12-16T02:12:33.844+0000] {logging_mixin.py:190} INFO - ✅ Sale 35: Ordinateur portable - 899.99€
[2025-12-16T02:12:34.046+0000] {logging_mixin.py:190} INFO - ✅ Sale 36: Casque audio - 59.99€
[2025-12-16T02:12:34.249+0000] {logging_mixin.py:190} INFO - ✅ Sale 37: Souris sans fil - 25.5€
[2025-12-16T02:12:34.450+0000] {logging_mixin.py:190} INFO - ✅ Sale 38: Casque audio - 119.98€
[2025-12-16T02:12:34.652+0000] {logging_mixin.py:190} INFO - ✅ Sale 39: Souris sans fil - 76.5€
[2025-12-16T02:12:34.853+0000] {logging_mixin.py:190} INFO - ✅ Sale 40: Souris sans fil - 51.0€
[2025-12-16T02:12:35.055+0000] {logging_mixin.py:190} INFO - ✅ Sale 41: Casque audio - 179.97€
[2025-12-16T02:12:35.256+0000] {logging_mixin.py:190} INFO - ✅ Sale 42: Clavier mecanique - 225.0€
[2025-12-16T02:12:35.458+0000] {logging_mixin.py:190} INFO - ✅ Sale 43: Livre Data Science - 59.97€
[2025-12-16T02:12:35.660+0000] {logging_mixin.py:190} INFO - ✅ Sale 44: Casque audio - 119.98€
[2025-12-16T02:12:35.862+0000] {logging_mixin.py:190} INFO - ✅ Sale 45: Livre Data Science - 59.97€
[2025-12-16T02:12:36.063+0000] {logging_mixin.py:190} INFO - ✅ Sale 46: Souris sans fil - 76.5€
[2025-12-16T02:12:36.265+0000] {logging_mixin.py:190} INFO - ✅ Sale 47: Clavier mecanique - 150.0€
[2025-12-16T02:12:36.467+0000] {logging_mixin.py:190} INFO - ✅ Sale 48: Souris sans fil - 76.5€
[2025-12-16T02:12:36.668+0000] {logging_mixin.py:190} INFO - ✅ Sale 49: Casque audio - 59.99€
[2025-12-16T02:12:36.870+0000] {logging_mixin.py:190} INFO - ✅ Sale 50: Clavier mecanique - 150.0€
[2025-12-16T02:12:37.071+0000] {kafka.py:629} INFO - <KafkaProducer client_id=kafka-python-producer-1 transactional_id=None>: Closing the Kafka producer with 9223372036.0 secs timeout.
[2025-12-16T02:12:37.072+0000] {conn.py:945} INFO - <BrokerConnection client_id=kafka-python-producer-1, node_id=1 host=broker1:19092 <connected> [IPv4 ('172.18.0.4', 19092)]>: Closing connection. 
[2025-12-16T02:12:37.073+0000] {conn.py:945} INFO - <BrokerConnection client_id=kafka-python-producer-1, node_id=3 host=broker3:19094 <connected> [IPv4 ('172.18.0.7', 19094)]>: Closing connection. 
[2025-12-16T02:12:37.073+0000] {conn.py:945} INFO - <BrokerConnection client_id=kafka-python-producer-1, node_id=2 host=broker2:19093 <connected> [IPv4 ('172.18.0.5', 19093)]>: Closing connection. 
[2025-12-16T02:12:37.074+0000] {logging_mixin.py:190} INFO - ✅ Production completed: 50 sales sent to Kafka topic 'ventes_stream'
[2025-12-16T02:12:37.074+0000] {python.py:240} INFO - Done. Returned value was: None
[2025-12-16T02:12:37.082+0000] {taskinstance.py:341} INFO - ::group::Post task execution logs
[2025-12-16T02:12:37.083+0000] {taskinstance.py:353} INFO - Marking task as SUCCESS. dag_id=unified_sales_pipeline, task_id=produce_sales_data, run_id=manual__2025-12-16T02:12:22.635382+00:00, execution_date=20251216T021222, start_date=20251216T021226, end_date=20251216T021237
[2025-12-16T02:12:37.112+0000] {local_task_job_runner.py:266} INFO - Task exited with return code 0
[2025-12-16T02:12:37.135+0000] {taskinstance.py:3901} INFO - 1 downstream tasks scheduled from follow-on schedule check
[2025-12-16T02:12:37.138+0000] {local_task_job_runner.py:245} INFO - ::endgroup::
