[2025-12-15T06:02:51.175+0000] {local_task_job_runner.py:123} INFO - ::group::Pre task execution logs
[2025-12-15T06:02:51.199+0000] {taskinstance.py:2614} INFO - Dependencies all met for dep_context=non-requeueable deps ti=<TaskInstance: unified_sales_pipeline.check_infrastructure manual__2025-12-14T00:15:45.665373+00:00 [queued]>
[2025-12-15T06:02:51.211+0000] {taskinstance.py:2614} INFO - Dependencies all met for dep_context=requeueable deps ti=<TaskInstance: unified_sales_pipeline.check_infrastructure manual__2025-12-14T00:15:45.665373+00:00 [queued]>
[2025-12-15T06:02:51.212+0000] {taskinstance.py:2867} INFO - Starting attempt 2 of 3
[2025-12-15T06:02:51.227+0000] {taskinstance.py:2890} INFO - Executing <Task(PythonOperator): check_infrastructure> on 2025-12-14 00:15:45.665373+00:00
[2025-12-15T06:02:51.235+0000] {warnings.py:112} WARNING - /home/***/.local/lib/python3.12/site-packages/***/task/task_runner/standard_task_runner.py:70: DeprecationWarning: This process (pid=529) is multi-threaded, use of fork() may lead to deadlocks in the child.
  pid = os.fork()

[2025-12-15T06:02:51.237+0000] {standard_task_runner.py:72} INFO - Started process 530 to run task
[2025-12-15T06:02:51.237+0000] {standard_task_runner.py:104} INFO - Running: ['***', 'tasks', 'run', 'unified_sales_pipeline', 'check_infrastructure', 'manual__2025-12-14T00:15:45.665373+00:00', '--job-id', '132', '--raw', '--subdir', 'DAGS_FOLDER/unified_sales_pipeline_dag.py', '--cfg-path', '/tmp/tmpv09_5zfo']
[2025-12-15T06:02:51.239+0000] {standard_task_runner.py:105} INFO - Job 132: Subtask check_infrastructure
[2025-12-15T06:02:51.287+0000] {task_command.py:467} INFO - Running <TaskInstance: unified_sales_pipeline.check_infrastructure manual__2025-12-14T00:15:45.665373+00:00 [running]> on host f7434449c2ca
[2025-12-15T06:02:51.367+0000] {taskinstance.py:3134} INFO - Exporting env vars: AIRFLOW_CTX_DAG_OWNER='***' AIRFLOW_CTX_DAG_ID='unified_sales_pipeline' AIRFLOW_CTX_TASK_ID='check_infrastructure' AIRFLOW_CTX_EXECUTION_DATE='2025-12-14T00:15:45.665373+00:00' AIRFLOW_CTX_TRY_NUMBER='2' AIRFLOW_CTX_DAG_RUN_ID='manual__2025-12-14T00:15:45.665373+00:00'
[2025-12-15T06:02:51.368+0000] {taskinstance.py:732} INFO - ::endgroup::
[2025-12-15T06:02:51.382+0000] {logging_mixin.py:190} INFO - 🔍 Checking infrastructure...
[2025-12-15T06:02:51.385+0000] {conn.py:396} INFO - <BrokerConnection client_id=kafka-python-producer-1, node_id=bootstrap-2 host=broker1:19092 <connecting> [IPv4 ('172.18.0.8', 19092)]>: connecting to broker1:19092 [('172.18.0.8', 19092) IPv4]
[2025-12-15T06:02:51.393+0000] {conn.py:618} INFO - <BrokerConnection client_id=kafka-python-producer-1, node_id=bootstrap-2 host=broker1:19092 <checking_api_versions_recv> [IPv4 ('172.18.0.8', 19092)]>: Broker version identified as 2.6
[2025-12-15T06:02:51.393+0000] {conn.py:457} INFO - <BrokerConnection client_id=kafka-python-producer-1, node_id=bootstrap-2 host=broker1:19092 <connected> [IPv4 ('172.18.0.8', 19092)]>: Connection complete.
[2025-12-15T06:02:51.399+0000] {kafka.py:629} INFO - <KafkaProducer client_id=kafka-python-producer-1 transactional_id=None>: Closing the Kafka producer with 9223372036.0 secs timeout.
[2025-12-15T06:02:51.400+0000] {conn.py:945} INFO - <BrokerConnection client_id=kafka-python-producer-1, node_id=bootstrap-2 host=broker1:19092 <connected> [IPv4 ('172.18.0.8', 19092)]>: Closing connection. 
[2025-12-15T06:02:51.402+0000] {logging_mixin.py:190} INFO - ✅ Kafka brokers are reachable
[2025-12-15T06:02:51.639+0000] {logging_mixin.py:190} INFO - ✅ Spark master is reachable
[2025-12-15T06:02:51.640+0000] {logging_mixin.py:190} INFO - ✅ All infrastructure services are ready
[2025-12-15T06:02:51.640+0000] {python.py:240} INFO - Done. Returned value was: None
[2025-12-15T06:02:51.653+0000] {taskinstance.py:341} INFO - ::group::Post task execution logs
[2025-12-15T06:02:51.654+0000] {taskinstance.py:353} INFO - Marking task as SUCCESS. dag_id=unified_sales_pipeline, task_id=check_infrastructure, run_id=manual__2025-12-14T00:15:45.665373+00:00, execution_date=20251214T001545, start_date=20251215T060251, end_date=20251215T060251
[2025-12-15T06:02:51.733+0000] {local_task_job_runner.py:266} INFO - Task exited with return code 0
[2025-12-15T06:02:51.772+0000] {taskinstance.py:3901} INFO - 0 downstream tasks scheduled from follow-on schedule check
[2025-12-15T06:02:51.775+0000] {local_task_job_runner.py:245} INFO - ::endgroup::
