[2025-12-15T06:07:29.187+0000] {local_task_job_runner.py:123} INFO - ::group::Pre task execution logs
[2025-12-15T06:07:29.208+0000] {taskinstance.py:2614} INFO - Dependencies all met for dep_context=non-requeueable deps ti=<TaskInstance: unified_sales_pipeline.optional_cleanup manual__2025-12-14T00:50:52.179096+00:00 [queued]>
[2025-12-15T06:07:29.217+0000] {taskinstance.py:2614} INFO - Dependencies all met for dep_context=requeueable deps ti=<TaskInstance: unified_sales_pipeline.optional_cleanup manual__2025-12-14T00:50:52.179096+00:00 [queued]>
[2025-12-15T06:07:29.219+0000] {taskinstance.py:2867} INFO - Starting attempt 1 of 2
[2025-12-15T06:07:29.233+0000] {taskinstance.py:2890} INFO - Executing <Task(PythonOperator): optional_cleanup> on 2025-12-14 00:50:52.179096+00:00
[2025-12-15T06:07:29.240+0000] {warnings.py:112} WARNING - /home/***/.local/lib/python3.12/site-packages/***/task/task_runner/standard_task_runner.py:70: DeprecationWarning: This process (pid=675) is multi-threaded, use of fork() may lead to deadlocks in the child.
  pid = os.fork()

[2025-12-15T06:07:29.242+0000] {standard_task_runner.py:72} INFO - Started process 676 to run task
[2025-12-15T06:07:29.242+0000] {standard_task_runner.py:104} INFO - Running: ['***', 'tasks', 'run', 'unified_sales_pipeline', 'optional_cleanup', 'manual__2025-12-14T00:50:52.179096+00:00', '--job-id', '145', '--raw', '--subdir', 'DAGS_FOLDER/unified_sales_pipeline_dag.py', '--cfg-path', '/tmp/tmp94vl0q7k']
[2025-12-15T06:07:29.243+0000] {standard_task_runner.py:105} INFO - Job 145: Subtask optional_cleanup
[2025-12-15T06:07:29.289+0000] {task_command.py:467} INFO - Running <TaskInstance: unified_sales_pipeline.optional_cleanup manual__2025-12-14T00:50:52.179096+00:00 [running]> on host f7434449c2ca
[2025-12-15T06:07:29.380+0000] {taskinstance.py:3134} INFO - Exporting env vars: AIRFLOW_CTX_DAG_OWNER='***' AIRFLOW_CTX_DAG_ID='unified_sales_pipeline' AIRFLOW_CTX_TASK_ID='optional_cleanup' AIRFLOW_CTX_EXECUTION_DATE='2025-12-14T00:50:52.179096+00:00' AIRFLOW_CTX_TRY_NUMBER='1' AIRFLOW_CTX_DAG_RUN_ID='manual__2025-12-14T00:50:52.179096+00:00'
[2025-12-15T06:07:29.382+0000] {taskinstance.py:732} INFO - ::endgroup::
[2025-12-15T06:07:29.446+0000] {logging_mixin.py:190} INFO - ⚠️  Cleanup warning: [Errno 13] Permission denied: '/tmp/delta/bronze/ventes_stream/_delta_log'
[2025-12-15T06:07:29.447+0000] {python.py:240} INFO - Done. Returned value was: None
[2025-12-15T06:07:29.459+0000] {taskinstance.py:341} INFO - ::group::Post task execution logs
[2025-12-15T06:07:29.460+0000] {taskinstance.py:353} INFO - Marking task as SUCCESS. dag_id=unified_sales_pipeline, task_id=optional_cleanup, run_id=manual__2025-12-14T00:50:52.179096+00:00, execution_date=20251214T005052, start_date=20251215T060729, end_date=20251215T060729
[2025-12-15T06:07:29.539+0000] {local_task_job_runner.py:266} INFO - Task exited with return code 0
[2025-12-15T06:07:29.568+0000] {taskinstance.py:3901} INFO - 0 downstream tasks scheduled from follow-on schedule check
[2025-12-15T06:07:29.571+0000] {local_task_job_runner.py:245} INFO - ::endgroup::
