[2025-11-23T06:28:42.848+0000] {local_task_job_runner.py:123} INFO - ::group::Pre task execution logs
[2025-11-23T06:28:42.880+0000] {taskinstance.py:2614} INFO - Dependencies all met for dep_context=non-requeueable deps ti=<TaskInstance: sales_streaming_pipeline.trigger_silver_processing manual__2025-11-23T05:04:27.908383+00:00 [queued]>
[2025-11-23T06:28:42.888+0000] {taskinstance.py:2614} INFO - Dependencies all met for dep_context=requeueable deps ti=<TaskInstance: sales_streaming_pipeline.trigger_silver_processing manual__2025-11-23T05:04:27.908383+00:00 [queued]>
[2025-11-23T06:28:42.889+0000] {taskinstance.py:2867} INFO - Starting attempt 1 of 2
[2025-11-23T06:28:42.900+0000] {taskinstance.py:2890} INFO - Executing <Task(TriggerDagRunOperator): trigger_silver_processing> on 2025-11-23 05:04:27.908383+00:00
[2025-11-23T06:28:42.906+0000] {warnings.py:112} WARNING - /home/***/.local/lib/python3.12/site-packages/***/task/task_runner/standard_task_runner.py:70: DeprecationWarning: This process (pid=44) is multi-threaded, use of fork() may lead to deadlocks in the child.
  pid = os.fork()

[2025-11-23T06:28:42.908+0000] {standard_task_runner.py:72} INFO - Started process 48 to run task
[2025-11-23T06:28:42.908+0000] {standard_task_runner.py:104} INFO - Running: ['***', 'tasks', 'run', 'sales_streaming_pipeline', 'trigger_silver_processing', 'manual__2025-11-23T05:04:27.908383+00:00', '--job-id', '27', '--raw', '--subdir', 'DAGS_FOLDER/master_orchestrator_dag.py', '--cfg-path', '/tmp/tmpie6m3yi8']
[2025-11-23T06:28:42.909+0000] {standard_task_runner.py:105} INFO - Job 27: Subtask trigger_silver_processing
[2025-11-23T06:28:42.955+0000] {task_command.py:467} INFO - Running <TaskInstance: sales_streaming_pipeline.trigger_silver_processing manual__2025-11-23T05:04:27.908383+00:00 [running]> on host e6f37c555da0
[2025-11-23T06:28:43.022+0000] {taskinstance.py:3134} INFO - Exporting env vars: AIRFLOW_CTX_DAG_OWNER='***' AIRFLOW_CTX_DAG_ID='sales_streaming_pipeline' AIRFLOW_CTX_TASK_ID='trigger_silver_processing' AIRFLOW_CTX_EXECUTION_DATE='2025-11-23T05:04:27.908383+00:00' AIRFLOW_CTX_TRY_NUMBER='1' AIRFLOW_CTX_DAG_RUN_ID='manual__2025-11-23T05:04:27.908383+00:00'
[2025-11-23T06:28:43.023+0000] {taskinstance.py:732} INFO - ::endgroup::
[2025-11-23T06:28:43.093+0000] {trigger_dagrun.py:257} INFO - Waiting for silver_layer_processing on 2025-11-23 06:28:43.036473+00:00 to become allowed state ['success'] ...
[2025-11-23T06:29:43.105+0000] {trigger_dagrun.py:257} INFO - Waiting for silver_layer_processing on 2025-11-23 06:28:43.036473+00:00 to become allowed state ['success'] ...
[2025-11-23T06:30:43.111+0000] {trigger_dagrun.py:257} INFO - Waiting for silver_layer_processing on 2025-11-23 06:28:43.036473+00:00 to become allowed state ['success'] ...
[2025-11-23T06:31:43.117+0000] {trigger_dagrun.py:257} INFO - Waiting for silver_layer_processing on 2025-11-23 06:28:43.036473+00:00 to become allowed state ['success'] ...
[2025-11-23T06:32:43.129+0000] {trigger_dagrun.py:257} INFO - Waiting for silver_layer_processing on 2025-11-23 06:28:43.036473+00:00 to become allowed state ['success'] ...
[2025-11-23T06:33:43.144+0000] {trigger_dagrun.py:257} INFO - Waiting for silver_layer_processing on 2025-11-23 06:28:43.036473+00:00 to become allowed state ['success'] ...
[2025-11-23T06:34:43.164+0000] {trigger_dagrun.py:257} INFO - Waiting for silver_layer_processing on 2025-11-23 06:28:43.036473+00:00 to become allowed state ['success'] ...
[2025-11-23T06:35:43.181+0000] {taskinstance.py:3313} ERROR - Task failed with exception
Traceback (most recent call last):
  File "/home/airflow/.local/lib/python3.12/site-packages/airflow/models/taskinstance.py", line 768, in _execute_task
    result = _execute_callable(context=context, **execute_callable_kwargs)
             ^^^^^^^^^^^^^^^^^^^^^^^^^^^^^^^^^^^^^^^^^^^^^^^^^^^^^^^^^^^^^
  File "/home/airflow/.local/lib/python3.12/site-packages/airflow/models/taskinstance.py", line 734, in _execute_callable
    return ExecutionCallableRunner(
           ^^^^^^^^^^^^^^^^^^^^^^^^
  File "/home/airflow/.local/lib/python3.12/site-packages/airflow/utils/operator_helpers.py", line 252, in run
    return self.func(*args, **kwargs)
           ^^^^^^^^^^^^^^^^^^^^^^^^^^
  File "/home/airflow/.local/lib/python3.12/site-packages/airflow/models/baseoperator.py", line 424, in wrapper
    return func(self, *args, **kwargs)
           ^^^^^^^^^^^^^^^^^^^^^^^^^^^
  File "/home/airflow/.local/lib/python3.12/site-packages/airflow/operators/trigger_dagrun.py", line 269, in execute
    raise AirflowException(f"{self.trigger_dag_id} failed with failed states {state}")
airflow.exceptions.AirflowException: silver_layer_processing failed with failed states failed
[2025-11-23T06:35:43.188+0000] {taskinstance.py:1226} INFO - Marking task as UP_FOR_RETRY. dag_id=sales_streaming_pipeline, task_id=trigger_silver_processing, run_id=manual__2025-11-23T05:04:27.908383+00:00, execution_date=20251123T050427, start_date=20251123T062842, end_date=20251123T063543
[2025-11-23T06:35:43.214+0000] {taskinstance.py:341} INFO - ::group::Post task execution logs
[2025-11-23T06:35:43.215+0000] {standard_task_runner.py:124} ERROR - Failed to execute job 27 for task trigger_silver_processing (silver_layer_processing failed with failed states failed; 48)
Traceback (most recent call last):
  File "/home/airflow/.local/lib/python3.12/site-packages/airflow/task/task_runner/standard_task_runner.py", line 117, in _start_by_fork
    ret = args.func(args, dag=self.dag)
          ^^^^^^^^^^^^^^^^^^^^^^^^^^^^^
  File "/home/airflow/.local/lib/python3.12/site-packages/airflow/cli/cli_config.py", line 49, in command
    return func(*args, **kwargs)
           ^^^^^^^^^^^^^^^^^^^^^
  File "/home/airflow/.local/lib/python3.12/site-packages/airflow/utils/cli.py", line 116, in wrapper
    return f(*args, **kwargs)
           ^^^^^^^^^^^^^^^^^^
  File "/home/airflow/.local/lib/python3.12/site-packages/airflow/cli/commands/task_command.py", line 483, in task_run
    task_return_code = _run_task_by_selected_method(args, _dag, ti)
                       ^^^^^^^^^^^^^^^^^^^^^^^^^^^^^^^^^^^^^^^^^^^^
  File "/home/airflow/.local/lib/python3.12/site-packages/airflow/cli/commands/task_command.py", line 256, in _run_task_by_selected_method
    return _run_raw_task(args, ti)
           ^^^^^^^^^^^^^^^^^^^^^^^
  File "/home/airflow/.local/lib/python3.12/site-packages/airflow/cli/commands/task_command.py", line 341, in _run_raw_task
    return ti._run_raw_task(
           ^^^^^^^^^^^^^^^^^
  File "/home/airflow/.local/lib/python3.12/site-packages/airflow/utils/session.py", line 97, in wrapper
    return func(*args, session=session, **kwargs)
           ^^^^^^^^^^^^^^^^^^^^^^^^^^^^^^^^^^^^^^
  File "/home/airflow/.local/lib/python3.12/site-packages/airflow/models/taskinstance.py", line 3006, in _run_raw_task
    return _run_raw_task(
           ^^^^^^^^^^^^^^
  File "/home/airflow/.local/lib/python3.12/site-packages/airflow/models/taskinstance.py", line 274, in _run_raw_task
    TaskInstance._execute_task_with_callbacks(
  File "/home/airflow/.local/lib/python3.12/site-packages/airflow/models/taskinstance.py", line 3161, in _execute_task_with_callbacks
    result = self._execute_task(context, task_orig)
             ^^^^^^^^^^^^^^^^^^^^^^^^^^^^^^^^^^^^^^
  File "/home/airflow/.local/lib/python3.12/site-packages/airflow/models/taskinstance.py", line 3185, in _execute_task
    return _execute_task(self, context, task_orig)
           ^^^^^^^^^^^^^^^^^^^^^^^^^^^^^^^^^^^^^^^
  File "/home/airflow/.local/lib/python3.12/site-packages/airflow/models/taskinstance.py", line 768, in _execute_task
    result = _execute_callable(context=context, **execute_callable_kwargs)
             ^^^^^^^^^^^^^^^^^^^^^^^^^^^^^^^^^^^^^^^^^^^^^^^^^^^^^^^^^^^^^
  File "/home/airflow/.local/lib/python3.12/site-packages/airflow/models/taskinstance.py", line 734, in _execute_callable
    return ExecutionCallableRunner(
           ^^^^^^^^^^^^^^^^^^^^^^^^
  File "/home/airflow/.local/lib/python3.12/site-packages/airflow/utils/operator_helpers.py", line 252, in run
    return self.func(*args, **kwargs)
           ^^^^^^^^^^^^^^^^^^^^^^^^^^
  File "/home/airflow/.local/lib/python3.12/site-packages/airflow/models/baseoperator.py", line 424, in wrapper
    return func(self, *args, **kwargs)
           ^^^^^^^^^^^^^^^^^^^^^^^^^^^
  File "/home/airflow/.local/lib/python3.12/site-packages/airflow/operators/trigger_dagrun.py", line 269, in execute
    raise AirflowException(f"{self.trigger_dag_id} failed with failed states {state}")
airflow.exceptions.AirflowException: silver_layer_processing failed with failed states failed
[2025-11-23T06:35:43.223+0000] {local_task_job_runner.py:266} INFO - Task exited with return code 1
[2025-11-23T06:35:43.244+0000] {taskinstance.py:3901} INFO - 0 downstream tasks scheduled from follow-on schedule check
[2025-11-23T06:35:43.248+0000] {local_task_job_runner.py:245} INFO - ::endgroup::
