[2025-11-23T06:45:21.363+0000] {local_task_job_runner.py:123} INFO - ::group::Pre task execution logs
[2025-11-23T06:45:21.383+0000] {taskinstance.py:2614} INFO - Dependencies all met for dep_context=non-requeueable deps ti=<TaskInstance: sales_streaming_pipeline.trigger_silver_processing manual__2025-11-23T05:04:27.908383+00:00 [queued]>
[2025-11-23T06:45:21.392+0000] {taskinstance.py:2614} INFO - Dependencies all met for dep_context=requeueable deps ti=<TaskInstance: sales_streaming_pipeline.trigger_silver_processing manual__2025-11-23T05:04:27.908383+00:00 [queued]>
[2025-11-23T06:45:21.393+0000] {taskinstance.py:2867} INFO - Starting attempt 2 of 2
[2025-11-23T06:45:21.404+0000] {taskinstance.py:2890} INFO - Executing <Task(TriggerDagRunOperator): trigger_silver_processing> on 2025-11-23 05:04:27.908383+00:00
[2025-11-23T06:45:21.409+0000] {warnings.py:112} WARNING - /home/***/.local/lib/python3.12/site-packages/***/task/task_runner/standard_task_runner.py:70: DeprecationWarning: This process (pid=77) is multi-threaded, use of fork() may lead to deadlocks in the child.
  pid = os.fork()

[2025-11-23T06:45:21.411+0000] {standard_task_runner.py:72} INFO - Started process 79 to run task
[2025-11-23T06:45:21.411+0000] {standard_task_runner.py:104} INFO - Running: ['***', 'tasks', 'run', 'sales_streaming_pipeline', 'trigger_silver_processing', 'manual__2025-11-23T05:04:27.908383+00:00', '--job-id', '45', '--raw', '--subdir', 'DAGS_FOLDER/master_orchestrator_dag.py', '--cfg-path', '/tmp/tmp28gq_fa2']
[2025-11-23T06:45:21.412+0000] {standard_task_runner.py:105} INFO - Job 45: Subtask trigger_silver_processing
[2025-11-23T06:45:21.453+0000] {task_command.py:467} INFO - Running <TaskInstance: sales_streaming_pipeline.trigger_silver_processing manual__2025-11-23T05:04:27.908383+00:00 [running]> on host a4fdedaef2ff
[2025-11-23T06:45:21.521+0000] {taskinstance.py:3134} INFO - Exporting env vars: AIRFLOW_CTX_DAG_OWNER='***' AIRFLOW_CTX_DAG_ID='sales_streaming_pipeline' AIRFLOW_CTX_TASK_ID='trigger_silver_processing' AIRFLOW_CTX_EXECUTION_DATE='2025-11-23T05:04:27.908383+00:00' AIRFLOW_CTX_TRY_NUMBER='2' AIRFLOW_CTX_DAG_RUN_ID='manual__2025-11-23T05:04:27.908383+00:00'
[2025-11-23T06:45:21.522+0000] {taskinstance.py:732} INFO - ::endgroup::
[2025-11-23T06:45:21.600+0000] {trigger_dagrun.py:257} INFO - Waiting for silver_layer_processing on 2025-11-23 06:45:21.533325+00:00 to become allowed state ['success'] ...
[2025-11-23T06:46:21.611+0000] {trigger_dagrun.py:257} INFO - Waiting for silver_layer_processing on 2025-11-23 06:45:21.533325+00:00 to become allowed state ['success'] ...
[2025-11-23T06:47:21.616+0000] {trigger_dagrun.py:257} INFO - Waiting for silver_layer_processing on 2025-11-23 06:45:21.533325+00:00 to become allowed state ['success'] ...
[2025-11-23T06:48:21.619+0000] {trigger_dagrun.py:257} INFO - Waiting for silver_layer_processing on 2025-11-23 06:45:21.533325+00:00 to become allowed state ['success'] ...
[2025-11-23T06:49:21.627+0000] {trigger_dagrun.py:257} INFO - Waiting for silver_layer_processing on 2025-11-23 06:45:21.533325+00:00 to become allowed state ['success'] ...
[2025-11-23T06:50:21.632+0000] {trigger_dagrun.py:257} INFO - Waiting for silver_layer_processing on 2025-11-23 06:45:21.533325+00:00 to become allowed state ['success'] ...
[2025-11-23T06:51:21.636+0000] {trigger_dagrun.py:257} INFO - Waiting for silver_layer_processing on 2025-11-23 06:45:21.533325+00:00 to become allowed state ['success'] ...
[2025-11-23T06:52:21.642+0000] {trigger_dagrun.py:257} INFO - Waiting for silver_layer_processing on 2025-11-23 06:45:21.533325+00:00 to become allowed state ['success'] ...
[2025-11-23T06:53:21.651+0000] {trigger_dagrun.py:257} INFO - Waiting for silver_layer_processing on 2025-11-23 06:45:21.533325+00:00 to become allowed state ['success'] ...
[2025-11-23T06:54:21.661+0000] {trigger_dagrun.py:257} INFO - Waiting for silver_layer_processing on 2025-11-23 06:45:21.533325+00:00 to become allowed state ['success'] ...
[2025-11-23T06:55:21.669+0000] {trigger_dagrun.py:257} INFO - Waiting for silver_layer_processing on 2025-11-23 06:45:21.533325+00:00 to become allowed state ['success'] ...
[2025-11-23T06:56:21.678+0000] {trigger_dagrun.py:257} INFO - Waiting for silver_layer_processing on 2025-11-23 06:45:21.533325+00:00 to become allowed state ['success'] ...
[2025-11-23T06:57:21.686+0000] {trigger_dagrun.py:257} INFO - Waiting for silver_layer_processing on 2025-11-23 06:45:21.533325+00:00 to become allowed state ['success'] ...
[2025-11-23T06:58:21.692+0000] {trigger_dagrun.py:257} INFO - Waiting for silver_layer_processing on 2025-11-23 06:45:21.533325+00:00 to become allowed state ['success'] ...
[2025-11-23T06:59:21.698+0000] {trigger_dagrun.py:257} INFO - Waiting for silver_layer_processing on 2025-11-23 06:45:21.533325+00:00 to become allowed state ['success'] ...
[2025-11-23T07:00:21.701+0000] {trigger_dagrun.py:257} INFO - Waiting for silver_layer_processing on 2025-11-23 06:45:21.533325+00:00 to become allowed state ['success'] ...
[2025-11-23T07:01:21.708+0000] {trigger_dagrun.py:257} INFO - Waiting for silver_layer_processing on 2025-11-23 06:45:21.533325+00:00 to become allowed state ['success'] ...
[2025-11-23T07:02:21.713+0000] {trigger_dagrun.py:257} INFO - Waiting for silver_layer_processing on 2025-11-23 06:45:21.533325+00:00 to become allowed state ['success'] ...
