[2025-11-23T07:09:53.715+0000] {local_task_job_runner.py:123} INFO - ::group::Pre task execution logs
[2025-11-23T07:09:53.731+0000] {taskinstance.py:2614} INFO - Dependencies all met for dep_context=non-requeueable deps ti=<TaskInstance: sales_streaming_pipeline.trigger_spark_streaming manual__2025-11-23T06:28:41.539020+00:00 [queued]>
[2025-11-23T07:09:53.742+0000] {taskinstance.py:2614} INFO - Dependencies all met for dep_context=requeueable deps ti=<TaskInstance: sales_streaming_pipeline.trigger_spark_streaming manual__2025-11-23T06:28:41.539020+00:00 [queued]>
[2025-11-23T07:09:53.742+0000] {taskinstance.py:2867} INFO - Starting attempt 2 of 2
[2025-11-23T07:09:53.755+0000] {taskinstance.py:2890} INFO - Executing <Task(TriggerDagRunOperator): trigger_spark_streaming> on 2025-11-23 06:28:41.539020+00:00
[2025-11-23T07:09:53.760+0000] {warnings.py:112} WARNING - /home/***/.local/lib/python3.12/site-packages/***/task/task_runner/standard_task_runner.py:70: DeprecationWarning: This process (pid=44) is multi-threaded, use of fork() may lead to deadlocks in the child.
  pid = os.fork()

[2025-11-23T07:09:53.761+0000] {standard_task_runner.py:72} INFO - Started process 45 to run task
[2025-11-23T07:09:53.762+0000] {standard_task_runner.py:104} INFO - Running: ['***', 'tasks', 'run', 'sales_streaming_pipeline', 'trigger_spark_streaming', 'manual__2025-11-23T06:28:41.539020+00:00', '--job-id', '53', '--raw', '--subdir', 'DAGS_FOLDER/master_orchestrator_dag.py', '--cfg-path', '/tmp/tmp1ie1yyt3']
[2025-11-23T07:09:53.762+0000] {standard_task_runner.py:105} INFO - Job 53: Subtask trigger_spark_streaming
[2025-11-23T07:09:53.802+0000] {task_command.py:467} INFO - Running <TaskInstance: sales_streaming_pipeline.trigger_spark_streaming manual__2025-11-23T06:28:41.539020+00:00 [running]> on host 3e2fc8be56fb
[2025-11-23T07:09:53.869+0000] {taskinstance.py:3134} INFO - Exporting env vars: AIRFLOW_CTX_DAG_OWNER='***' AIRFLOW_CTX_DAG_ID='sales_streaming_pipeline' AIRFLOW_CTX_TASK_ID='trigger_spark_streaming' AIRFLOW_CTX_EXECUTION_DATE='2025-11-23T06:28:41.539020+00:00' AIRFLOW_CTX_TRY_NUMBER='2' AIRFLOW_CTX_DAG_RUN_ID='manual__2025-11-23T06:28:41.539020+00:00'
[2025-11-23T07:09:53.870+0000] {taskinstance.py:732} INFO - ::endgroup::
[2025-11-23T07:09:53.958+0000] {trigger_dagrun.py:257} INFO - Waiting for spark_streaming_processor on 2025-11-23 07:09:53.895550+00:00 to become allowed state ['success'] ...
[2025-11-23T07:10:53.964+0000] {trigger_dagrun.py:257} INFO - Waiting for spark_streaming_processor on 2025-11-23 07:09:53.895550+00:00 to become allowed state ['success'] ...
[2025-11-23T07:11:53.968+0000] {trigger_dagrun.py:257} INFO - Waiting for spark_streaming_processor on 2025-11-23 07:09:53.895550+00:00 to become allowed state ['success'] ...
[2025-11-23T07:12:53.981+0000] {trigger_dagrun.py:257} INFO - Waiting for spark_streaming_processor on 2025-11-23 07:09:53.895550+00:00 to become allowed state ['success'] ...
[2025-11-23T07:13:53.988+0000] {trigger_dagrun.py:257} INFO - Waiting for spark_streaming_processor on 2025-11-23 07:09:53.895550+00:00 to become allowed state ['success'] ...
[2025-11-23T07:14:54.002+0000] {trigger_dagrun.py:257} INFO - Waiting for spark_streaming_processor on 2025-11-23 07:09:53.895550+00:00 to become allowed state ['success'] ...
[2025-11-23T07:15:54.008+0000] {trigger_dagrun.py:257} INFO - Waiting for spark_streaming_processor on 2025-11-23 07:09:53.895550+00:00 to become allowed state ['success'] ...
[2025-11-23T07:16:54.022+0000] {trigger_dagrun.py:257} INFO - Waiting for spark_streaming_processor on 2025-11-23 07:09:53.895550+00:00 to become allowed state ['success'] ...
[2025-11-23T07:17:54.035+0000] {trigger_dagrun.py:257} INFO - Waiting for spark_streaming_processor on 2025-11-23 07:09:53.895550+00:00 to become allowed state ['success'] ...
[2025-11-23T07:18:54.041+0000] {trigger_dagrun.py:257} INFO - Waiting for spark_streaming_processor on 2025-11-23 07:09:53.895550+00:00 to become allowed state ['success'] ...
[2025-11-23T07:19:54.047+0000] {trigger_dagrun.py:257} INFO - Waiting for spark_streaming_processor on 2025-11-23 07:09:53.895550+00:00 to become allowed state ['success'] ...
[2025-11-23T07:20:54.052+0000] {trigger_dagrun.py:257} INFO - Waiting for spark_streaming_processor on 2025-11-23 07:09:53.895550+00:00 to become allowed state ['success'] ...
