[2025-11-23T06:45:21.551+0000] {local_task_job_runner.py:123} INFO - ::group::Pre task execution logs
[2025-11-23T06:45:21.569+0000] {taskinstance.py:2614} INFO - Dependencies all met for dep_context=non-requeueable deps ti=<TaskInstance: sales_streaming_pipeline.trigger_spark_streaming manual__2025-11-23T06:28:41.539020+00:00 [queued]>
[2025-11-23T06:45:21.577+0000] {taskinstance.py:2614} INFO - Dependencies all met for dep_context=requeueable deps ti=<TaskInstance: sales_streaming_pipeline.trigger_spark_streaming manual__2025-11-23T06:28:41.539020+00:00 [queued]>
[2025-11-23T06:45:21.579+0000] {taskinstance.py:2867} INFO - Starting attempt 1 of 2
[2025-11-23T06:45:21.591+0000] {taskinstance.py:2890} INFO - Executing <Task(TriggerDagRunOperator): trigger_spark_streaming> on 2025-11-23 06:28:41.539020+00:00
[2025-11-23T06:45:21.596+0000] {warnings.py:112} WARNING - /home/***/.local/lib/python3.12/site-packages/***/task/task_runner/standard_task_runner.py:70: DeprecationWarning: This process (pid=78) is multi-threaded, use of fork() may lead to deadlocks in the child.
  pid = os.fork()

[2025-11-23T06:45:21.598+0000] {standard_task_runner.py:72} INFO - Started process 81 to run task
[2025-11-23T06:45:21.598+0000] {standard_task_runner.py:104} INFO - Running: ['***', 'tasks', 'run', 'sales_streaming_pipeline', 'trigger_spark_streaming', 'manual__2025-11-23T06:28:41.539020+00:00', '--job-id', '46', '--raw', '--subdir', 'DAGS_FOLDER/master_orchestrator_dag.py', '--cfg-path', '/tmp/tmp0iv9bme5']
[2025-11-23T06:45:21.599+0000] {standard_task_runner.py:105} INFO - Job 46: Subtask trigger_spark_streaming
[2025-11-23T06:45:21.633+0000] {task_command.py:467} INFO - Running <TaskInstance: sales_streaming_pipeline.trigger_spark_streaming manual__2025-11-23T06:28:41.539020+00:00 [running]> on host a4fdedaef2ff
[2025-11-23T06:45:21.692+0000] {taskinstance.py:3134} INFO - Exporting env vars: AIRFLOW_CTX_DAG_OWNER='***' AIRFLOW_CTX_DAG_ID='sales_streaming_pipeline' AIRFLOW_CTX_TASK_ID='trigger_spark_streaming' AIRFLOW_CTX_EXECUTION_DATE='2025-11-23T06:28:41.539020+00:00' AIRFLOW_CTX_TRY_NUMBER='1' AIRFLOW_CTX_DAG_RUN_ID='manual__2025-11-23T06:28:41.539020+00:00'
[2025-11-23T06:45:21.693+0000] {taskinstance.py:732} INFO - ::endgroup::
[2025-11-23T06:45:21.756+0000] {trigger_dagrun.py:257} INFO - Waiting for spark_streaming_processor on 2025-11-23 06:45:21.704219+00:00 to become allowed state ['success'] ...
[2025-11-23T06:46:21.764+0000] {trigger_dagrun.py:257} INFO - Waiting for spark_streaming_processor on 2025-11-23 06:45:21.704219+00:00 to become allowed state ['success'] ...
[2025-11-23T06:47:21.770+0000] {trigger_dagrun.py:257} INFO - Waiting for spark_streaming_processor on 2025-11-23 06:45:21.704219+00:00 to become allowed state ['success'] ...
[2025-11-23T06:48:21.775+0000] {trigger_dagrun.py:257} INFO - Waiting for spark_streaming_processor on 2025-11-23 06:45:21.704219+00:00 to become allowed state ['success'] ...
[2025-11-23T06:49:21.784+0000] {trigger_dagrun.py:257} INFO - Waiting for spark_streaming_processor on 2025-11-23 06:45:21.704219+00:00 to become allowed state ['success'] ...
[2025-11-23T06:50:21.796+0000] {trigger_dagrun.py:257} INFO - Waiting for spark_streaming_processor on 2025-11-23 06:45:21.704219+00:00 to become allowed state ['success'] ...
[2025-11-23T06:51:21.804+0000] {trigger_dagrun.py:257} INFO - Waiting for spark_streaming_processor on 2025-11-23 06:45:21.704219+00:00 to become allowed state ['success'] ...
[2025-11-23T06:52:21.809+0000] {trigger_dagrun.py:257} INFO - Waiting for spark_streaming_processor on 2025-11-23 06:45:21.704219+00:00 to become allowed state ['success'] ...
[2025-11-23T06:53:21.816+0000] {trigger_dagrun.py:257} INFO - Waiting for spark_streaming_processor on 2025-11-23 06:45:21.704219+00:00 to become allowed state ['success'] ...
[2025-11-23T06:54:21.829+0000] {trigger_dagrun.py:257} INFO - Waiting for spark_streaming_processor on 2025-11-23 06:45:21.704219+00:00 to become allowed state ['success'] ...
[2025-11-23T06:55:21.835+0000] {trigger_dagrun.py:257} INFO - Waiting for spark_streaming_processor on 2025-11-23 06:45:21.704219+00:00 to become allowed state ['success'] ...
[2025-11-23T06:56:21.847+0000] {trigger_dagrun.py:257} INFO - Waiting for spark_streaming_processor on 2025-11-23 06:45:21.704219+00:00 to become allowed state ['success'] ...
[2025-11-23T06:57:21.853+0000] {trigger_dagrun.py:257} INFO - Waiting for spark_streaming_processor on 2025-11-23 06:45:21.704219+00:00 to become allowed state ['success'] ...
[2025-11-23T06:58:21.858+0000] {trigger_dagrun.py:257} INFO - Waiting for spark_streaming_processor on 2025-11-23 06:45:21.704219+00:00 to become allowed state ['success'] ...
[2025-11-23T06:59:21.873+0000] {trigger_dagrun.py:257} INFO - Waiting for spark_streaming_processor on 2025-11-23 06:45:21.704219+00:00 to become allowed state ['success'] ...
[2025-11-23T07:00:21.886+0000] {trigger_dagrun.py:257} INFO - Waiting for spark_streaming_processor on 2025-11-23 06:45:21.704219+00:00 to become allowed state ['success'] ...
[2025-11-23T07:01:21.896+0000] {trigger_dagrun.py:257} INFO - Waiting for spark_streaming_processor on 2025-11-23 06:45:21.704219+00:00 to become allowed state ['success'] ...
[2025-11-23T07:02:21.903+0000] {trigger_dagrun.py:257} INFO - Waiting for spark_streaming_processor on 2025-11-23 06:45:21.704219+00:00 to become allowed state ['success'] ...
