[2025-12-14T00:50:59.622+0000] {local_task_job_runner.py:123} INFO - ::group::Pre task execution logs
[2025-12-14T00:50:59.656+0000] {taskinstance.py:2614} INFO - Dependencies all met for dep_context=non-requeueable deps ti=<TaskInstance: unified_sales_pipeline.produce_sales_data manual__2025-12-14T00:50:52.179096+00:00 [queued]>
[2025-12-14T00:50:59.673+0000] {taskinstance.py:2614} INFO - Dependencies all met for dep_context=requeueable deps ti=<TaskInstance: unified_sales_pipeline.produce_sales_data manual__2025-12-14T00:50:52.179096+00:00 [queued]>
[2025-12-14T00:50:59.675+0000] {taskinstance.py:2867} INFO - Starting attempt 1 of 2
[2025-12-14T00:50:59.699+0000] {taskinstance.py:2890} INFO - Executing <Task(PythonOperator): produce_sales_data> on 2025-12-14 00:50:52.179096+00:00
[2025-12-14T00:50:59.710+0000] {warnings.py:112} WARNING - /home/***/.local/lib/python3.12/site-packages/***/task/task_runner/standard_task_runner.py:70: DeprecationWarning: This process (pid=111) is multi-threaded, use of fork() may lead to deadlocks in the child.
  pid = os.fork()

[2025-12-14T00:50:59.713+0000] {standard_task_runner.py:72} INFO - Started process 112 to run task
[2025-12-14T00:50:59.714+0000] {standard_task_runner.py:104} INFO - Running: ['***', 'tasks', 'run', 'unified_sales_pipeline', 'produce_sales_data', 'manual__2025-12-14T00:50:52.179096+00:00', '--job-id', '15', '--raw', '--subdir', 'DAGS_FOLDER/unified_sales_pipeline_dag.py', '--cfg-path', '/tmp/tmpkwg9vd20']
[2025-12-14T00:50:59.716+0000] {standard_task_runner.py:105} INFO - Job 15: Subtask produce_sales_data
[2025-12-14T00:50:59.793+0000] {task_command.py:467} INFO - Running <TaskInstance: unified_sales_pipeline.produce_sales_data manual__2025-12-14T00:50:52.179096+00:00 [running]> on host 97f80993d952
[2025-12-14T00:51:00.017+0000] {taskinstance.py:3134} INFO - Exporting env vars: AIRFLOW_CTX_DAG_OWNER='***' AIRFLOW_CTX_DAG_ID='unified_sales_pipeline' AIRFLOW_CTX_TASK_ID='produce_sales_data' AIRFLOW_CTX_EXECUTION_DATE='2025-12-14T00:50:52.179096+00:00' AIRFLOW_CTX_TRY_NUMBER='1' AIRFLOW_CTX_DAG_RUN_ID='manual__2025-12-14T00:50:52.179096+00:00'
[2025-12-14T00:51:00.020+0000] {taskinstance.py:732} INFO - ::endgroup::
[2025-12-14T00:51:00.067+0000] {conn.py:396} INFO - <BrokerConnection client_id=kafka-python-producer-1, node_id=bootstrap-0 host=broker2:19093 <connecting> [IPv4 ('172.18.0.7', 19093)]>: connecting to broker2:19093 [('172.18.0.7', 19093) IPv4]
[2025-12-14T00:51:00.080+0000] {conn.py:618} INFO - <BrokerConnection client_id=kafka-python-producer-1, node_id=bootstrap-0 host=broker2:19093 <checking_api_versions_recv> [IPv4 ('172.18.0.7', 19093)]>: Broker version identified as 2.6
[2025-12-14T00:51:00.084+0000] {conn.py:457} INFO - <BrokerConnection client_id=kafka-python-producer-1, node_id=bootstrap-0 host=broker2:19093 <connected> [IPv4 ('172.18.0.7', 19093)]>: Connection complete.
[2025-12-14T00:51:00.092+0000] {logging_mixin.py:190} INFO - 🚀 Starting Kafka producer...
[2025-12-14T00:51:00.199+0000] {conn.py:396} INFO - <BrokerConnection client_id=kafka-python-producer-1, node_id=2 host=broker2:19093 <connecting> [IPv4 ('172.18.0.7', 19093)]>: connecting to broker2:19093 [('172.18.0.7', 19093) IPv4]
[2025-12-14T00:51:00.201+0000] {conn.py:457} INFO - <BrokerConnection client_id=kafka-python-producer-1, node_id=2 host=broker2:19093 <connected> [IPv4 ('172.18.0.7', 19093)]>: Connection complete.
[2025-12-14T00:51:00.202+0000] {conn.py:945} INFO - <BrokerConnection client_id=kafka-python-producer-1, node_id=bootstrap-0 host=broker2:19093 <connected> [IPv4 ('172.18.0.7', 19093)]>: Closing connection. 
[2025-12-14T00:51:00.261+0000] {cluster.py:316} ERROR - Topic ventes_stream not found in cluster metadata
[2025-12-14T00:51:00.367+0000] {cluster.py:316} ERROR - Topic ventes_stream not found in cluster metadata
[2025-12-14T00:51:00.499+0000] {logging_mixin.py:190} INFO - ✅ Sale 1: Souris sans fil - 51.0€
[2025-12-14T00:51:00.707+0000] {logging_mixin.py:190} INFO - ✅ Sale 2: Souris sans fil - 76.5€
[2025-12-14T00:51:00.710+0000] {conn.py:396} INFO - <BrokerConnection client_id=kafka-python-producer-1, node_id=1 host=broker1:19092 <connecting> [IPv4 ('172.18.0.5', 19092)]>: connecting to broker1:19092 [('172.18.0.5', 19092) IPv4]
[2025-12-14T00:51:00.714+0000] {conn.py:457} INFO - <BrokerConnection client_id=kafka-python-producer-1, node_id=1 host=broker1:19092 <connected> [IPv4 ('172.18.0.5', 19092)]>: Connection complete.
[2025-12-14T00:51:00.912+0000] {logging_mixin.py:190} INFO - ✅ Sale 3: Ordinateur portable - 2699.97€
[2025-12-14T00:51:01.119+0000] {logging_mixin.py:190} INFO - ✅ Sale 4: Ordinateur portable - 899.99€
[2025-12-14T00:51:01.333+0000] {logging_mixin.py:190} INFO - ✅ Sale 5: Clavier mecanique - 150.0€
[2025-12-14T00:51:01.535+0000] {logging_mixin.py:190} INFO - ✅ Sale 6: Clavier mecanique - 150.0€
[2025-12-14T00:51:01.738+0000] {logging_mixin.py:190} INFO - ✅ Sale 7: Souris sans fil - 51.0€
[2025-12-14T00:51:01.943+0000] {logging_mixin.py:190} INFO - ✅ Sale 8: Souris sans fil - 76.5€
[2025-12-14T00:51:02.149+0000] {logging_mixin.py:190} INFO - ✅ Sale 9: Casque audio - 119.98€
[2025-12-14T00:51:02.352+0000] {logging_mixin.py:190} INFO - ✅ Sale 10: Livre Data Science - 59.97€
[2025-12-14T00:51:02.556+0000] {logging_mixin.py:190} INFO - ✅ Sale 11: Clavier mecanique - 75.0€
[2025-12-14T00:51:02.759+0000] {logging_mixin.py:190} INFO - ✅ Sale 12: Souris sans fil - 51.0€
[2025-12-14T00:51:02.963+0000] {logging_mixin.py:190} INFO - ✅ Sale 13: Casque audio - 59.99€
[2025-12-14T00:51:03.166+0000] {logging_mixin.py:190} INFO - ✅ Sale 14: Clavier mecanique - 150.0€
[2025-12-14T00:51:03.369+0000] {logging_mixin.py:190} INFO - ✅ Sale 15: Casque audio - 59.99€
[2025-12-14T00:51:03.574+0000] {logging_mixin.py:190} INFO - ✅ Sale 16: Livre Data Science - 19.99€
[2025-12-14T00:51:03.588+0000] {conn.py:396} INFO - <BrokerConnection client_id=kafka-python-producer-1, node_id=3 host=broker3:19094 <connecting> [IPv4 ('172.18.0.8', 19094)]>: connecting to broker3:19094 [('172.18.0.8', 19094) IPv4]
[2025-12-14T00:51:03.590+0000] {conn.py:457} INFO - <BrokerConnection client_id=kafka-python-producer-1, node_id=3 host=broker3:19094 <connected> [IPv4 ('172.18.0.8', 19094)]>: Connection complete.
[2025-12-14T00:51:03.777+0000] {logging_mixin.py:190} INFO - ✅ Sale 17: Clavier mecanique - 225.0€
[2025-12-14T00:51:03.980+0000] {logging_mixin.py:190} INFO - ✅ Sale 18: Souris sans fil - 25.5€
[2025-12-14T00:51:04.182+0000] {logging_mixin.py:190} INFO - ✅ Sale 19: Livre Data Science - 39.98€
[2025-12-14T00:51:04.385+0000] {logging_mixin.py:190} INFO - ✅ Sale 20: Casque audio - 179.97€
[2025-12-14T00:51:04.588+0000] {logging_mixin.py:190} INFO - ✅ Sale 21: Casque audio - 119.98€
[2025-12-14T00:51:04.791+0000] {logging_mixin.py:190} INFO - ✅ Sale 22: Ordinateur portable - 2699.97€
[2025-12-14T00:51:04.994+0000] {logging_mixin.py:190} INFO - ✅ Sale 23: Ordinateur portable - 899.99€
[2025-12-14T00:51:05.198+0000] {logging_mixin.py:190} INFO - ✅ Sale 24: Ordinateur portable - 899.99€
[2025-12-14T00:51:05.402+0000] {logging_mixin.py:190} INFO - ✅ Sale 25: Livre Data Science - 19.99€
[2025-12-14T00:51:05.605+0000] {logging_mixin.py:190} INFO - ✅ Sale 26: Livre Data Science - 39.98€
[2025-12-14T00:51:05.807+0000] {logging_mixin.py:190} INFO - ✅ Sale 27: Livre Data Science - 19.99€
[2025-12-14T00:51:06.009+0000] {logging_mixin.py:190} INFO - ✅ Sale 28: Livre Data Science - 59.97€
[2025-12-14T00:51:06.212+0000] {logging_mixin.py:190} INFO - ✅ Sale 29: Ordinateur portable - 2699.97€
[2025-12-14T00:51:06.416+0000] {logging_mixin.py:190} INFO - ✅ Sale 30: Ordinateur portable - 899.99€
[2025-12-14T00:51:06.619+0000] {logging_mixin.py:190} INFO - ✅ Sale 31: Livre Data Science - 19.99€
[2025-12-14T00:51:06.821+0000] {logging_mixin.py:190} INFO - ✅ Sale 32: Livre Data Science - 39.98€
[2025-12-14T00:51:07.024+0000] {logging_mixin.py:190} INFO - ✅ Sale 33: Souris sans fil - 76.5€
[2025-12-14T00:51:07.226+0000] {logging_mixin.py:190} INFO - ✅ Sale 34: Ordinateur portable - 1799.98€
[2025-12-14T00:51:07.429+0000] {logging_mixin.py:190} INFO - ✅ Sale 35: Ordinateur portable - 2699.97€
[2025-12-14T00:51:07.632+0000] {logging_mixin.py:190} INFO - ✅ Sale 36: Souris sans fil - 51.0€
[2025-12-14T00:51:07.835+0000] {logging_mixin.py:190} INFO - ✅ Sale 37: Livre Data Science - 19.99€
[2025-12-14T00:51:08.038+0000] {logging_mixin.py:190} INFO - ✅ Sale 38: Clavier mecanique - 225.0€
[2025-12-14T00:51:08.241+0000] {logging_mixin.py:190} INFO - ✅ Sale 39: Clavier mecanique - 150.0€
[2025-12-14T00:51:08.443+0000] {logging_mixin.py:190} INFO - ✅ Sale 40: Clavier mecanique - 75.0€
[2025-12-14T00:51:08.649+0000] {logging_mixin.py:190} INFO - ✅ Sale 41: Ordinateur portable - 1799.98€
[2025-12-14T00:51:08.853+0000] {logging_mixin.py:190} INFO - ✅ Sale 42: Ordinateur portable - 1799.98€
[2025-12-14T00:51:09.060+0000] {logging_mixin.py:190} INFO - ✅ Sale 43: Souris sans fil - 51.0€
[2025-12-14T00:51:09.266+0000] {logging_mixin.py:190} INFO - ✅ Sale 44: Clavier mecanique - 225.0€
[2025-12-14T00:51:09.474+0000] {logging_mixin.py:190} INFO - ✅ Sale 45: Clavier mecanique - 75.0€
[2025-12-14T00:51:09.676+0000] {logging_mixin.py:190} INFO - ✅ Sale 46: Clavier mecanique - 75.0€
[2025-12-14T00:51:09.880+0000] {logging_mixin.py:190} INFO - ✅ Sale 47: Clavier mecanique - 75.0€
[2025-12-14T00:51:10.082+0000] {logging_mixin.py:190} INFO - ✅ Sale 48: Clavier mecanique - 225.0€
[2025-12-14T00:51:10.283+0000] {logging_mixin.py:190} INFO - ✅ Sale 49: Ordinateur portable - 899.99€
[2025-12-14T00:51:10.485+0000] {logging_mixin.py:190} INFO - ✅ Sale 50: Clavier mecanique - 150.0€
[2025-12-14T00:51:10.687+0000] {kafka.py:629} INFO - <KafkaProducer client_id=kafka-python-producer-1 transactional_id=None>: Closing the Kafka producer with 9223372036.0 secs timeout.
[2025-12-14T00:51:10.689+0000] {conn.py:945} INFO - <BrokerConnection client_id=kafka-python-producer-1, node_id=2 host=broker2:19093 <connected> [IPv4 ('172.18.0.7', 19093)]>: Closing connection. 
[2025-12-14T00:51:10.690+0000] {conn.py:945} INFO - <BrokerConnection client_id=kafka-python-producer-1, node_id=1 host=broker1:19092 <connected> [IPv4 ('172.18.0.5', 19092)]>: Closing connection. 
[2025-12-14T00:51:10.691+0000] {conn.py:945} INFO - <BrokerConnection client_id=kafka-python-producer-1, node_id=3 host=broker3:19094 <connected> [IPv4 ('172.18.0.8', 19094)]>: Closing connection. 
[2025-12-14T00:51:10.693+0000] {logging_mixin.py:190} INFO - ✅ Production completed: 50 sales sent to Kafka topic 'ventes_stream'
[2025-12-14T00:51:10.694+0000] {python.py:240} INFO - Done. Returned value was: None
[2025-12-14T00:51:10.718+0000] {taskinstance.py:341} INFO - ::group::Post task execution logs
[2025-12-14T00:51:10.719+0000] {taskinstance.py:353} INFO - Marking task as SUCCESS. dag_id=unified_sales_pipeline, task_id=produce_sales_data, run_id=manual__2025-12-14T00:50:52.179096+00:00, execution_date=20251214T005052, start_date=20251214T005059, end_date=20251214T005110
[2025-12-14T00:51:10.794+0000] {local_task_job_runner.py:266} INFO - Task exited with return code 0
[2025-12-14T00:51:10.868+0000] {taskinstance.py:3901} INFO - 1 downstream tasks scheduled from follow-on schedule check
[2025-12-14T00:51:10.873+0000] {local_task_job_runner.py:245} INFO - ::endgroup::
