[2025-12-14T07:14:17.322+0000] {local_task_job_runner.py:123} INFO - ::group::Pre task execution logs
[2025-12-14T07:14:17.342+0000] {taskinstance.py:2614} INFO - Dependencies all met for dep_context=non-requeueable deps ti=<TaskInstance: unified_sales_pipeline.verify_final_output manual__2025-12-14T07:12:07.917761+00:00 [queued]>
[2025-12-14T07:14:17.351+0000] {taskinstance.py:2614} INFO - Dependencies all met for dep_context=requeueable deps ti=<TaskInstance: unified_sales_pipeline.verify_final_output manual__2025-12-14T07:12:07.917761+00:00 [queued]>
[2025-12-14T07:14:17.351+0000] {taskinstance.py:2867} INFO - Starting attempt 1 of 2
[2025-12-14T07:14:17.363+0000] {taskinstance.py:2890} INFO - Executing <Task(PythonOperator): verify_final_output> on 2025-12-14 07:12:07.917761+00:00
[2025-12-14T07:14:17.369+0000] {warnings.py:112} WARNING - /home/***/.local/lib/python3.12/site-packages/***/task/task_runner/standard_task_runner.py:70: DeprecationWarning: This process (pid=214) is multi-threaded, use of fork() may lead to deadlocks in the child.
  pid = os.fork()

[2025-12-14T07:14:17.371+0000] {standard_task_runner.py:72} INFO - Started process 215 to run task
[2025-12-14T07:14:17.372+0000] {standard_task_runner.py:104} INFO - Running: ['***', 'tasks', 'run', 'unified_sales_pipeline', 'verify_final_output', 'manual__2025-12-14T07:12:07.917761+00:00', '--job-id', '72', '--raw', '--subdir', 'DAGS_FOLDER/unified_sales_pipeline_dag.py', '--cfg-path', '/tmp/tmpy4d4dqrm']
[2025-12-14T07:14:17.373+0000] {standard_task_runner.py:105} INFO - Job 72: Subtask verify_final_output
[2025-12-14T07:14:17.414+0000] {task_command.py:467} INFO - Running <TaskInstance: unified_sales_pipeline.verify_final_output manual__2025-12-14T07:12:07.917761+00:00 [running]> on host ac4bc61bdcd0
[2025-12-14T07:14:17.491+0000] {taskinstance.py:3134} INFO - Exporting env vars: AIRFLOW_CTX_DAG_OWNER='***' AIRFLOW_CTX_DAG_ID='unified_sales_pipeline' AIRFLOW_CTX_TASK_ID='verify_final_output' AIRFLOW_CTX_EXECUTION_DATE='2025-12-14T07:12:07.917761+00:00' AIRFLOW_CTX_TRY_NUMBER='1' AIRFLOW_CTX_DAG_RUN_ID='manual__2025-12-14T07:12:07.917761+00:00'
[2025-12-14T07:14:17.492+0000] {taskinstance.py:732} INFO - ::endgroup::
[2025-12-14T07:14:17.515+0000] {logging_mixin.py:190} INFO - ✅ Bronze layer: 13 files/folders
[2025-12-14T07:14:17.516+0000] {logging_mixin.py:190} INFO - ❌ Silver layer missing
[2025-12-14T07:14:17.517+0000] {logging_mixin.py:190} INFO - ⚠️  Pipeline completed with warnings - some layers missing
[2025-12-14T07:14:17.517+0000] {python.py:240} INFO - Done. Returned value was: False
[2025-12-14T07:14:17.543+0000] {taskinstance.py:341} INFO - ::group::Post task execution logs
[2025-12-14T07:14:17.544+0000] {taskinstance.py:353} INFO - Marking task as SUCCESS. dag_id=unified_sales_pipeline, task_id=verify_final_output, run_id=manual__2025-12-14T07:12:07.917761+00:00, execution_date=20251214T071207, start_date=20251214T071417, end_date=20251214T071417
[2025-12-14T07:14:17.586+0000] {local_task_job_runner.py:266} INFO - Task exited with return code 0
[2025-12-14T07:14:17.609+0000] {taskinstance.py:3901} INFO - 1 downstream tasks scheduled from follow-on schedule check
[2025-12-14T07:14:17.612+0000] {local_task_job_runner.py:245} INFO - ::endgroup::
