[2025-12-16T03:13:03.155+0000] {local_task_job_runner.py:123} INFO - ::group::Pre task execution logs
[2025-12-16T03:13:03.171+0000] {taskinstance.py:2614} INFO - Dependencies all met for dep_context=non-requeueable deps ti=<TaskInstance: unified_sales_pipeline.verify_final_output manual__2025-12-16T03:11:01.400167+00:00 [queued]>
[2025-12-16T03:13:03.181+0000] {taskinstance.py:2614} INFO - Dependencies all met for dep_context=requeueable deps ti=<TaskInstance: unified_sales_pipeline.verify_final_output manual__2025-12-16T03:11:01.400167+00:00 [queued]>
[2025-12-16T03:13:03.182+0000] {taskinstance.py:2867} INFO - Starting attempt 1 of 2
[2025-12-16T03:13:03.195+0000] {taskinstance.py:2890} INFO - Executing <Task(PythonOperator): verify_final_output> on 2025-12-16 03:11:01.400167+00:00
[2025-12-16T03:13:03.202+0000] {warnings.py:112} WARNING - /home/***/.local/lib/python3.12/site-packages/***/task/task_runner/standard_task_runner.py:70: DeprecationWarning: This process (pid=389) is multi-threaded, use of fork() may lead to deadlocks in the child.
  pid = os.fork()

[2025-12-16T03:13:03.204+0000] {standard_task_runner.py:72} INFO - Started process 390 to run task
[2025-12-16T03:13:03.204+0000] {standard_task_runner.py:104} INFO - Running: ['***', 'tasks', 'run', 'unified_sales_pipeline', 'verify_final_output', 'manual__2025-12-16T03:11:01.400167+00:00', '--job-id', '84', '--raw', '--subdir', 'DAGS_FOLDER/unified_sales_pipeline_dag.py', '--cfg-path', '/tmp/tmp2cglujh7']
[2025-12-16T03:13:03.205+0000] {standard_task_runner.py:105} INFO - Job 84: Subtask verify_final_output
[2025-12-16T03:13:03.245+0000] {task_command.py:467} INFO - Running <TaskInstance: unified_sales_pipeline.verify_final_output manual__2025-12-16T03:11:01.400167+00:00 [running]> on host 0f62de6a8431
[2025-12-16T03:13:03.327+0000] {taskinstance.py:3134} INFO - Exporting env vars: AIRFLOW_CTX_DAG_OWNER='***' AIRFLOW_CTX_DAG_ID='unified_sales_pipeline' AIRFLOW_CTX_TASK_ID='verify_final_output' AIRFLOW_CTX_EXECUTION_DATE='2025-12-16T03:11:01.400167+00:00' AIRFLOW_CTX_TRY_NUMBER='1' AIRFLOW_CTX_DAG_RUN_ID='manual__2025-12-16T03:11:01.400167+00:00'
[2025-12-16T03:13:03.328+0000] {taskinstance.py:732} INFO - ::endgroup::
[2025-12-16T03:13:03.340+0000] {logging_mixin.py:190} INFO - 🔍 Verifying output at: /tmp/delta/bronze/ventes_stream
[2025-12-16T03:13:03.341+0000] {logging_mixin.py:190} INFO - 🔍 Verifying output at: /tmp/delta/silver/ventes_aggreges
[2025-12-16T03:13:03.362+0000] {logging_mixin.py:190} INFO - ✅ Bronze layer: 7 files/folders
[2025-12-16T03:13:03.369+0000] {logging_mixin.py:190} INFO - ✅ Silver layer: 5 files/folders
[2025-12-16T03:13:03.370+0000] {logging_mixin.py:190} INFO - 🎉 Pipeline completed successfully! All data layers created.
[2025-12-16T03:13:03.371+0000] {python.py:240} INFO - Done. Returned value was: True
[2025-12-16T03:13:03.388+0000] {taskinstance.py:341} INFO - ::group::Post task execution logs
[2025-12-16T03:13:03.388+0000] {taskinstance.py:353} INFO - Marking task as SUCCESS. dag_id=unified_sales_pipeline, task_id=verify_final_output, run_id=manual__2025-12-16T03:11:01.400167+00:00, execution_date=20251216T031101, start_date=20251216T031303, end_date=20251216T031303
[2025-12-16T03:13:03.419+0000] {local_task_job_runner.py:266} INFO - Task exited with return code 0
[2025-12-16T03:13:03.444+0000] {taskinstance.py:3901} INFO - 1 downstream tasks scheduled from follow-on schedule check
[2025-12-16T03:13:03.447+0000] {local_task_job_runner.py:245} INFO - ::endgroup::
