[2025-12-14T06:47:57.367+0000] {local_task_job_runner.py:123} INFO - ::group::Pre task execution logs
[2025-12-14T06:47:57.397+0000] {taskinstance.py:2614} INFO - Dependencies all met for dep_context=non-requeueable deps ti=<TaskInstance: unified_sales_pipeline.produce_sales_data manual__2025-12-14T06:47:51.410654+00:00 [queued]>
[2025-12-14T06:47:57.411+0000] {taskinstance.py:2614} INFO - Dependencies all met for dep_context=requeueable deps ti=<TaskInstance: unified_sales_pipeline.produce_sales_data manual__2025-12-14T06:47:51.410654+00:00 [queued]>
[2025-12-14T06:47:57.413+0000] {taskinstance.py:2867} INFO - Starting attempt 1 of 2
[2025-12-14T06:47:57.435+0000] {taskinstance.py:2890} INFO - Executing <Task(PythonOperator): produce_sales_data> on 2025-12-14 06:47:51.410654+00:00
[2025-12-14T06:47:57.443+0000] {warnings.py:112} WARNING - /home/***/.local/lib/python3.12/site-packages/***/task/task_runner/standard_task_runner.py:70: DeprecationWarning: This process (pid=1323) is multi-threaded, use of fork() may lead to deadlocks in the child.
  pid = os.fork()

[2025-12-14T06:47:57.446+0000] {standard_task_runner.py:72} INFO - Started process 1324 to run task
[2025-12-14T06:47:57.447+0000] {standard_task_runner.py:104} INFO - Running: ['***', 'tasks', 'run', 'unified_sales_pipeline', 'produce_sales_data', 'manual__2025-12-14T06:47:51.410654+00:00', '--job-id', '49', '--raw', '--subdir', 'DAGS_FOLDER/unified_sales_pipeline_dag.py', '--cfg-path', '/tmp/tmp8cflty_q']
[2025-12-14T06:47:57.448+0000] {standard_task_runner.py:105} INFO - Job 49: Subtask produce_sales_data
[2025-12-14T06:47:57.507+0000] {task_command.py:467} INFO - Running <TaskInstance: unified_sales_pipeline.produce_sales_data manual__2025-12-14T06:47:51.410654+00:00 [running]> on host ac4bc61bdcd0
[2025-12-14T06:47:57.618+0000] {taskinstance.py:3134} INFO - Exporting env vars: AIRFLOW_CTX_DAG_OWNER='***' AIRFLOW_CTX_DAG_ID='unified_sales_pipeline' AIRFLOW_CTX_TASK_ID='produce_sales_data' AIRFLOW_CTX_EXECUTION_DATE='2025-12-14T06:47:51.410654+00:00' AIRFLOW_CTX_TRY_NUMBER='1' AIRFLOW_CTX_DAG_RUN_ID='manual__2025-12-14T06:47:51.410654+00:00'
[2025-12-14T06:47:57.619+0000] {taskinstance.py:732} INFO - ::endgroup::
[2025-12-14T06:47:57.639+0000] {conn.py:396} INFO - <BrokerConnection client_id=kafka-python-producer-1, node_id=bootstrap-2 host=broker3:19094 <connecting> [IPv4 ('172.18.0.5', 19094)]>: connecting to broker3:19094 [('172.18.0.5', 19094) IPv4]
[2025-12-14T06:47:57.657+0000] {conn.py:618} INFO - <BrokerConnection client_id=kafka-python-producer-1, node_id=bootstrap-2 host=broker3:19094 <checking_api_versions_recv> [IPv4 ('172.18.0.5', 19094)]>: Broker version identified as 2.6
[2025-12-14T06:47:57.658+0000] {conn.py:457} INFO - <BrokerConnection client_id=kafka-python-producer-1, node_id=bootstrap-2 host=broker3:19094 <connected> [IPv4 ('172.18.0.5', 19094)]>: Connection complete.
[2025-12-14T06:47:57.661+0000] {logging_mixin.py:190} INFO - 🚀 Starting Kafka producer...
[2025-12-14T06:47:57.766+0000] {conn.py:396} INFO - <BrokerConnection client_id=kafka-python-producer-1, node_id=2 host=broker2:19093 <connecting> [IPv4 ('172.18.0.8', 19093)]>: connecting to broker2:19093 [('172.18.0.8', 19093) IPv4]
[2025-12-14T06:47:57.767+0000] {conn.py:457} INFO - <BrokerConnection client_id=kafka-python-producer-1, node_id=2 host=broker2:19093 <connected> [IPv4 ('172.18.0.8', 19093)]>: Connection complete.
[2025-12-14T06:47:57.768+0000] {conn.py:945} INFO - <BrokerConnection client_id=kafka-python-producer-1, node_id=bootstrap-2 host=broker3:19094 <connected> [IPv4 ('172.18.0.5', 19094)]>: Closing connection. 
[2025-12-14T06:47:57.772+0000] {logging_mixin.py:190} INFO - ✅ Sale 1: Ordinateur portable - 2699.97€
[2025-12-14T06:47:57.974+0000] {logging_mixin.py:190} INFO - ✅ Sale 2: Ordinateur portable - 899.99€
[2025-12-14T06:47:57.976+0000] {conn.py:396} INFO - <BrokerConnection client_id=kafka-python-producer-1, node_id=1 host=broker1:19092 <connecting> [IPv4 ('172.18.0.3', 19092)]>: connecting to broker1:19092 [('172.18.0.3', 19092) IPv4]
[2025-12-14T06:47:57.977+0000] {conn.py:457} INFO - <BrokerConnection client_id=kafka-python-producer-1, node_id=1 host=broker1:19092 <connected> [IPv4 ('172.18.0.3', 19092)]>: Connection complete.
[2025-12-14T06:47:58.176+0000] {logging_mixin.py:190} INFO - ✅ Sale 3: Ordinateur portable - 899.99€
[2025-12-14T06:47:58.377+0000] {logging_mixin.py:190} INFO - ✅ Sale 4: Souris sans fil - 25.5€
[2025-12-14T06:47:58.578+0000] {logging_mixin.py:190} INFO - ✅ Sale 5: Souris sans fil - 25.5€
[2025-12-14T06:47:58.580+0000] {conn.py:396} INFO - <BrokerConnection client_id=kafka-python-producer-1, node_id=3 host=broker3:19094 <connecting> [IPv4 ('172.18.0.5', 19094)]>: connecting to broker3:19094 [('172.18.0.5', 19094) IPv4]
[2025-12-14T06:47:58.581+0000] {conn.py:457} INFO - <BrokerConnection client_id=kafka-python-producer-1, node_id=3 host=broker3:19094 <connected> [IPv4 ('172.18.0.5', 19094)]>: Connection complete.
[2025-12-14T06:47:58.780+0000] {logging_mixin.py:190} INFO - ✅ Sale 6: Livre Data Science - 19.99€
[2025-12-14T06:47:58.982+0000] {logging_mixin.py:190} INFO - ✅ Sale 7: Ordinateur portable - 1799.98€
[2025-12-14T06:47:59.185+0000] {logging_mixin.py:190} INFO - ✅ Sale 8: Clavier mecanique - 75.0€
[2025-12-14T06:47:59.387+0000] {logging_mixin.py:190} INFO - ✅ Sale 9: Ordinateur portable - 899.99€
[2025-12-14T06:47:59.588+0000] {logging_mixin.py:190} INFO - ✅ Sale 10: Souris sans fil - 76.5€
[2025-12-14T06:47:59.790+0000] {logging_mixin.py:190} INFO - ✅ Sale 11: Clavier mecanique - 225.0€
[2025-12-14T06:47:59.993+0000] {logging_mixin.py:190} INFO - ✅ Sale 12: Livre Data Science - 19.99€
[2025-12-14T06:48:00.195+0000] {logging_mixin.py:190} INFO - ✅ Sale 13: Livre Data Science - 39.98€
[2025-12-14T06:48:00.397+0000] {logging_mixin.py:190} INFO - ✅ Sale 14: Casque audio - 59.99€
[2025-12-14T06:48:00.599+0000] {logging_mixin.py:190} INFO - ✅ Sale 15: Casque audio - 119.98€
[2025-12-14T06:48:00.801+0000] {logging_mixin.py:190} INFO - ✅ Sale 16: Livre Data Science - 39.98€
[2025-12-14T06:48:01.004+0000] {logging_mixin.py:190} INFO - ✅ Sale 17: Clavier mecanique - 225.0€
[2025-12-14T06:48:01.206+0000] {logging_mixin.py:190} INFO - ✅ Sale 18: Casque audio - 179.97€
[2025-12-14T06:48:01.408+0000] {logging_mixin.py:190} INFO - ✅ Sale 19: Casque audio - 119.98€
[2025-12-14T06:48:01.610+0000] {logging_mixin.py:190} INFO - ✅ Sale 20: Clavier mecanique - 75.0€
[2025-12-14T06:48:01.821+0000] {logging_mixin.py:190} INFO - ✅ Sale 21: Ordinateur portable - 899.99€
[2025-12-14T06:48:02.023+0000] {logging_mixin.py:190} INFO - ✅ Sale 22: Livre Data Science - 39.98€
[2025-12-14T06:48:02.224+0000] {logging_mixin.py:190} INFO - ✅ Sale 23: Casque audio - 119.98€
[2025-12-14T06:48:02.427+0000] {logging_mixin.py:190} INFO - ✅ Sale 24: Ordinateur portable - 1799.98€
[2025-12-14T06:48:02.628+0000] {logging_mixin.py:190} INFO - ✅ Sale 25: Livre Data Science - 19.99€
[2025-12-14T06:48:02.831+0000] {logging_mixin.py:190} INFO - ✅ Sale 26: Livre Data Science - 59.97€
[2025-12-14T06:48:03.033+0000] {logging_mixin.py:190} INFO - ✅ Sale 27: Ordinateur portable - 899.99€
[2025-12-14T06:48:03.235+0000] {logging_mixin.py:190} INFO - ✅ Sale 28: Souris sans fil - 51.0€
[2025-12-14T06:48:03.437+0000] {logging_mixin.py:190} INFO - ✅ Sale 29: Souris sans fil - 51.0€
[2025-12-14T06:48:03.639+0000] {logging_mixin.py:190} INFO - ✅ Sale 30: Souris sans fil - 76.5€
[2025-12-14T06:48:03.841+0000] {logging_mixin.py:190} INFO - ✅ Sale 31: Ordinateur portable - 899.99€
[2025-12-14T06:48:04.043+0000] {logging_mixin.py:190} INFO - ✅ Sale 32: Clavier mecanique - 225.0€
[2025-12-14T06:48:04.246+0000] {logging_mixin.py:190} INFO - ✅ Sale 33: Livre Data Science - 39.98€
[2025-12-14T06:48:04.448+0000] {logging_mixin.py:190} INFO - ✅ Sale 34: Ordinateur portable - 2699.97€
[2025-12-14T06:48:04.651+0000] {logging_mixin.py:190} INFO - ✅ Sale 35: Souris sans fil - 51.0€
[2025-12-14T06:48:04.852+0000] {logging_mixin.py:190} INFO - ✅ Sale 36: Clavier mecanique - 75.0€
[2025-12-14T06:48:05.054+0000] {logging_mixin.py:190} INFO - ✅ Sale 37: Clavier mecanique - 225.0€
[2025-12-14T06:48:05.257+0000] {logging_mixin.py:190} INFO - ✅ Sale 38: Livre Data Science - 19.99€
[2025-12-14T06:48:05.458+0000] {logging_mixin.py:190} INFO - ✅ Sale 39: Clavier mecanique - 225.0€
[2025-12-14T06:48:05.660+0000] {logging_mixin.py:190} INFO - ✅ Sale 40: Casque audio - 179.97€
[2025-12-14T06:48:05.921+0000] {logging_mixin.py:190} INFO - ✅ Sale 41: Livre Data Science - 19.99€
[2025-12-14T06:48:06.122+0000] {logging_mixin.py:190} INFO - ✅ Sale 42: Ordinateur portable - 899.99€
[2025-12-14T06:48:06.324+0000] {logging_mixin.py:190} INFO - ✅ Sale 43: Souris sans fil - 76.5€
[2025-12-14T06:48:06.526+0000] {logging_mixin.py:190} INFO - ✅ Sale 44: Ordinateur portable - 1799.98€
[2025-12-14T06:48:06.728+0000] {logging_mixin.py:190} INFO - ✅ Sale 45: Clavier mecanique - 150.0€
[2025-12-14T06:48:06.930+0000] {logging_mixin.py:190} INFO - ✅ Sale 46: Souris sans fil - 25.5€
[2025-12-14T06:48:07.131+0000] {logging_mixin.py:190} INFO - ✅ Sale 47: Souris sans fil - 51.0€
[2025-12-14T06:48:07.334+0000] {logging_mixin.py:190} INFO - ✅ Sale 48: Livre Data Science - 39.98€
[2025-12-14T06:48:07.536+0000] {logging_mixin.py:190} INFO - ✅ Sale 49: Casque audio - 119.98€
[2025-12-14T06:48:07.739+0000] {logging_mixin.py:190} INFO - ✅ Sale 50: Casque audio - 119.98€
[2025-12-14T06:48:07.942+0000] {kafka.py:629} INFO - <KafkaProducer client_id=kafka-python-producer-1 transactional_id=None>: Closing the Kafka producer with 9223372036.0 secs timeout.
[2025-12-14T06:48:07.944+0000] {conn.py:945} INFO - <BrokerConnection client_id=kafka-python-producer-1, node_id=2 host=broker2:19093 <connected> [IPv4 ('172.18.0.8', 19093)]>: Closing connection. 
[2025-12-14T06:48:07.945+0000] {conn.py:945} INFO - <BrokerConnection client_id=kafka-python-producer-1, node_id=1 host=broker1:19092 <connected> [IPv4 ('172.18.0.3', 19092)]>: Closing connection. 
[2025-12-14T06:48:07.946+0000] {conn.py:945} INFO - <BrokerConnection client_id=kafka-python-producer-1, node_id=3 host=broker3:19094 <connected> [IPv4 ('172.18.0.5', 19094)]>: Closing connection. 
[2025-12-14T06:48:07.947+0000] {logging_mixin.py:190} INFO - ✅ Production completed: 50 sales sent to Kafka topic 'ventes_stream'
[2025-12-14T06:48:07.947+0000] {python.py:240} INFO - Done. Returned value was: None
[2025-12-14T06:48:07.958+0000] {taskinstance.py:341} INFO - ::group::Post task execution logs
[2025-12-14T06:48:07.960+0000] {taskinstance.py:353} INFO - Marking task as SUCCESS. dag_id=unified_sales_pipeline, task_id=produce_sales_data, run_id=manual__2025-12-14T06:47:51.410654+00:00, execution_date=20251214T064751, start_date=20251214T064757, end_date=20251214T064807
[2025-12-14T06:48:08.007+0000] {local_task_job_runner.py:266} INFO - Task exited with return code 0
[2025-12-14T06:48:08.043+0000] {taskinstance.py:3901} INFO - 1 downstream tasks scheduled from follow-on schedule check
[2025-12-14T06:48:08.047+0000] {local_task_job_runner.py:245} INFO - ::endgroup::
