[2025-12-16T02:12:37.677+0000] {local_task_job_runner.py:123} INFO - ::group::Pre task execution logs
[2025-12-16T02:12:37.698+0000] {taskinstance.py:2614} INFO - Dependencies all met for dep_context=non-requeueable deps ti=<TaskInstance: unified_sales_pipeline.run_bronze_processing manual__2025-12-16T02:12:22.635382+00:00 [queued]>
[2025-12-16T02:12:37.710+0000] {taskinstance.py:2614} INFO - Dependencies all met for dep_context=requeueable deps ti=<TaskInstance: unified_sales_pipeline.run_bronze_processing manual__2025-12-16T02:12:22.635382+00:00 [queued]>
[2025-12-16T02:12:37.711+0000] {taskinstance.py:2867} INFO - Starting attempt 1 of 2
[2025-12-16T02:12:37.728+0000] {taskinstance.py:2890} INFO - Executing <Task(PythonOperator): run_bronze_processing> on 2025-12-16 02:12:22.635382+00:00
[2025-12-16T02:12:37.735+0000] {warnings.py:112} WARNING - /home/***/.local/lib/python3.12/site-packages/***/task/task_runner/standard_task_runner.py:70: DeprecationWarning: This process (pid=346) is multi-threaded, use of fork() may lead to deadlocks in the child.
  pid = os.fork()

[2025-12-16T02:12:37.737+0000] {standard_task_runner.py:72} INFO - Started process 347 to run task
[2025-12-16T02:12:37.737+0000] {standard_task_runner.py:104} INFO - Running: ['***', 'tasks', 'run', 'unified_sales_pipeline', 'run_bronze_processing', 'manual__2025-12-16T02:12:22.635382+00:00', '--job-id', '42', '--raw', '--subdir', 'DAGS_FOLDER/unified_sales_pipeline_dag.py', '--cfg-path', '/tmp/tmpj_mfto_8']
[2025-12-16T02:12:37.738+0000] {standard_task_runner.py:105} INFO - Job 42: Subtask run_bronze_processing
[2025-12-16T02:12:37.787+0000] {task_command.py:467} INFO - Running <TaskInstance: unified_sales_pipeline.run_bronze_processing manual__2025-12-16T02:12:22.635382+00:00 [running]> on host 4d0049057698
[2025-12-16T02:12:37.867+0000] {taskinstance.py:3134} INFO - Exporting env vars: AIRFLOW_CTX_DAG_OWNER='***' AIRFLOW_CTX_DAG_ID='unified_sales_pipeline' AIRFLOW_CTX_TASK_ID='run_bronze_processing' AIRFLOW_CTX_EXECUTION_DATE='2025-12-16T02:12:22.635382+00:00' AIRFLOW_CTX_TRY_NUMBER='1' AIRFLOW_CTX_DAG_RUN_ID='manual__2025-12-16T02:12:22.635382+00:00'
[2025-12-16T02:12:37.869+0000] {taskinstance.py:732} INFO - ::endgroup::
[2025-12-16T02:12:37.885+0000] {logging_mixin.py:190} INFO - 🚀 Submitting Bronze Spark job: docker exec spark-master spark-submit --master spark://spark-master:7077 --jars /opt/spark/jars/delta-spark_2.12-3.2.0.jar,/opt/spark/jars/delta-storage-3.2.0.jar,/opt/spark/jars/spark-sql-kafka-0-10_2.12-3.5.0.jar,/opt/spark/jars/spark-token-provider-kafka-0-10_2.12-3.5.0.jar,/opt/spark/jars/kafka-clients-3.4.1.jar,/opt/spark/jars/commons-pool2-2.11.1.jar --conf spark.sql.extensions=io.delta.sql.DeltaSparkSessionExtension --conf spark.sql.catalog.spark_catalog=org.apache.spark.sql.delta.catalog.DeltaCatalog --conf spark.driver.memory=1g --conf spark.executor.memory=1g /app/dags/spark_streaming_delta.py
[2025-12-16T02:13:07.410+0000] {logging_mixin.py:190} INFO - 🔍 Return code: 0
[2025-12-16T02:13:07.411+0000] {logging_mixin.py:190} INFO - ================================================================================
[2025-12-16T02:13:07.412+0000] {logging_mixin.py:190} INFO - STDOUT FULL (last 2000 chars):
[2025-12-16T02:13:07.412+0000] {logging_mixin.py:190} INFO - ================================================================================
[2025-12-16T02:13:07.412+0000] {logging_mixin.py:190} INFO - /delta: [Errno 1] Operation not permitted: '/tmp'
⚠️ Warning setting permissions for /tmp/delta/bronze: [Errno 1] Operation not permitted: '/tmp'
🔌 Connecting to Kafka...
✅ Connected to Kafka
25/12/16 02:12:46 WARN AdminClientConfig: These configurations '[key.deserializer, value.deserializer, enable.auto.commit, max.poll.records, auto.offset.reset]' were supplied but are not used yet.
📊 Found 100 messages in Kafka
📝 Writing to: /tmp/delta/bronze/ventes_stream
25/12/16 02:12:55 WARN SparkStringUtils: Truncated the string representation of a plan since it was too large. This behavior can be adjusted by setting 'spark.sql.debug.maxToStringFields'.
25/12/16 02:12:59 WARN AdminClientConfig: These configurations '[key.deserializer, value.deserializer, enable.auto.commit, max.poll.records, auto.offset.reset]' were supplied but are not used yet.
✅ Successfully wrote 100 records to Bronze layer!

📋 Sample of first 5 records:
25/12/16 02:13:03 WARN AdminClientConfig: These configurations '[key.deserializer, value.deserializer, enable.auto.commit, max.poll.records, auto.offset.reset]' were supplied but are not used yet.
+--------+------------+-------------------+-------+---------+
|vente_id|client_nom  |produit_nom        |montant|pays     |
+--------+------------+-------------------+-------+---------+
|2       |Jean Dupont |Livre Data Science |59.97  |France   |
|5       |Maria Garcia|Casque audio       |59.99  |Espagne  |
|6       |Paolo Rossi |Ordinateur portable|2699.97|Italie   |
|7       |John Smith  |Clavier mecanique  |150.0  |UK       |
|8       |Anna Mueller|Casque audio       |119.98 |Allemagne|
+--------+------------+-------------------+-------+---------+
only showing top 5 rows

✅ Verification: Read back 100 records from Delta table
🎉 Data integrity verified!
✅ Bronze processing completed successfully!
25/12/16 02:13:07 WARN Dispatcher: Message RemoteProcessDisconnected(172.18.0.11:46540) dropped. Could not find BlockManagerMasterHeartbeat.
Spark session stopped
[2025-12-16T02:13:07.413+0000] {logging_mixin.py:190} INFO - ================================================================================
[2025-12-16T02:13:07.413+0000] {logging_mixin.py:190} INFO - ✅ Bronze Spark job completed successfully (return code 0)
[2025-12-16T02:13:07.414+0000] {python.py:240} INFO - Done. Returned value was: True
[2025-12-16T02:13:07.439+0000] {taskinstance.py:341} INFO - ::group::Post task execution logs
[2025-12-16T02:13:07.440+0000] {taskinstance.py:353} INFO - Marking task as SUCCESS. dag_id=unified_sales_pipeline, task_id=run_bronze_processing, run_id=manual__2025-12-16T02:12:22.635382+00:00, execution_date=20251216T021222, start_date=20251216T021237, end_date=20251216T021307
[2025-12-16T02:13:07.504+0000] {local_task_job_runner.py:266} INFO - Task exited with return code 0
[2025-12-16T02:13:07.533+0000] {taskinstance.py:3901} INFO - 1 downstream tasks scheduled from follow-on schedule check
[2025-12-16T02:13:07.538+0000] {local_task_job_runner.py:245} INFO - ::endgroup::
