[2025-12-14T01:42:27.982+0000] {local_task_job_runner.py:123} INFO - ::group::Pre task execution logs
[2025-12-14T01:42:28.007+0000] {taskinstance.py:2614} INFO - Dependencies all met for dep_context=non-requeueable deps ti=<TaskInstance: unified_sales_pipeline.produce_sales_data manual__2025-12-14T01:42:21.334293+00:00 [queued]>
[2025-12-14T01:42:28.019+0000] {taskinstance.py:2614} INFO - Dependencies all met for dep_context=requeueable deps ti=<TaskInstance: unified_sales_pipeline.produce_sales_data manual__2025-12-14T01:42:21.334293+00:00 [queued]>
[2025-12-14T01:42:28.020+0000] {taskinstance.py:2867} INFO - Starting attempt 1 of 2
[2025-12-14T01:42:28.041+0000] {taskinstance.py:2890} INFO - Executing <Task(PythonOperator): produce_sales_data> on 2025-12-14 01:42:21.334293+00:00
[2025-12-14T01:42:28.049+0000] {warnings.py:112} WARNING - /home/***/.local/lib/python3.12/site-packages/***/task/task_runner/standard_task_runner.py:70: DeprecationWarning: This process (pid=126) is multi-threaded, use of fork() may lead to deadlocks in the child.
  pid = os.fork()

[2025-12-14T01:42:28.051+0000] {standard_task_runner.py:72} INFO - Started process 127 to run task
[2025-12-14T01:42:28.051+0000] {standard_task_runner.py:104} INFO - Running: ['***', 'tasks', 'run', 'unified_sales_pipeline', 'produce_sales_data', 'manual__2025-12-14T01:42:21.334293+00:00', '--job-id', '30', '--raw', '--subdir', 'DAGS_FOLDER/unified_sales_pipeline_dag.py', '--cfg-path', '/tmp/tmpllm5smhh']
[2025-12-14T01:42:28.052+0000] {standard_task_runner.py:105} INFO - Job 30: Subtask produce_sales_data
[2025-12-14T01:42:28.148+0000] {task_command.py:467} INFO - Running <TaskInstance: unified_sales_pipeline.produce_sales_data manual__2025-12-14T01:42:21.334293+00:00 [running]> on host 9df85806e5b4
[2025-12-14T01:42:28.267+0000] {taskinstance.py:3134} INFO - Exporting env vars: AIRFLOW_CTX_DAG_OWNER='***' AIRFLOW_CTX_DAG_ID='unified_sales_pipeline' AIRFLOW_CTX_TASK_ID='produce_sales_data' AIRFLOW_CTX_EXECUTION_DATE='2025-12-14T01:42:21.334293+00:00' AIRFLOW_CTX_TRY_NUMBER='1' AIRFLOW_CTX_DAG_RUN_ID='manual__2025-12-14T01:42:21.334293+00:00'
[2025-12-14T01:42:28.268+0000] {taskinstance.py:732} INFO - ::endgroup::
[2025-12-14T01:42:28.287+0000] {conn.py:396} INFO - <BrokerConnection client_id=kafka-python-producer-1, node_id=bootstrap-2 host=broker2:19093 <connecting> [IPv4 ('172.18.0.7', 19093)]>: connecting to broker2:19093 [('172.18.0.7', 19093) IPv4]
[2025-12-14T01:42:28.309+0000] {conn.py:618} INFO - <BrokerConnection client_id=kafka-python-producer-1, node_id=bootstrap-2 host=broker2:19093 <checking_api_versions_recv> [IPv4 ('172.18.0.7', 19093)]>: Broker version identified as 2.6
[2025-12-14T01:42:28.310+0000] {conn.py:457} INFO - <BrokerConnection client_id=kafka-python-producer-1, node_id=bootstrap-2 host=broker2:19093 <connected> [IPv4 ('172.18.0.7', 19093)]>: Connection complete.
[2025-12-14T01:42:28.314+0000] {logging_mixin.py:190} INFO - 🚀 Starting Kafka producer...
[2025-12-14T01:42:28.424+0000] {conn.py:396} INFO - <BrokerConnection client_id=kafka-python-producer-1, node_id=3 host=broker3:19094 <connecting> [IPv4 ('172.18.0.8', 19094)]>: connecting to broker3:19094 [('172.18.0.8', 19094) IPv4]
[2025-12-14T01:42:28.426+0000] {conn.py:457} INFO - <BrokerConnection client_id=kafka-python-producer-1, node_id=3 host=broker3:19094 <connected> [IPv4 ('172.18.0.8', 19094)]>: Connection complete.
[2025-12-14T01:42:28.427+0000] {conn.py:945} INFO - <BrokerConnection client_id=kafka-python-producer-1, node_id=bootstrap-2 host=broker2:19093 <connected> [IPv4 ('172.18.0.7', 19093)]>: Closing connection. 
[2025-12-14T01:42:28.898+0000] {cluster.py:316} ERROR - Topic ventes_stream not found in cluster metadata
[2025-12-14T01:42:29.006+0000] {cluster.py:316} ERROR - Topic ventes_stream not found in cluster metadata
[2025-12-14T01:42:29.110+0000] {cluster.py:316} ERROR - Topic ventes_stream not found in cluster metadata
[2025-12-14T01:42:29.214+0000] {cluster.py:316} ERROR - Topic ventes_stream not found in cluster metadata
[2025-12-14T01:42:29.317+0000] {cluster.py:316} ERROR - Topic ventes_stream not found in cluster metadata
[2025-12-14T01:42:29.425+0000] {cluster.py:316} ERROR - Topic ventes_stream not found in cluster metadata
[2025-12-14T01:42:29.529+0000] {cluster.py:316} ERROR - Topic ventes_stream not found in cluster metadata
[2025-12-14T01:42:29.633+0000] {cluster.py:316} ERROR - Topic ventes_stream not found in cluster metadata
[2025-12-14T01:42:29.737+0000] {cluster.py:316} ERROR - Topic ventes_stream not found in cluster metadata
[2025-12-14T01:42:29.840+0000] {cluster.py:316} ERROR - Topic ventes_stream not found in cluster metadata
[2025-12-14T01:42:30.017+0000] {logging_mixin.py:190} INFO - ✅ Sale 1: Souris sans fil - 25.5€
[2025-12-14T01:42:30.018+0000] {conn.py:396} INFO - <BrokerConnection client_id=kafka-python-producer-1, node_id=1 host=broker1:19092 <connecting> [IPv4 ('172.18.0.5', 19092)]>: connecting to broker1:19092 [('172.18.0.5', 19092) IPv4]
[2025-12-14T01:42:30.018+0000] {conn.py:457} INFO - <BrokerConnection client_id=kafka-python-producer-1, node_id=1 host=broker1:19092 <connected> [IPv4 ('172.18.0.5', 19092)]>: Connection complete.
[2025-12-14T01:42:30.218+0000] {logging_mixin.py:190} INFO - ✅ Sale 2: Livre Data Science - 39.98€
[2025-12-14T01:42:30.354+0000] {sender.py:471} WARNING - <Sender client_id=kafka-python-producer-1 transactional_id=None>: Got error produce response on topic-partition ('ventes_stream', 0), retrying (inf attempts left). Error: <class 'kafka.errors.NotLeaderForPartitionError'>
[2025-12-14T01:42:30.420+0000] {logging_mixin.py:190} INFO - ✅ Sale 3: Clavier mecanique - 225.0€
[2025-12-14T01:42:30.421+0000] {conn.py:396} INFO - <BrokerConnection client_id=kafka-python-producer-1, node_id=2 host=broker2:19093 <connecting> [IPv4 ('172.18.0.7', 19093)]>: connecting to broker2:19093 [('172.18.0.7', 19093) IPv4]
[2025-12-14T01:42:30.422+0000] {conn.py:457} INFO - <BrokerConnection client_id=kafka-python-producer-1, node_id=2 host=broker2:19093 <connected> [IPv4 ('172.18.0.7', 19093)]>: Connection complete.
[2025-12-14T01:42:30.622+0000] {logging_mixin.py:190} INFO - ✅ Sale 4: Souris sans fil - 51.0€
[2025-12-14T01:42:30.823+0000] {logging_mixin.py:190} INFO - ✅ Sale 5: Livre Data Science - 19.99€
[2025-12-14T01:42:31.026+0000] {logging_mixin.py:190} INFO - ✅ Sale 6: Souris sans fil - 76.5€
[2025-12-14T01:42:31.228+0000] {logging_mixin.py:190} INFO - ✅ Sale 7: Souris sans fil - 51.0€
[2025-12-14T01:42:31.429+0000] {logging_mixin.py:190} INFO - ✅ Sale 8: Livre Data Science - 59.97€
[2025-12-14T01:42:31.631+0000] {logging_mixin.py:190} INFO - ✅ Sale 9: Clavier mecanique - 150.0€
[2025-12-14T01:42:31.833+0000] {logging_mixin.py:190} INFO - ✅ Sale 10: Souris sans fil - 51.0€
[2025-12-14T01:42:32.034+0000] {logging_mixin.py:190} INFO - ✅ Sale 11: Livre Data Science - 39.98€
[2025-12-14T01:42:32.237+0000] {logging_mixin.py:190} INFO - ✅ Sale 12: Ordinateur portable - 1799.98€
[2025-12-14T01:42:32.438+0000] {logging_mixin.py:190} INFO - ✅ Sale 13: Souris sans fil - 76.5€
[2025-12-14T01:42:32.639+0000] {logging_mixin.py:190} INFO - ✅ Sale 14: Livre Data Science - 59.97€
[2025-12-14T01:42:32.841+0000] {logging_mixin.py:190} INFO - ✅ Sale 15: Souris sans fil - 76.5€
[2025-12-14T01:42:33.042+0000] {logging_mixin.py:190} INFO - ✅ Sale 16: Souris sans fil - 76.5€
[2025-12-14T01:42:33.244+0000] {logging_mixin.py:190} INFO - ✅ Sale 17: Ordinateur portable - 2699.97€
[2025-12-14T01:42:33.446+0000] {logging_mixin.py:190} INFO - ✅ Sale 18: Clavier mecanique - 225.0€
[2025-12-14T01:42:33.649+0000] {logging_mixin.py:190} INFO - ✅ Sale 19: Clavier mecanique - 225.0€
[2025-12-14T01:42:33.850+0000] {logging_mixin.py:190} INFO - ✅ Sale 20: Ordinateur portable - 899.99€
[2025-12-14T01:42:34.052+0000] {logging_mixin.py:190} INFO - ✅ Sale 21: Souris sans fil - 25.5€
[2025-12-14T01:42:34.253+0000] {logging_mixin.py:190} INFO - ✅ Sale 22: Clavier mecanique - 225.0€
[2025-12-14T01:42:34.455+0000] {logging_mixin.py:190} INFO - ✅ Sale 23: Livre Data Science - 59.97€
[2025-12-14T01:42:34.657+0000] {logging_mixin.py:190} INFO - ✅ Sale 24: Ordinateur portable - 1799.98€
[2025-12-14T01:42:34.859+0000] {logging_mixin.py:190} INFO - ✅ Sale 25: Livre Data Science - 19.99€
[2025-12-14T01:42:35.061+0000] {logging_mixin.py:190} INFO - ✅ Sale 26: Livre Data Science - 39.98€
[2025-12-14T01:42:35.263+0000] {logging_mixin.py:190} INFO - ✅ Sale 27: Ordinateur portable - 2699.97€
[2025-12-14T01:42:35.465+0000] {logging_mixin.py:190} INFO - ✅ Sale 28: Ordinateur portable - 2699.97€
[2025-12-14T01:42:35.666+0000] {logging_mixin.py:190} INFO - ✅ Sale 29: Souris sans fil - 51.0€
[2025-12-14T01:42:35.868+0000] {logging_mixin.py:190} INFO - ✅ Sale 30: Clavier mecanique - 75.0€
[2025-12-14T01:42:36.071+0000] {logging_mixin.py:190} INFO - ✅ Sale 31: Ordinateur portable - 1799.98€
[2025-12-14T01:42:36.273+0000] {logging_mixin.py:190} INFO - ✅ Sale 32: Clavier mecanique - 75.0€
[2025-12-14T01:42:36.475+0000] {logging_mixin.py:190} INFO - ✅ Sale 33: Casque audio - 59.99€
[2025-12-14T01:42:36.677+0000] {logging_mixin.py:190} INFO - ✅ Sale 34: Souris sans fil - 25.5€
[2025-12-14T01:42:36.879+0000] {logging_mixin.py:190} INFO - ✅ Sale 35: Casque audio - 179.97€
[2025-12-14T01:42:37.080+0000] {logging_mixin.py:190} INFO - ✅ Sale 36: Clavier mecanique - 225.0€
[2025-12-14T01:42:37.282+0000] {logging_mixin.py:190} INFO - ✅ Sale 37: Livre Data Science - 19.99€
[2025-12-14T01:42:37.483+0000] {logging_mixin.py:190} INFO - ✅ Sale 38: Casque audio - 119.98€
[2025-12-14T01:42:37.685+0000] {logging_mixin.py:190} INFO - ✅ Sale 39: Casque audio - 59.99€
[2025-12-14T01:42:37.887+0000] {logging_mixin.py:190} INFO - ✅ Sale 40: Casque audio - 59.99€
[2025-12-14T01:42:38.089+0000] {logging_mixin.py:190} INFO - ✅ Sale 41: Livre Data Science - 39.98€
[2025-12-14T01:42:38.291+0000] {logging_mixin.py:190} INFO - ✅ Sale 42: Ordinateur portable - 899.99€
[2025-12-14T01:42:38.496+0000] {logging_mixin.py:190} INFO - ✅ Sale 43: Casque audio - 59.99€
[2025-12-14T01:42:38.698+0000] {logging_mixin.py:190} INFO - ✅ Sale 44: Clavier mecanique - 225.0€
[2025-12-14T01:42:38.900+0000] {logging_mixin.py:190} INFO - ✅ Sale 45: Souris sans fil - 76.5€
[2025-12-14T01:42:39.102+0000] {logging_mixin.py:190} INFO - ✅ Sale 46: Ordinateur portable - 899.99€
[2025-12-14T01:42:39.304+0000] {logging_mixin.py:190} INFO - ✅ Sale 47: Livre Data Science - 19.99€
[2025-12-14T01:42:39.506+0000] {logging_mixin.py:190} INFO - ✅ Sale 48: Livre Data Science - 59.97€
[2025-12-14T01:42:39.708+0000] {logging_mixin.py:190} INFO - ✅ Sale 49: Clavier mecanique - 150.0€
[2025-12-14T01:42:39.912+0000] {logging_mixin.py:190} INFO - ✅ Sale 50: Casque audio - 119.98€
[2025-12-14T01:42:40.113+0000] {kafka.py:629} INFO - <KafkaProducer client_id=kafka-python-producer-1 transactional_id=None>: Closing the Kafka producer with 9223372036.0 secs timeout.
[2025-12-14T01:42:40.115+0000] {conn.py:945} INFO - <BrokerConnection client_id=kafka-python-producer-1, node_id=3 host=broker3:19094 <connected> [IPv4 ('172.18.0.8', 19094)]>: Closing connection. 
[2025-12-14T01:42:40.116+0000] {conn.py:945} INFO - <BrokerConnection client_id=kafka-python-producer-1, node_id=1 host=broker1:19092 <connected> [IPv4 ('172.18.0.5', 19092)]>: Closing connection. 
[2025-12-14T01:42:40.117+0000] {conn.py:945} INFO - <BrokerConnection client_id=kafka-python-producer-1, node_id=2 host=broker2:19093 <connected> [IPv4 ('172.18.0.7', 19093)]>: Closing connection. 
[2025-12-14T01:42:40.118+0000] {logging_mixin.py:190} INFO - ✅ Production completed: 50 sales sent to Kafka topic 'ventes_stream'
[2025-12-14T01:42:40.119+0000] {python.py:240} INFO - Done. Returned value was: None
[2025-12-14T01:42:40.138+0000] {taskinstance.py:341} INFO - ::group::Post task execution logs
[2025-12-14T01:42:40.140+0000] {taskinstance.py:353} INFO - Marking task as SUCCESS. dag_id=unified_sales_pipeline, task_id=produce_sales_data, run_id=manual__2025-12-14T01:42:21.334293+00:00, execution_date=20251214T014221, start_date=20251214T014228, end_date=20251214T014240
[2025-12-14T01:42:40.229+0000] {local_task_job_runner.py:266} INFO - Task exited with return code 0
[2025-12-14T01:42:40.290+0000] {taskinstance.py:3901} INFO - 1 downstream tasks scheduled from follow-on schedule check
[2025-12-14T01:42:40.296+0000] {local_task_job_runner.py:245} INFO - ::endgroup::
