[2025-12-16T03:04:14.342+0000] {local_task_job_runner.py:123} INFO - ::group::Pre task execution logs
[2025-12-16T03:04:14.357+0000] {taskinstance.py:2614} INFO - Dependencies all met for dep_context=non-requeueable deps ti=<TaskInstance: unified_sales_pipeline.produce_sales_data manual__2025-12-16T03:04:12.084554+00:00 [queued]>
[2025-12-16T03:04:14.364+0000] {taskinstance.py:2614} INFO - Dependencies all met for dep_context=requeueable deps ti=<TaskInstance: unified_sales_pipeline.produce_sales_data manual__2025-12-16T03:04:12.084554+00:00 [queued]>
[2025-12-16T03:04:14.365+0000] {taskinstance.py:2867} INFO - Starting attempt 1 of 2
[2025-12-16T03:04:14.376+0000] {taskinstance.py:2890} INFO - Executing <Task(PythonOperator): produce_sales_data> on 2025-12-16 03:04:12.084554+00:00
[2025-12-16T03:04:14.382+0000] {warnings.py:112} WARNING - /home/***/.local/lib/python3.12/site-packages/***/task/task_runner/standard_task_runner.py:70: DeprecationWarning: This process (pid=208) is multi-threaded, use of fork() may lead to deadlocks in the child.
  pid = os.fork()

[2025-12-16T03:04:14.384+0000] {standard_task_runner.py:72} INFO - Started process 209 to run task
[2025-12-16T03:04:14.384+0000] {standard_task_runner.py:104} INFO - Running: ['***', 'tasks', 'run', 'unified_sales_pipeline', 'produce_sales_data', 'manual__2025-12-16T03:04:12.084554+00:00', '--job-id', '73', '--raw', '--subdir', 'DAGS_FOLDER/unified_sales_pipeline_dag.py', '--cfg-path', '/tmp/tmp2kf6yl43']
[2025-12-16T03:04:14.385+0000] {standard_task_runner.py:105} INFO - Job 73: Subtask produce_sales_data
[2025-12-16T03:04:14.425+0000] {task_command.py:467} INFO - Running <TaskInstance: unified_sales_pipeline.produce_sales_data manual__2025-12-16T03:04:12.084554+00:00 [running]> on host 0f62de6a8431
[2025-12-16T03:04:14.490+0000] {taskinstance.py:3134} INFO - Exporting env vars: AIRFLOW_CTX_DAG_OWNER='***' AIRFLOW_CTX_DAG_ID='unified_sales_pipeline' AIRFLOW_CTX_TASK_ID='produce_sales_data' AIRFLOW_CTX_EXECUTION_DATE='2025-12-16T03:04:12.084554+00:00' AIRFLOW_CTX_TRY_NUMBER='1' AIRFLOW_CTX_DAG_RUN_ID='manual__2025-12-16T03:04:12.084554+00:00'
[2025-12-16T03:04:14.491+0000] {taskinstance.py:732} INFO - ::endgroup::
[2025-12-16T03:04:14.504+0000] {conn.py:396} INFO - <BrokerConnection client_id=kafka-python-producer-1, node_id=bootstrap-0 host=broker3:19094 <connecting> [IPv4 ('172.18.0.5', 19094)]>: connecting to broker3:19094 [('172.18.0.5', 19094) IPv4]
[2025-12-16T03:04:14.508+0000] {conn.py:618} INFO - <BrokerConnection client_id=kafka-python-producer-1, node_id=bootstrap-0 host=broker3:19094 <checking_api_versions_recv> [IPv4 ('172.18.0.5', 19094)]>: Broker version identified as 2.6
[2025-12-16T03:04:14.509+0000] {conn.py:457} INFO - <BrokerConnection client_id=kafka-python-producer-1, node_id=bootstrap-0 host=broker3:19094 <connected> [IPv4 ('172.18.0.5', 19094)]>: Connection complete.
[2025-12-16T03:04:14.512+0000] {logging_mixin.py:190} INFO - 🚀 Starting Kafka producer...
[2025-12-16T03:04:14.615+0000] {conn.py:396} INFO - <BrokerConnection client_id=kafka-python-producer-1, node_id=3 host=broker3:19094 <connecting> [IPv4 ('172.18.0.5', 19094)]>: connecting to broker3:19094 [('172.18.0.5', 19094) IPv4]
[2025-12-16T03:04:14.616+0000] {conn.py:457} INFO - <BrokerConnection client_id=kafka-python-producer-1, node_id=3 host=broker3:19094 <connected> [IPv4 ('172.18.0.5', 19094)]>: Connection complete.
[2025-12-16T03:04:14.617+0000] {conn.py:945} INFO - <BrokerConnection client_id=kafka-python-producer-1, node_id=bootstrap-0 host=broker3:19094 <connected> [IPv4 ('172.18.0.5', 19094)]>: Closing connection. 
[2025-12-16T03:04:14.619+0000] {logging_mixin.py:190} INFO - ✅ Sale 1: Ordinateur portable - 2699.97€
[2025-12-16T03:04:14.620+0000] {conn.py:396} INFO - <BrokerConnection client_id=kafka-python-producer-1, node_id=2 host=broker2:19093 <connecting> [IPv4 ('172.18.0.4', 19093)]>: connecting to broker2:19093 [('172.18.0.4', 19093) IPv4]
[2025-12-16T03:04:14.621+0000] {conn.py:457} INFO - <BrokerConnection client_id=kafka-python-producer-1, node_id=2 host=broker2:19093 <connected> [IPv4 ('172.18.0.4', 19093)]>: Connection complete.
[2025-12-16T03:04:14.821+0000] {logging_mixin.py:190} INFO - ✅ Sale 2: Livre Data Science - 59.97€
[2025-12-16T03:04:15.022+0000] {logging_mixin.py:190} INFO - ✅ Sale 3: Ordinateur portable - 2699.97€
[2025-12-16T03:04:15.224+0000] {logging_mixin.py:190} INFO - ✅ Sale 4: Casque audio - 179.97€
[2025-12-16T03:04:15.425+0000] {logging_mixin.py:190} INFO - ✅ Sale 5: Casque audio - 119.98€
[2025-12-16T03:04:15.627+0000] {logging_mixin.py:190} INFO - ✅ Sale 6: Clavier mecanique - 225.0€
[2025-12-16T03:04:15.628+0000] {conn.py:396} INFO - <BrokerConnection client_id=kafka-python-producer-1, node_id=1 host=broker1:19092 <connecting> [IPv4 ('172.18.0.7', 19092)]>: connecting to broker1:19092 [('172.18.0.7', 19092) IPv4]
[2025-12-16T03:04:15.628+0000] {conn.py:457} INFO - <BrokerConnection client_id=kafka-python-producer-1, node_id=1 host=broker1:19092 <connected> [IPv4 ('172.18.0.7', 19092)]>: Connection complete.
[2025-12-16T03:04:15.828+0000] {logging_mixin.py:190} INFO - ✅ Sale 7: Casque audio - 59.99€
[2025-12-16T03:04:16.029+0000] {logging_mixin.py:190} INFO - ✅ Sale 8: Ordinateur portable - 1799.98€
[2025-12-16T03:04:16.231+0000] {logging_mixin.py:190} INFO - ✅ Sale 9: Souris sans fil - 25.5€
[2025-12-16T03:04:16.433+0000] {logging_mixin.py:190} INFO - ✅ Sale 10: Casque audio - 119.98€
[2025-12-16T03:04:16.634+0000] {logging_mixin.py:190} INFO - ✅ Sale 11: Clavier mecanique - 225.0€
[2025-12-16T03:04:16.835+0000] {logging_mixin.py:190} INFO - ✅ Sale 12: Casque audio - 59.99€
[2025-12-16T03:04:17.036+0000] {logging_mixin.py:190} INFO - ✅ Sale 13: Casque audio - 59.99€
[2025-12-16T03:04:17.238+0000] {logging_mixin.py:190} INFO - ✅ Sale 14: Ordinateur portable - 2699.97€
[2025-12-16T03:04:17.439+0000] {logging_mixin.py:190} INFO - ✅ Sale 15: Livre Data Science - 59.97€
[2025-12-16T03:04:17.641+0000] {logging_mixin.py:190} INFO - ✅ Sale 16: Souris sans fil - 76.5€
[2025-12-16T03:04:17.842+0000] {logging_mixin.py:190} INFO - ✅ Sale 17: Clavier mecanique - 75.0€
[2025-12-16T03:04:18.043+0000] {logging_mixin.py:190} INFO - ✅ Sale 18: Ordinateur portable - 2699.97€
[2025-12-16T03:04:18.245+0000] {logging_mixin.py:190} INFO - ✅ Sale 19: Clavier mecanique - 75.0€
[2025-12-16T03:04:18.446+0000] {logging_mixin.py:190} INFO - ✅ Sale 20: Souris sans fil - 51.0€
[2025-12-16T03:04:18.648+0000] {logging_mixin.py:190} INFO - ✅ Sale 21: Clavier mecanique - 150.0€
[2025-12-16T03:04:18.849+0000] {logging_mixin.py:190} INFO - ✅ Sale 22: Souris sans fil - 76.5€
[2025-12-16T03:04:19.051+0000] {logging_mixin.py:190} INFO - ✅ Sale 23: Livre Data Science - 39.98€
[2025-12-16T03:04:19.252+0000] {logging_mixin.py:190} INFO - ✅ Sale 24: Clavier mecanique - 75.0€
[2025-12-16T03:04:19.455+0000] {logging_mixin.py:190} INFO - ✅ Sale 25: Livre Data Science - 59.97€
[2025-12-16T03:04:19.656+0000] {logging_mixin.py:190} INFO - ✅ Sale 26: Casque audio - 119.98€
[2025-12-16T03:04:19.857+0000] {logging_mixin.py:190} INFO - ✅ Sale 27: Souris sans fil - 25.5€
[2025-12-16T03:04:20.059+0000] {logging_mixin.py:190} INFO - ✅ Sale 28: Souris sans fil - 25.5€
[2025-12-16T03:04:20.262+0000] {logging_mixin.py:190} INFO - ✅ Sale 29: Clavier mecanique - 225.0€
[2025-12-16T03:04:20.463+0000] {logging_mixin.py:190} INFO - ✅ Sale 30: Casque audio - 59.99€
[2025-12-16T03:04:20.666+0000] {logging_mixin.py:190} INFO - ✅ Sale 31: Clavier mecanique - 75.0€
[2025-12-16T03:04:20.868+0000] {logging_mixin.py:190} INFO - ✅ Sale 32: Casque audio - 179.97€
[2025-12-16T03:04:21.070+0000] {logging_mixin.py:190} INFO - ✅ Sale 33: Casque audio - 59.99€
[2025-12-16T03:04:21.272+0000] {logging_mixin.py:190} INFO - ✅ Sale 34: Livre Data Science - 19.99€
[2025-12-16T03:04:21.473+0000] {logging_mixin.py:190} INFO - ✅ Sale 35: Livre Data Science - 19.99€
[2025-12-16T03:04:21.674+0000] {logging_mixin.py:190} INFO - ✅ Sale 36: Ordinateur portable - 1799.98€
[2025-12-16T03:04:21.876+0000] {logging_mixin.py:190} INFO - ✅ Sale 37: Livre Data Science - 19.99€
[2025-12-16T03:04:22.078+0000] {logging_mixin.py:190} INFO - ✅ Sale 38: Ordinateur portable - 1799.98€
[2025-12-16T03:04:22.280+0000] {logging_mixin.py:190} INFO - ✅ Sale 39: Souris sans fil - 76.5€
[2025-12-16T03:04:22.481+0000] {logging_mixin.py:190} INFO - ✅ Sale 40: Clavier mecanique - 150.0€
[2025-12-16T03:04:22.683+0000] {logging_mixin.py:190} INFO - ✅ Sale 41: Souris sans fil - 76.5€
[2025-12-16T03:04:22.885+0000] {logging_mixin.py:190} INFO - ✅ Sale 42: Livre Data Science - 39.98€
[2025-12-16T03:04:23.087+0000] {logging_mixin.py:190} INFO - ✅ Sale 43: Livre Data Science - 59.97€
[2025-12-16T03:04:23.289+0000] {logging_mixin.py:190} INFO - ✅ Sale 44: Clavier mecanique - 75.0€
[2025-12-16T03:04:23.491+0000] {logging_mixin.py:190} INFO - ✅ Sale 45: Ordinateur portable - 2699.97€
[2025-12-16T03:04:23.692+0000] {logging_mixin.py:190} INFO - ✅ Sale 46: Casque audio - 119.98€
[2025-12-16T03:04:23.894+0000] {logging_mixin.py:190} INFO - ✅ Sale 47: Souris sans fil - 25.5€
[2025-12-16T03:04:24.096+0000] {logging_mixin.py:190} INFO - ✅ Sale 48: Livre Data Science - 19.99€
[2025-12-16T03:04:24.298+0000] {logging_mixin.py:190} INFO - ✅ Sale 49: Souris sans fil - 25.5€
[2025-12-16T03:04:24.499+0000] {logging_mixin.py:190} INFO - ✅ Sale 50: Clavier mecanique - 150.0€
[2025-12-16T03:04:24.701+0000] {kafka.py:629} INFO - <KafkaProducer client_id=kafka-python-producer-1 transactional_id=None>: Closing the Kafka producer with 9223372036.0 secs timeout.
[2025-12-16T03:04:24.702+0000] {conn.py:945} INFO - <BrokerConnection client_id=kafka-python-producer-1, node_id=3 host=broker3:19094 <connected> [IPv4 ('172.18.0.5', 19094)]>: Closing connection. 
[2025-12-16T03:04:24.703+0000] {conn.py:945} INFO - <BrokerConnection client_id=kafka-python-producer-1, node_id=2 host=broker2:19093 <connected> [IPv4 ('172.18.0.4', 19093)]>: Closing connection. 
[2025-12-16T03:04:24.703+0000] {conn.py:945} INFO - <BrokerConnection client_id=kafka-python-producer-1, node_id=1 host=broker1:19092 <connected> [IPv4 ('172.18.0.7', 19092)]>: Closing connection. 
[2025-12-16T03:04:24.704+0000] {logging_mixin.py:190} INFO - ✅ Production completed: 50 sales sent to Kafka topic 'ventes_stream'
[2025-12-16T03:04:24.705+0000] {python.py:240} INFO - Done. Returned value was: None
[2025-12-16T03:04:24.715+0000] {taskinstance.py:341} INFO - ::group::Post task execution logs
[2025-12-16T03:04:24.716+0000] {taskinstance.py:353} INFO - Marking task as SUCCESS. dag_id=unified_sales_pipeline, task_id=produce_sales_data, run_id=manual__2025-12-16T03:04:12.084554+00:00, execution_date=20251216T030412, start_date=20251216T030414, end_date=20251216T030424
[2025-12-16T03:04:24.745+0000] {local_task_job_runner.py:266} INFO - Task exited with return code 0
[2025-12-16T03:04:24.773+0000] {taskinstance.py:3901} INFO - 1 downstream tasks scheduled from follow-on schedule check
[2025-12-16T03:04:24.776+0000] {local_task_job_runner.py:245} INFO - ::endgroup::
