[2025-11-23T06:42:10.745+0000] {local_task_job_runner.py:123} INFO - ::group::Pre task execution logs
[2025-11-23T06:42:10.763+0000] {taskinstance.py:2614} INFO - Dependencies all met for dep_context=non-requeueable deps ti=<TaskInstance: spark_streaming_processor.submit_spark_streaming manual__2025-11-23T06:42:08.140737+00:00 [queued]>
[2025-11-23T06:42:10.770+0000] {taskinstance.py:2614} INFO - Dependencies all met for dep_context=requeueable deps ti=<TaskInstance: spark_streaming_processor.submit_spark_streaming manual__2025-11-23T06:42:08.140737+00:00 [queued]>
[2025-11-23T06:42:10.771+0000] {taskinstance.py:2867} INFO - Starting attempt 1 of 2
[2025-11-23T06:42:10.780+0000] {taskinstance.py:2890} INFO - Executing <Task(PythonOperator): submit_spark_streaming> on 2025-11-23 06:42:08.140737+00:00
[2025-11-23T06:42:10.785+0000] {warnings.py:112} WARNING - /home/***/.local/lib/python3.12/site-packages/***/task/task_runner/standard_task_runner.py:70: DeprecationWarning: This process (pid=44) is multi-threaded, use of fork() may lead to deadlocks in the child.
  pid = os.fork()

[2025-11-23T06:42:10.787+0000] {standard_task_runner.py:72} INFO - Started process 45 to run task
[2025-11-23T06:42:10.786+0000] {standard_task_runner.py:104} INFO - Running: ['***', 'tasks', 'run', 'spark_streaming_processor', 'submit_spark_streaming', 'manual__2025-11-23T06:42:08.140737+00:00', '--job-id', '40', '--raw', '--subdir', 'DAGS_FOLDER/spark_streaming_processor_dag.py', '--cfg-path', '/tmp/tmp4s73ptwc']
[2025-11-23T06:42:10.788+0000] {standard_task_runner.py:105} INFO - Job 40: Subtask submit_spark_streaming
[2025-11-23T06:42:10.826+0000] {task_command.py:467} INFO - Running <TaskInstance: spark_streaming_processor.submit_spark_streaming manual__2025-11-23T06:42:08.140737+00:00 [running]> on host a4fdedaef2ff
[2025-11-23T06:42:10.885+0000] {taskinstance.py:3134} INFO - Exporting env vars: AIRFLOW_CTX_DAG_OWNER='***' AIRFLOW_CTX_DAG_ID='spark_streaming_processor' AIRFLOW_CTX_TASK_ID='submit_spark_streaming' AIRFLOW_CTX_EXECUTION_DATE='2025-11-23T06:42:08.140737+00:00' AIRFLOW_CTX_TRY_NUMBER='1' AIRFLOW_CTX_DAG_RUN_ID='manual__2025-11-23T06:42:08.140737+00:00'
[2025-11-23T06:42:10.886+0000] {taskinstance.py:732} INFO - ::endgroup::
[2025-11-23T06:42:10.907+0000] {logging_mixin.py:190} INFO - ðŸš€ Submitting Spark streaming job: docker exec spark-master spark-submit --master spark://spark-master:7077 --packages io.delta:delta-spark_2.12:3.2.0 --conf spark.sql.extensions=io.delta.sql.DeltaSparkSessionExtension --conf spark.sql.catalog.spark_catalog=org.apache.spark.sql.delta.catalog.DeltaCatalog --conf spark.driver.memory=1g --conf spark.executor.memory=1g /app/dags/spark_streaming_delta.py
[2025-11-23T06:42:10.908+0000] {logging_mixin.py:190} INFO - âœ… Spark streaming job submitted with PID: 47
[2025-11-23T06:42:10.909+0000] {logging_mixin.py:190} INFO - â³ Job will run for 60 seconds to process messages...
[2025-11-23T06:42:10.910+0000] {logging_mixin.py:190} INFO - 
--- SPARK OUTPUT START ---
[2025-11-23T06:42:12.369+0000] {logging_mixin.py:190} INFO - :: loading settings :: url = jar:file:/opt/spark/jars/ivy-2.5.1.jar!/org/apache/ivy/core/settings/ivysettings.xml
[2025-11-23T06:42:12.448+0000] {logging_mixin.py:190} INFO - Ivy Default Cache set to: /home/spark/.ivy2/cache
[2025-11-23T06:42:12.449+0000] {logging_mixin.py:190} INFO - The jars for the packages stored in: /home/spark/.ivy2/jars
[2025-11-23T06:42:12.452+0000] {logging_mixin.py:190} INFO - io.delta#delta-spark_2.12 added as a dependency
[2025-11-23T06:42:12.452+0000] {logging_mixin.py:190} INFO - :: resolving dependencies :: org.apache.spark#spark-submit-parent-21058b8b-154f-4d88-974c-01a836654af3;1.0
[2025-11-23T06:42:12.452+0000] {logging_mixin.py:190} INFO - confs: [default]
[2025-11-23T06:42:13.139+0000] {logging_mixin.py:190} INFO - found io.delta#delta-spark_2.12;3.2.0 in central
[2025-11-23T06:42:13.371+0000] {logging_mixin.py:190} INFO - found io.delta#delta-storage;3.2.0 in central
[2025-11-23T06:42:14.521+0000] {logging_mixin.py:190} INFO - found org.antlr#antlr4-runtime;4.9.3 in central
[2025-11-23T06:42:14.588+0000] {logging_mixin.py:190} INFO - downloading https://repo1.maven.org/maven2/io/delta/delta-spark_2.12/3.2.0/delta-spark_2.12-3.2.0.jar ...
[2025-11-23T06:42:18.002+0000] {logging_mixin.py:190} INFO - [SUCCESSFUL ] io.delta#delta-spark_2.12;3.2.0!delta-spark_2.12.jar (3464ms)
[2025-11-23T06:42:18.057+0000] {logging_mixin.py:190} INFO - downloading https://repo1.maven.org/maven2/io/delta/delta-storage/3.2.0/delta-storage-3.2.0.jar ...
[2025-11-23T06:42:18.119+0000] {logging_mixin.py:190} INFO - [SUCCESSFUL ] io.delta#delta-storage;3.2.0!delta-storage.jar (116ms)
[2025-11-23T06:42:18.173+0000] {logging_mixin.py:190} INFO - downloading https://repo1.maven.org/maven2/org/antlr/antlr4-runtime/4.9.3/antlr4-runtime-4.9.3.jar ...
[2025-11-23T06:42:18.420+0000] {logging_mixin.py:190} INFO - [SUCCESSFUL ] org.antlr#antlr4-runtime;4.9.3!antlr4-runtime.jar (298ms)
[2025-11-23T06:42:18.421+0000] {logging_mixin.py:190} INFO - :: resolution report :: resolve 2084ms :: artifacts dl 3884ms
[2025-11-23T06:42:18.422+0000] {logging_mixin.py:190} INFO - :: modules in use:
[2025-11-23T06:42:18.422+0000] {logging_mixin.py:190} INFO - io.delta#delta-spark_2.12;3.2.0 from central in [default]
[2025-11-23T06:42:18.423+0000] {logging_mixin.py:190} INFO - io.delta#delta-storage;3.2.0 from central in [default]
[2025-11-23T06:42:18.423+0000] {logging_mixin.py:190} INFO - org.antlr#antlr4-runtime;4.9.3 from central in [default]
[2025-11-23T06:42:18.424+0000] {logging_mixin.py:190} INFO - ---------------------------------------------------------------------
[2025-11-23T06:42:18.425+0000] {logging_mixin.py:190} INFO - |                  |            modules            ||   artifacts   |
[2025-11-23T06:42:18.425+0000] {logging_mixin.py:190} INFO - |       conf       | number| search|dwnlded|evicted|| number|dwnlded|
[2025-11-23T06:42:18.426+0000] {logging_mixin.py:190} INFO - ---------------------------------------------------------------------
[2025-11-23T06:42:18.426+0000] {logging_mixin.py:190} INFO - |      default     |   3   |   3   |   3   |   0   ||   3   |   3   |
[2025-11-23T06:42:18.427+0000] {logging_mixin.py:190} INFO - ---------------------------------------------------------------------
[2025-11-23T06:42:18.428+0000] {logging_mixin.py:190} INFO - :: retrieving :: org.apache.spark#spark-submit-parent-21058b8b-154f-4d88-974c-01a836654af3
[2025-11-23T06:42:18.428+0000] {logging_mixin.py:190} INFO - confs: [default]
[2025-11-23T06:42:18.472+0000] {logging_mixin.py:190} INFO - 3 artifacts copied, 0 already retrieved (6321kB/45ms)
[2025-11-23T06:42:18.629+0000] {logging_mixin.py:190} INFO - 25/11/23 06:42:18 WARN NativeCodeLoader: Unable to load native-hadoop library for your platform... using builtin-java classes where applicable
[2025-11-23T06:42:19.653+0000] {logging_mixin.py:190} INFO - 25/11/23 06:42:19 INFO SparkContext: Running Spark version 3.5.5
[2025-11-23T06:42:19.655+0000] {logging_mixin.py:190} INFO - 25/11/23 06:42:19 INFO SparkContext: OS info Linux, 5.15.167.4-microsoft-standard-WSL2, amd64
[2025-11-23T06:42:19.655+0000] {logging_mixin.py:190} INFO - 25/11/23 06:42:19 INFO SparkContext: Java version 17.0.14
[2025-11-23T06:42:19.677+0000] {logging_mixin.py:190} INFO - 25/11/23 06:42:19 INFO ResourceUtils: ==============================================================
[2025-11-23T06:42:19.677+0000] {logging_mixin.py:190} INFO - 25/11/23 06:42:19 INFO ResourceUtils: No custom resources configured for spark.driver.
[2025-11-23T06:42:19.678+0000] {logging_mixin.py:190} INFO - 25/11/23 06:42:19 INFO ResourceUtils: ==============================================================
[2025-11-23T06:42:19.678+0000] {logging_mixin.py:190} INFO - 25/11/23 06:42:19 INFO SparkContext: Submitted application: KafkaToDeltaBatch
[2025-11-23T06:42:19.701+0000] {logging_mixin.py:190} INFO - 25/11/23 06:42:19 INFO ResourceProfile: Default ResourceProfile created, executor resources: Map(memory -> name: memory, amount: 1024, script: , vendor: , offHeap -> name: offHeap, amount: 0, script: , vendor: ), task resources: Map(cpus -> name: cpus, amount: 1.0)
[2025-11-23T06:42:19.707+0000] {logging_mixin.py:190} INFO - 25/11/23 06:42:19 INFO ResourceProfile: Limiting resource is cpu
[2025-11-23T06:42:19.707+0000] {logging_mixin.py:190} INFO - 25/11/23 06:42:19 INFO ResourceProfileManager: Added ResourceProfile id: 0
[2025-11-23T06:42:19.767+0000] {logging_mixin.py:190} INFO - 25/11/23 06:42:19 INFO SecurityManager: Changing view acls to: spark
[2025-11-23T06:42:19.768+0000] {logging_mixin.py:190} INFO - 25/11/23 06:42:19 INFO SecurityManager: Changing modify acls to: spark
[2025-11-23T06:42:19.769+0000] {logging_mixin.py:190} INFO - 25/11/23 06:42:19 INFO SecurityManager: Changing view acls groups to:
[2025-11-23T06:42:19.770+0000] {logging_mixin.py:190} INFO - 25/11/23 06:42:19 INFO SecurityManager: Changing modify acls groups to:
[2025-11-23T06:42:19.770+0000] {logging_mixin.py:190} INFO - 25/11/23 06:42:19 INFO SecurityManager: SecurityManager: authentication disabled; ui acls disabled; users with view permissions: spark; groups with view permissions: EMPTY; users with modify permissions: spark; groups with modify permissions: EMPTY
[2025-11-23T06:42:19.922+0000] {logging_mixin.py:190} INFO - 25/11/23 06:42:19 INFO Utils: Successfully started service 'sparkDriver' on port 46257.
[2025-11-23T06:42:19.965+0000] {logging_mixin.py:190} INFO - 25/11/23 06:42:19 INFO SparkEnv: Registering MapOutputTracker
[2025-11-23T06:42:19.988+0000] {logging_mixin.py:190} INFO - 25/11/23 06:42:19 INFO SparkEnv: Registering BlockManagerMaster
[2025-11-23T06:42:19.999+0000] {logging_mixin.py:190} INFO - 25/11/23 06:42:19 INFO BlockManagerMasterEndpoint: Using org.apache.spark.storage.DefaultTopologyMapper for getting topology information
[2025-11-23T06:42:20.000+0000] {logging_mixin.py:190} INFO - 25/11/23 06:42:19 INFO BlockManagerMasterEndpoint: BlockManagerMasterEndpoint up
[2025-11-23T06:42:20.004+0000] {logging_mixin.py:190} INFO - 25/11/23 06:42:20 INFO SparkEnv: Registering BlockManagerMasterHeartbeat
[2025-11-23T06:42:20.021+0000] {logging_mixin.py:190} INFO - 25/11/23 06:42:20 INFO DiskBlockManager: Created local directory at /tmp/blockmgr-a8f2a859-121f-4098-9a76-fafce363e637
[2025-11-23T06:42:20.033+0000] {logging_mixin.py:190} INFO - 25/11/23 06:42:20 INFO MemoryStore: MemoryStore started with capacity 434.4 MiB
[2025-11-23T06:42:20.048+0000] {logging_mixin.py:190} INFO - 25/11/23 06:42:20 INFO SparkEnv: Registering OutputCommitCoordinator
[2025-11-23T06:42:20.087+0000] {logging_mixin.py:190} INFO - 25/11/23 06:42:20 INFO log: Logging initialized @8881ms to org.sparkproject.jetty.util.log.Slf4jLog
[2025-11-23T06:42:20.163+0000] {logging_mixin.py:190} INFO - 25/11/23 06:42:20 INFO JettyUtils: Start Jetty 0.0.0.0:4040 for SparkUI
[2025-11-23T06:42:20.177+0000] {logging_mixin.py:190} INFO - 25/11/23 06:42:20 INFO Server: jetty-9.4.56.v20240826; built: 2024-08-26T17:15:05.868Z; git: ec6782ff5ead824dabdcf47fa98f90a4aedff401; jvm 17.0.14+7
[2025-11-23T06:42:20.195+0000] {logging_mixin.py:190} INFO - 25/11/23 06:42:20 INFO Server: Started @8989ms
[2025-11-23T06:42:20.226+0000] {logging_mixin.py:190} INFO - 25/11/23 06:42:20 INFO AbstractConnector: Started ServerConnector@606494d9{HTTP/1.1, (http/1.1)}{0.0.0.0:4040}
[2025-11-23T06:42:20.227+0000] {logging_mixin.py:190} INFO - 25/11/23 06:42:20 INFO Utils: Successfully started service 'SparkUI' on port 4040.
[2025-11-23T06:42:20.254+0000] {logging_mixin.py:190} INFO - 25/11/23 06:42:20 INFO ContextHandler: Started o.s.j.s.ServletContextHandler@7bc7912d{/,null,AVAILABLE,@Spark}
[2025-11-23T06:42:20.300+0000] {logging_mixin.py:190} INFO - 25/11/23 06:42:20 INFO SparkContext: Added JAR file:///opt/spark/jars/delta-spark_2.12-3.2.0.jar at spark://spark-master:46257/jars/delta-spark_2.12-3.2.0.jar with timestamp 1763880139646
[2025-11-23T06:42:20.301+0000] {logging_mixin.py:190} INFO - 25/11/23 06:42:20 INFO SparkContext: Added JAR file:///opt/spark/jars/delta-storage-3.2.0.jar at spark://spark-master:46257/jars/delta-storage-3.2.0.jar with timestamp 1763880139646
[2025-11-23T06:42:20.301+0000] {logging_mixin.py:190} INFO - 25/11/23 06:42:20 INFO SparkContext: Added JAR file:///opt/spark/jars/spark-sql-kafka-0-10_2.12-3.5.5.jar at spark://spark-master:46257/jars/spark-sql-kafka-0-10_2.12-3.5.5.jar with timestamp 1763880139646
[2025-11-23T06:42:20.302+0000] {logging_mixin.py:190} INFO - 25/11/23 06:42:20 INFO SparkContext: Added JAR file:///opt/spark/jars/spark-token-provider-kafka-0-10_2.12-3.5.5.jar at spark://spark-master:46257/jars/spark-token-provider-kafka-0-10_2.12-3.5.5.jar with timestamp 1763880139646
[2025-11-23T06:42:20.303+0000] {logging_mixin.py:190} INFO - 25/11/23 06:42:20 INFO SparkContext: Added JAR file:///opt/spark/jars/kafka-clients-3.4.1.jar at spark://spark-master:46257/jars/kafka-clients-3.4.1.jar with timestamp 1763880139646
[2025-11-23T06:42:20.303+0000] {logging_mixin.py:190} INFO - 25/11/23 06:42:20 INFO SparkContext: Added JAR file:///opt/spark/jars/commons-pool2-2.11.1.jar at spark://spark-master:46257/jars/commons-pool2-2.11.1.jar with timestamp 1763880139646
[2025-11-23T06:42:20.303+0000] {logging_mixin.py:190} INFO - 25/11/23 06:42:20 INFO SparkContext: Added JAR file:///home/spark/.ivy2/jars/io.delta_delta-spark_2.12-3.2.0.jar at spark://spark-master:46257/jars/io.delta_delta-spark_2.12-3.2.0.jar with timestamp 1763880139646
[2025-11-23T06:42:20.304+0000] {logging_mixin.py:190} INFO - 25/11/23 06:42:20 INFO SparkContext: Added JAR file:///home/spark/.ivy2/jars/io.delta_delta-storage-3.2.0.jar at spark://spark-master:46257/jars/io.delta_delta-storage-3.2.0.jar with timestamp 1763880139646
[2025-11-23T06:42:20.304+0000] {logging_mixin.py:190} INFO - 25/11/23 06:42:20 INFO SparkContext: Added JAR file:///home/spark/.ivy2/jars/org.antlr_antlr4-runtime-4.9.3.jar at spark://spark-master:46257/jars/org.antlr_antlr4-runtime-4.9.3.jar with timestamp 1763880139646
[2025-11-23T06:42:20.305+0000] {logging_mixin.py:190} INFO - 25/11/23 06:42:20 INFO SparkContext: Added file file:///home/spark/.ivy2/jars/io.delta_delta-spark_2.12-3.2.0.jar at spark://spark-master:46257/files/io.delta_delta-spark_2.12-3.2.0.jar with timestamp 1763880139646
[2025-11-23T06:42:20.305+0000] {logging_mixin.py:190} INFO - 25/11/23 06:42:20 INFO Utils: Copying /home/spark/.ivy2/jars/io.delta_delta-spark_2.12-3.2.0.jar to /tmp/spark-9b974b4b-5df7-42b2-8135-77ea201e1a63/userFiles-5aa73257-9a5b-4070-82c6-2145bfdfb2be/io.delta_delta-spark_2.12-3.2.0.jar
[2025-11-23T06:42:20.327+0000] {logging_mixin.py:190} INFO - 25/11/23 06:42:20 INFO SparkContext: Added file file:///home/spark/.ivy2/jars/io.delta_delta-storage-3.2.0.jar at spark://spark-master:46257/files/io.delta_delta-storage-3.2.0.jar with timestamp 1763880139646
[2025-11-23T06:42:20.328+0000] {logging_mixin.py:190} INFO - 25/11/23 06:42:20 INFO Utils: Copying /home/spark/.ivy2/jars/io.delta_delta-storage-3.2.0.jar to /tmp/spark-9b974b4b-5df7-42b2-8135-77ea201e1a63/userFiles-5aa73257-9a5b-4070-82c6-2145bfdfb2be/io.delta_delta-storage-3.2.0.jar
[2025-11-23T06:42:20.329+0000] {logging_mixin.py:190} INFO - 25/11/23 06:42:20 INFO SparkContext: Added file file:///home/spark/.ivy2/jars/org.antlr_antlr4-runtime-4.9.3.jar at spark://spark-master:46257/files/org.antlr_antlr4-runtime-4.9.3.jar with timestamp 1763880139646
[2025-11-23T06:42:20.330+0000] {logging_mixin.py:190} INFO - 25/11/23 06:42:20 INFO Utils: Copying /home/spark/.ivy2/jars/org.antlr_antlr4-runtime-4.9.3.jar to /tmp/spark-9b974b4b-5df7-42b2-8135-77ea201e1a63/userFiles-5aa73257-9a5b-4070-82c6-2145bfdfb2be/org.antlr_antlr4-runtime-4.9.3.jar
[2025-11-23T06:42:20.409+0000] {logging_mixin.py:190} INFO - 25/11/23 06:42:20 INFO StandaloneAppClient$ClientEndpoint: Connecting to master spark://spark-master:7077...
[2025-11-23T06:42:20.443+0000] {logging_mixin.py:190} INFO - 25/11/23 06:42:20 INFO TransportClientFactory: Successfully created connection to spark-master/172.18.0.6:7077 after 19 ms (0 ms spent in bootstraps)
[2025-11-23T06:42:20.625+0000] {logging_mixin.py:190} INFO - 25/11/23 06:42:20 INFO StandaloneSchedulerBackend: Connected to Spark cluster with app ID app-20251123064220-0000
[2025-11-23T06:42:20.633+0000] {logging_mixin.py:190} INFO - 25/11/23 06:42:20 INFO Utils: Successfully started service 'org.apache.spark.network.netty.NettyBlockTransferService' on port 37297.
[2025-11-23T06:42:20.634+0000] {logging_mixin.py:190} INFO - 25/11/23 06:42:20 INFO NettyBlockTransferService: Server created on spark-master:37297
[2025-11-23T06:42:20.635+0000] {logging_mixin.py:190} INFO - 25/11/23 06:42:20 INFO BlockManager: Using org.apache.spark.storage.RandomBlockReplicationPolicy for block replication policy
[2025-11-23T06:42:20.644+0000] {logging_mixin.py:190} INFO - 25/11/23 06:42:20 INFO StandaloneAppClient$ClientEndpoint: Executor added: app-20251123064220-0000/0 on worker-20251123064050-172.18.0.11-8881 (172.18.0.11:8881) with 2 core(s)
[2025-11-23T06:42:20.645+0000] {logging_mixin.py:190} INFO - 25/11/23 06:42:20 INFO BlockManagerMaster: Registering BlockManager BlockManagerId(driver, spark-master, 37297, None)
[2025-11-23T06:42:20.645+0000] {logging_mixin.py:190} INFO - 25/11/23 06:42:20 INFO StandaloneSchedulerBackend: Granted executor ID app-20251123064220-0000/0 on hostPort 172.18.0.11:8881 with 2 core(s), 1024.0 MiB RAM
[2025-11-23T06:42:20.656+0000] {logging_mixin.py:190} INFO - 25/11/23 06:42:20 INFO BlockManagerMasterEndpoint: Registering block manager spark-master:37297 with 434.4 MiB RAM, BlockManagerId(driver, spark-master, 37297, None)
[2025-11-23T06:42:20.660+0000] {logging_mixin.py:190} INFO - 25/11/23 06:42:20 INFO BlockManagerMaster: Registered BlockManager BlockManagerId(driver, spark-master, 37297, None)
[2025-11-23T06:42:20.664+0000] {logging_mixin.py:190} INFO - 25/11/23 06:42:20 INFO BlockManager: Initialized BlockManager: BlockManagerId(driver, spark-master, 37297, None)
[2025-11-23T06:42:20.790+0000] {logging_mixin.py:190} INFO - 25/11/23 06:42:20 INFO StandaloneAppClient$ClientEndpoint: Executor updated: app-20251123064220-0000/0 is now RUNNING
[2025-11-23T06:42:20.902+0000] {logging_mixin.py:190} INFO - 25/11/23 06:42:20 INFO ContextHandler: Stopped o.s.j.s.ServletContextHandler@7bc7912d{/,null,STOPPED,@Spark}
[2025-11-23T06:42:20.906+0000] {logging_mixin.py:190} INFO - 25/11/23 06:42:20 INFO ContextHandler: Started o.s.j.s.ServletContextHandler@5fa4e021{/jobs,null,AVAILABLE,@Spark}
[2025-11-23T06:42:20.909+0000] {logging_mixin.py:190} INFO - 25/11/23 06:42:20 INFO ContextHandler: Started o.s.j.s.ServletContextHandler@2b446fd6{/jobs/json,null,AVAILABLE,@Spark}
[2025-11-23T06:42:20.911+0000] {logging_mixin.py:190} INFO - 25/11/23 06:42:20 INFO ContextHandler: Started o.s.j.s.ServletContextHandler@1d52c214{/jobs/job,null,AVAILABLE,@Spark}
[2025-11-23T06:42:20.914+0000] {logging_mixin.py:190} INFO - 25/11/23 06:42:20 INFO ContextHandler: Started o.s.j.s.ServletContextHandler@fb8fe15{/jobs/job/json,null,AVAILABLE,@Spark}
[2025-11-23T06:42:20.915+0000] {logging_mixin.py:190} INFO - 25/11/23 06:42:20 INFO ContextHandler: Started o.s.j.s.ServletContextHandler@10283cf4{/stages,null,AVAILABLE,@Spark}
[2025-11-23T06:42:20.916+0000] {logging_mixin.py:190} INFO - 25/11/23 06:42:20 INFO ContextHandler: Started o.s.j.s.ServletContextHandler@3978bc77{/stages/json,null,AVAILABLE,@Spark}
[2025-11-23T06:42:20.918+0000] {logging_mixin.py:190} INFO - 25/11/23 06:42:20 INFO ContextHandler: Started o.s.j.s.ServletContextHandler@10aca022{/stages/stage,null,AVAILABLE,@Spark}
[2025-11-23T06:42:20.919+0000] {logging_mixin.py:190} INFO - 25/11/23 06:42:20 INFO ContextHandler: Started o.s.j.s.ServletContextHandler@503fb3ee{/stages/stage/json,null,AVAILABLE,@Spark}
[2025-11-23T06:42:20.921+0000] {logging_mixin.py:190} INFO - 25/11/23 06:42:20 INFO ContextHandler: Started o.s.j.s.ServletContextHandler@2c3b788c{/stages/pool,null,AVAILABLE,@Spark}
[2025-11-23T06:42:20.923+0000] {logging_mixin.py:190} INFO - 25/11/23 06:42:20 INFO ContextHandler: Started o.s.j.s.ServletContextHandler@45fc6880{/stages/pool/json,null,AVAILABLE,@Spark}
[2025-11-23T06:42:20.924+0000] {logging_mixin.py:190} INFO - 25/11/23 06:42:20 INFO ContextHandler: Started o.s.j.s.ServletContextHandler@70246b12{/storage,null,AVAILABLE,@Spark}
[2025-11-23T06:42:20.927+0000] {logging_mixin.py:190} INFO - 25/11/23 06:42:20 INFO ContextHandler: Started o.s.j.s.ServletContextHandler@361e7d43{/storage/json,null,AVAILABLE,@Spark}
[2025-11-23T06:42:20.927+0000] {logging_mixin.py:190} INFO - 25/11/23 06:42:20 INFO ContextHandler: Started o.s.j.s.ServletContextHandler@61dad28{/storage/rdd,null,AVAILABLE,@Spark}
[2025-11-23T06:42:20.929+0000] {logging_mixin.py:190} INFO - 25/11/23 06:42:20 INFO ContextHandler: Started o.s.j.s.ServletContextHandler@56c4b47f{/storage/rdd/json,null,AVAILABLE,@Spark}
[2025-11-23T06:42:20.930+0000] {logging_mixin.py:190} INFO - 25/11/23 06:42:20 INFO ContextHandler: Started o.s.j.s.ServletContextHandler@792e9c4b{/environment,null,AVAILABLE,@Spark}
[2025-11-23T06:42:20.930+0000] {logging_mixin.py:190} INFO - 25/11/23 06:42:20 INFO ContextHandler: Started o.s.j.s.ServletContextHandler@304cf31e{/environment/json,null,AVAILABLE,@Spark}
[2025-11-23T06:42:20.931+0000] {logging_mixin.py:190} INFO - 25/11/23 06:42:20 INFO ContextHandler: Started o.s.j.s.ServletContextHandler@2718a04c{/executors,null,AVAILABLE,@Spark}
[2025-11-23T06:42:20.932+0000] {logging_mixin.py:190} INFO - 25/11/23 06:42:20 INFO ContextHandler: Started o.s.j.s.ServletContextHandler@75c45d5c{/executors/json,null,AVAILABLE,@Spark}
[2025-11-23T06:42:20.933+0000] {logging_mixin.py:190} INFO - 25/11/23 06:42:20 INFO ContextHandler: Started o.s.j.s.ServletContextHandler@70eec3df{/executors/threadDump,null,AVAILABLE,@Spark}
[2025-11-23T06:42:20.936+0000] {logging_mixin.py:190} INFO - 25/11/23 06:42:20 INFO ContextHandler: Started o.s.j.s.ServletContextHandler@39bea234{/executors/threadDump/json,null,AVAILABLE,@Spark}
[2025-11-23T06:42:20.937+0000] {logging_mixin.py:190} INFO - 25/11/23 06:42:20 INFO ContextHandler: Started o.s.j.s.ServletContextHandler@1da4209f{/executors/heapHistogram,null,AVAILABLE,@Spark}
[2025-11-23T06:42:20.937+0000] {logging_mixin.py:190} INFO - 25/11/23 06:42:20 INFO ContextHandler: Started o.s.j.s.ServletContextHandler@6b7f41e{/executors/heapHistogram/json,null,AVAILABLE,@Spark}
[2025-11-23T06:42:20.948+0000] {logging_mixin.py:190} INFO - 25/11/23 06:42:20 INFO ContextHandler: Started o.s.j.s.ServletContextHandler@36356fab{/static,null,AVAILABLE,@Spark}
[2025-11-23T06:42:20.949+0000] {logging_mixin.py:190} INFO - 25/11/23 06:42:20 INFO ContextHandler: Started o.s.j.s.ServletContextHandler@4f5a27cd{/,null,AVAILABLE,@Spark}
[2025-11-23T06:42:20.952+0000] {logging_mixin.py:190} INFO - 25/11/23 06:42:20 INFO ContextHandler: Started o.s.j.s.ServletContextHandler@fae15b7{/api,null,AVAILABLE,@Spark}
[2025-11-23T06:42:20.958+0000] {logging_mixin.py:190} INFO - 25/11/23 06:42:20 INFO ContextHandler: Started o.s.j.s.ServletContextHandler@15a92865{/jobs/job/kill,null,AVAILABLE,@Spark}
[2025-11-23T06:42:20.962+0000] {logging_mixin.py:190} INFO - 25/11/23 06:42:20 INFO ContextHandler: Started o.s.j.s.ServletContextHandler@881af3e{/stages/stage/kill,null,AVAILABLE,@Spark}
[2025-11-23T06:42:20.974+0000] {logging_mixin.py:190} INFO - 25/11/23 06:42:20 INFO ContextHandler: Started o.s.j.s.ServletContextHandler@793984cc{/metrics/json,null,AVAILABLE,@Spark}
[2025-11-23T06:42:20.977+0000] {logging_mixin.py:190} INFO - 25/11/23 06:42:20 INFO StandaloneSchedulerBackend: SchedulerBackend is ready for scheduling beginning after reached minRegisteredResourcesRatio: 0.0
[2025-11-23T06:42:21.300+0000] {logging_mixin.py:190} INFO - ðŸš€ Starting Kafka to Delta Lake (BATCH mode)...
[2025-11-23T06:42:23.088+0000] {logging_mixin.py:190} INFO - âœ… Connected to Kafka - reading all messages...
[2025-11-23T06:42:23.935+0000] {logging_mixin.py:190} INFO - 25/11/23 06:42:23 WARN AdminClientConfig: These configurations '[key.deserializer, value.deserializer, enable.auto.commit, max.poll.records, auto.offset.reset]' were supplied but are not used yet.
[2025-11-23T06:42:28.342+0000] {logging_mixin.py:190} INFO - ðŸ“Š Found 140 messages in Kafka
[2025-11-23T06:42:30.563+0000] {logging_mixin.py:190} INFO - 25/11/23 06:42:30 WARN AdminClientConfig: These configurations '[key.deserializer, value.deserializer, enable.auto.commit, max.poll.records, auto.offset.reset]' were supplied but are not used yet.
[2025-11-23T06:42:33.462+0000] {logging_mixin.py:190} INFO - âœ… Successfully wrote 140 records to Delta Lake!
[2025-11-23T06:42:33.463+0000] {logging_mixin.py:190} INFO - ðŸ“‹ Sample of first 5 records:
[2025-11-23T06:42:33.505+0000] {logging_mixin.py:190} INFO - 25/11/23 06:42:33 WARN AdminClientConfig: These configurations '[key.deserializer, value.deserializer, enable.auto.commit, max.poll.records, auto.offset.reset]' were supplied but are not used yet.
[2025-11-23T06:42:34.243+0000] {logging_mixin.py:190} INFO - +--------+-----------+-------------------+-------+------+
[2025-11-23T06:42:34.244+0000] {logging_mixin.py:190} INFO - |vente_id|client_nom |produit_nom        |montant|pays  |
[2025-11-23T06:42:34.245+0000] {logging_mixin.py:190} INFO - +--------+-----------+-------------------+-------+------+
[2025-11-23T06:42:34.245+0000] {logging_mixin.py:190} INFO - |1       |Paolo Rossi|Ordinateur portable|2699.97|Italie|
[2025-11-23T06:42:34.245+0000] {logging_mixin.py:190} INFO - |1       |Paolo Rossi|Clavier mecanique  |75.0   |Italie|
[2025-11-23T06:42:34.246+0000] {logging_mixin.py:190} INFO - |1       |Paolo Rossi|Clavier mecanique  |75.0   |Italie|
[2025-11-23T06:42:34.246+0000] {logging_mixin.py:190} INFO - |2       |Paolo Rossi|Casque audio       |179.97 |Italie|
[2025-11-23T06:42:34.246+0000] {logging_mixin.py:190} INFO - |2       |John Smith |Clavier mecanique  |75.0   |UK    |
[2025-11-23T06:42:34.247+0000] {logging_mixin.py:190} INFO - +--------+-----------+-------------------+-------+------+
[2025-11-23T06:42:34.247+0000] {logging_mixin.py:190} INFO - only showing top 5 rows
[2025-11-23T06:42:34.248+0000] {logging_mixin.py:190} INFO - âœ… Batch processing completed!
[2025-11-23T06:43:10.912+0000] {logging_mixin.py:190} INFO - 
--- TERMINATING SPARK JOB ---
[2025-11-23T06:43:15.914+0000] {logging_mixin.py:190} INFO - --- SPARK OUTPUT END ---
[2025-11-23T06:43:15.915+0000] {logging_mixin.py:190} INFO - âœ… Spark streaming job completed
[2025-11-23T06:43:15.915+0000] {python.py:240} INFO - Done. Returned value was: True
[2025-11-23T06:43:15.939+0000] {taskinstance.py:341} INFO - ::group::Post task execution logs
[2025-11-23T06:43:15.940+0000] {taskinstance.py:353} INFO - Marking task as SUCCESS. dag_id=spark_streaming_processor, task_id=submit_spark_streaming, run_id=manual__2025-11-23T06:42:08.140737+00:00, execution_date=20251123T064208, start_date=20251123T064210, end_date=20251123T064315
[2025-11-23T06:43:16.009+0000] {local_task_job_runner.py:266} INFO - Task exited with return code 0
[2025-11-23T06:43:16.030+0000] {taskinstance.py:3901} INFO - 1 downstream tasks scheduled from follow-on schedule check
[2025-11-23T06:43:16.032+0000] {local_task_job_runner.py:245} INFO - ::endgroup::
