[2025-12-16T03:01:26.987+0000] {local_task_job_runner.py:123} INFO - ::group::Pre task execution logs
[2025-12-16T03:01:27.004+0000] {taskinstance.py:2614} INFO - Dependencies all met for dep_context=non-requeueable deps ti=<TaskInstance: unified_sales_pipeline.produce_sales_data manual__2025-12-16T02:44:32.326167+00:00 [queued]>
[2025-12-16T03:01:27.012+0000] {taskinstance.py:2614} INFO - Dependencies all met for dep_context=requeueable deps ti=<TaskInstance: unified_sales_pipeline.produce_sales_data manual__2025-12-16T02:44:32.326167+00:00 [queued]>
[2025-12-16T03:01:27.014+0000] {taskinstance.py:2867} INFO - Starting attempt 1 of 2
[2025-12-16T03:01:27.026+0000] {taskinstance.py:2890} INFO - Executing <Task(PythonOperator): produce_sales_data> on 2025-12-16 02:44:32.326167+00:00
[2025-12-16T03:01:27.032+0000] {warnings.py:112} WARNING - /home/***/.local/lib/python3.12/site-packages/***/task/task_runner/standard_task_runner.py:70: DeprecationWarning: This process (pid=119) is multi-threaded, use of fork() may lead to deadlocks in the child.
  pid = os.fork()

[2025-12-16T03:01:27.033+0000] {standard_task_runner.py:72} INFO - Started process 120 to run task
[2025-12-16T03:01:27.034+0000] {standard_task_runner.py:104} INFO - Running: ['***', 'tasks', 'run', 'unified_sales_pipeline', 'produce_sales_data', 'manual__2025-12-16T02:44:32.326167+00:00', '--job-id', '66', '--raw', '--subdir', 'DAGS_FOLDER/unified_sales_pipeline_dag.py', '--cfg-path', '/tmp/tmpns49ywrq']
[2025-12-16T03:01:27.035+0000] {standard_task_runner.py:105} INFO - Job 66: Subtask produce_sales_data
[2025-12-16T03:01:27.078+0000] {task_command.py:467} INFO - Running <TaskInstance: unified_sales_pipeline.produce_sales_data manual__2025-12-16T02:44:32.326167+00:00 [running]> on host 0f62de6a8431
[2025-12-16T03:01:27.158+0000] {taskinstance.py:3134} INFO - Exporting env vars: AIRFLOW_CTX_DAG_OWNER='***' AIRFLOW_CTX_DAG_ID='unified_sales_pipeline' AIRFLOW_CTX_TASK_ID='produce_sales_data' AIRFLOW_CTX_EXECUTION_DATE='2025-12-16T02:44:32.326167+00:00' AIRFLOW_CTX_TRY_NUMBER='1' AIRFLOW_CTX_DAG_RUN_ID='manual__2025-12-16T02:44:32.326167+00:00'
[2025-12-16T03:01:27.160+0000] {taskinstance.py:732} INFO - ::endgroup::
[2025-12-16T03:01:27.173+0000] {conn.py:396} INFO - <BrokerConnection client_id=kafka-python-producer-1, node_id=bootstrap-1 host=broker2:19093 <connecting> [IPv4 ('172.18.0.4', 19093)]>: connecting to broker2:19093 [('172.18.0.4', 19093) IPv4]
[2025-12-16T03:01:27.178+0000] {conn.py:618} INFO - <BrokerConnection client_id=kafka-python-producer-1, node_id=bootstrap-1 host=broker2:19093 <checking_api_versions_recv> [IPv4 ('172.18.0.4', 19093)]>: Broker version identified as 2.6
[2025-12-16T03:01:27.178+0000] {conn.py:457} INFO - <BrokerConnection client_id=kafka-python-producer-1, node_id=bootstrap-1 host=broker2:19093 <connected> [IPv4 ('172.18.0.4', 19093)]>: Connection complete.
[2025-12-16T03:01:27.181+0000] {logging_mixin.py:190} INFO - 🚀 Starting Kafka producer...
[2025-12-16T03:01:27.284+0000] {conn.py:396} INFO - <BrokerConnection client_id=kafka-python-producer-1, node_id=1 host=broker1:19092 <connecting> [IPv4 ('172.18.0.7', 19092)]>: connecting to broker1:19092 [('172.18.0.7', 19092) IPv4]
[2025-12-16T03:01:27.285+0000] {conn.py:457} INFO - <BrokerConnection client_id=kafka-python-producer-1, node_id=1 host=broker1:19092 <connected> [IPv4 ('172.18.0.7', 19092)]>: Connection complete.
[2025-12-16T03:01:27.286+0000] {conn.py:945} INFO - <BrokerConnection client_id=kafka-python-producer-1, node_id=bootstrap-1 host=broker2:19093 <connected> [IPv4 ('172.18.0.4', 19093)]>: Closing connection. 
[2025-12-16T03:01:27.295+0000] {cluster.py:316} ERROR - Topic ventes_stream not found in cluster metadata
[2025-12-16T03:01:27.403+0000] {logging_mixin.py:190} INFO - ✅ Sale 1: Souris sans fil - 51.0€
[2025-12-16T03:01:27.605+0000] {logging_mixin.py:190} INFO - ✅ Sale 2: Souris sans fil - 76.5€
[2025-12-16T03:01:27.607+0000] {conn.py:396} INFO - <BrokerConnection client_id=kafka-python-producer-1, node_id=2 host=broker2:19093 <connecting> [IPv4 ('172.18.0.4', 19093)]>: connecting to broker2:19093 [('172.18.0.4', 19093) IPv4]
[2025-12-16T03:01:27.609+0000] {conn.py:457} INFO - <BrokerConnection client_id=kafka-python-producer-1, node_id=2 host=broker2:19093 <connected> [IPv4 ('172.18.0.4', 19093)]>: Connection complete.
[2025-12-16T03:01:27.807+0000] {logging_mixin.py:190} INFO - ✅ Sale 3: Casque audio - 59.99€
[2025-12-16T03:01:27.809+0000] {conn.py:396} INFO - <BrokerConnection client_id=kafka-python-producer-1, node_id=3 host=broker3:19094 <connecting> [IPv4 ('172.18.0.5', 19094)]>: connecting to broker3:19094 [('172.18.0.5', 19094) IPv4]
[2025-12-16T03:01:27.811+0000] {conn.py:457} INFO - <BrokerConnection client_id=kafka-python-producer-1, node_id=3 host=broker3:19094 <connected> [IPv4 ('172.18.0.5', 19094)]>: Connection complete.
[2025-12-16T03:01:28.009+0000] {logging_mixin.py:190} INFO - ✅ Sale 4: Ordinateur portable - 2699.97€
[2025-12-16T03:01:28.210+0000] {logging_mixin.py:190} INFO - ✅ Sale 5: Livre Data Science - 39.98€
[2025-12-16T03:01:28.412+0000] {logging_mixin.py:190} INFO - ✅ Sale 6: Livre Data Science - 59.97€
[2025-12-16T03:01:28.613+0000] {logging_mixin.py:190} INFO - ✅ Sale 7: Souris sans fil - 51.0€
[2025-12-16T03:01:28.814+0000] {logging_mixin.py:190} INFO - ✅ Sale 8: Souris sans fil - 25.5€
[2025-12-16T03:01:29.016+0000] {logging_mixin.py:190} INFO - ✅ Sale 9: Livre Data Science - 19.99€
[2025-12-16T03:01:29.217+0000] {logging_mixin.py:190} INFO - ✅ Sale 10: Ordinateur portable - 899.99€
[2025-12-16T03:01:29.419+0000] {logging_mixin.py:190} INFO - ✅ Sale 11: Ordinateur portable - 899.99€
[2025-12-16T03:01:29.621+0000] {logging_mixin.py:190} INFO - ✅ Sale 12: Casque audio - 179.97€
[2025-12-16T03:01:29.822+0000] {logging_mixin.py:190} INFO - ✅ Sale 13: Livre Data Science - 19.99€
[2025-12-16T03:01:30.024+0000] {logging_mixin.py:190} INFO - ✅ Sale 14: Livre Data Science - 19.99€
[2025-12-16T03:01:30.228+0000] {logging_mixin.py:190} INFO - ✅ Sale 15: Clavier mecanique - 225.0€
[2025-12-16T03:01:30.430+0000] {logging_mixin.py:190} INFO - ✅ Sale 16: Ordinateur portable - 899.99€
[2025-12-16T03:01:30.632+0000] {logging_mixin.py:190} INFO - ✅ Sale 17: Clavier mecanique - 75.0€
[2025-12-16T03:01:30.834+0000] {logging_mixin.py:190} INFO - ✅ Sale 18: Clavier mecanique - 225.0€
[2025-12-16T03:01:31.035+0000] {logging_mixin.py:190} INFO - ✅ Sale 19: Casque audio - 179.97€
[2025-12-16T03:01:31.238+0000] {logging_mixin.py:190} INFO - ✅ Sale 20: Livre Data Science - 39.98€
[2025-12-16T03:01:31.440+0000] {logging_mixin.py:190} INFO - ✅ Sale 21: Livre Data Science - 19.99€
[2025-12-16T03:01:31.642+0000] {logging_mixin.py:190} INFO - ✅ Sale 22: Clavier mecanique - 75.0€
[2025-12-16T03:01:31.844+0000] {logging_mixin.py:190} INFO - ✅ Sale 23: Clavier mecanique - 75.0€
[2025-12-16T03:01:32.045+0000] {logging_mixin.py:190} INFO - ✅ Sale 24: Livre Data Science - 59.97€
[2025-12-16T03:01:32.249+0000] {logging_mixin.py:190} INFO - ✅ Sale 25: Ordinateur portable - 2699.97€
[2025-12-16T03:01:32.452+0000] {logging_mixin.py:190} INFO - ✅ Sale 26: Casque audio - 119.98€
[2025-12-16T03:01:32.654+0000] {logging_mixin.py:190} INFO - ✅ Sale 27: Ordinateur portable - 899.99€
[2025-12-16T03:01:32.856+0000] {logging_mixin.py:190} INFO - ✅ Sale 28: Souris sans fil - 25.5€
[2025-12-16T03:01:33.058+0000] {logging_mixin.py:190} INFO - ✅ Sale 29: Clavier mecanique - 75.0€
[2025-12-16T03:01:33.259+0000] {logging_mixin.py:190} INFO - ✅ Sale 30: Clavier mecanique - 150.0€
[2025-12-16T03:01:33.461+0000] {logging_mixin.py:190} INFO - ✅ Sale 31: Casque audio - 59.99€
[2025-12-16T03:01:33.664+0000] {logging_mixin.py:190} INFO - ✅ Sale 32: Ordinateur portable - 899.99€
[2025-12-16T03:01:33.867+0000] {logging_mixin.py:190} INFO - ✅ Sale 33: Casque audio - 179.97€
[2025-12-16T03:01:34.069+0000] {logging_mixin.py:190} INFO - ✅ Sale 34: Casque audio - 119.98€
[2025-12-16T03:01:34.270+0000] {logging_mixin.py:190} INFO - ✅ Sale 35: Souris sans fil - 76.5€
[2025-12-16T03:01:34.472+0000] {logging_mixin.py:190} INFO - ✅ Sale 36: Casque audio - 119.98€
[2025-12-16T03:01:34.673+0000] {logging_mixin.py:190} INFO - ✅ Sale 37: Livre Data Science - 39.98€
[2025-12-16T03:01:34.875+0000] {logging_mixin.py:190} INFO - ✅ Sale 38: Clavier mecanique - 75.0€
[2025-12-16T03:01:35.076+0000] {logging_mixin.py:190} INFO - ✅ Sale 39: Ordinateur portable - 1799.98€
[2025-12-16T03:01:35.278+0000] {logging_mixin.py:190} INFO - ✅ Sale 40: Clavier mecanique - 150.0€
[2025-12-16T03:01:35.480+0000] {logging_mixin.py:190} INFO - ✅ Sale 41: Ordinateur portable - 2699.97€
[2025-12-16T03:01:35.683+0000] {logging_mixin.py:190} INFO - ✅ Sale 42: Casque audio - 119.98€
[2025-12-16T03:01:35.884+0000] {logging_mixin.py:190} INFO - ✅ Sale 43: Clavier mecanique - 225.0€
[2025-12-16T03:01:36.086+0000] {logging_mixin.py:190} INFO - ✅ Sale 44: Livre Data Science - 39.98€
[2025-12-16T03:01:36.287+0000] {logging_mixin.py:190} INFO - ✅ Sale 45: Casque audio - 179.97€
[2025-12-16T03:01:36.488+0000] {logging_mixin.py:190} INFO - ✅ Sale 46: Casque audio - 119.98€
[2025-12-16T03:01:36.705+0000] {logging_mixin.py:190} INFO - ✅ Sale 47: Casque audio - 179.97€
[2025-12-16T03:01:36.906+0000] {logging_mixin.py:190} INFO - ✅ Sale 48: Clavier mecanique - 225.0€
[2025-12-16T03:01:37.108+0000] {logging_mixin.py:190} INFO - ✅ Sale 49: Livre Data Science - 59.97€
[2025-12-16T03:01:37.309+0000] {logging_mixin.py:190} INFO - ✅ Sale 50: Livre Data Science - 39.98€
[2025-12-16T03:01:37.510+0000] {kafka.py:629} INFO - <KafkaProducer client_id=kafka-python-producer-1 transactional_id=None>: Closing the Kafka producer with 9223372036.0 secs timeout.
[2025-12-16T03:01:37.511+0000] {conn.py:945} INFO - <BrokerConnection client_id=kafka-python-producer-1, node_id=1 host=broker1:19092 <connected> [IPv4 ('172.18.0.7', 19092)]>: Closing connection. 
[2025-12-16T03:01:37.512+0000] {conn.py:945} INFO - <BrokerConnection client_id=kafka-python-producer-1, node_id=2 host=broker2:19093 <connected> [IPv4 ('172.18.0.4', 19093)]>: Closing connection. 
[2025-12-16T03:01:37.513+0000] {conn.py:945} INFO - <BrokerConnection client_id=kafka-python-producer-1, node_id=3 host=broker3:19094 <connected> [IPv4 ('172.18.0.5', 19094)]>: Closing connection. 
[2025-12-16T03:01:37.513+0000] {logging_mixin.py:190} INFO - ✅ Production completed: 50 sales sent to Kafka topic 'ventes_stream'
[2025-12-16T03:01:37.514+0000] {python.py:240} INFO - Done. Returned value was: None
[2025-12-16T03:01:37.521+0000] {taskinstance.py:341} INFO - ::group::Post task execution logs
[2025-12-16T03:01:37.521+0000] {taskinstance.py:353} INFO - Marking task as SUCCESS. dag_id=unified_sales_pipeline, task_id=produce_sales_data, run_id=manual__2025-12-16T02:44:32.326167+00:00, execution_date=20251216T024432, start_date=20251216T030127, end_date=20251216T030137
[2025-12-16T03:01:37.551+0000] {local_task_job_runner.py:266} INFO - Task exited with return code 0
[2025-12-16T03:01:37.582+0000] {taskinstance.py:3901} INFO - 1 downstream tasks scheduled from follow-on schedule check
[2025-12-16T03:01:37.584+0000] {local_task_job_runner.py:245} INFO - ::endgroup::
