[2025-12-16T01:31:06.667+0000] {local_task_job_runner.py:123} INFO - ::group::Pre task execution logs
[2025-12-16T01:31:06.695+0000] {taskinstance.py:2614} INFO - Dependencies all met for dep_context=non-requeueable deps ti=<TaskInstance: unified_sales_pipeline.check_bronze_data_ready manual__2025-12-16T01:30:24.589322+00:00 [queued]>
[2025-12-16T01:31:06.704+0000] {taskinstance.py:2614} INFO - Dependencies all met for dep_context=requeueable deps ti=<TaskInstance: unified_sales_pipeline.check_bronze_data_ready manual__2025-12-16T01:30:24.589322+00:00 [queued]>
[2025-12-16T01:31:06.705+0000] {taskinstance.py:2867} INFO - Starting attempt 1 of 2
[2025-12-16T01:31:06.718+0000] {taskinstance.py:2890} INFO - Executing <Task(PythonSensor): check_bronze_data_ready> on 2025-12-16 01:30:24.589322+00:00
[2025-12-16T01:31:06.726+0000] {warnings.py:112} WARNING - /home/***/.local/lib/python3.12/site-packages/***/task/task_runner/standard_task_runner.py:70: DeprecationWarning: This process (pid=955) is multi-threaded, use of fork() may lead to deadlocks in the child.
  pid = os.fork()

[2025-12-16T01:31:06.727+0000] {standard_task_runner.py:104} INFO - Running: ['***', 'tasks', 'run', 'unified_sales_pipeline', 'check_bronze_data_ready', 'manual__2025-12-16T01:30:24.589322+00:00', '--job-id', '30', '--raw', '--subdir', 'DAGS_FOLDER/unified_sales_pipeline_dag.py', '--cfg-path', '/tmp/tmpv9d0xnyu']
[2025-12-16T01:31:06.728+0000] {standard_task_runner.py:72} INFO - Started process 956 to run task
[2025-12-16T01:31:06.728+0000] {standard_task_runner.py:105} INFO - Job 30: Subtask check_bronze_data_ready
[2025-12-16T01:31:06.772+0000] {task_command.py:467} INFO - Running <TaskInstance: unified_sales_pipeline.check_bronze_data_ready manual__2025-12-16T01:30:24.589322+00:00 [running]> on host d701d2d8b2a8
[2025-12-16T01:31:06.848+0000] {taskinstance.py:3134} INFO - Exporting env vars: AIRFLOW_CTX_DAG_OWNER='***' AIRFLOW_CTX_DAG_ID='unified_sales_pipeline' AIRFLOW_CTX_TASK_ID='check_bronze_data_ready' AIRFLOW_CTX_EXECUTION_DATE='2025-12-16T01:30:24.589322+00:00' AIRFLOW_CTX_TRY_NUMBER='1' AIRFLOW_CTX_DAG_RUN_ID='manual__2025-12-16T01:30:24.589322+00:00'
[2025-12-16T01:31:06.849+0000] {taskinstance.py:732} INFO - ::endgroup::
[2025-12-16T01:31:06.873+0000] {python.py:75} INFO - Poking callable: <function check_bronze_data_exists at 0x7ffa9b514e00>
[2025-12-16T01:31:06.884+0000] {logging_mixin.py:190} INFO - ✅ Bronze data available locally at /tmp/delta/bronze/ventes_stream
[2025-12-16T01:31:06.885+0000] {base.py:339} INFO - Success criteria met. Exiting.
[2025-12-16T01:31:06.893+0000] {taskinstance.py:341} INFO - ::group::Post task execution logs
[2025-12-16T01:31:06.894+0000] {taskinstance.py:353} INFO - Marking task as SUCCESS. dag_id=unified_sales_pipeline, task_id=check_bronze_data_ready, run_id=manual__2025-12-16T01:30:24.589322+00:00, execution_date=20251216T013024, start_date=20251216T013106, end_date=20251216T013106
[2025-12-16T01:31:06.943+0000] {local_task_job_runner.py:266} INFO - Task exited with return code 0
[2025-12-16T01:31:06.965+0000] {taskinstance.py:3901} INFO - 1 downstream tasks scheduled from follow-on schedule check
[2025-12-16T01:31:06.967+0000] {local_task_job_runner.py:245} INFO - ::endgroup::
