[2025-11-23T06:31:25.196+0000] {local_task_job_runner.py:123} INFO - ::group::Pre task execution logs
[2025-11-23T06:31:25.228+0000] {taskinstance.py:2614} INFO - Dependencies all met for dep_context=non-requeueable deps ti=<TaskInstance: kafka_sales_producer.produce_sales_data manual__2025-11-23T06:28:49.000256+00:00 [queued]>
[2025-11-23T06:31:25.243+0000] {taskinstance.py:2614} INFO - Dependencies all met for dep_context=requeueable deps ti=<TaskInstance: kafka_sales_producer.produce_sales_data manual__2025-11-23T06:28:49.000256+00:00 [queued]>
[2025-11-23T06:31:25.243+0000] {taskinstance.py:2867} INFO - Starting attempt 1 of 3
[2025-11-23T06:31:25.257+0000] {taskinstance.py:2890} INFO - Executing <Task(PythonOperator): produce_sales_data> on 2025-11-23 06:28:49.000256+00:00
[2025-11-23T06:31:25.262+0000] {warnings.py:112} WARNING - /home/***/.local/lib/python3.12/site-packages/***/task/task_runner/standard_task_runner.py:70: DeprecationWarning: This process (pid=53) is multi-threaded, use of fork() may lead to deadlocks in the child.
  pid = os.fork()

[2025-11-23T06:31:25.265+0000] {standard_task_runner.py:104} INFO - Running: ['***', 'tasks', 'run', 'kafka_sales_producer', 'produce_sales_data', 'manual__2025-11-23T06:28:49.000256+00:00', '--job-id', '29', '--raw', '--subdir', 'DAGS_FOLDER/kafka_sales_producer_dag.py', '--cfg-path', '/tmp/tmpb7w9sh33']
[2025-11-23T06:31:25.267+0000] {standard_task_runner.py:72} INFO - Started process 54 to run task
[2025-11-23T06:31:25.267+0000] {standard_task_runner.py:105} INFO - Job 29: Subtask produce_sales_data
[2025-11-23T06:31:25.313+0000] {task_command.py:467} INFO - Running <TaskInstance: kafka_sales_producer.produce_sales_data manual__2025-11-23T06:28:49.000256+00:00 [running]> on host e6f37c555da0
[2025-11-23T06:31:25.386+0000] {taskinstance.py:3134} INFO - Exporting env vars: AIRFLOW_CTX_DAG_OWNER='***' AIRFLOW_CTX_DAG_ID='kafka_sales_producer' AIRFLOW_CTX_TASK_ID='produce_sales_data' AIRFLOW_CTX_EXECUTION_DATE='2025-11-23T06:28:49.000256+00:00' AIRFLOW_CTX_TRY_NUMBER='1' AIRFLOW_CTX_DAG_RUN_ID='manual__2025-11-23T06:28:49.000256+00:00'
[2025-11-23T06:31:25.386+0000] {taskinstance.py:732} INFO - ::endgroup::
[2025-11-23T06:31:25.407+0000] {conn.py:396} INFO - <BrokerConnection client_id=kafka-python-producer-1, node_id=bootstrap-2 host=broker1:19092 <connecting> [IPv4 ('172.18.0.7', 19092)]>: connecting to broker1:19092 [('172.18.0.7', 19092) IPv4]
[2025-11-23T06:31:25.412+0000] {conn.py:618} INFO - <BrokerConnection client_id=kafka-python-producer-1, node_id=bootstrap-2 host=broker1:19092 <checking_api_versions_recv> [IPv4 ('172.18.0.7', 19092)]>: Broker version identified as 2.6
[2025-11-23T06:31:25.413+0000] {conn.py:457} INFO - <BrokerConnection client_id=kafka-python-producer-1, node_id=bootstrap-2 host=broker1:19092 <connected> [IPv4 ('172.18.0.7', 19092)]>: Connection complete.
[2025-11-23T06:31:25.417+0000] {logging_mixin.py:190} INFO - 🚀 Starting Kafka producer...
[2025-11-23T06:31:25.521+0000] {conn.py:396} INFO - <BrokerConnection client_id=kafka-python-producer-1, node_id=1 host=broker1:19092 <connecting> [IPv4 ('172.18.0.7', 19092)]>: connecting to broker1:19092 [('172.18.0.7', 19092) IPv4]
[2025-11-23T06:31:25.522+0000] {conn.py:457} INFO - <BrokerConnection client_id=kafka-python-producer-1, node_id=1 host=broker1:19092 <connected> [IPv4 ('172.18.0.7', 19092)]>: Connection complete.
[2025-11-23T06:31:25.524+0000] {conn.py:945} INFO - <BrokerConnection client_id=kafka-python-producer-1, node_id=bootstrap-2 host=broker1:19092 <connected> [IPv4 ('172.18.0.7', 19092)]>: Closing connection. 
[2025-11-23T06:31:25.529+0000] {logging_mixin.py:190} INFO - ✅ Sale 1: Livre Data Science - 19.99€
[2025-11-23T06:31:26.031+0000] {logging_mixin.py:190} INFO - ✅ Sale 2: Ordinateur portable - 1799.98€
[2025-11-23T06:31:26.533+0000] {logging_mixin.py:190} INFO - ✅ Sale 3: Casque audio - 179.97€
[2025-11-23T06:31:27.036+0000] {logging_mixin.py:190} INFO - ✅ Sale 4: Livre Data Science - 19.99€
[2025-11-23T06:31:27.539+0000] {logging_mixin.py:190} INFO - ✅ Sale 5: Livre Data Science - 59.97€
[2025-11-23T06:31:28.040+0000] {logging_mixin.py:190} INFO - ✅ Sale 6: Ordinateur portable - 2699.97€
[2025-11-23T06:31:28.542+0000] {logging_mixin.py:190} INFO - ✅ Sale 7: Livre Data Science - 19.99€
[2025-11-23T06:31:29.045+0000] {logging_mixin.py:190} INFO - ✅ Sale 8: Ordinateur portable - 1799.98€
[2025-11-23T06:31:29.548+0000] {logging_mixin.py:190} INFO - ✅ Sale 9: Casque audio - 179.97€
[2025-11-23T06:31:30.050+0000] {logging_mixin.py:190} INFO - ✅ Sale 10: Clavier mecanique - 225.0€
[2025-11-23T06:31:30.552+0000] {logging_mixin.py:190} INFO - ✅ Sale 11: Casque audio - 119.98€
[2025-11-23T06:31:31.053+0000] {logging_mixin.py:190} INFO - ✅ Sale 12: Casque audio - 179.97€
[2025-11-23T06:31:31.555+0000] {logging_mixin.py:190} INFO - ✅ Sale 13: Casque audio - 59.99€
[2025-11-23T06:31:32.057+0000] {logging_mixin.py:190} INFO - ✅ Sale 14: Livre Data Science - 39.98€
[2025-11-23T06:31:32.560+0000] {logging_mixin.py:190} INFO - ✅ Sale 15: Clavier mecanique - 225.0€
[2025-11-23T06:31:33.063+0000] {logging_mixin.py:190} INFO - ✅ Sale 16: Livre Data Science - 19.99€
[2025-11-23T06:31:33.564+0000] {logging_mixin.py:190} INFO - ✅ Sale 17: Casque audio - 179.97€
[2025-11-23T06:31:34.066+0000] {logging_mixin.py:190} INFO - ✅ Sale 18: Souris sans fil - 51.0€
[2025-11-23T06:31:34.568+0000] {logging_mixin.py:190} INFO - ✅ Sale 19: Souris sans fil - 51.0€
[2025-11-23T06:31:35.069+0000] {logging_mixin.py:190} INFO - ✅ Sale 20: Clavier mecanique - 150.0€
[2025-11-23T06:31:35.572+0000] {kafka.py:629} INFO - <KafkaProducer client_id=kafka-python-producer-1 transactional_id=None>: Closing the Kafka producer with 9223372036.0 secs timeout.
[2025-11-23T06:31:35.574+0000] {conn.py:945} INFO - <BrokerConnection client_id=kafka-python-producer-1, node_id=1 host=broker1:19092 <connected> [IPv4 ('172.18.0.7', 19092)]>: Closing connection. 
[2025-11-23T06:31:35.576+0000] {logging_mixin.py:190} INFO - ✅ Production completed: 20 sales sent to Kafka topic 'ventes_stream'
[2025-11-23T06:31:35.578+0000] {python.py:240} INFO - Done. Returned value was: None
[2025-11-23T06:31:35.588+0000] {taskinstance.py:341} INFO - ::group::Post task execution logs
[2025-11-23T06:31:35.589+0000] {taskinstance.py:353} INFO - Marking task as SUCCESS. dag_id=kafka_sales_producer, task_id=produce_sales_data, run_id=manual__2025-11-23T06:28:49.000256+00:00, execution_date=20251123T062849, start_date=20251123T063125, end_date=20251123T063135
[2025-11-23T06:31:35.653+0000] {local_task_job_runner.py:266} INFO - Task exited with return code 0
[2025-11-23T06:31:35.671+0000] {taskinstance.py:3901} INFO - 0 downstream tasks scheduled from follow-on schedule check
[2025-11-23T06:31:35.673+0000] {local_task_job_runner.py:245} INFO - ::endgroup::
