[2025-12-16T03:06:02.650+0000] {local_task_job_runner.py:123} INFO - ::group::Pre task execution logs
[2025-12-16T03:06:02.671+0000] {taskinstance.py:2614} INFO - Dependencies all met for dep_context=non-requeueable deps ti=<TaskInstance: unified_sales_pipeline.verify_final_output manual__2025-12-16T03:04:12.084554+00:00 [queued]>
[2025-12-16T03:06:02.683+0000] {taskinstance.py:2614} INFO - Dependencies all met for dep_context=requeueable deps ti=<TaskInstance: unified_sales_pipeline.verify_final_output manual__2025-12-16T03:04:12.084554+00:00 [queued]>
[2025-12-16T03:06:02.684+0000] {taskinstance.py:2867} INFO - Starting attempt 1 of 2
[2025-12-16T03:06:02.698+0000] {taskinstance.py:2890} INFO - Executing <Task(PythonOperator): verify_final_output> on 2025-12-16 03:04:12.084554+00:00
[2025-12-16T03:06:02.705+0000] {warnings.py:112} WARNING - /home/***/.local/lib/python3.12/site-packages/***/task/task_runner/standard_task_runner.py:70: DeprecationWarning: This process (pid=259) is multi-threaded, use of fork() may lead to deadlocks in the child.
  pid = os.fork()

[2025-12-16T03:06:02.707+0000] {standard_task_runner.py:72} INFO - Started process 260 to run task
[2025-12-16T03:06:02.707+0000] {standard_task_runner.py:104} INFO - Running: ['***', 'tasks', 'run', 'unified_sales_pipeline', 'verify_final_output', 'manual__2025-12-16T03:04:12.084554+00:00', '--job-id', '77', '--raw', '--subdir', 'DAGS_FOLDER/unified_sales_pipeline_dag.py', '--cfg-path', '/tmp/tmpbvjupitu']
[2025-12-16T03:06:02.709+0000] {standard_task_runner.py:105} INFO - Job 77: Subtask verify_final_output
[2025-12-16T03:06:02.752+0000] {task_command.py:467} INFO - Running <TaskInstance: unified_sales_pipeline.verify_final_output manual__2025-12-16T03:04:12.084554+00:00 [running]> on host 0f62de6a8431
[2025-12-16T03:06:02.830+0000] {taskinstance.py:3134} INFO - Exporting env vars: AIRFLOW_CTX_DAG_OWNER='***' AIRFLOW_CTX_DAG_ID='unified_sales_pipeline' AIRFLOW_CTX_TASK_ID='verify_final_output' AIRFLOW_CTX_EXECUTION_DATE='2025-12-16T03:04:12.084554+00:00' AIRFLOW_CTX_TRY_NUMBER='1' AIRFLOW_CTX_DAG_RUN_ID='manual__2025-12-16T03:04:12.084554+00:00'
[2025-12-16T03:06:02.831+0000] {taskinstance.py:732} INFO - ::endgroup::
[2025-12-16T03:06:02.842+0000] {logging_mixin.py:190} INFO - 🔍 Verifying output at: /tmp/delta/bronze/ventes_stream
[2025-12-16T03:06:02.843+0000] {logging_mixin.py:190} INFO - 🔍 Verifying output at: /tmp/delta/silver/ventes_aggreges
[2025-12-16T03:06:02.859+0000] {logging_mixin.py:190} INFO - ✅ Bronze layer: 7 files/folders
[2025-12-16T03:06:02.866+0000] {logging_mixin.py:190} INFO - ✅ Silver layer: 3 files/folders
[2025-12-16T03:06:02.867+0000] {logging_mixin.py:190} INFO - 🎉 Pipeline completed successfully! All data layers created.
[2025-12-16T03:06:02.868+0000] {python.py:240} INFO - Done. Returned value was: True
[2025-12-16T03:06:02.893+0000] {taskinstance.py:341} INFO - ::group::Post task execution logs
[2025-12-16T03:06:02.894+0000] {taskinstance.py:353} INFO - Marking task as SUCCESS. dag_id=unified_sales_pipeline, task_id=verify_final_output, run_id=manual__2025-12-16T03:04:12.084554+00:00, execution_date=20251216T030412, start_date=20251216T030602, end_date=20251216T030602
[2025-12-16T03:06:02.964+0000] {local_task_job_runner.py:266} INFO - Task exited with return code 0
[2025-12-16T03:06:02.991+0000] {taskinstance.py:3901} INFO - 1 downstream tasks scheduled from follow-on schedule check
[2025-12-16T03:06:02.994+0000] {local_task_job_runner.py:245} INFO - ::endgroup::
