[2025-11-23T07:04:53.880+0000] {local_task_job_runner.py:123} INFO - ::group::Pre task execution logs
[2025-11-23T07:04:53.901+0000] {taskinstance.py:2614} INFO - Dependencies all met for dep_context=non-requeueable deps ti=<TaskInstance: sales_streaming_pipeline.check_infrastructure manual__2025-11-23T07:04:51.016606+00:00 [queued]>
[2025-11-23T07:04:53.911+0000] {taskinstance.py:2614} INFO - Dependencies all met for dep_context=requeueable deps ti=<TaskInstance: sales_streaming_pipeline.check_infrastructure manual__2025-11-23T07:04:51.016606+00:00 [queued]>
[2025-11-23T07:04:53.911+0000] {taskinstance.py:2867} INFO - Starting attempt 1 of 2
[2025-11-23T07:04:53.926+0000] {taskinstance.py:2890} INFO - Executing <Task(PythonOperator): check_infrastructure> on 2025-11-23 07:04:51.016606+00:00
[2025-11-23T07:04:53.933+0000] {warnings.py:112} WARNING - /home/***/.local/lib/python3.12/site-packages/***/task/task_runner/standard_task_runner.py:70: DeprecationWarning: This process (pid=44) is multi-threaded, use of fork() may lead to deadlocks in the child.
  pid = os.fork()

[2025-11-23T07:04:53.939+0000] {standard_task_runner.py:72} INFO - Started process 45 to run task
[2025-11-23T07:04:53.941+0000] {standard_task_runner.py:104} INFO - Running: ['***', 'tasks', 'run', 'sales_streaming_pipeline', 'check_infrastructure', 'manual__2025-11-23T07:04:51.016606+00:00', '--job-id', '50', '--raw', '--subdir', 'DAGS_FOLDER/master_orchestrator_dag.py', '--cfg-path', '/tmp/tmp1tc44nhd']
[2025-11-23T07:04:53.943+0000] {standard_task_runner.py:105} INFO - Job 50: Subtask check_infrastructure
[2025-11-23T07:04:54.026+0000] {task_command.py:467} INFO - Running <TaskInstance: sales_streaming_pipeline.check_infrastructure manual__2025-11-23T07:04:51.016606+00:00 [running]> on host ed88a502bace
[2025-11-23T07:04:54.133+0000] {taskinstance.py:3134} INFO - Exporting env vars: AIRFLOW_CTX_DAG_OWNER='***' AIRFLOW_CTX_DAG_ID='sales_streaming_pipeline' AIRFLOW_CTX_TASK_ID='check_infrastructure' AIRFLOW_CTX_EXECUTION_DATE='2025-11-23T07:04:51.016606+00:00' AIRFLOW_CTX_TRY_NUMBER='1' AIRFLOW_CTX_DAG_RUN_ID='manual__2025-11-23T07:04:51.016606+00:00'
[2025-11-23T07:04:54.134+0000] {taskinstance.py:732} INFO - ::endgroup::
[2025-11-23T07:04:54.170+0000] {logging_mixin.py:190} INFO - 🔍 Checking infrastructure...
[2025-11-23T07:04:59.170+0000] {logging_mixin.py:190} INFO - ✅ Infrastructure ready
[2025-11-23T07:04:59.171+0000] {python.py:240} INFO - Done. Returned value was: None
[2025-11-23T07:04:59.184+0000] {taskinstance.py:341} INFO - ::group::Post task execution logs
[2025-11-23T07:04:59.185+0000] {taskinstance.py:353} INFO - Marking task as SUCCESS. dag_id=sales_streaming_pipeline, task_id=check_infrastructure, run_id=manual__2025-11-23T07:04:51.016606+00:00, execution_date=20251123T070451, start_date=20251123T070453, end_date=20251123T070459
[2025-11-23T07:04:59.238+0000] {local_task_job_runner.py:266} INFO - Task exited with return code 0
[2025-11-23T07:04:59.260+0000] {taskinstance.py:3901} INFO - 1 downstream tasks scheduled from follow-on schedule check
[2025-11-23T07:04:59.262+0000] {local_task_job_runner.py:245} INFO - ::endgroup::
