[2025-12-14T06:58:36.552+0000] {local_task_job_runner.py:123} INFO - ::group::Pre task execution logs
[2025-12-14T06:58:36.579+0000] {taskinstance.py:2614} INFO - Dependencies all met for dep_context=non-requeueable deps ti=<TaskInstance: unified_sales_pipeline.verify_final_output manual__2025-12-14T06:47:51.410654+00:00 [queued]>
[2025-12-14T06:58:36.591+0000] {taskinstance.py:2614} INFO - Dependencies all met for dep_context=requeueable deps ti=<TaskInstance: unified_sales_pipeline.verify_final_output manual__2025-12-14T06:47:51.410654+00:00 [queued]>
[2025-12-14T06:58:36.592+0000] {taskinstance.py:2867} INFO - Starting attempt 1 of 2
[2025-12-14T06:58:36.609+0000] {taskinstance.py:2890} INFO - Executing <Task(PythonOperator): verify_final_output> on 2025-12-14 06:47:51.410654+00:00
[2025-12-14T06:58:36.618+0000] {warnings.py:112} WARNING - /home/***/.local/lib/python3.12/site-packages/***/task/task_runner/standard_task_runner.py:70: DeprecationWarning: This process (pid=1412) is multi-threaded, use of fork() may lead to deadlocks in the child.
  pid = os.fork()

[2025-12-14T06:58:36.620+0000] {standard_task_runner.py:104} INFO - Running: ['***', 'tasks', 'run', 'unified_sales_pipeline', 'verify_final_output', 'manual__2025-12-14T06:47:51.410654+00:00', '--job-id', '55', '--raw', '--subdir', 'DAGS_FOLDER/unified_sales_pipeline_dag.py', '--cfg-path', '/tmp/tmp0z6pzcv8']
[2025-12-14T06:58:36.621+0000] {standard_task_runner.py:72} INFO - Started process 1413 to run task
[2025-12-14T06:58:36.622+0000] {standard_task_runner.py:105} INFO - Job 55: Subtask verify_final_output
[2025-12-14T06:58:36.672+0000] {task_command.py:467} INFO - Running <TaskInstance: unified_sales_pipeline.verify_final_output manual__2025-12-14T06:47:51.410654+00:00 [running]> on host ac4bc61bdcd0
[2025-12-14T06:58:36.757+0000] {taskinstance.py:3134} INFO - Exporting env vars: AIRFLOW_CTX_DAG_OWNER='***' AIRFLOW_CTX_DAG_ID='unified_sales_pipeline' AIRFLOW_CTX_TASK_ID='verify_final_output' AIRFLOW_CTX_EXECUTION_DATE='2025-12-14T06:47:51.410654+00:00' AIRFLOW_CTX_TRY_NUMBER='1' AIRFLOW_CTX_DAG_RUN_ID='manual__2025-12-14T06:47:51.410654+00:00'
[2025-12-14T06:58:36.758+0000] {taskinstance.py:732} INFO - ::endgroup::
[2025-12-14T06:58:36.782+0000] {logging_mixin.py:190} INFO - ✅ Bronze layer: 19 files/folders
[2025-12-14T06:58:36.783+0000] {logging_mixin.py:190} INFO - ❌ Silver layer missing
[2025-12-14T06:58:36.783+0000] {logging_mixin.py:190} INFO - ⚠️  Pipeline completed with warnings - some layers missing
[2025-12-14T06:58:36.784+0000] {python.py:240} INFO - Done. Returned value was: False
[2025-12-14T06:58:36.805+0000] {taskinstance.py:341} INFO - ::group::Post task execution logs
[2025-12-14T06:58:36.807+0000] {taskinstance.py:353} INFO - Marking task as SUCCESS. dag_id=unified_sales_pipeline, task_id=verify_final_output, run_id=manual__2025-12-14T06:47:51.410654+00:00, execution_date=20251214T064751, start_date=20251214T065836, end_date=20251214T065836
[2025-12-14T06:58:36.879+0000] {local_task_job_runner.py:266} INFO - Task exited with return code 0
[2025-12-14T06:58:36.901+0000] {taskinstance.py:3901} INFO - 1 downstream tasks scheduled from follow-on schedule check
[2025-12-14T06:58:36.903+0000] {local_task_job_runner.py:245} INFO - ::endgroup::
