[2025-12-15T06:03:51.500+0000] {local_task_job_runner.py:123} INFO - ::group::Pre task execution logs
[2025-12-15T06:03:51.527+0000] {taskinstance.py:2614} INFO - Dependencies all met for dep_context=non-requeueable deps ti=<TaskInstance: unified_sales_pipeline.run_silver_processing manual__2025-12-14T00:15:45.665373+00:00 [queued]>
[2025-12-15T06:03:51.541+0000] {taskinstance.py:2614} INFO - Dependencies all met for dep_context=requeueable deps ti=<TaskInstance: unified_sales_pipeline.run_silver_processing manual__2025-12-14T00:15:45.665373+00:00 [queued]>
[2025-12-15T06:03:51.542+0000] {taskinstance.py:2867} INFO - Starting attempt 1 of 2
[2025-12-15T06:03:51.557+0000] {taskinstance.py:2890} INFO - Executing <Task(PythonOperator): run_silver_processing> on 2025-12-14 00:15:45.665373+00:00
[2025-12-15T06:03:51.564+0000] {warnings.py:112} WARNING - /home/***/.local/lib/python3.12/site-packages/***/task/task_runner/standard_task_runner.py:70: DeprecationWarning: This process (pid=569) is multi-threaded, use of fork() may lead to deadlocks in the child.
  pid = os.fork()

[2025-12-15T06:03:51.566+0000] {standard_task_runner.py:72} INFO - Started process 570 to run task
[2025-12-15T06:03:51.566+0000] {standard_task_runner.py:104} INFO - Running: ['***', 'tasks', 'run', 'unified_sales_pipeline', 'run_silver_processing', 'manual__2025-12-14T00:15:45.665373+00:00', '--job-id', '136', '--raw', '--subdir', 'DAGS_FOLDER/unified_sales_pipeline_dag.py', '--cfg-path', '/tmp/tmpv2lf_cym']
[2025-12-15T06:03:51.568+0000] {standard_task_runner.py:105} INFO - Job 136: Subtask run_silver_processing
[2025-12-15T06:03:51.616+0000] {task_command.py:467} INFO - Running <TaskInstance: unified_sales_pipeline.run_silver_processing manual__2025-12-14T00:15:45.665373+00:00 [running]> on host f7434449c2ca
[2025-12-15T06:03:51.752+0000] {taskinstance.py:3134} INFO - Exporting env vars: AIRFLOW_CTX_DAG_OWNER='***' AIRFLOW_CTX_DAG_ID='unified_sales_pipeline' AIRFLOW_CTX_TASK_ID='run_silver_processing' AIRFLOW_CTX_EXECUTION_DATE='2025-12-14T00:15:45.665373+00:00' AIRFLOW_CTX_TRY_NUMBER='1' AIRFLOW_CTX_DAG_RUN_ID='manual__2025-12-14T00:15:45.665373+00:00'
[2025-12-15T06:03:51.753+0000] {taskinstance.py:732} INFO - ::endgroup::
[2025-12-15T06:03:51.776+0000] {logging_mixin.py:190} INFO - ðŸš€ Submitting Silver Spark job: docker exec spark-master spark-submit --master spark://spark-master:7077 --jars /opt/spark/jars/delta-spark_2.12-3.2.0.jar,/opt/spark/jars/delta-storage-3.2.0.jar,/opt/spark/jars/spark-sql-kafka-0-10_2.12-3.5.0.jar,/opt/spark/jars/spark-token-provider-kafka-0-10_2.12-3.5.0.jar,/opt/spark/jars/kafka-clients-3.4.1.jar,/opt/spark/jars/commons-pool2-2.11.1.jar --conf spark.sql.extensions=io.delta.sql.DeltaSparkSessionExtension --conf spark.sql.catalog.spark_catalog=org.apache.spark.sql.delta.catalog.DeltaCatalog --conf spark.driver.memory=1g --conf spark.executor.memory=1g /app/dags/bronze_to_silver.py
[2025-12-15T06:05:06.882+0000] {logging_mixin.py:190} INFO - ðŸ” Return code: 0
[2025-12-15T06:05:06.889+0000] {logging_mixin.py:190} INFO - STDOUT (first 2000 chars):
25/12/15 06:03:56 WARN NativeCodeLoader: Unable to load native-hadoop library for your platform... using builtin-java classes where applicable
25/12/15 06:03:58 INFO SparkContext: Running Spark version 3.5.5
25/12/15 06:03:58 INFO SparkContext: OS info Linux, 5.15.167.4-microsoft-standard-WSL2, amd64
25/12/15 06:03:58 INFO SparkContext: Java version 17.0.14
25/12/15 06:03:58 INFO ResourceUtils: ==============================================================
25/12/15 06:03:58 INFO ResourceUtils: No custom resources configured for spark.driver.
25/12/15 06:03:58 INFO ResourceUtils: ==============================================================
25/12/15 06:03:58 INFO SparkContext: Submitted application: BronzeToSilverTransformation
25/12/15 06:03:58 INFO ResourceProfile: Default ResourceProfile created, executor resources: Map(memory -> name: memory, amount: 1024, script: , vendor: , offHeap -> name: offHeap, amount: 0, script: , vendor: ), task resources: Map(cpus -> name: cpus, amount: 1.0)
25/12/15 06:03:58 INFO ResourceProfile: Limiting resource is cpu
25/12/15 06:03:58 INFO ResourceProfileManager: Added ResourceProfile id: 0
25/12/15 06:03:58 INFO SecurityManager: Changing view acls to: spark
25/12/15 06:03:58 INFO SecurityManager: Changing modify acls to: spark
25/12/15 06:03:58 INFO SecurityManager: Changing view acls groups to: 
25/12/15 06:03:58 INFO SecurityManager: Changing modify acls groups to: 
25/12/15 06:03:58 INFO SecurityManager: SecurityManager: authentication disabled; ui acls disabled; users with view permissions: spark; groups with view permissions: EMPTY; users with modify permissions: spark; groups with modify permissions: EMPTY
25/12/15 06:03:58 INFO Utils: Successfully started service 'sparkDriver' on port 36645.
25/12/15 06:03:58 INFO SparkEnv: Registering MapOutputTracker
25/12/15 06:03:59 INFO SparkEnv: Registering BlockManagerMaster
25/12/15 06:03:59 INFO BlockManagerMasterEndpoint: Using org.apache.spark.storage.DefaultTopologyMapper for g
[2025-12-15T06:05:06.893+0000] {logging_mixin.py:190} INFO - âœ… Silver Spark job completed successfully
[2025-12-15T06:05:06.896+0000] {python.py:240} INFO - Done. Returned value was: True
[2025-12-15T06:05:06.962+0000] {taskinstance.py:341} INFO - ::group::Post task execution logs
[2025-12-15T06:05:06.963+0000] {taskinstance.py:353} INFO - Marking task as SUCCESS. dag_id=unified_sales_pipeline, task_id=run_silver_processing, run_id=manual__2025-12-14T00:15:45.665373+00:00, execution_date=20251214T001545, start_date=20251215T060351, end_date=20251215T060506
[2025-12-15T06:05:07.057+0000] {local_task_job_runner.py:266} INFO - Task exited with return code 0
[2025-12-15T06:05:07.136+0000] {taskinstance.py:3901} INFO - 1 downstream tasks scheduled from follow-on schedule check
[2025-12-15T06:05:07.142+0000] {local_task_job_runner.py:245} INFO - ::endgroup::
