[2025-12-16T03:03:32.588+0000] {local_task_job_runner.py:123} INFO - ::group::Pre task execution logs
[2025-12-16T03:03:32.606+0000] {taskinstance.py:2614} INFO - Dependencies all met for dep_context=non-requeueable deps ti=<TaskInstance: unified_sales_pipeline.optional_cleanup manual__2025-12-16T02:44:32.326167+00:00 [queued]>
[2025-12-16T03:03:32.615+0000] {taskinstance.py:2614} INFO - Dependencies all met for dep_context=requeueable deps ti=<TaskInstance: unified_sales_pipeline.optional_cleanup manual__2025-12-16T02:44:32.326167+00:00 [queued]>
[2025-12-16T03:03:32.616+0000] {taskinstance.py:2867} INFO - Starting attempt 1 of 2
[2025-12-16T03:03:32.628+0000] {taskinstance.py:2890} INFO - Executing <Task(PythonOperator): optional_cleanup> on 2025-12-16 02:44:32.326167+00:00
[2025-12-16T03:03:32.635+0000] {warnings.py:112} WARNING - /home/***/.local/lib/python3.12/site-packages/***/task/task_runner/standard_task_runner.py:70: DeprecationWarning: This process (pid=185) is multi-threaded, use of fork() may lead to deadlocks in the child.
  pid = os.fork()

[2025-12-16T03:03:32.636+0000] {standard_task_runner.py:72} INFO - Started process 186 to run task
[2025-12-16T03:03:32.637+0000] {standard_task_runner.py:104} INFO - Running: ['***', 'tasks', 'run', 'unified_sales_pipeline', 'optional_cleanup', 'manual__2025-12-16T02:44:32.326167+00:00', '--job-id', '71', '--raw', '--subdir', 'DAGS_FOLDER/unified_sales_pipeline_dag.py', '--cfg-path', '/tmp/tmpihse1h7_']
[2025-12-16T03:03:32.638+0000] {standard_task_runner.py:105} INFO - Job 71: Subtask optional_cleanup
[2025-12-16T03:03:32.692+0000] {task_command.py:467} INFO - Running <TaskInstance: unified_sales_pipeline.optional_cleanup manual__2025-12-16T02:44:32.326167+00:00 [running]> on host 0f62de6a8431
[2025-12-16T03:03:32.774+0000] {taskinstance.py:3134} INFO - Exporting env vars: AIRFLOW_CTX_DAG_OWNER='***' AIRFLOW_CTX_DAG_ID='unified_sales_pipeline' AIRFLOW_CTX_TASK_ID='optional_cleanup' AIRFLOW_CTX_EXECUTION_DATE='2025-12-16T02:44:32.326167+00:00' AIRFLOW_CTX_TRY_NUMBER='1' AIRFLOW_CTX_DAG_RUN_ID='manual__2025-12-16T02:44:32.326167+00:00'
[2025-12-16T03:03:32.775+0000] {taskinstance.py:732} INFO - ::endgroup::
[2025-12-16T03:03:32.895+0000] {logging_mixin.py:190} INFO - 🧹 Cleaned up: /tmp/delta/bronze
[2025-12-16T03:03:33.158+0000] {logging_mixin.py:190} INFO - 🧹 Cleaned up: /tmp/delta/silver
[2025-12-16T03:03:33.159+0000] {python.py:240} INFO - Done. Returned value was: None
[2025-12-16T03:03:33.167+0000] {taskinstance.py:341} INFO - ::group::Post task execution logs
[2025-12-16T03:03:33.168+0000] {taskinstance.py:353} INFO - Marking task as SUCCESS. dag_id=unified_sales_pipeline, task_id=optional_cleanup, run_id=manual__2025-12-16T02:44:32.326167+00:00, execution_date=20251216T024432, start_date=20251216T030332, end_date=20251216T030333
[2025-12-16T03:03:33.213+0000] {local_task_job_runner.py:266} INFO - Task exited with return code 0
[2025-12-16T03:03:33.229+0000] {taskinstance.py:3901} INFO - 0 downstream tasks scheduled from follow-on schedule check
[2025-12-16T03:03:33.231+0000] {local_task_job_runner.py:245} INFO - ::endgroup::
