[2025-11-23T03:39:17.979+0000] {local_task_job_runner.py:123} INFO - ::group::Pre task execution logs
[2025-11-23T03:39:17.998+0000] {taskinstance.py:2614} INFO - Dependencies all met for dep_context=non-requeueable deps ti=<TaskInstance: sales_streaming_pipeline.trigger_kafka_producer scheduled__2025-11-23T02:00:00+00:00 [queued]>
[2025-11-23T03:39:18.006+0000] {taskinstance.py:2614} INFO - Dependencies all met for dep_context=requeueable deps ti=<TaskInstance: sales_streaming_pipeline.trigger_kafka_producer scheduled__2025-11-23T02:00:00+00:00 [queued]>
[2025-11-23T03:39:18.007+0000] {taskinstance.py:2867} INFO - Starting attempt 1 of 2
[2025-11-23T03:39:18.019+0000] {taskinstance.py:2890} INFO - Executing <Task(TriggerDagRunOperator): trigger_kafka_producer> on 2025-11-23 02:00:00+00:00
[2025-11-23T03:39:18.024+0000] {warnings.py:112} WARNING - /home/***/.local/lib/python3.12/site-packages/***/task/task_runner/standard_task_runner.py:70: DeprecationWarning: This process (pid=50) is multi-threaded, use of fork() may lead to deadlocks in the child.
  pid = os.fork()

[2025-11-23T03:39:18.026+0000] {standard_task_runner.py:72} INFO - Started process 53 to run task
[2025-11-23T03:39:18.026+0000] {standard_task_runner.py:104} INFO - Running: ['***', 'tasks', 'run', 'sales_streaming_pipeline', 'trigger_kafka_producer', 'scheduled__2025-11-23T02:00:00+00:00', '--job-id', '5', '--raw', '--subdir', 'DAGS_FOLDER/master_orchestrator_dag.py', '--cfg-path', '/tmp/tmpr7g30pil']
[2025-11-23T03:39:18.027+0000] {standard_task_runner.py:105} INFO - Job 5: Subtask trigger_kafka_producer
[2025-11-23T03:39:18.065+0000] {task_command.py:467} INFO - Running <TaskInstance: sales_streaming_pipeline.trigger_kafka_producer scheduled__2025-11-23T02:00:00+00:00 [running]> on host 1d2c27c9ff86
[2025-11-23T03:39:18.129+0000] {taskinstance.py:3134} INFO - Exporting env vars: AIRFLOW_CTX_DAG_OWNER='***' AIRFLOW_CTX_DAG_ID='sales_streaming_pipeline' AIRFLOW_CTX_TASK_ID='trigger_kafka_producer' AIRFLOW_CTX_EXECUTION_DATE='2025-11-23T02:00:00+00:00' AIRFLOW_CTX_TRY_NUMBER='1' AIRFLOW_CTX_DAG_RUN_ID='scheduled__2025-11-23T02:00:00+00:00'
[2025-11-23T03:39:18.130+0000] {taskinstance.py:732} INFO - ::endgroup::
[2025-11-23T03:39:18.206+0000] {trigger_dagrun.py:257} INFO - Waiting for kafka_sales_producer on 2025-11-23 03:39:18.140221+00:00 to become allowed state ['success'] ...
[2025-11-23T03:40:18.215+0000] {trigger_dagrun.py:257} INFO - Waiting for kafka_sales_producer on 2025-11-23 03:39:18.140221+00:00 to become allowed state ['success'] ...
[2025-11-23T03:41:18.225+0000] {trigger_dagrun.py:257} INFO - Waiting for kafka_sales_producer on 2025-11-23 03:39:18.140221+00:00 to become allowed state ['success'] ...
[2025-11-23T03:42:18.226+0000] {trigger_dagrun.py:257} INFO - Waiting for kafka_sales_producer on 2025-11-23 03:39:18.140221+00:00 to become allowed state ['success'] ...
[2025-11-23T03:43:18.229+0000] {trigger_dagrun.py:257} INFO - Waiting for kafka_sales_producer on 2025-11-23 03:39:18.140221+00:00 to become allowed state ['success'] ...
[2025-11-23T03:44:18.233+0000] {trigger_dagrun.py:257} INFO - Waiting for kafka_sales_producer on 2025-11-23 03:39:18.140221+00:00 to become allowed state ['success'] ...
[2025-11-23T03:45:18.237+0000] {trigger_dagrun.py:257} INFO - Waiting for kafka_sales_producer on 2025-11-23 03:39:18.140221+00:00 to become allowed state ['success'] ...
[2025-11-23T03:46:18.242+0000] {trigger_dagrun.py:257} INFO - Waiting for kafka_sales_producer on 2025-11-23 03:39:18.140221+00:00 to become allowed state ['success'] ...
[2025-11-23T03:47:18.244+0000] {trigger_dagrun.py:257} INFO - Waiting for kafka_sales_producer on 2025-11-23 03:39:18.140221+00:00 to become allowed state ['success'] ...
[2025-11-23T03:48:18.250+0000] {trigger_dagrun.py:257} INFO - Waiting for kafka_sales_producer on 2025-11-23 03:39:18.140221+00:00 to become allowed state ['success'] ...
[2025-11-23T03:49:18.253+0000] {trigger_dagrun.py:257} INFO - Waiting for kafka_sales_producer on 2025-11-23 03:39:18.140221+00:00 to become allowed state ['success'] ...
[2025-11-23T03:50:18.257+0000] {trigger_dagrun.py:257} INFO - Waiting for kafka_sales_producer on 2025-11-23 03:39:18.140221+00:00 to become allowed state ['success'] ...
[2025-11-23T03:51:18.265+0000] {trigger_dagrun.py:257} INFO - Waiting for kafka_sales_producer on 2025-11-23 03:39:18.140221+00:00 to become allowed state ['success'] ...
[2025-11-23T03:52:18.276+0000] {trigger_dagrun.py:257} INFO - Waiting for kafka_sales_producer on 2025-11-23 03:39:18.140221+00:00 to become allowed state ['success'] ...
[2025-11-23T03:53:18.278+0000] {trigger_dagrun.py:257} INFO - Waiting for kafka_sales_producer on 2025-11-23 03:39:18.140221+00:00 to become allowed state ['success'] ...
[2025-11-23T03:54:18.290+0000] {trigger_dagrun.py:257} INFO - Waiting for kafka_sales_producer on 2025-11-23 03:39:18.140221+00:00 to become allowed state ['success'] ...
[2025-11-23T03:55:18.296+0000] {trigger_dagrun.py:257} INFO - Waiting for kafka_sales_producer on 2025-11-23 03:39:18.140221+00:00 to become allowed state ['success'] ...
[2025-11-23T03:56:18.300+0000] {trigger_dagrun.py:257} INFO - Waiting for kafka_sales_producer on 2025-11-23 03:39:18.140221+00:00 to become allowed state ['success'] ...
[2025-11-23T03:57:18.304+0000] {trigger_dagrun.py:257} INFO - Waiting for kafka_sales_producer on 2025-11-23 03:39:18.140221+00:00 to become allowed state ['success'] ...
[2025-11-23T03:58:18.308+0000] {trigger_dagrun.py:257} INFO - Waiting for kafka_sales_producer on 2025-11-23 03:39:18.140221+00:00 to become allowed state ['success'] ...
[2025-11-23T03:59:18.312+0000] {trigger_dagrun.py:257} INFO - Waiting for kafka_sales_producer on 2025-11-23 03:39:18.140221+00:00 to become allowed state ['success'] ...
[2025-11-23T04:00:18.319+0000] {trigger_dagrun.py:257} INFO - Waiting for kafka_sales_producer on 2025-11-23 03:39:18.140221+00:00 to become allowed state ['success'] ...
[2025-11-23T04:01:18.326+0000] {trigger_dagrun.py:257} INFO - Waiting for kafka_sales_producer on 2025-11-23 03:39:18.140221+00:00 to become allowed state ['success'] ...
[2025-11-23T04:02:18.338+0000] {trigger_dagrun.py:257} INFO - Waiting for kafka_sales_producer on 2025-11-23 03:39:18.140221+00:00 to become allowed state ['success'] ...
[2025-11-23T04:03:18.347+0000] {trigger_dagrun.py:257} INFO - Waiting for kafka_sales_producer on 2025-11-23 03:39:18.140221+00:00 to become allowed state ['success'] ...
[2025-11-23T04:04:18.357+0000] {trigger_dagrun.py:257} INFO - Waiting for kafka_sales_producer on 2025-11-23 03:39:18.140221+00:00 to become allowed state ['success'] ...
[2025-11-23T04:05:18.359+0000] {trigger_dagrun.py:257} INFO - Waiting for kafka_sales_producer on 2025-11-23 03:39:18.140221+00:00 to become allowed state ['success'] ...
[2025-11-23T04:06:18.363+0000] {trigger_dagrun.py:257} INFO - Waiting for kafka_sales_producer on 2025-11-23 03:39:18.140221+00:00 to become allowed state ['success'] ...
[2025-11-23T04:07:18.374+0000] {trigger_dagrun.py:257} INFO - Waiting for kafka_sales_producer on 2025-11-23 03:39:18.140221+00:00 to become allowed state ['success'] ...
[2025-11-23T04:08:18.381+0000] {trigger_dagrun.py:257} INFO - Waiting for kafka_sales_producer on 2025-11-23 03:39:18.140221+00:00 to become allowed state ['success'] ...
[2025-11-23T04:09:18.385+0000] {trigger_dagrun.py:257} INFO - Waiting for kafka_sales_producer on 2025-11-23 03:39:18.140221+00:00 to become allowed state ['success'] ...
[2025-11-23T04:10:18.391+0000] {trigger_dagrun.py:257} INFO - Waiting for kafka_sales_producer on 2025-11-23 03:39:18.140221+00:00 to become allowed state ['success'] ...
[2025-11-23T04:11:18.398+0000] {trigger_dagrun.py:257} INFO - Waiting for kafka_sales_producer on 2025-11-23 03:39:18.140221+00:00 to become allowed state ['success'] ...
[2025-11-23T04:12:18.402+0000] {trigger_dagrun.py:257} INFO - Waiting for kafka_sales_producer on 2025-11-23 03:39:18.140221+00:00 to become allowed state ['success'] ...
[2025-11-23T04:13:18.410+0000] {trigger_dagrun.py:257} INFO - Waiting for kafka_sales_producer on 2025-11-23 03:39:18.140221+00:00 to become allowed state ['success'] ...
[2025-11-23T04:14:18.418+0000] {trigger_dagrun.py:257} INFO - Waiting for kafka_sales_producer on 2025-11-23 03:39:18.140221+00:00 to become allowed state ['success'] ...
[2025-11-23T04:15:18.423+0000] {trigger_dagrun.py:257} INFO - Waiting for kafka_sales_producer on 2025-11-23 03:39:18.140221+00:00 to become allowed state ['success'] ...
[2025-11-23T04:16:18.429+0000] {trigger_dagrun.py:257} INFO - Waiting for kafka_sales_producer on 2025-11-23 03:39:18.140221+00:00 to become allowed state ['success'] ...
[2025-11-23T04:17:18.438+0000] {trigger_dagrun.py:257} INFO - Waiting for kafka_sales_producer on 2025-11-23 03:39:18.140221+00:00 to become allowed state ['success'] ...
[2025-11-23T04:18:18.444+0000] {trigger_dagrun.py:257} INFO - Waiting for kafka_sales_producer on 2025-11-23 03:39:18.140221+00:00 to become allowed state ['success'] ...
[2025-11-23T04:19:18.449+0000] {trigger_dagrun.py:257} INFO - Waiting for kafka_sales_producer on 2025-11-23 03:39:18.140221+00:00 to become allowed state ['success'] ...
[2025-11-23T04:20:18.453+0000] {trigger_dagrun.py:257} INFO - Waiting for kafka_sales_producer on 2025-11-23 03:39:18.140221+00:00 to become allowed state ['success'] ...
[2025-11-23T04:21:18.455+0000] {trigger_dagrun.py:257} INFO - Waiting for kafka_sales_producer on 2025-11-23 03:39:18.140221+00:00 to become allowed state ['success'] ...
[2025-11-23T04:22:18.458+0000] {trigger_dagrun.py:257} INFO - Waiting for kafka_sales_producer on 2025-11-23 03:39:18.140221+00:00 to become allowed state ['success'] ...
[2025-11-23T04:23:18.467+0000] {trigger_dagrun.py:257} INFO - Waiting for kafka_sales_producer on 2025-11-23 03:39:18.140221+00:00 to become allowed state ['success'] ...
[2025-11-23T04:24:18.475+0000] {trigger_dagrun.py:257} INFO - Waiting for kafka_sales_producer on 2025-11-23 03:39:18.140221+00:00 to become allowed state ['success'] ...
[2025-11-23T04:25:18.485+0000] {trigger_dagrun.py:257} INFO - Waiting for kafka_sales_producer on 2025-11-23 03:39:18.140221+00:00 to become allowed state ['success'] ...
[2025-11-23T04:26:18.496+0000] {trigger_dagrun.py:257} INFO - Waiting for kafka_sales_producer on 2025-11-23 03:39:18.140221+00:00 to become allowed state ['success'] ...
[2025-11-23T04:27:18.502+0000] {trigger_dagrun.py:257} INFO - Waiting for kafka_sales_producer on 2025-11-23 03:39:18.140221+00:00 to become allowed state ['success'] ...
[2025-11-23T04:28:18.506+0000] {trigger_dagrun.py:257} INFO - Waiting for kafka_sales_producer on 2025-11-23 03:39:18.140221+00:00 to become allowed state ['success'] ...
[2025-11-23T04:29:18.508+0000] {trigger_dagrun.py:257} INFO - Waiting for kafka_sales_producer on 2025-11-23 03:39:18.140221+00:00 to become allowed state ['success'] ...
[2025-11-23T04:30:18.510+0000] {trigger_dagrun.py:257} INFO - Waiting for kafka_sales_producer on 2025-11-23 03:39:18.140221+00:00 to become allowed state ['success'] ...
[2025-11-23T04:31:18.520+0000] {trigger_dagrun.py:257} INFO - Waiting for kafka_sales_producer on 2025-11-23 03:39:18.140221+00:00 to become allowed state ['success'] ...
[2025-11-23T04:32:18.531+0000] {trigger_dagrun.py:257} INFO - Waiting for kafka_sales_producer on 2025-11-23 03:39:18.140221+00:00 to become allowed state ['success'] ...
[2025-11-23T04:33:18.533+0000] {trigger_dagrun.py:257} INFO - Waiting for kafka_sales_producer on 2025-11-23 03:39:18.140221+00:00 to become allowed state ['success'] ...
[2025-11-23T04:34:18.539+0000] {trigger_dagrun.py:257} INFO - Waiting for kafka_sales_producer on 2025-11-23 03:39:18.140221+00:00 to become allowed state ['success'] ...
