[2025-12-14T07:33:12.871+0000] {local_task_job_runner.py:123} INFO - ::group::Pre task execution logs
[2025-12-14T07:33:12.889+0000] {taskinstance.py:2614} INFO - Dependencies all met for dep_context=non-requeueable deps ti=<TaskInstance: unified_sales_pipeline.produce_sales_data manual__2025-12-14T07:33:07.683145+00:00 [queued]>
[2025-12-14T07:33:12.898+0000] {taskinstance.py:2614} INFO - Dependencies all met for dep_context=requeueable deps ti=<TaskInstance: unified_sales_pipeline.produce_sales_data manual__2025-12-14T07:33:07.683145+00:00 [queued]>
[2025-12-14T07:33:12.900+0000] {taskinstance.py:2867} INFO - Starting attempt 1 of 2
[2025-12-14T07:33:12.915+0000] {taskinstance.py:2890} INFO - Executing <Task(PythonOperator): produce_sales_data> on 2025-12-14 07:33:07.683145+00:00
[2025-12-14T07:33:12.921+0000] {warnings.py:112} WARNING - /home/***/.local/lib/python3.12/site-packages/***/task/task_runner/standard_task_runner.py:70: DeprecationWarning: This process (pid=135) is multi-threaded, use of fork() may lead to deadlocks in the child.
  pid = os.fork()

[2025-12-14T07:33:12.922+0000] {standard_task_runner.py:72} INFO - Started process 136 to run task
[2025-12-14T07:33:12.922+0000] {standard_task_runner.py:104} INFO - Running: ['***', 'tasks', 'run', 'unified_sales_pipeline', 'produce_sales_data', 'manual__2025-12-14T07:33:07.683145+00:00', '--job-id', '76', '--raw', '--subdir', 'DAGS_FOLDER/unified_sales_pipeline_dag.py', '--cfg-path', '/tmp/tmpy_geuli2']
[2025-12-14T07:33:12.924+0000] {standard_task_runner.py:105} INFO - Job 76: Subtask produce_sales_data
[2025-12-14T07:33:12.960+0000] {task_command.py:467} INFO - Running <TaskInstance: unified_sales_pipeline.produce_sales_data manual__2025-12-14T07:33:07.683145+00:00 [running]> on host 8010d11e18c5
[2025-12-14T07:33:13.032+0000] {taskinstance.py:3134} INFO - Exporting env vars: AIRFLOW_CTX_DAG_OWNER='***' AIRFLOW_CTX_DAG_ID='unified_sales_pipeline' AIRFLOW_CTX_TASK_ID='produce_sales_data' AIRFLOW_CTX_EXECUTION_DATE='2025-12-14T07:33:07.683145+00:00' AIRFLOW_CTX_TRY_NUMBER='1' AIRFLOW_CTX_DAG_RUN_ID='manual__2025-12-14T07:33:07.683145+00:00'
[2025-12-14T07:33:13.033+0000] {taskinstance.py:732} INFO - ::endgroup::
[2025-12-14T07:33:13.048+0000] {conn.py:396} INFO - <BrokerConnection client_id=kafka-python-producer-1, node_id=bootstrap-2 host=broker1:19092 <connecting> [IPv4 ('172.18.0.8', 19092)]>: connecting to broker1:19092 [('172.18.0.8', 19092) IPv4]
[2025-12-14T07:33:13.052+0000] {conn.py:618} INFO - <BrokerConnection client_id=kafka-python-producer-1, node_id=bootstrap-2 host=broker1:19092 <checking_api_versions_recv> [IPv4 ('172.18.0.8', 19092)]>: Broker version identified as 2.6
[2025-12-14T07:33:13.053+0000] {conn.py:457} INFO - <BrokerConnection client_id=kafka-python-producer-1, node_id=bootstrap-2 host=broker1:19092 <connected> [IPv4 ('172.18.0.8', 19092)]>: Connection complete.
[2025-12-14T07:33:13.056+0000] {logging_mixin.py:190} INFO - 🚀 Starting Kafka producer...
[2025-12-14T07:33:13.158+0000] {conn.py:396} INFO - <BrokerConnection client_id=kafka-python-producer-1, node_id=3 host=broker3:19094 <connecting> [IPv4 ('172.18.0.4', 19094)]>: connecting to broker3:19094 [('172.18.0.4', 19094) IPv4]
[2025-12-14T07:33:13.159+0000] {conn.py:457} INFO - <BrokerConnection client_id=kafka-python-producer-1, node_id=3 host=broker3:19094 <connected> [IPv4 ('172.18.0.4', 19094)]>: Connection complete.
[2025-12-14T07:33:13.160+0000] {conn.py:945} INFO - <BrokerConnection client_id=kafka-python-producer-1, node_id=bootstrap-2 host=broker1:19092 <connected> [IPv4 ('172.18.0.8', 19092)]>: Closing connection. 
[2025-12-14T07:33:13.173+0000] {cluster.py:316} ERROR - Topic ventes_stream not found in cluster metadata
[2025-12-14T07:33:13.282+0000] {logging_mixin.py:190} INFO - ✅ Sale 1: Souris sans fil - 25.5€
[2025-12-14T07:33:13.283+0000] {conn.py:396} INFO - <BrokerConnection client_id=kafka-python-producer-1, node_id=1 host=broker1:19092 <connecting> [IPv4 ('172.18.0.8', 19092)]>: connecting to broker1:19092 [('172.18.0.8', 19092) IPv4]
[2025-12-14T07:33:13.285+0000] {conn.py:457} INFO - <BrokerConnection client_id=kafka-python-producer-1, node_id=1 host=broker1:19092 <connected> [IPv4 ('172.18.0.8', 19092)]>: Connection complete.
[2025-12-14T07:33:13.484+0000] {logging_mixin.py:190} INFO - ✅ Sale 2: Ordinateur portable - 899.99€
[2025-12-14T07:33:13.686+0000] {logging_mixin.py:190} INFO - ✅ Sale 3: Ordinateur portable - 899.99€
[2025-12-14T07:33:13.687+0000] {conn.py:396} INFO - <BrokerConnection client_id=kafka-python-producer-1, node_id=2 host=broker2:19093 <connecting> [IPv4 ('172.18.0.5', 19093)]>: connecting to broker2:19093 [('172.18.0.5', 19093) IPv4]
[2025-12-14T07:33:13.688+0000] {conn.py:457} INFO - <BrokerConnection client_id=kafka-python-producer-1, node_id=2 host=broker2:19093 <connected> [IPv4 ('172.18.0.5', 19093)]>: Connection complete.
[2025-12-14T07:33:13.887+0000] {logging_mixin.py:190} INFO - ✅ Sale 4: Ordinateur portable - 899.99€
[2025-12-14T07:33:14.089+0000] {logging_mixin.py:190} INFO - ✅ Sale 5: Livre Data Science - 59.97€
[2025-12-14T07:33:14.291+0000] {logging_mixin.py:190} INFO - ✅ Sale 6: Ordinateur portable - 1799.98€
[2025-12-14T07:33:14.492+0000] {logging_mixin.py:190} INFO - ✅ Sale 7: Clavier mecanique - 150.0€
[2025-12-14T07:33:14.694+0000] {logging_mixin.py:190} INFO - ✅ Sale 8: Casque audio - 59.99€
[2025-12-14T07:33:14.896+0000] {logging_mixin.py:190} INFO - ✅ Sale 9: Livre Data Science - 19.99€
[2025-12-14T07:33:15.098+0000] {logging_mixin.py:190} INFO - ✅ Sale 10: Clavier mecanique - 75.0€
[2025-12-14T07:33:15.299+0000] {logging_mixin.py:190} INFO - ✅ Sale 11: Casque audio - 119.98€
[2025-12-14T07:33:15.501+0000] {logging_mixin.py:190} INFO - ✅ Sale 12: Livre Data Science - 19.99€
[2025-12-14T07:33:15.703+0000] {logging_mixin.py:190} INFO - ✅ Sale 13: Livre Data Science - 19.99€
[2025-12-14T07:33:15.905+0000] {logging_mixin.py:190} INFO - ✅ Sale 14: Souris sans fil - 76.5€
[2025-12-14T07:33:16.107+0000] {logging_mixin.py:190} INFO - ✅ Sale 15: Casque audio - 179.97€
[2025-12-14T07:33:16.309+0000] {logging_mixin.py:190} INFO - ✅ Sale 16: Clavier mecanique - 150.0€
[2025-12-14T07:33:16.510+0000] {logging_mixin.py:190} INFO - ✅ Sale 17: Ordinateur portable - 899.99€
[2025-12-14T07:33:16.712+0000] {logging_mixin.py:190} INFO - ✅ Sale 18: Ordinateur portable - 2699.97€
[2025-12-14T07:33:16.914+0000] {logging_mixin.py:190} INFO - ✅ Sale 19: Livre Data Science - 19.99€
[2025-12-14T07:33:17.115+0000] {logging_mixin.py:190} INFO - ✅ Sale 20: Ordinateur portable - 1799.98€
[2025-12-14T07:33:17.316+0000] {logging_mixin.py:190} INFO - ✅ Sale 21: Clavier mecanique - 75.0€
[2025-12-14T07:33:17.518+0000] {logging_mixin.py:190} INFO - ✅ Sale 22: Livre Data Science - 59.97€
[2025-12-14T07:33:17.720+0000] {logging_mixin.py:190} INFO - ✅ Sale 23: Souris sans fil - 76.5€
[2025-12-14T07:33:17.922+0000] {logging_mixin.py:190} INFO - ✅ Sale 24: Clavier mecanique - 225.0€
[2025-12-14T07:33:18.124+0000] {logging_mixin.py:190} INFO - ✅ Sale 25: Ordinateur portable - 1799.98€
[2025-12-14T07:33:18.325+0000] {logging_mixin.py:190} INFO - ✅ Sale 26: Casque audio - 179.97€
[2025-12-14T07:33:18.527+0000] {logging_mixin.py:190} INFO - ✅ Sale 27: Ordinateur portable - 899.99€
[2025-12-14T07:33:18.728+0000] {logging_mixin.py:190} INFO - ✅ Sale 28: Ordinateur portable - 1799.98€
[2025-12-14T07:33:18.931+0000] {logging_mixin.py:190} INFO - ✅ Sale 29: Clavier mecanique - 150.0€
[2025-12-14T07:33:19.135+0000] {logging_mixin.py:190} INFO - ✅ Sale 30: Ordinateur portable - 1799.98€
[2025-12-14T07:33:19.337+0000] {logging_mixin.py:190} INFO - ✅ Sale 31: Ordinateur portable - 2699.97€
[2025-12-14T07:33:19.539+0000] {logging_mixin.py:190} INFO - ✅ Sale 32: Clavier mecanique - 150.0€
[2025-12-14T07:33:19.740+0000] {logging_mixin.py:190} INFO - ✅ Sale 33: Casque audio - 119.98€
[2025-12-14T07:33:19.942+0000] {logging_mixin.py:190} INFO - ✅ Sale 34: Clavier mecanique - 75.0€
[2025-12-14T07:33:20.144+0000] {logging_mixin.py:190} INFO - ✅ Sale 35: Casque audio - 119.98€
[2025-12-14T07:33:20.347+0000] {logging_mixin.py:190} INFO - ✅ Sale 36: Livre Data Science - 59.97€
[2025-12-14T07:33:20.549+0000] {logging_mixin.py:190} INFO - ✅ Sale 37: Casque audio - 119.98€
[2025-12-14T07:33:20.750+0000] {logging_mixin.py:190} INFO - ✅ Sale 38: Ordinateur portable - 899.99€
[2025-12-14T07:33:20.951+0000] {logging_mixin.py:190} INFO - ✅ Sale 39: Souris sans fil - 25.5€
[2025-12-14T07:33:21.154+0000] {logging_mixin.py:190} INFO - ✅ Sale 40: Ordinateur portable - 2699.97€
[2025-12-14T07:33:21.355+0000] {logging_mixin.py:190} INFO - ✅ Sale 41: Ordinateur portable - 899.99€
[2025-12-14T07:33:21.556+0000] {logging_mixin.py:190} INFO - ✅ Sale 42: Livre Data Science - 39.98€
[2025-12-14T07:33:21.759+0000] {logging_mixin.py:190} INFO - ✅ Sale 43: Souris sans fil - 25.5€
[2025-12-14T07:33:21.960+0000] {logging_mixin.py:190} INFO - ✅ Sale 44: Casque audio - 179.97€
[2025-12-14T07:33:22.162+0000] {logging_mixin.py:190} INFO - ✅ Sale 45: Souris sans fil - 51.0€
[2025-12-14T07:33:22.363+0000] {logging_mixin.py:190} INFO - ✅ Sale 46: Livre Data Science - 59.97€
[2025-12-14T07:33:22.565+0000] {logging_mixin.py:190} INFO - ✅ Sale 47: Ordinateur portable - 1799.98€
[2025-12-14T07:33:22.767+0000] {logging_mixin.py:190} INFO - ✅ Sale 48: Casque audio - 59.99€
[2025-12-14T07:33:22.969+0000] {logging_mixin.py:190} INFO - ✅ Sale 49: Casque audio - 59.99€
[2025-12-14T07:33:23.170+0000] {logging_mixin.py:190} INFO - ✅ Sale 50: Livre Data Science - 59.97€
[2025-12-14T07:33:23.372+0000] {kafka.py:629} INFO - <KafkaProducer client_id=kafka-python-producer-1 transactional_id=None>: Closing the Kafka producer with 9223372036.0 secs timeout.
[2025-12-14T07:33:23.374+0000] {conn.py:945} INFO - <BrokerConnection client_id=kafka-python-producer-1, node_id=3 host=broker3:19094 <connected> [IPv4 ('172.18.0.4', 19094)]>: Closing connection. 
[2025-12-14T07:33:23.375+0000] {conn.py:945} INFO - <BrokerConnection client_id=kafka-python-producer-1, node_id=1 host=broker1:19092 <connected> [IPv4 ('172.18.0.8', 19092)]>: Closing connection. 
[2025-12-14T07:33:23.375+0000] {conn.py:945} INFO - <BrokerConnection client_id=kafka-python-producer-1, node_id=2 host=broker2:19093 <connected> [IPv4 ('172.18.0.5', 19093)]>: Closing connection. 
[2025-12-14T07:33:23.376+0000] {logging_mixin.py:190} INFO - ✅ Production completed: 50 sales sent to Kafka topic 'ventes_stream'
[2025-12-14T07:33:23.376+0000] {python.py:240} INFO - Done. Returned value was: None
[2025-12-14T07:33:23.384+0000] {taskinstance.py:341} INFO - ::group::Post task execution logs
[2025-12-14T07:33:23.385+0000] {taskinstance.py:353} INFO - Marking task as SUCCESS. dag_id=unified_sales_pipeline, task_id=produce_sales_data, run_id=manual__2025-12-14T07:33:07.683145+00:00, execution_date=20251214T073307, start_date=20251214T073312, end_date=20251214T073323
[2025-12-14T07:33:23.442+0000] {local_task_job_runner.py:266} INFO - Task exited with return code 0
[2025-12-14T07:33:23.469+0000] {taskinstance.py:3901} INFO - 1 downstream tasks scheduled from follow-on schedule check
[2025-12-14T07:33:23.471+0000] {local_task_job_runner.py:245} INFO - ::endgroup::
