[2025-12-14T01:11:48.954+0000] {local_task_job_runner.py:123} INFO - ::group::Pre task execution logs
[2025-12-14T01:11:48.978+0000] {taskinstance.py:2614} INFO - Dependencies all met for dep_context=non-requeueable deps ti=<TaskInstance: unified_sales_pipeline.produce_sales_data manual__2025-12-14T01:11:40.845407+00:00 [queued]>
[2025-12-14T01:11:48.989+0000] {taskinstance.py:2614} INFO - Dependencies all met for dep_context=requeueable deps ti=<TaskInstance: unified_sales_pipeline.produce_sales_data manual__2025-12-14T01:11:40.845407+00:00 [queued]>
[2025-12-14T01:11:48.990+0000] {taskinstance.py:2867} INFO - Starting attempt 1 of 2
[2025-12-14T01:11:49.005+0000] {taskinstance.py:2890} INFO - Executing <Task(PythonOperator): produce_sales_data> on 2025-12-14 01:11:40.845407+00:00
[2025-12-14T01:11:49.013+0000] {warnings.py:112} WARNING - /home/***/.local/lib/python3.12/site-packages/***/task/task_runner/standard_task_runner.py:70: DeprecationWarning: This process (pid=118) is multi-threaded, use of fork() may lead to deadlocks in the child.
  pid = os.fork()

[2025-12-14T01:11:49.015+0000] {standard_task_runner.py:72} INFO - Started process 119 to run task
[2025-12-14T01:11:49.016+0000] {standard_task_runner.py:104} INFO - Running: ['***', 'tasks', 'run', 'unified_sales_pipeline', 'produce_sales_data', 'manual__2025-12-14T01:11:40.845407+00:00', '--job-id', '20', '--raw', '--subdir', 'DAGS_FOLDER/unified_sales_pipeline_dag.py', '--cfg-path', '/tmp/tmpojrwkp7o']
[2025-12-14T01:11:49.017+0000] {standard_task_runner.py:105} INFO - Job 20: Subtask produce_sales_data
[2025-12-14T01:11:49.063+0000] {task_command.py:467} INFO - Running <TaskInstance: unified_sales_pipeline.produce_sales_data manual__2025-12-14T01:11:40.845407+00:00 [running]> on host ca10fbee7ae3
[2025-12-14T01:11:49.140+0000] {taskinstance.py:3134} INFO - Exporting env vars: AIRFLOW_CTX_DAG_OWNER='***' AIRFLOW_CTX_DAG_ID='unified_sales_pipeline' AIRFLOW_CTX_TASK_ID='produce_sales_data' AIRFLOW_CTX_EXECUTION_DATE='2025-12-14T01:11:40.845407+00:00' AIRFLOW_CTX_TRY_NUMBER='1' AIRFLOW_CTX_DAG_RUN_ID='manual__2025-12-14T01:11:40.845407+00:00'
[2025-12-14T01:11:49.141+0000] {taskinstance.py:732} INFO - ::endgroup::
[2025-12-14T01:11:49.158+0000] {conn.py:396} INFO - <BrokerConnection client_id=kafka-python-producer-1, node_id=bootstrap-2 host=broker1:19092 <connecting> [IPv4 ('172.18.0.6', 19092)]>: connecting to broker1:19092 [('172.18.0.6', 19092) IPv4]
[2025-12-14T01:11:49.166+0000] {conn.py:618} INFO - <BrokerConnection client_id=kafka-python-producer-1, node_id=bootstrap-2 host=broker1:19092 <checking_api_versions_recv> [IPv4 ('172.18.0.6', 19092)]>: Broker version identified as 2.6
[2025-12-14T01:11:49.167+0000] {conn.py:457} INFO - <BrokerConnection client_id=kafka-python-producer-1, node_id=bootstrap-2 host=broker1:19092 <connected> [IPv4 ('172.18.0.6', 19092)]>: Connection complete.
[2025-12-14T01:11:49.170+0000] {logging_mixin.py:190} INFO - 🚀 Starting Kafka producer...
[2025-12-14T01:11:49.276+0000] {conn.py:396} INFO - <BrokerConnection client_id=kafka-python-producer-1, node_id=3 host=broker3:19094 <connecting> [IPv4 ('172.18.0.5', 19094)]>: connecting to broker3:19094 [('172.18.0.5', 19094) IPv4]
[2025-12-14T01:11:49.277+0000] {conn.py:457} INFO - <BrokerConnection client_id=kafka-python-producer-1, node_id=3 host=broker3:19094 <connected> [IPv4 ('172.18.0.5', 19094)]>: Connection complete.
[2025-12-14T01:11:49.277+0000] {conn.py:945} INFO - <BrokerConnection client_id=kafka-python-producer-1, node_id=bootstrap-2 host=broker1:19092 <connected> [IPv4 ('172.18.0.6', 19092)]>: Closing connection. 
[2025-12-14T01:11:49.327+0000] {cluster.py:316} ERROR - Topic ventes_stream not found in cluster metadata
[2025-12-14T01:11:49.447+0000] {logging_mixin.py:190} INFO - ✅ Sale 1: Livre Data Science - 39.98€
[2025-12-14T01:11:49.452+0000] {conn.py:396} INFO - <BrokerConnection client_id=kafka-python-producer-1, node_id=2 host=broker2:19093 <connecting> [IPv4 ('172.18.0.2', 19093)]>: connecting to broker2:19093 [('172.18.0.2', 19093) IPv4]
[2025-12-14T01:11:49.454+0000] {conn.py:457} INFO - <BrokerConnection client_id=kafka-python-producer-1, node_id=2 host=broker2:19093 <connected> [IPv4 ('172.18.0.2', 19093)]>: Connection complete.
[2025-12-14T01:11:49.649+0000] {logging_mixin.py:190} INFO - ✅ Sale 2: Ordinateur portable - 2699.97€
[2025-12-14T01:11:49.852+0000] {logging_mixin.py:190} INFO - ✅ Sale 3: Souris sans fil - 25.5€
[2025-12-14T01:11:50.054+0000] {logging_mixin.py:190} INFO - ✅ Sale 4: Souris sans fil - 76.5€
[2025-12-14T01:11:50.256+0000] {logging_mixin.py:190} INFO - ✅ Sale 5: Livre Data Science - 19.99€
[2025-12-14T01:11:50.458+0000] {logging_mixin.py:190} INFO - ✅ Sale 6: Casque audio - 179.97€
[2025-12-14T01:11:50.459+0000] {conn.py:396} INFO - <BrokerConnection client_id=kafka-python-producer-1, node_id=1 host=broker1:19092 <connecting> [IPv4 ('172.18.0.6', 19092)]>: connecting to broker1:19092 [('172.18.0.6', 19092) IPv4]
[2025-12-14T01:11:50.460+0000] {conn.py:457} INFO - <BrokerConnection client_id=kafka-python-producer-1, node_id=1 host=broker1:19092 <connected> [IPv4 ('172.18.0.6', 19092)]>: Connection complete.
[2025-12-14T01:11:50.659+0000] {logging_mixin.py:190} INFO - ✅ Sale 7: Souris sans fil - 25.5€
[2025-12-14T01:11:50.874+0000] {logging_mixin.py:190} INFO - ✅ Sale 8: Souris sans fil - 25.5€
[2025-12-14T01:11:51.076+0000] {logging_mixin.py:190} INFO - ✅ Sale 9: Casque audio - 179.97€
[2025-12-14T01:11:51.280+0000] {logging_mixin.py:190} INFO - ✅ Sale 10: Livre Data Science - 39.98€
[2025-12-14T01:11:51.481+0000] {logging_mixin.py:190} INFO - ✅ Sale 11: Ordinateur portable - 2699.97€
[2025-12-14T01:11:51.683+0000] {logging_mixin.py:190} INFO - ✅ Sale 12: Clavier mecanique - 75.0€
[2025-12-14T01:11:51.886+0000] {logging_mixin.py:190} INFO - ✅ Sale 13: Casque audio - 59.99€
[2025-12-14T01:11:52.087+0000] {logging_mixin.py:190} INFO - ✅ Sale 14: Souris sans fil - 76.5€
[2025-12-14T01:11:52.291+0000] {logging_mixin.py:190} INFO - ✅ Sale 15: Livre Data Science - 59.97€
[2025-12-14T01:11:52.493+0000] {logging_mixin.py:190} INFO - ✅ Sale 16: Casque audio - 119.98€
[2025-12-14T01:11:52.694+0000] {logging_mixin.py:190} INFO - ✅ Sale 17: Clavier mecanique - 225.0€
[2025-12-14T01:11:52.896+0000] {logging_mixin.py:190} INFO - ✅ Sale 18: Casque audio - 119.98€
[2025-12-14T01:11:53.098+0000] {logging_mixin.py:190} INFO - ✅ Sale 19: Livre Data Science - 39.98€
[2025-12-14T01:11:53.300+0000] {logging_mixin.py:190} INFO - ✅ Sale 20: Souris sans fil - 76.5€
[2025-12-14T01:11:53.501+0000] {logging_mixin.py:190} INFO - ✅ Sale 21: Livre Data Science - 39.98€
[2025-12-14T01:11:53.703+0000] {logging_mixin.py:190} INFO - ✅ Sale 22: Livre Data Science - 19.99€
[2025-12-14T01:11:53.905+0000] {logging_mixin.py:190} INFO - ✅ Sale 23: Ordinateur portable - 2699.97€
[2025-12-14T01:11:54.107+0000] {logging_mixin.py:190} INFO - ✅ Sale 24: Casque audio - 179.97€
[2025-12-14T01:11:54.309+0000] {logging_mixin.py:190} INFO - ✅ Sale 25: Livre Data Science - 39.98€
[2025-12-14T01:11:54.511+0000] {logging_mixin.py:190} INFO - ✅ Sale 26: Livre Data Science - 59.97€
[2025-12-14T01:11:54.712+0000] {logging_mixin.py:190} INFO - ✅ Sale 27: Souris sans fil - 25.5€
[2025-12-14T01:11:54.914+0000] {logging_mixin.py:190} INFO - ✅ Sale 28: Ordinateur portable - 899.99€
[2025-12-14T01:11:55.116+0000] {logging_mixin.py:190} INFO - ✅ Sale 29: Livre Data Science - 19.99€
[2025-12-14T01:11:55.318+0000] {logging_mixin.py:190} INFO - ✅ Sale 30: Ordinateur portable - 899.99€
[2025-12-14T01:11:55.520+0000] {logging_mixin.py:190} INFO - ✅ Sale 31: Livre Data Science - 59.97€
[2025-12-14T01:11:55.721+0000] {logging_mixin.py:190} INFO - ✅ Sale 32: Casque audio - 119.98€
[2025-12-14T01:11:55.923+0000] {logging_mixin.py:190} INFO - ✅ Sale 33: Casque audio - 179.97€
[2025-12-14T01:11:56.125+0000] {logging_mixin.py:190} INFO - ✅ Sale 34: Livre Data Science - 59.97€
[2025-12-14T01:11:56.326+0000] {logging_mixin.py:190} INFO - ✅ Sale 35: Livre Data Science - 19.99€
[2025-12-14T01:11:56.528+0000] {logging_mixin.py:190} INFO - ✅ Sale 36: Ordinateur portable - 2699.97€
[2025-12-14T01:11:56.730+0000] {logging_mixin.py:190} INFO - ✅ Sale 37: Souris sans fil - 51.0€
[2025-12-14T01:11:56.932+0000] {logging_mixin.py:190} INFO - ✅ Sale 38: Ordinateur portable - 899.99€
[2025-12-14T01:11:57.134+0000] {logging_mixin.py:190} INFO - ✅ Sale 39: Ordinateur portable - 1799.98€
[2025-12-14T01:11:57.336+0000] {logging_mixin.py:190} INFO - ✅ Sale 40: Clavier mecanique - 150.0€
[2025-12-14T01:11:57.537+0000] {logging_mixin.py:190} INFO - ✅ Sale 41: Ordinateur portable - 2699.97€
[2025-12-14T01:11:57.739+0000] {logging_mixin.py:190} INFO - ✅ Sale 42: Clavier mecanique - 75.0€
[2025-12-14T01:11:57.941+0000] {logging_mixin.py:190} INFO - ✅ Sale 43: Ordinateur portable - 1799.98€
[2025-12-14T01:11:58.143+0000] {logging_mixin.py:190} INFO - ✅ Sale 44: Souris sans fil - 25.5€
[2025-12-14T01:11:58.345+0000] {logging_mixin.py:190} INFO - ✅ Sale 45: Ordinateur portable - 1799.98€
[2025-12-14T01:11:58.547+0000] {logging_mixin.py:190} INFO - ✅ Sale 46: Ordinateur portable - 2699.97€
[2025-12-14T01:11:58.749+0000] {logging_mixin.py:190} INFO - ✅ Sale 47: Souris sans fil - 25.5€
[2025-12-14T01:11:58.951+0000] {logging_mixin.py:190} INFO - ✅ Sale 48: Souris sans fil - 25.5€
[2025-12-14T01:11:59.154+0000] {logging_mixin.py:190} INFO - ✅ Sale 49: Clavier mecanique - 225.0€
[2025-12-14T01:11:59.355+0000] {logging_mixin.py:190} INFO - ✅ Sale 50: Ordinateur portable - 2699.97€
[2025-12-14T01:11:59.557+0000] {kafka.py:629} INFO - <KafkaProducer client_id=kafka-python-producer-1 transactional_id=None>: Closing the Kafka producer with 9223372036.0 secs timeout.
[2025-12-14T01:11:59.558+0000] {conn.py:945} INFO - <BrokerConnection client_id=kafka-python-producer-1, node_id=3 host=broker3:19094 <connected> [IPv4 ('172.18.0.5', 19094)]>: Closing connection. 
[2025-12-14T01:11:59.559+0000] {conn.py:945} INFO - <BrokerConnection client_id=kafka-python-producer-1, node_id=2 host=broker2:19093 <connected> [IPv4 ('172.18.0.2', 19093)]>: Closing connection. 
[2025-12-14T01:11:59.559+0000] {conn.py:945} INFO - <BrokerConnection client_id=kafka-python-producer-1, node_id=1 host=broker1:19092 <connected> [IPv4 ('172.18.0.6', 19092)]>: Closing connection. 
[2025-12-14T01:11:59.560+0000] {logging_mixin.py:190} INFO - ✅ Production completed: 50 sales sent to Kafka topic 'ventes_stream'
[2025-12-14T01:11:59.561+0000] {python.py:240} INFO - Done. Returned value was: None
[2025-12-14T01:11:59.569+0000] {taskinstance.py:341} INFO - ::group::Post task execution logs
[2025-12-14T01:11:59.570+0000] {taskinstance.py:353} INFO - Marking task as SUCCESS. dag_id=unified_sales_pipeline, task_id=produce_sales_data, run_id=manual__2025-12-14T01:11:40.845407+00:00, execution_date=20251214T011140, start_date=20251214T011148, end_date=20251214T011159
[2025-12-14T01:11:59.615+0000] {local_task_job_runner.py:266} INFO - Task exited with return code 0
[2025-12-14T01:11:59.640+0000] {taskinstance.py:3901} INFO - 1 downstream tasks scheduled from follow-on schedule check
[2025-12-14T01:11:59.643+0000] {local_task_job_runner.py:245} INFO - ::endgroup::
