[2025-12-14T08:36:52.892+0000] {local_task_job_runner.py:123} INFO - ::group::Pre task execution logs
[2025-12-14T08:36:52.918+0000] {taskinstance.py:2614} INFO - Dependencies all met for dep_context=non-requeueable deps ti=<TaskInstance: unified_sales_pipeline.check_infrastructure manual__2025-12-14T08:34:47.579251+00:00 [queued]>
[2025-12-14T08:36:52.929+0000] {taskinstance.py:2614} INFO - Dependencies all met for dep_context=requeueable deps ti=<TaskInstance: unified_sales_pipeline.check_infrastructure manual__2025-12-14T08:34:47.579251+00:00 [queued]>
[2025-12-14T08:36:52.930+0000] {taskinstance.py:2867} INFO - Starting attempt 2 of 2
[2025-12-14T08:36:52.945+0000] {taskinstance.py:2890} INFO - Executing <Task(PythonOperator): check_infrastructure> on 2025-12-14 08:34:47.579251+00:00
[2025-12-14T08:36:52.953+0000] {warnings.py:112} WARNING - /home/***/.local/lib/python3.12/site-packages/***/task/task_runner/standard_task_runner.py:70: DeprecationWarning: This process (pid=73) is multi-threaded, use of fork() may lead to deadlocks in the child.
  pid = os.fork()

[2025-12-14T08:36:52.955+0000] {standard_task_runner.py:72} INFO - Started process 80 to run task
[2025-12-14T08:36:52.956+0000] {standard_task_runner.py:104} INFO - Running: ['***', 'tasks', 'run', 'unified_sales_pipeline', 'check_infrastructure', 'manual__2025-12-14T08:34:47.579251+00:00', '--job-id', '97', '--raw', '--subdir', 'DAGS_FOLDER/unified_sales_pipeline_dag.py', '--cfg-path', '/tmp/tmp0czh4iel']
[2025-12-14T08:36:52.957+0000] {standard_task_runner.py:105} INFO - Job 97: Subtask check_infrastructure
[2025-12-14T08:36:53.032+0000] {task_command.py:467} INFO - Running <TaskInstance: unified_sales_pipeline.check_infrastructure manual__2025-12-14T08:34:47.579251+00:00 [running]> on host c3fe90783743
[2025-12-14T08:36:53.161+0000] {taskinstance.py:3134} INFO - Exporting env vars: AIRFLOW_CTX_DAG_OWNER='***' AIRFLOW_CTX_DAG_ID='unified_sales_pipeline' AIRFLOW_CTX_TASK_ID='check_infrastructure' AIRFLOW_CTX_EXECUTION_DATE='2025-12-14T08:34:47.579251+00:00' AIRFLOW_CTX_TRY_NUMBER='2' AIRFLOW_CTX_DAG_RUN_ID='manual__2025-12-14T08:34:47.579251+00:00'
[2025-12-14T08:36:53.163+0000] {taskinstance.py:732} INFO - ::endgroup::
[2025-12-14T08:36:53.221+0000] {logging_mixin.py:190} INFO - 🔍 Checking infrastructure...
[2025-12-14T08:36:53.226+0000] {conn.py:396} INFO - <BrokerConnection client_id=kafka-python-producer-1, node_id=bootstrap-2 host=broker1:19092 <connecting> [IPv4 ('172.18.0.4', 19092)]>: connecting to broker1:19092 [('172.18.0.4', 19092) IPv4]
[2025-12-14T08:36:53.236+0000] {conn.py:618} INFO - <BrokerConnection client_id=kafka-python-producer-1, node_id=bootstrap-2 host=broker1:19092 <checking_api_versions_recv> [IPv4 ('172.18.0.4', 19092)]>: Broker version identified as 2.6
[2025-12-14T08:36:53.237+0000] {conn.py:457} INFO - <BrokerConnection client_id=kafka-python-producer-1, node_id=bootstrap-2 host=broker1:19092 <connected> [IPv4 ('172.18.0.4', 19092)]>: Connection complete.
[2025-12-14T08:36:53.242+0000] {kafka.py:629} INFO - <KafkaProducer client_id=kafka-python-producer-1 transactional_id=None>: Closing the Kafka producer with 9223372036.0 secs timeout.
[2025-12-14T08:36:53.249+0000] {conn.py:945} INFO - <BrokerConnection client_id=kafka-python-producer-1, node_id=bootstrap-2 host=broker1:19092 <connected> [IPv4 ('172.18.0.4', 19092)]>: Closing connection. 
[2025-12-14T08:36:53.250+0000] {logging_mixin.py:190} INFO - ✅ Kafka brokers are reachable
[2025-12-14T08:36:53.825+0000] {logging_mixin.py:190} INFO - ✅ Spark master is reachable
[2025-12-14T08:36:53.828+0000] {logging_mixin.py:190} INFO - ✅ All infrastructure services are ready
[2025-12-14T08:36:53.829+0000] {python.py:240} INFO - Done. Returned value was: None
[2025-12-14T08:36:53.840+0000] {taskinstance.py:341} INFO - ::group::Post task execution logs
[2025-12-14T08:36:53.841+0000] {taskinstance.py:353} INFO - Marking task as SUCCESS. dag_id=unified_sales_pipeline, task_id=check_infrastructure, run_id=manual__2025-12-14T08:34:47.579251+00:00, execution_date=20251214T083447, start_date=20251214T083652, end_date=20251214T083653
[2025-12-14T08:36:53.897+0000] {local_task_job_runner.py:266} INFO - Task exited with return code 0
[2025-12-14T08:36:53.929+0000] {taskinstance.py:3901} INFO - 1 downstream tasks scheduled from follow-on schedule check
[2025-12-14T08:36:53.933+0000] {local_task_job_runner.py:245} INFO - ::endgroup::
