[2025-11-23T06:43:17.267+0000] {local_task_job_runner.py:123} INFO - ::group::Pre task execution logs
[2025-11-23T06:43:17.284+0000] {taskinstance.py:2614} INFO - Dependencies all met for dep_context=non-requeueable deps ti=<TaskInstance: spark_streaming_processor.verify_bronze_data manual__2025-11-23T06:42:08.140737+00:00 [queued]>
[2025-11-23T06:43:17.292+0000] {taskinstance.py:2614} INFO - Dependencies all met for dep_context=requeueable deps ti=<TaskInstance: spark_streaming_processor.verify_bronze_data manual__2025-11-23T06:42:08.140737+00:00 [queued]>
[2025-11-23T06:43:17.293+0000] {taskinstance.py:2867} INFO - Starting attempt 1 of 2
[2025-11-23T06:43:17.305+0000] {taskinstance.py:2890} INFO - Executing <Task(PythonOperator): verify_bronze_data> on 2025-11-23 06:42:08.140737+00:00
[2025-11-23T06:43:17.313+0000] {warnings.py:112} WARNING - /home/***/.local/lib/python3.12/site-packages/***/task/task_runner/standard_task_runner.py:70: DeprecationWarning: This process (pid=56) is multi-threaded, use of fork() may lead to deadlocks in the child.
  pid = os.fork()

[2025-11-23T06:43:17.312+0000] {standard_task_runner.py:104} INFO - Running: ['***', 'tasks', 'run', 'spark_streaming_processor', 'verify_bronze_data', 'manual__2025-11-23T06:42:08.140737+00:00', '--job-id', '41', '--raw', '--subdir', 'DAGS_FOLDER/spark_streaming_processor_dag.py', '--cfg-path', '/tmp/tmpwfo2isoq']
[2025-11-23T06:43:17.314+0000] {standard_task_runner.py:72} INFO - Started process 57 to run task
[2025-11-23T06:43:17.314+0000] {standard_task_runner.py:105} INFO - Job 41: Subtask verify_bronze_data
[2025-11-23T06:43:17.353+0000] {task_command.py:467} INFO - Running <TaskInstance: spark_streaming_processor.verify_bronze_data manual__2025-11-23T06:42:08.140737+00:00 [running]> on host a4fdedaef2ff
[2025-11-23T06:43:17.419+0000] {taskinstance.py:3134} INFO - Exporting env vars: AIRFLOW_CTX_DAG_OWNER='***' AIRFLOW_CTX_DAG_ID='spark_streaming_processor' AIRFLOW_CTX_TASK_ID='verify_bronze_data' AIRFLOW_CTX_EXECUTION_DATE='2025-11-23T06:42:08.140737+00:00' AIRFLOW_CTX_TRY_NUMBER='1' AIRFLOW_CTX_DAG_RUN_ID='manual__2025-11-23T06:42:08.140737+00:00'
[2025-11-23T06:43:17.420+0000] {taskinstance.py:732} INFO - ::endgroup::
[2025-11-23T06:43:17.433+0000] {logging_mixin.py:190} INFO - ✅ Bronze layer created with 5 files/folders
[2025-11-23T06:43:17.434+0000] {python.py:240} INFO - Done. Returned value was: True
[2025-11-23T06:43:17.452+0000] {taskinstance.py:341} INFO - ::group::Post task execution logs
[2025-11-23T06:43:17.453+0000] {taskinstance.py:353} INFO - Marking task as SUCCESS. dag_id=spark_streaming_processor, task_id=verify_bronze_data, run_id=manual__2025-11-23T06:42:08.140737+00:00, execution_date=20251123T064208, start_date=20251123T064317, end_date=20251123T064317
[2025-11-23T06:43:17.492+0000] {local_task_job_runner.py:266} INFO - Task exited with return code 0
[2025-11-23T06:43:17.509+0000] {taskinstance.py:3901} INFO - 0 downstream tasks scheduled from follow-on schedule check
[2025-11-23T06:43:17.513+0000] {local_task_job_runner.py:245} INFO - ::endgroup::
